

================================================================
== Vitis HLS Report for 'real_matmul_Pipeline_MAT_C_ROWS_MAT_C_COLS'
================================================================
* Date:           Fri Feb 10 13:40:23 2023

* Version:        2022.1.2 (Build 3605665 on Fri Aug  5 22:52:02 MDT 2022)
* Project:        real_proj
* Solution:       solution1 (Vivado IP Flow Target)
* Product family: zynq
* Target device:  xc7z020-clg400-1


================================================================
== Performance Estimates
================================================================
+ Timing: 
    * Summary: 
    +--------+----------+----------+------------+
    |  Clock |  Target  | Estimated| Uncertainty|
    +--------+----------+----------+------------+
    |ap_clk  |  10.00 ns|  7.300 ns|     2.70 ns|
    +--------+----------+----------+------------+

+ Latency: 
    * Summary: 
    +---------+---------+----------+----------+-------+-------+---------+
    |  Latency (cycles) |  Latency (absolute) |    Interval   | Pipeline|
    |   min   |   max   |    min   |    max   |  min  |  max  |   Type  |
    +---------+---------+----------+----------+-------+-------+---------+
    |    20006|    20006|  0.200 ms|  0.200 ms|  20006|  20006|       no|
    +---------+---------+----------+----------+-------+-------+---------+

    + Detail: 
        * Instance: 
        N/A

        * Loop: 
        +-------------------------+---------+---------+----------+-----------+-----------+-------+----------+
        |                         |  Latency (cycles) | Iteration|  Initiation Interval  |  Trip |          |
        |        Loop Name        |   min   |   max   |  Latency |  achieved |   target  | Count | Pipelined|
        +-------------------------+---------+---------+----------+-----------+-----------+-------+----------+
        |- MAT_C_ROWS_MAT_C_COLS  |    20004|    20004|         6|          1|          1|  20000|       yes|
        +-------------------------+---------+---------+----------+-----------+-----------+-------+----------+



================================================================
== Utilization Estimates
================================================================
* Summary: 
+-----------------+---------+-----+--------+-------+-----+
|       Name      | BRAM_18K| DSP |   FF   |  LUT  | URAM|
+-----------------+---------+-----+--------+-------+-----+
|DSP              |        -|    1|       -|      -|    -|
|Expression       |        -|    -|       0|     91|    -|
|FIFO             |        -|    -|       -|      -|    -|
|Instance         |        -|    -|       -|      -|    -|
|Memory           |        -|    -|       -|      -|    -|
|Multiplexer      |        -|    -|       -|     81|    -|
|Register         |        -|    -|     138|     32|    -|
+-----------------+---------+-----+--------+-------+-----+
|Total            |        0|    1|     138|    204|    0|
+-----------------+---------+-----+--------+-------+-----+
|Available        |      280|  220|  106400|  53200|    0|
+-----------------+---------+-----+--------+-------+-----+
|Utilization (%)  |        0|   ~0|      ~0|     ~0|    0|
+-----------------+---------+-----+--------+-------+-----+

+ Detail: 
    * Instance: 
    N/A

    * DSP: 
    +-----------------------------------+-------------------------------+--------------+
    |              Instance             |             Module            |  Expression  |
    +-----------------------------------+-------------------------------+--------------+
    |mac_muladd_7ns_8ns_8ns_15_4_1_U23  |mac_muladd_7ns_8ns_8ns_15_4_1  |  i0 * i1 + i2|
    +-----------------------------------+-------------------------------+--------------+

    * Memory: 
    N/A

    * FIFO: 
    N/A

    * Expression: 
    +---------------------------+----------+----+---+----+------------+------------+
    |       Variable Name       | Operation| DSP| FF| LUT| Bitwidth P0| Bitwidth P1|
    +---------------------------+----------+----+---+----+------------+------------+
    |add_ln70_1_fu_133_p2       |         +|   0|  0|  20|          15|           1|
    |add_ln70_fu_145_p2         |         +|   0|  0|  14|           7|           1|
    |add_ln72_fu_177_p2         |         +|   0|  0|  15|           8|           1|
    |ap_block_pp0_stage0_11001  |       and|   0|  0|   2|           1|           1|
    |icmp_ln70_fu_127_p2        |      icmp|   0|  0|  12|          15|          15|
    |icmp_ln72_fu_151_p2        |      icmp|   0|  0|  11|           8|           7|
    |select_ln70_1_fu_165_p3    |    select|   0|  0|   7|           1|           7|
    |select_ln70_fu_157_p3      |    select|   0|  0|   8|           1|           1|
    |ap_enable_pp0              |       xor|   0|  0|   2|           1|           2|
    +---------------------------+----------+----+---+----+------------+------------+
    |Total                      |          |   0|  0|  91|          57|          36|
    +---------------------------+----------+----+---+----+------------+------------+

    * Multiplexer: 
    +----------------------------------------+----+-----------+-----+-----------+
    |                  Name                  | LUT| Input Size| Bits| Total Bits|
    +----------------------------------------+----+-----------+-----+-----------+
    |ap_done_int                             |   9|          2|    1|          2|
    |ap_enable_reg_pp0_iter5                 |   9|          2|    1|          2|
    |ap_sig_allocacmp_i_load                 |   9|          2|    7|         14|
    |ap_sig_allocacmp_indvar_flatten27_load  |   9|          2|   15|         30|
    |ap_sig_allocacmp_j_load                 |   9|          2|    8|         16|
    |i_fu_70                                 |   9|          2|    7|         14|
    |indvar_flatten27_fu_74                  |   9|          2|   15|         30|
    |j_fu_66                                 |   9|          2|    8|         16|
    |mem_blk_n_W                             |   9|          2|    1|          2|
    +----------------------------------------+----+-----------+-----+-----------+
    |Total                                   |  81|         18|   63|        126|
    +----------------------------------------+----+-----------+-----+-----------+

    * Register: 
    +-----------------------------------+----+----+-----+-----------+
    |                Name               | FF | LUT| Bits| Const Bits|
    +-----------------------------------+----+----+-----+-----------+
    |MatC_V_load_reg_274                |  16|   0|   16|          0|
    |ap_CS_fsm                          |   1|   0|    1|          0|
    |ap_done_reg                        |   1|   0|    1|          0|
    |ap_enable_reg_pp0_iter1            |   1|   0|    1|          0|
    |ap_enable_reg_pp0_iter2            |   1|   0|    1|          0|
    |ap_enable_reg_pp0_iter3            |   1|   0|    1|          0|
    |ap_enable_reg_pp0_iter4            |   1|   0|    1|          0|
    |ap_enable_reg_pp0_iter5            |   1|   0|    1|          0|
    |ap_loop_exit_ready_pp0_iter1_reg   |   1|   0|    1|          0|
    |ap_loop_exit_ready_pp0_iter2_reg   |   1|   0|    1|          0|
    |ap_loop_exit_ready_pp0_iter3_reg   |   1|   0|    1|          0|
    |ap_loop_exit_ready_pp0_iter4_reg   |   1|   0|    1|          0|
    |i_fu_70                            |   7|   0|    7|          0|
    |icmp_ln70_reg_245                  |   1|   0|    1|          0|
    |indvar_flatten27_fu_74             |  15|   0|   15|          0|
    |j_fu_66                            |   8|   0|    8|          0|
    |select_ln70_reg_249                |   8|   0|    8|          0|
    |select_ln70_reg_249_pp0_iter1_reg  |   8|   0|    8|          0|
    |icmp_ln70_reg_245                  |  64|  32|    1|          0|
    +-----------------------------------+----+----+-----+-----------+
    |Total                              | 138|  32|   75|          0|
    +-----------------------------------+----+----+-----+-----------+



================================================================
== Interface
================================================================
* Summary: 
+--------------------+-----+-----+------------+--------------------------------------------+--------------+
|      RTL Ports     | Dir | Bits|  Protocol  |                Source Object               |    C Type    |
+--------------------+-----+-----+------------+--------------------------------------------+--------------+
|ap_clk              |   in|    1|  ap_ctrl_hs|  real_matmul_Pipeline_MAT_C_ROWS_MAT_C_COLS|  return value|
|ap_rst              |   in|    1|  ap_ctrl_hs|  real_matmul_Pipeline_MAT_C_ROWS_MAT_C_COLS|  return value|
|ap_start            |   in|    1|  ap_ctrl_hs|  real_matmul_Pipeline_MAT_C_ROWS_MAT_C_COLS|  return value|
|ap_done             |  out|    1|  ap_ctrl_hs|  real_matmul_Pipeline_MAT_C_ROWS_MAT_C_COLS|  return value|
|ap_idle             |  out|    1|  ap_ctrl_hs|  real_matmul_Pipeline_MAT_C_ROWS_MAT_C_COLS|  return value|
|ap_ready            |  out|    1|  ap_ctrl_hs|  real_matmul_Pipeline_MAT_C_ROWS_MAT_C_COLS|  return value|
|m_axi_mem_AWVALID   |  out|    1|       m_axi|                                         mem|       pointer|
|m_axi_mem_AWREADY   |   in|    1|       m_axi|                                         mem|       pointer|
|m_axi_mem_AWADDR    |  out|   64|       m_axi|                                         mem|       pointer|
|m_axi_mem_AWID      |  out|    1|       m_axi|                                         mem|       pointer|
|m_axi_mem_AWLEN     |  out|   32|       m_axi|                                         mem|       pointer|
|m_axi_mem_AWSIZE    |  out|    3|       m_axi|                                         mem|       pointer|
|m_axi_mem_AWBURST   |  out|    2|       m_axi|                                         mem|       pointer|
|m_axi_mem_AWLOCK    |  out|    2|       m_axi|                                         mem|       pointer|
|m_axi_mem_AWCACHE   |  out|    4|       m_axi|                                         mem|       pointer|
|m_axi_mem_AWPROT    |  out|    3|       m_axi|                                         mem|       pointer|
|m_axi_mem_AWQOS     |  out|    4|       m_axi|                                         mem|       pointer|
|m_axi_mem_AWREGION  |  out|    4|       m_axi|                                         mem|       pointer|
|m_axi_mem_AWUSER    |  out|    1|       m_axi|                                         mem|       pointer|
|m_axi_mem_WVALID    |  out|    1|       m_axi|                                         mem|       pointer|
|m_axi_mem_WREADY    |   in|    1|       m_axi|                                         mem|       pointer|
|m_axi_mem_WDATA     |  out|   16|       m_axi|                                         mem|       pointer|
|m_axi_mem_WSTRB     |  out|    2|       m_axi|                                         mem|       pointer|
|m_axi_mem_WLAST     |  out|    1|       m_axi|                                         mem|       pointer|
|m_axi_mem_WID       |  out|    1|       m_axi|                                         mem|       pointer|
|m_axi_mem_WUSER     |  out|    1|       m_axi|                                         mem|       pointer|
|m_axi_mem_ARVALID   |  out|    1|       m_axi|                                         mem|       pointer|
|m_axi_mem_ARREADY   |   in|    1|       m_axi|                                         mem|       pointer|
|m_axi_mem_ARADDR    |  out|   64|       m_axi|                                         mem|       pointer|
|m_axi_mem_ARID      |  out|    1|       m_axi|                                         mem|       pointer|
|m_axi_mem_ARLEN     |  out|   32|       m_axi|                                         mem|       pointer|
|m_axi_mem_ARSIZE    |  out|    3|       m_axi|                                         mem|       pointer|
|m_axi_mem_ARBURST   |  out|    2|       m_axi|                                         mem|       pointer|
|m_axi_mem_ARLOCK    |  out|    2|       m_axi|                                         mem|       pointer|
|m_axi_mem_ARCACHE   |  out|    4|       m_axi|                                         mem|       pointer|
|m_axi_mem_ARPROT    |  out|    3|       m_axi|                                         mem|       pointer|
|m_axi_mem_ARQOS     |  out|    4|       m_axi|                                         mem|       pointer|
|m_axi_mem_ARREGION  |  out|    4|       m_axi|                                         mem|       pointer|
|m_axi_mem_ARUSER    |  out|    1|       m_axi|                                         mem|       pointer|
|m_axi_mem_RVALID    |   in|    1|       m_axi|                                         mem|       pointer|
|m_axi_mem_RREADY    |  out|    1|       m_axi|                                         mem|       pointer|
|m_axi_mem_RDATA     |   in|   16|       m_axi|                                         mem|       pointer|
|m_axi_mem_RLAST     |   in|    1|       m_axi|                                         mem|       pointer|
|m_axi_mem_RID       |   in|    1|       m_axi|                                         mem|       pointer|
|m_axi_mem_RFIFONUM  |   in|   10|       m_axi|                                         mem|       pointer|
|m_axi_mem_RUSER     |   in|    1|       m_axi|                                         mem|       pointer|
|m_axi_mem_RRESP     |   in|    2|       m_axi|                                         mem|       pointer|
|m_axi_mem_BVALID    |   in|    1|       m_axi|                                         mem|       pointer|
|m_axi_mem_BREADY    |  out|    1|       m_axi|                                         mem|       pointer|
|m_axi_mem_BRESP     |   in|    2|       m_axi|                                         mem|       pointer|
|m_axi_mem_BID       |   in|    1|       m_axi|                                         mem|       pointer|
|m_axi_mem_BUSER     |   in|    1|       m_axi|                                         mem|       pointer|
|sext_ln70           |   in|   63|     ap_none|                                   sext_ln70|        scalar|
|MatC_V_address0     |  out|   15|   ap_memory|                                      MatC_V|         array|
|MatC_V_ce0          |  out|    1|   ap_memory|                                      MatC_V|         array|
|MatC_V_q0           |   in|   16|   ap_memory|                                      MatC_V|         array|
+--------------------+-----+-----+------------+--------------------------------------------+--------------+

