

================================================================
== Vitis HLS Report for 'real_matmul_Pipeline_MAT_C_ROWS_MAT_C_COLS'
================================================================
* Date:           Tue Feb 21 09:47:48 2023

* Version:        2022.1.2 (Build 3605665 on Fri Aug  5 22:52:02 MDT 2022)
* Project:        real_proj
* Solution:       solution1 (Vivado IP Flow Target)
* Product family: zynq
* Target device:  xc7z020-clg400-1


================================================================
== Performance Estimates
================================================================
+ Timing: 
    * Summary: 
    +--------+----------+----------+------------+
    |  Clock |  Target  | Estimated| Uncertainty|
    +--------+----------+----------+------------+
    |ap_clk  |  10.00 ns|  7.300 ns|     2.70 ns|
    +--------+----------+----------+------------+

+ Latency: 
    * Summary: 
    +---------+---------+----------+----------+-------+-------+---------+
    |  Latency (cycles) |  Latency (absolute) |    Interval   | Pipeline|
    |   min   |   max   |    min   |    max   |  min  |  max  |   Type  |
    +---------+---------+----------+----------+-------+-------+---------+
    |    20013|    20013|  0.200 ms|  0.200 ms|  20013|  20013|       no|
    +---------+---------+----------+----------+-------+-------+---------+

    + Detail: 
        * Instance: 
        N/A

        * Loop: 
        +-------------------------+---------+---------+----------+-----------+-----------+-------+----------+
        |                         |  Latency (cycles) | Iteration|  Initiation Interval  |  Trip |          |
        |        Loop Name        |   min   |   max   |  Latency |  achieved |   target  | Count | Pipelined|
        +-------------------------+---------+---------+----------+-----------+-----------+-------+----------+
        |- MAT_C_ROWS_MAT_C_COLS  |    20011|    20011|        13|          1|          1|  20000|       yes|
        +-------------------------+---------+---------+----------+-----------+-----------+-------+----------+

============================================================
+ Verbose Summary: Synthesis Manager
============================================================
InlineROM: 1
ExposeGlobal: 0
============================================================
+ Verbose Summary: CDFG Model
============================================================
IsTopModel: 0
ResetActiveHigh: 1
IsCombinational: 0
IsDatapathOnly: 0
HasWiredReturn: 1
HasMFsm: 2
HasVarLatency: 1
IsPipeline: 0
IsRtlPipelined: 0
IsInstanceOverlapped: 0
IsDontTouch: 0
HasImplIP: 0
IsGatedGlobalClock: 0

+ Individual pipeline summary: 
  * Pipeline-0: initiation interval (II) = 1, depth = 13


============================================================
+ Verbose Summary: Schedule
============================================================
* Number of FSM states : 13
* Pipeline : 1
  Pipeline-0 : II = 1, D = 13, States = { 1 2 3 4 5 6 7 8 9 10 11 12 13 }
* Dataflow Pipeline: 0

* FSM state transitions: 
1 --> 2 
2 --> 3 
3 --> 4 
4 --> 5 
5 --> 6 
6 --> 7 
7 --> 8 
8 --> 9 
9 --> 10 
10 --> 11 
11 --> 12 
12 --> 13 
13 --> 

* FSM state operations: 

State 1 <SV = 0> <Delay = 7.07>
ST_1 : Operation 16 [1/1] (0.00ns)   --->   "%phi_ln89 = alloca i32 1"   --->   Operation 16 'alloca' 'phi_ln89' <Predicate = true> <Delay = 0.00>
ST_1 : Operation 17 [1/1] (0.00ns)   --->   "%j = alloca i32 1"   --->   Operation 17 'alloca' 'j' <Predicate = true> <Delay = 0.00>
ST_1 : Operation 18 [1/1] (0.00ns)   --->   "%i = alloca i32 1"   --->   Operation 18 'alloca' 'i' <Predicate = true> <Delay = 0.00>
ST_1 : Operation 19 [1/1] (0.00ns)   --->   "%indvar_flatten152 = alloca i32 1"   --->   Operation 19 'alloca' 'indvar_flatten152' <Predicate = true> <Delay = 0.00>
ST_1 : Operation 20 [1/1] (0.00ns)   --->   "%sext_ln86_read = read i60 @_ssdm_op_Read.ap_auto.i60, i60 %sext_ln86"   --->   Operation 20 'read' 'sext_ln86_read' <Predicate = true> <Delay = 0.00>
ST_1 : Operation 21 [1/1] (0.00ns)   --->   "%sext_ln86_cast = sext i60 %sext_ln86_read"   --->   Operation 21 'sext' 'sext_ln86_cast' <Predicate = true> <Delay = 0.00>
ST_1 : Operation 22 [1/1] (0.00ns)   --->   "%specinterface_ln0 = specinterface void @_ssdm_op_SpecInterface, i128 %mem, void @empty_3, i32 0, i32 0, void @empty_13, i32 0, i32 1, void @empty_14, void @empty_15, void @empty_13, i32 16, i32 16, i32 16, i32 16, void @empty_13, void @empty_13, i32 4294967295, i32 0"   --->   Operation 22 'specinterface' 'specinterface_ln0' <Predicate = true> <Delay = 0.00>
ST_1 : Operation 23 [1/1] (1.58ns)   --->   "%store_ln0 = store i15 0, i15 %indvar_flatten152"   --->   Operation 23 'store' 'store_ln0' <Predicate = true> <Delay = 1.58>
ST_1 : Operation 24 [1/1] (1.58ns)   --->   "%store_ln0 = store i7 0, i7 %i"   --->   Operation 24 'store' 'store_ln0' <Predicate = true> <Delay = 1.58>
ST_1 : Operation 25 [1/1] (1.58ns)   --->   "%store_ln0 = store i8 0, i8 %j"   --->   Operation 25 'store' 'store_ln0' <Predicate = true> <Delay = 1.58>
ST_1 : Operation 26 [1/1] (1.58ns)   --->   "%store_ln0 = store i112 0, i112 %phi_ln89"   --->   Operation 26 'store' 'store_ln0' <Predicate = true> <Delay = 1.58>
ST_1 : Operation 27 [1/1] (0.00ns)   --->   "%br_ln0 = br void %for.inc154"   --->   Operation 27 'br' 'br_ln0' <Predicate = true> <Delay = 0.00>
ST_1 : Operation 28 [1/1] (0.00ns)   --->   "%indvar_flatten152_load = load i15 %indvar_flatten152" [real_matmul.cpp:86]   --->   Operation 28 'load' 'indvar_flatten152_load' <Predicate = true> <Delay = 0.00>
ST_1 : Operation 29 [1/1] (2.31ns)   --->   "%icmp_ln86 = icmp_eq  i15 %indvar_flatten152_load, i15 20000" [real_matmul.cpp:86]   --->   Operation 29 'icmp' 'icmp_ln86' <Predicate = true> <Delay = 2.31> <CoreInst = "Cmp">   --->   Core 9 'Cmp' <Latency = 0> <II = 1> <Delay = 2.31> <FuncUnit> <Opcode : 'icmp'> <InPorts = 2> <OutPorts = 1>
ST_1 : Operation 30 [1/1] (1.94ns)   --->   "%add_ln86_1 = add i15 %indvar_flatten152_load, i15 1" [real_matmul.cpp:86]   --->   Operation 30 'add' 'add_ln86_1' <Predicate = true> <Delay = 1.94> <CoreInst = "Adder">   --->   Core 1 'Adder' <Latency = 0> <II = 1> <Delay = 1.94> <FuncUnit> <Opcode : 'add' 'sub'> <InPorts = 2> <OutPorts = 1>
ST_1 : Operation 31 [1/1] (0.00ns)   --->   "%br_ln86 = br i1 %icmp_ln86, void %for.inc157, void %for.end159.exitStub" [real_matmul.cpp:86]   --->   Operation 31 'br' 'br_ln86' <Predicate = true> <Delay = 0.00>
ST_1 : Operation 32 [1/1] (0.00ns)   --->   "%j_load = load i8 %j" [real_matmul.cpp:88]   --->   Operation 32 'load' 'j_load' <Predicate = (!icmp_ln86)> <Delay = 0.00>
ST_1 : Operation 33 [1/1] (0.00ns)   --->   "%i_load = load i7 %i" [real_matmul.cpp:86]   --->   Operation 33 'load' 'i_load' <Predicate = (!icmp_ln86)> <Delay = 0.00>
ST_1 : Operation 34 [1/1] (1.87ns)   --->   "%add_ln86 = add i7 %i_load, i7 1" [real_matmul.cpp:86]   --->   Operation 34 'add' 'add_ln86' <Predicate = (!icmp_ln86)> <Delay = 1.87> <CoreInst = "Adder">   --->   Core 1 'Adder' <Latency = 0> <II = 1> <Delay = 1.87> <FuncUnit> <Opcode : 'add' 'sub'> <InPorts = 2> <OutPorts = 1>
ST_1 : Operation 35 [1/1] (1.55ns)   --->   "%icmp_ln88 = icmp_eq  i8 %j_load, i8 200" [real_matmul.cpp:88]   --->   Operation 35 'icmp' 'icmp_ln88' <Predicate = (!icmp_ln86)> <Delay = 1.55> <CoreInst = "Cmp">   --->   Core 9 'Cmp' <Latency = 0> <II = 1> <Delay = 1.55> <FuncUnit> <Opcode : 'icmp'> <InPorts = 2> <OutPorts = 1>
ST_1 : Operation 36 [1/1] (1.24ns)   --->   "%select_ln86 = select i1 %icmp_ln88, i8 0, i8 %j_load" [real_matmul.cpp:86]   --->   Operation 36 'select' 'select_ln86' <Predicate = (!icmp_ln86)> <Delay = 1.24> <CoreInst = "Sel">   --->   Core 73 'Sel' <Latency = 0> <II = 1> <Delay = 1.24> <FuncUnit> <Opcode : 'select'> <InPorts = 3> <OutPorts = 1>
ST_1 : Operation 37 [1/1] (0.99ns)   --->   "%select_ln86_2 = select i1 %icmp_ln88, i7 %add_ln86, i7 %i_load" [real_matmul.cpp:86]   --->   Operation 37 'select' 'select_ln86_2' <Predicate = (!icmp_ln86)> <Delay = 0.99> <CoreInst = "Sel">   --->   Core 73 'Sel' <Latency = 0> <II = 1> <Delay = 0.99> <FuncUnit> <Opcode : 'select'> <InPorts = 3> <OutPorts = 1>
ST_1 : Operation 38 [11/11] (4.21ns)   --->   "%urem_ln86 = urem i7 %select_ln86_2, i7 20" [real_matmul.cpp:86]   --->   Operation 38 'urem' 'urem_ln86' <Predicate = (!icmp_ln86)> <Delay = 4.21> <CoreInst = "Divider">   --->   Core 6 'Divider' <Latency = 10> <II = 1> <Delay = 4.21> <FuncUnit> <Opcode : 'sdiv' 'srem' 'udiv' 'urem'> <InPorts = 2> <OutPorts = 1>
ST_1 : Operation 39 [1/1] (0.00ns)   --->   "%empty_38 = trunc i8 %select_ln86" [real_matmul.cpp:86]   --->   Operation 39 'trunc' 'empty_38' <Predicate = (!icmp_ln86)> <Delay = 0.00>
ST_1 : Operation 40 [1/1] (1.13ns)   --->   "%icmp_ln89 = icmp_eq  i3 %empty_38, i3 7" [real_matmul.cpp:89]   --->   Operation 40 'icmp' 'icmp_ln89' <Predicate = (!icmp_ln86)> <Delay = 1.13> <CoreInst = "Cmp">   --->   Core 9 'Cmp' <Latency = 0> <II = 1> <Delay = 1.13> <FuncUnit> <Opcode : 'icmp'> <InPorts = 2> <OutPorts = 1>
ST_1 : Operation 41 [1/1] (0.00ns)   --->   "%br_ln89 = br i1 %icmp_ln89, void %for.inc154.split._crit_edge, void" [real_matmul.cpp:89]   --->   Operation 41 'br' 'br_ln89' <Predicate = (!icmp_ln86)> <Delay = 0.00>
ST_1 : Operation 42 [1/1] (1.91ns)   --->   "%add_ln88 = add i8 %select_ln86, i8 1" [real_matmul.cpp:88]   --->   Operation 42 'add' 'add_ln88' <Predicate = (!icmp_ln86)> <Delay = 1.91> <CoreInst = "Adder">   --->   Core 1 'Adder' <Latency = 0> <II = 1> <Delay = 1.91> <FuncUnit> <Opcode : 'add' 'sub'> <InPorts = 2> <OutPorts = 1>
ST_1 : Operation 43 [1/1] (1.58ns)   --->   "%store_ln88 = store i15 %add_ln86_1, i15 %indvar_flatten152" [real_matmul.cpp:88]   --->   Operation 43 'store' 'store_ln88' <Predicate = (!icmp_ln86)> <Delay = 1.58>
ST_1 : Operation 44 [1/1] (1.58ns)   --->   "%store_ln88 = store i7 %select_ln86_2, i7 %i" [real_matmul.cpp:88]   --->   Operation 44 'store' 'store_ln88' <Predicate = (!icmp_ln86)> <Delay = 1.58>
ST_1 : Operation 45 [1/1] (1.58ns)   --->   "%store_ln88 = store i8 %add_ln88, i8 %j" [real_matmul.cpp:88]   --->   Operation 45 'store' 'store_ln88' <Predicate = (!icmp_ln86)> <Delay = 1.58>

State 2 <SV = 1> <Delay = 5.40>
ST_2 : Operation 46 [10/11] (4.21ns)   --->   "%urem_ln86 = urem i7 %select_ln86_2, i7 20" [real_matmul.cpp:86]   --->   Operation 46 'urem' 'urem_ln86' <Predicate = (!icmp_ln86)> <Delay = 4.21> <CoreInst = "Divider">   --->   Core 6 'Divider' <Latency = 10> <II = 1> <Delay = 4.21> <FuncUnit> <Opcode : 'sdiv' 'srem' 'udiv' 'urem'> <InPorts = 2> <OutPorts = 1>
ST_2 : Operation 47 [1/1] (0.00ns)   --->   "%zext_ln86 = zext i7 %select_ln86_2" [real_matmul.cpp:86]   --->   Operation 47 'zext' 'zext_ln86' <Predicate = (!icmp_ln86)> <Delay = 0.00>
ST_2 : Operation 48 [1/1] (4.35ns)   --->   "%mul_ln86 = mul i15 %zext_ln86, i15 205" [real_matmul.cpp:86]   --->   Operation 48 'mul' 'mul_ln86' <Predicate = (!icmp_ln86)> <Delay = 4.35> <CoreInst = "Multiplier">   --->   Core 3 'Multiplier' <Latency = 0> <II = 1> <Delay = 4.35> <FuncUnit> <Opcode : 'mul'> <InPorts = 2> <OutPorts = 1>
ST_2 : Operation 49 [1/1] (0.00ns)   --->   "%tmp = partselect i3 @_ssdm_op_PartSelect.i3.i15.i32.i32, i15 %mul_ln86, i32 12, i32 14" [real_matmul.cpp:86]   --->   Operation 49 'partselect' 'tmp' <Predicate = (!icmp_ln86)> <Delay = 0.00>
ST_2 : Operation 50 [1/1] (0.00ns)   --->   "%zext_ln88_mid2_v_cast = zext i3 %tmp" [real_matmul.cpp:86]   --->   Operation 50 'zext' 'zext_ln88_mid2_v_cast' <Predicate = (!icmp_ln86)> <Delay = 0.00>
ST_2 : Operation 51 [3/3] (1.05ns) (grouped into DSP with root node add_ln89)   --->   "%mul_ln89 = mul i10 %zext_ln88_mid2_v_cast, i10 200" [real_matmul.cpp:86]   --->   Operation 51 'mul' 'mul_ln89' <Predicate = (!icmp_ln86)> <Delay = 1.05> <CoreInst = "DSP48">   --->   Core 119 'DSP48' <Latency = 3> <II = 1> <Delay = 2.15> <IPBlock> <Opcode : 'mul' 'add' 'sub' 'select'> <InPorts = 0> <OutPorts = 1> <Sync> <CReg>

State 3 <SV = 2> <Delay = 4.21>
ST_3 : Operation 52 [9/11] (4.21ns)   --->   "%urem_ln86 = urem i7 %select_ln86_2, i7 20" [real_matmul.cpp:86]   --->   Operation 52 'urem' 'urem_ln86' <Predicate = (!icmp_ln86)> <Delay = 4.21> <CoreInst = "Divider">   --->   Core 6 'Divider' <Latency = 10> <II = 1> <Delay = 4.21> <FuncUnit> <Opcode : 'sdiv' 'srem' 'udiv' 'urem'> <InPorts = 2> <OutPorts = 1>
ST_3 : Operation 53 [2/3] (1.05ns) (grouped into DSP with root node add_ln89)   --->   "%mul_ln89 = mul i10 %zext_ln88_mid2_v_cast, i10 200" [real_matmul.cpp:86]   --->   Operation 53 'mul' 'mul_ln89' <Predicate = (!icmp_ln86)> <Delay = 1.05> <CoreInst = "DSP48">   --->   Core 119 'DSP48' <Latency = 3> <II = 1> <Delay = 2.15> <IPBlock> <Opcode : 'mul' 'add' 'sub' 'select'> <InPorts = 0> <OutPorts = 1> <Sync> <CReg>

State 4 <SV = 3> <Delay = 4.21>
ST_4 : Operation 54 [8/11] (4.21ns)   --->   "%urem_ln86 = urem i7 %select_ln86_2, i7 20" [real_matmul.cpp:86]   --->   Operation 54 'urem' 'urem_ln86' <Predicate = (!icmp_ln86)> <Delay = 4.21> <CoreInst = "Divider">   --->   Core 6 'Divider' <Latency = 10> <II = 1> <Delay = 4.21> <FuncUnit> <Opcode : 'sdiv' 'srem' 'udiv' 'urem'> <InPorts = 2> <OutPorts = 1>
ST_4 : Operation 55 [1/3] (0.00ns) (grouped into DSP with root node add_ln89)   --->   "%mul_ln89 = mul i10 %zext_ln88_mid2_v_cast, i10 200" [real_matmul.cpp:86]   --->   Operation 55 'mul' 'mul_ln89' <Predicate = (!icmp_ln86)> <Delay = 0.00> <CoreInst = "DSP48">   --->   Core 119 'DSP48' <Latency = 3> <II = 1> <Delay = 2.15> <IPBlock> <Opcode : 'mul' 'add' 'sub' 'select'> <InPorts = 0> <OutPorts = 1> <Sync> <CReg>
ST_4 : Operation 56 [1/1] (0.00ns)   --->   "%zext_ln89 = zext i8 %select_ln86" [real_matmul.cpp:89]   --->   Operation 56 'zext' 'zext_ln89' <Predicate = (!icmp_ln86)> <Delay = 0.00>
ST_4 : Operation 57 [2/2] (2.10ns) (root node of the DSP)   --->   "%add_ln89 = add i10 %mul_ln89, i10 %zext_ln89" [real_matmul.cpp:89]   --->   Operation 57 'add' 'add_ln89' <Predicate = (!icmp_ln86)> <Delay = 2.10> <CoreInst = "DSP48">   --->   Core 119 'DSP48' <Latency = 3> <II = 1> <Delay = 2.15> <IPBlock> <Opcode : 'mul' 'add' 'sub' 'select'> <InPorts = 0> <OutPorts = 1> <Sync> <CReg>

State 5 <SV = 4> <Delay = 4.21>
ST_5 : Operation 58 [7/11] (4.21ns)   --->   "%urem_ln86 = urem i7 %select_ln86_2, i7 20" [real_matmul.cpp:86]   --->   Operation 58 'urem' 'urem_ln86' <Predicate = (!icmp_ln86)> <Delay = 4.21> <CoreInst = "Divider">   --->   Core 6 'Divider' <Latency = 10> <II = 1> <Delay = 4.21> <FuncUnit> <Opcode : 'sdiv' 'srem' 'udiv' 'urem'> <InPorts = 2> <OutPorts = 1>
ST_5 : Operation 59 [1/2] (2.10ns) (root node of the DSP)   --->   "%add_ln89 = add i10 %mul_ln89, i10 %zext_ln89" [real_matmul.cpp:89]   --->   Operation 59 'add' 'add_ln89' <Predicate = (!icmp_ln86)> <Delay = 2.10> <CoreInst = "DSP48">   --->   Core 119 'DSP48' <Latency = 3> <II = 1> <Delay = 2.15> <IPBlock> <Opcode : 'mul' 'add' 'sub' 'select'> <InPorts = 0> <OutPorts = 1> <Sync> <CReg>

State 6 <SV = 5> <Delay = 4.21>
ST_6 : Operation 60 [6/11] (4.21ns)   --->   "%urem_ln86 = urem i7 %select_ln86_2, i7 20" [real_matmul.cpp:86]   --->   Operation 60 'urem' 'urem_ln86' <Predicate = (!icmp_ln86)> <Delay = 4.21> <CoreInst = "Divider">   --->   Core 6 'Divider' <Latency = 10> <II = 1> <Delay = 4.21> <FuncUnit> <Opcode : 'sdiv' 'srem' 'udiv' 'urem'> <InPorts = 2> <OutPorts = 1>

State 7 <SV = 6> <Delay = 4.21>
ST_7 : Operation 61 [5/11] (4.21ns)   --->   "%urem_ln86 = urem i7 %select_ln86_2, i7 20" [real_matmul.cpp:86]   --->   Operation 61 'urem' 'urem_ln86' <Predicate = (!icmp_ln86)> <Delay = 4.21> <CoreInst = "Divider">   --->   Core 6 'Divider' <Latency = 10> <II = 1> <Delay = 4.21> <FuncUnit> <Opcode : 'sdiv' 'srem' 'udiv' 'urem'> <InPorts = 2> <OutPorts = 1>

State 8 <SV = 7> <Delay = 4.21>
ST_8 : Operation 62 [4/11] (4.21ns)   --->   "%urem_ln86 = urem i7 %select_ln86_2, i7 20" [real_matmul.cpp:86]   --->   Operation 62 'urem' 'urem_ln86' <Predicate = (!icmp_ln86)> <Delay = 4.21> <CoreInst = "Divider">   --->   Core 6 'Divider' <Latency = 10> <II = 1> <Delay = 4.21> <FuncUnit> <Opcode : 'sdiv' 'srem' 'udiv' 'urem'> <InPorts = 2> <OutPorts = 1>

State 9 <SV = 8> <Delay = 4.21>
ST_9 : Operation 63 [3/11] (4.21ns)   --->   "%urem_ln86 = urem i7 %select_ln86_2, i7 20" [real_matmul.cpp:86]   --->   Operation 63 'urem' 'urem_ln86' <Predicate = (!icmp_ln86)> <Delay = 4.21> <CoreInst = "Divider">   --->   Core 6 'Divider' <Latency = 10> <II = 1> <Delay = 4.21> <FuncUnit> <Opcode : 'sdiv' 'srem' 'udiv' 'urem'> <InPorts = 2> <OutPorts = 1>

State 10 <SV = 9> <Delay = 4.21>
ST_10 : Operation 64 [2/11] (4.21ns)   --->   "%urem_ln86 = urem i7 %select_ln86_2, i7 20" [real_matmul.cpp:86]   --->   Operation 64 'urem' 'urem_ln86' <Predicate = (!icmp_ln86)> <Delay = 4.21> <CoreInst = "Divider">   --->   Core 6 'Divider' <Latency = 10> <II = 1> <Delay = 4.21> <FuncUnit> <Opcode : 'sdiv' 'srem' 'udiv' 'urem'> <InPorts = 2> <OutPorts = 1>
ST_10 : Operation 65 [1/1] (0.00ns)   --->   "%zext_ln89_1 = zext i10 %add_ln89" [real_matmul.cpp:89]   --->   Operation 65 'zext' 'zext_ln89_1' <Predicate = (!icmp_ln86)> <Delay = 0.00>
ST_10 : Operation 66 [1/1] (0.00ns)   --->   "%MatC_V_addr = getelementptr i16 %MatC_V, i64 0, i64 %zext_ln89_1" [real_matmul.cpp:89]   --->   Operation 66 'getelementptr' 'MatC_V_addr' <Predicate = (!icmp_ln86)> <Delay = 0.00>
ST_10 : Operation 67 [1/1] (0.00ns)   --->   "%MatC_V_1_addr = getelementptr i16 %MatC_V_1, i64 0, i64 %zext_ln89_1" [real_matmul.cpp:89]   --->   Operation 67 'getelementptr' 'MatC_V_1_addr' <Predicate = (!icmp_ln86)> <Delay = 0.00>
ST_10 : Operation 68 [1/1] (0.00ns)   --->   "%MatC_V_2_addr = getelementptr i16 %MatC_V_2, i64 0, i64 %zext_ln89_1" [real_matmul.cpp:89]   --->   Operation 68 'getelementptr' 'MatC_V_2_addr' <Predicate = (!icmp_ln86)> <Delay = 0.00>
ST_10 : Operation 69 [1/1] (0.00ns)   --->   "%MatC_V_3_addr = getelementptr i16 %MatC_V_3, i64 0, i64 %zext_ln89_1" [real_matmul.cpp:89]   --->   Operation 69 'getelementptr' 'MatC_V_3_addr' <Predicate = (!icmp_ln86)> <Delay = 0.00>
ST_10 : Operation 70 [1/1] (0.00ns)   --->   "%MatC_V_4_addr = getelementptr i16 %MatC_V_4, i64 0, i64 %zext_ln89_1" [real_matmul.cpp:89]   --->   Operation 70 'getelementptr' 'MatC_V_4_addr' <Predicate = (!icmp_ln86)> <Delay = 0.00>
ST_10 : Operation 71 [1/1] (0.00ns)   --->   "%MatC_V_5_addr = getelementptr i16 %MatC_V_5, i64 0, i64 %zext_ln89_1" [real_matmul.cpp:89]   --->   Operation 71 'getelementptr' 'MatC_V_5_addr' <Predicate = (!icmp_ln86)> <Delay = 0.00>
ST_10 : Operation 72 [1/1] (0.00ns)   --->   "%MatC_V_6_addr = getelementptr i16 %MatC_V_6, i64 0, i64 %zext_ln89_1" [real_matmul.cpp:89]   --->   Operation 72 'getelementptr' 'MatC_V_6_addr' <Predicate = (!icmp_ln86)> <Delay = 0.00>
ST_10 : Operation 73 [1/1] (0.00ns)   --->   "%MatC_V_7_addr = getelementptr i16 %MatC_V_7, i64 0, i64 %zext_ln89_1" [real_matmul.cpp:89]   --->   Operation 73 'getelementptr' 'MatC_V_7_addr' <Predicate = (!icmp_ln86)> <Delay = 0.00>
ST_10 : Operation 74 [1/1] (0.00ns)   --->   "%MatC_V_8_addr = getelementptr i16 %MatC_V_8, i64 0, i64 %zext_ln89_1" [real_matmul.cpp:89]   --->   Operation 74 'getelementptr' 'MatC_V_8_addr' <Predicate = (!icmp_ln86)> <Delay = 0.00>
ST_10 : Operation 75 [1/1] (0.00ns)   --->   "%MatC_V_9_addr = getelementptr i16 %MatC_V_9, i64 0, i64 %zext_ln89_1" [real_matmul.cpp:89]   --->   Operation 75 'getelementptr' 'MatC_V_9_addr' <Predicate = (!icmp_ln86)> <Delay = 0.00>
ST_10 : Operation 76 [1/1] (0.00ns)   --->   "%MatC_V_10_addr = getelementptr i16 %MatC_V_10, i64 0, i64 %zext_ln89_1" [real_matmul.cpp:89]   --->   Operation 76 'getelementptr' 'MatC_V_10_addr' <Predicate = (!icmp_ln86)> <Delay = 0.00>
ST_10 : Operation 77 [1/1] (0.00ns)   --->   "%MatC_V_11_addr = getelementptr i16 %MatC_V_11, i64 0, i64 %zext_ln89_1" [real_matmul.cpp:89]   --->   Operation 77 'getelementptr' 'MatC_V_11_addr' <Predicate = (!icmp_ln86)> <Delay = 0.00>
ST_10 : Operation 78 [1/1] (0.00ns)   --->   "%MatC_V_12_addr = getelementptr i16 %MatC_V_12, i64 0, i64 %zext_ln89_1" [real_matmul.cpp:89]   --->   Operation 78 'getelementptr' 'MatC_V_12_addr' <Predicate = (!icmp_ln86)> <Delay = 0.00>
ST_10 : Operation 79 [1/1] (0.00ns)   --->   "%MatC_V_13_addr = getelementptr i16 %MatC_V_13, i64 0, i64 %zext_ln89_1" [real_matmul.cpp:89]   --->   Operation 79 'getelementptr' 'MatC_V_13_addr' <Predicate = (!icmp_ln86)> <Delay = 0.00>
ST_10 : Operation 80 [1/1] (0.00ns)   --->   "%MatC_V_14_addr = getelementptr i16 %MatC_V_14, i64 0, i64 %zext_ln89_1" [real_matmul.cpp:89]   --->   Operation 80 'getelementptr' 'MatC_V_14_addr' <Predicate = (!icmp_ln86)> <Delay = 0.00>
ST_10 : Operation 81 [1/1] (0.00ns)   --->   "%MatC_V_15_addr = getelementptr i16 %MatC_V_15, i64 0, i64 %zext_ln89_1" [real_matmul.cpp:89]   --->   Operation 81 'getelementptr' 'MatC_V_15_addr' <Predicate = (!icmp_ln86)> <Delay = 0.00>
ST_10 : Operation 82 [1/1] (0.00ns)   --->   "%MatC_V_16_addr = getelementptr i16 %MatC_V_16, i64 0, i64 %zext_ln89_1" [real_matmul.cpp:89]   --->   Operation 82 'getelementptr' 'MatC_V_16_addr' <Predicate = (!icmp_ln86)> <Delay = 0.00>
ST_10 : Operation 83 [1/1] (0.00ns)   --->   "%MatC_V_17_addr = getelementptr i16 %MatC_V_17, i64 0, i64 %zext_ln89_1" [real_matmul.cpp:89]   --->   Operation 83 'getelementptr' 'MatC_V_17_addr' <Predicate = (!icmp_ln86)> <Delay = 0.00>
ST_10 : Operation 84 [1/1] (0.00ns)   --->   "%MatC_V_18_addr = getelementptr i16 %MatC_V_18, i64 0, i64 %zext_ln89_1" [real_matmul.cpp:89]   --->   Operation 84 'getelementptr' 'MatC_V_18_addr' <Predicate = (!icmp_ln86)> <Delay = 0.00>
ST_10 : Operation 85 [1/1] (0.00ns)   --->   "%MatC_V_19_addr = getelementptr i16 %MatC_V_19, i64 0, i64 %zext_ln89_1" [real_matmul.cpp:89]   --->   Operation 85 'getelementptr' 'MatC_V_19_addr' <Predicate = (!icmp_ln86)> <Delay = 0.00>
ST_10 : Operation 86 [2/2] (3.25ns)   --->   "%MatC_V_load = load i10 %MatC_V_addr" [real_matmul.cpp:89]   --->   Operation 86 'load' 'MatC_V_load' <Predicate = (!icmp_ln86)> <Delay = 3.25> <CoreInst = "RAM">   --->   Core 82 'RAM' <Latency = 1> <II = 1> <Delay = 3.25> <Storage> <Opcode : 'load' 'store'> <Ports = 2> <Width = 16> <Depth = 1000> <RAM>
ST_10 : Operation 87 [2/2] (3.25ns)   --->   "%MatC_V_1_load = load i10 %MatC_V_1_addr" [real_matmul.cpp:89]   --->   Operation 87 'load' 'MatC_V_1_load' <Predicate = (!icmp_ln86)> <Delay = 3.25> <CoreInst = "RAM">   --->   Core 82 'RAM' <Latency = 1> <II = 1> <Delay = 3.25> <Storage> <Opcode : 'load' 'store'> <Ports = 2> <Width = 16> <Depth = 1000> <RAM>
ST_10 : Operation 88 [2/2] (3.25ns)   --->   "%MatC_V_2_load = load i10 %MatC_V_2_addr" [real_matmul.cpp:89]   --->   Operation 88 'load' 'MatC_V_2_load' <Predicate = (!icmp_ln86)> <Delay = 3.25> <CoreInst = "RAM">   --->   Core 82 'RAM' <Latency = 1> <II = 1> <Delay = 3.25> <Storage> <Opcode : 'load' 'store'> <Ports = 2> <Width = 16> <Depth = 1000> <RAM>
ST_10 : Operation 89 [2/2] (3.25ns)   --->   "%MatC_V_3_load = load i10 %MatC_V_3_addr" [real_matmul.cpp:89]   --->   Operation 89 'load' 'MatC_V_3_load' <Predicate = (!icmp_ln86)> <Delay = 3.25> <CoreInst = "RAM">   --->   Core 82 'RAM' <Latency = 1> <II = 1> <Delay = 3.25> <Storage> <Opcode : 'load' 'store'> <Ports = 2> <Width = 16> <Depth = 1000> <RAM>
ST_10 : Operation 90 [2/2] (3.25ns)   --->   "%MatC_V_4_load = load i10 %MatC_V_4_addr" [real_matmul.cpp:89]   --->   Operation 90 'load' 'MatC_V_4_load' <Predicate = (!icmp_ln86)> <Delay = 3.25> <CoreInst = "RAM">   --->   Core 82 'RAM' <Latency = 1> <II = 1> <Delay = 3.25> <Storage> <Opcode : 'load' 'store'> <Ports = 2> <Width = 16> <Depth = 1000> <RAM>
ST_10 : Operation 91 [2/2] (3.25ns)   --->   "%MatC_V_5_load = load i10 %MatC_V_5_addr" [real_matmul.cpp:89]   --->   Operation 91 'load' 'MatC_V_5_load' <Predicate = (!icmp_ln86)> <Delay = 3.25> <CoreInst = "RAM">   --->   Core 82 'RAM' <Latency = 1> <II = 1> <Delay = 3.25> <Storage> <Opcode : 'load' 'store'> <Ports = 2> <Width = 16> <Depth = 1000> <RAM>
ST_10 : Operation 92 [2/2] (3.25ns)   --->   "%MatC_V_6_load = load i10 %MatC_V_6_addr" [real_matmul.cpp:89]   --->   Operation 92 'load' 'MatC_V_6_load' <Predicate = (!icmp_ln86)> <Delay = 3.25> <CoreInst = "RAM">   --->   Core 82 'RAM' <Latency = 1> <II = 1> <Delay = 3.25> <Storage> <Opcode : 'load' 'store'> <Ports = 2> <Width = 16> <Depth = 1000> <RAM>
ST_10 : Operation 93 [2/2] (3.25ns)   --->   "%MatC_V_7_load = load i10 %MatC_V_7_addr" [real_matmul.cpp:89]   --->   Operation 93 'load' 'MatC_V_7_load' <Predicate = (!icmp_ln86)> <Delay = 3.25> <CoreInst = "RAM">   --->   Core 82 'RAM' <Latency = 1> <II = 1> <Delay = 3.25> <Storage> <Opcode : 'load' 'store'> <Ports = 2> <Width = 16> <Depth = 1000> <RAM>
ST_10 : Operation 94 [2/2] (3.25ns)   --->   "%MatC_V_8_load = load i10 %MatC_V_8_addr" [real_matmul.cpp:89]   --->   Operation 94 'load' 'MatC_V_8_load' <Predicate = (!icmp_ln86)> <Delay = 3.25> <CoreInst = "RAM">   --->   Core 82 'RAM' <Latency = 1> <II = 1> <Delay = 3.25> <Storage> <Opcode : 'load' 'store'> <Ports = 2> <Width = 16> <Depth = 1000> <RAM>
ST_10 : Operation 95 [2/2] (3.25ns)   --->   "%MatC_V_9_load = load i10 %MatC_V_9_addr" [real_matmul.cpp:89]   --->   Operation 95 'load' 'MatC_V_9_load' <Predicate = (!icmp_ln86)> <Delay = 3.25> <CoreInst = "RAM">   --->   Core 82 'RAM' <Latency = 1> <II = 1> <Delay = 3.25> <Storage> <Opcode : 'load' 'store'> <Ports = 2> <Width = 16> <Depth = 1000> <RAM>
ST_10 : Operation 96 [2/2] (3.25ns)   --->   "%MatC_V_10_load = load i10 %MatC_V_10_addr" [real_matmul.cpp:89]   --->   Operation 96 'load' 'MatC_V_10_load' <Predicate = (!icmp_ln86)> <Delay = 3.25> <CoreInst = "RAM">   --->   Core 82 'RAM' <Latency = 1> <II = 1> <Delay = 3.25> <Storage> <Opcode : 'load' 'store'> <Ports = 2> <Width = 16> <Depth = 1000> <RAM>
ST_10 : Operation 97 [2/2] (3.25ns)   --->   "%MatC_V_11_load = load i10 %MatC_V_11_addr" [real_matmul.cpp:89]   --->   Operation 97 'load' 'MatC_V_11_load' <Predicate = (!icmp_ln86)> <Delay = 3.25> <CoreInst = "RAM">   --->   Core 82 'RAM' <Latency = 1> <II = 1> <Delay = 3.25> <Storage> <Opcode : 'load' 'store'> <Ports = 2> <Width = 16> <Depth = 1000> <RAM>
ST_10 : Operation 98 [2/2] (3.25ns)   --->   "%MatC_V_12_load = load i10 %MatC_V_12_addr" [real_matmul.cpp:89]   --->   Operation 98 'load' 'MatC_V_12_load' <Predicate = (!icmp_ln86)> <Delay = 3.25> <CoreInst = "RAM">   --->   Core 82 'RAM' <Latency = 1> <II = 1> <Delay = 3.25> <Storage> <Opcode : 'load' 'store'> <Ports = 2> <Width = 16> <Depth = 1000> <RAM>
ST_10 : Operation 99 [2/2] (3.25ns)   --->   "%MatC_V_13_load = load i10 %MatC_V_13_addr" [real_matmul.cpp:89]   --->   Operation 99 'load' 'MatC_V_13_load' <Predicate = (!icmp_ln86)> <Delay = 3.25> <CoreInst = "RAM">   --->   Core 82 'RAM' <Latency = 1> <II = 1> <Delay = 3.25> <Storage> <Opcode : 'load' 'store'> <Ports = 2> <Width = 16> <Depth = 1000> <RAM>
ST_10 : Operation 100 [2/2] (3.25ns)   --->   "%MatC_V_14_load = load i10 %MatC_V_14_addr" [real_matmul.cpp:89]   --->   Operation 100 'load' 'MatC_V_14_load' <Predicate = (!icmp_ln86)> <Delay = 3.25> <CoreInst = "RAM">   --->   Core 82 'RAM' <Latency = 1> <II = 1> <Delay = 3.25> <Storage> <Opcode : 'load' 'store'> <Ports = 2> <Width = 16> <Depth = 1000> <RAM>
ST_10 : Operation 101 [2/2] (3.25ns)   --->   "%MatC_V_15_load = load i10 %MatC_V_15_addr" [real_matmul.cpp:89]   --->   Operation 101 'load' 'MatC_V_15_load' <Predicate = (!icmp_ln86)> <Delay = 3.25> <CoreInst = "RAM">   --->   Core 82 'RAM' <Latency = 1> <II = 1> <Delay = 3.25> <Storage> <Opcode : 'load' 'store'> <Ports = 2> <Width = 16> <Depth = 1000> <RAM>
ST_10 : Operation 102 [2/2] (3.25ns)   --->   "%MatC_V_16_load = load i10 %MatC_V_16_addr" [real_matmul.cpp:89]   --->   Operation 102 'load' 'MatC_V_16_load' <Predicate = (!icmp_ln86)> <Delay = 3.25> <CoreInst = "RAM">   --->   Core 82 'RAM' <Latency = 1> <II = 1> <Delay = 3.25> <Storage> <Opcode : 'load' 'store'> <Ports = 2> <Width = 16> <Depth = 1000> <RAM>
ST_10 : Operation 103 [2/2] (3.25ns)   --->   "%MatC_V_17_load = load i10 %MatC_V_17_addr" [real_matmul.cpp:89]   --->   Operation 103 'load' 'MatC_V_17_load' <Predicate = (!icmp_ln86)> <Delay = 3.25> <CoreInst = "RAM">   --->   Core 82 'RAM' <Latency = 1> <II = 1> <Delay = 3.25> <Storage> <Opcode : 'load' 'store'> <Ports = 2> <Width = 16> <Depth = 1000> <RAM>
ST_10 : Operation 104 [2/2] (3.25ns)   --->   "%MatC_V_18_load = load i10 %MatC_V_18_addr" [real_matmul.cpp:89]   --->   Operation 104 'load' 'MatC_V_18_load' <Predicate = (!icmp_ln86)> <Delay = 3.25> <CoreInst = "RAM">   --->   Core 82 'RAM' <Latency = 1> <II = 1> <Delay = 3.25> <Storage> <Opcode : 'load' 'store'> <Ports = 2> <Width = 16> <Depth = 1000> <RAM>
ST_10 : Operation 105 [2/2] (3.25ns)   --->   "%MatC_V_19_load = load i10 %MatC_V_19_addr" [real_matmul.cpp:89]   --->   Operation 105 'load' 'MatC_V_19_load' <Predicate = (!icmp_ln86)> <Delay = 3.25> <CoreInst = "RAM">   --->   Core 82 'RAM' <Latency = 1> <II = 1> <Delay = 3.25> <Storage> <Opcode : 'load' 'store'> <Ports = 2> <Width = 16> <Depth = 1000> <RAM>

State 11 <SV = 10> <Delay = 7.23>
ST_11 : Operation 106 [1/11] (4.21ns)   --->   "%urem_ln86 = urem i7 %select_ln86_2, i7 20" [real_matmul.cpp:86]   --->   Operation 106 'urem' 'urem_ln86' <Predicate = (!icmp_ln86)> <Delay = 4.21> <CoreInst = "Divider">   --->   Core 6 'Divider' <Latency = 10> <II = 1> <Delay = 4.21> <FuncUnit> <Opcode : 'sdiv' 'srem' 'udiv' 'urem'> <InPorts = 2> <OutPorts = 1>
ST_11 : Operation 107 [1/2] (3.25ns)   --->   "%MatC_V_load = load i10 %MatC_V_addr" [real_matmul.cpp:89]   --->   Operation 107 'load' 'MatC_V_load' <Predicate = (!icmp_ln86)> <Delay = 3.25> <CoreInst = "RAM">   --->   Core 82 'RAM' <Latency = 1> <II = 1> <Delay = 3.25> <Storage> <Opcode : 'load' 'store'> <Ports = 2> <Width = 16> <Depth = 1000> <RAM>
ST_11 : Operation 108 [1/2] (3.25ns)   --->   "%MatC_V_1_load = load i10 %MatC_V_1_addr" [real_matmul.cpp:89]   --->   Operation 108 'load' 'MatC_V_1_load' <Predicate = (!icmp_ln86)> <Delay = 3.25> <CoreInst = "RAM">   --->   Core 82 'RAM' <Latency = 1> <II = 1> <Delay = 3.25> <Storage> <Opcode : 'load' 'store'> <Ports = 2> <Width = 16> <Depth = 1000> <RAM>
ST_11 : Operation 109 [1/2] (3.25ns)   --->   "%MatC_V_2_load = load i10 %MatC_V_2_addr" [real_matmul.cpp:89]   --->   Operation 109 'load' 'MatC_V_2_load' <Predicate = (!icmp_ln86)> <Delay = 3.25> <CoreInst = "RAM">   --->   Core 82 'RAM' <Latency = 1> <II = 1> <Delay = 3.25> <Storage> <Opcode : 'load' 'store'> <Ports = 2> <Width = 16> <Depth = 1000> <RAM>
ST_11 : Operation 110 [1/2] (3.25ns)   --->   "%MatC_V_3_load = load i10 %MatC_V_3_addr" [real_matmul.cpp:89]   --->   Operation 110 'load' 'MatC_V_3_load' <Predicate = (!icmp_ln86)> <Delay = 3.25> <CoreInst = "RAM">   --->   Core 82 'RAM' <Latency = 1> <II = 1> <Delay = 3.25> <Storage> <Opcode : 'load' 'store'> <Ports = 2> <Width = 16> <Depth = 1000> <RAM>
ST_11 : Operation 111 [1/2] (3.25ns)   --->   "%MatC_V_4_load = load i10 %MatC_V_4_addr" [real_matmul.cpp:89]   --->   Operation 111 'load' 'MatC_V_4_load' <Predicate = (!icmp_ln86)> <Delay = 3.25> <CoreInst = "RAM">   --->   Core 82 'RAM' <Latency = 1> <II = 1> <Delay = 3.25> <Storage> <Opcode : 'load' 'store'> <Ports = 2> <Width = 16> <Depth = 1000> <RAM>
ST_11 : Operation 112 [1/2] (3.25ns)   --->   "%MatC_V_5_load = load i10 %MatC_V_5_addr" [real_matmul.cpp:89]   --->   Operation 112 'load' 'MatC_V_5_load' <Predicate = (!icmp_ln86)> <Delay = 3.25> <CoreInst = "RAM">   --->   Core 82 'RAM' <Latency = 1> <II = 1> <Delay = 3.25> <Storage> <Opcode : 'load' 'store'> <Ports = 2> <Width = 16> <Depth = 1000> <RAM>
ST_11 : Operation 113 [1/2] (3.25ns)   --->   "%MatC_V_6_load = load i10 %MatC_V_6_addr" [real_matmul.cpp:89]   --->   Operation 113 'load' 'MatC_V_6_load' <Predicate = (!icmp_ln86)> <Delay = 3.25> <CoreInst = "RAM">   --->   Core 82 'RAM' <Latency = 1> <II = 1> <Delay = 3.25> <Storage> <Opcode : 'load' 'store'> <Ports = 2> <Width = 16> <Depth = 1000> <RAM>
ST_11 : Operation 114 [1/2] (3.25ns)   --->   "%MatC_V_7_load = load i10 %MatC_V_7_addr" [real_matmul.cpp:89]   --->   Operation 114 'load' 'MatC_V_7_load' <Predicate = (!icmp_ln86)> <Delay = 3.25> <CoreInst = "RAM">   --->   Core 82 'RAM' <Latency = 1> <II = 1> <Delay = 3.25> <Storage> <Opcode : 'load' 'store'> <Ports = 2> <Width = 16> <Depth = 1000> <RAM>
ST_11 : Operation 115 [1/2] (3.25ns)   --->   "%MatC_V_8_load = load i10 %MatC_V_8_addr" [real_matmul.cpp:89]   --->   Operation 115 'load' 'MatC_V_8_load' <Predicate = (!icmp_ln86)> <Delay = 3.25> <CoreInst = "RAM">   --->   Core 82 'RAM' <Latency = 1> <II = 1> <Delay = 3.25> <Storage> <Opcode : 'load' 'store'> <Ports = 2> <Width = 16> <Depth = 1000> <RAM>
ST_11 : Operation 116 [1/2] (3.25ns)   --->   "%MatC_V_9_load = load i10 %MatC_V_9_addr" [real_matmul.cpp:89]   --->   Operation 116 'load' 'MatC_V_9_load' <Predicate = (!icmp_ln86)> <Delay = 3.25> <CoreInst = "RAM">   --->   Core 82 'RAM' <Latency = 1> <II = 1> <Delay = 3.25> <Storage> <Opcode : 'load' 'store'> <Ports = 2> <Width = 16> <Depth = 1000> <RAM>
ST_11 : Operation 117 [1/2] (3.25ns)   --->   "%MatC_V_10_load = load i10 %MatC_V_10_addr" [real_matmul.cpp:89]   --->   Operation 117 'load' 'MatC_V_10_load' <Predicate = (!icmp_ln86)> <Delay = 3.25> <CoreInst = "RAM">   --->   Core 82 'RAM' <Latency = 1> <II = 1> <Delay = 3.25> <Storage> <Opcode : 'load' 'store'> <Ports = 2> <Width = 16> <Depth = 1000> <RAM>
ST_11 : Operation 118 [1/2] (3.25ns)   --->   "%MatC_V_11_load = load i10 %MatC_V_11_addr" [real_matmul.cpp:89]   --->   Operation 118 'load' 'MatC_V_11_load' <Predicate = (!icmp_ln86)> <Delay = 3.25> <CoreInst = "RAM">   --->   Core 82 'RAM' <Latency = 1> <II = 1> <Delay = 3.25> <Storage> <Opcode : 'load' 'store'> <Ports = 2> <Width = 16> <Depth = 1000> <RAM>
ST_11 : Operation 119 [1/2] (3.25ns)   --->   "%MatC_V_12_load = load i10 %MatC_V_12_addr" [real_matmul.cpp:89]   --->   Operation 119 'load' 'MatC_V_12_load' <Predicate = (!icmp_ln86)> <Delay = 3.25> <CoreInst = "RAM">   --->   Core 82 'RAM' <Latency = 1> <II = 1> <Delay = 3.25> <Storage> <Opcode : 'load' 'store'> <Ports = 2> <Width = 16> <Depth = 1000> <RAM>
ST_11 : Operation 120 [1/2] (3.25ns)   --->   "%MatC_V_13_load = load i10 %MatC_V_13_addr" [real_matmul.cpp:89]   --->   Operation 120 'load' 'MatC_V_13_load' <Predicate = (!icmp_ln86)> <Delay = 3.25> <CoreInst = "RAM">   --->   Core 82 'RAM' <Latency = 1> <II = 1> <Delay = 3.25> <Storage> <Opcode : 'load' 'store'> <Ports = 2> <Width = 16> <Depth = 1000> <RAM>
ST_11 : Operation 121 [1/2] (3.25ns)   --->   "%MatC_V_14_load = load i10 %MatC_V_14_addr" [real_matmul.cpp:89]   --->   Operation 121 'load' 'MatC_V_14_load' <Predicate = (!icmp_ln86)> <Delay = 3.25> <CoreInst = "RAM">   --->   Core 82 'RAM' <Latency = 1> <II = 1> <Delay = 3.25> <Storage> <Opcode : 'load' 'store'> <Ports = 2> <Width = 16> <Depth = 1000> <RAM>
ST_11 : Operation 122 [1/2] (3.25ns)   --->   "%MatC_V_15_load = load i10 %MatC_V_15_addr" [real_matmul.cpp:89]   --->   Operation 122 'load' 'MatC_V_15_load' <Predicate = (!icmp_ln86)> <Delay = 3.25> <CoreInst = "RAM">   --->   Core 82 'RAM' <Latency = 1> <II = 1> <Delay = 3.25> <Storage> <Opcode : 'load' 'store'> <Ports = 2> <Width = 16> <Depth = 1000> <RAM>
ST_11 : Operation 123 [1/2] (3.25ns)   --->   "%MatC_V_16_load = load i10 %MatC_V_16_addr" [real_matmul.cpp:89]   --->   Operation 123 'load' 'MatC_V_16_load' <Predicate = (!icmp_ln86)> <Delay = 3.25> <CoreInst = "RAM">   --->   Core 82 'RAM' <Latency = 1> <II = 1> <Delay = 3.25> <Storage> <Opcode : 'load' 'store'> <Ports = 2> <Width = 16> <Depth = 1000> <RAM>
ST_11 : Operation 124 [1/2] (3.25ns)   --->   "%MatC_V_17_load = load i10 %MatC_V_17_addr" [real_matmul.cpp:89]   --->   Operation 124 'load' 'MatC_V_17_load' <Predicate = (!icmp_ln86)> <Delay = 3.25> <CoreInst = "RAM">   --->   Core 82 'RAM' <Latency = 1> <II = 1> <Delay = 3.25> <Storage> <Opcode : 'load' 'store'> <Ports = 2> <Width = 16> <Depth = 1000> <RAM>
ST_11 : Operation 125 [1/2] (3.25ns)   --->   "%MatC_V_18_load = load i10 %MatC_V_18_addr" [real_matmul.cpp:89]   --->   Operation 125 'load' 'MatC_V_18_load' <Predicate = (!icmp_ln86)> <Delay = 3.25> <CoreInst = "RAM">   --->   Core 82 'RAM' <Latency = 1> <II = 1> <Delay = 3.25> <Storage> <Opcode : 'load' 'store'> <Ports = 2> <Width = 16> <Depth = 1000> <RAM>
ST_11 : Operation 126 [1/2] (3.25ns)   --->   "%MatC_V_19_load = load i10 %MatC_V_19_addr" [real_matmul.cpp:89]   --->   Operation 126 'load' 'MatC_V_19_load' <Predicate = (!icmp_ln86)> <Delay = 3.25> <CoreInst = "RAM">   --->   Core 82 'RAM' <Latency = 1> <II = 1> <Delay = 3.25> <Storage> <Opcode : 'load' 'store'> <Ports = 2> <Width = 16> <Depth = 1000> <RAM>
ST_11 : Operation 127 [1/1] (3.02ns)   --->   "%tmp_1 = mux i16 @_ssdm_op_Mux.ap_auto.20i16.i7, i16 %MatC_V_load, i16 %MatC_V_1_load, i16 %MatC_V_2_load, i16 %MatC_V_3_load, i16 %MatC_V_4_load, i16 %MatC_V_5_load, i16 %MatC_V_6_load, i16 %MatC_V_7_load, i16 %MatC_V_8_load, i16 %MatC_V_9_load, i16 %MatC_V_10_load, i16 %MatC_V_11_load, i16 %MatC_V_12_load, i16 %MatC_V_13_load, i16 %MatC_V_14_load, i16 %MatC_V_15_load, i16 %MatC_V_16_load, i16 %MatC_V_17_load, i16 %MatC_V_18_load, i16 %MatC_V_19_load, i7 %urem_ln86" [real_matmul.cpp:89]   --->   Operation 127 'mux' 'tmp_1' <Predicate = (!icmp_ln86)> <Delay = 3.02> <CoreInst = "Multiplexer">   --->   Core 76 'Multiplexer' <Latency = 0> <II = 1> <Delay = 3.02> <FuncUnit> <Opcode : 'mux'> <InPorts = 2> <OutPorts = 1>

State 12 <SV = 11> <Delay = 4.51>
ST_12 : Operation 128 [1/1] (0.00ns)   --->   "%specbitsmap_ln0 = specbitsmap void @_ssdm_op_SpecBitsMap, i128 %mem"   --->   Operation 128 'specbitsmap' 'specbitsmap_ln0' <Predicate = true> <Delay = 0.00>
ST_12 : Operation 129 [1/1] (0.00ns)   --->   "%mem_addr = getelementptr i128 %mem, i64 %sext_ln86_cast" [real_matmul.cpp:86]   --->   Operation 129 'getelementptr' 'mem_addr' <Predicate = true> <Delay = 0.00>
ST_12 : Operation 130 [1/1] (0.00ns)   --->   "%specpipeline_ln0 = specpipeline void @_ssdm_op_SpecPipeline, i32 4294967295, i32 0, i32 1, i32 0, void @p_str"   --->   Operation 130 'specpipeline' 'specpipeline_ln0' <Predicate = true> <Delay = 0.00>
ST_12 : Operation 131 [1/1] (0.00ns)   --->   "%phi_ln89_load = load i112 %phi_ln89" [real_matmul.cpp:86]   --->   Operation 131 'load' 'phi_ln89_load' <Predicate = (!icmp_ln86 & !icmp_ln88)> <Delay = 0.00>
ST_12 : Operation 132 [1/1] (0.00ns)   --->   "%specloopname_ln0 = specloopname void @_ssdm_op_SpecLoopName, void @MAT_C_ROWS_MAT_C_COLS_str"   --->   Operation 132 'specloopname' 'specloopname_ln0' <Predicate = (!icmp_ln86)> <Delay = 0.00>
ST_12 : Operation 133 [1/1] (0.00ns)   --->   "%empty = speclooptripcount i32 @_ssdm_op_SpecLoopTripCount, i64 20000, i64 20000, i64 20000"   --->   Operation 133 'speclooptripcount' 'empty' <Predicate = (!icmp_ln86)> <Delay = 0.00>
ST_12 : Operation 134 [1/1] (1.46ns)   --->   "%select_ln86_1 = select i1 %icmp_ln88, i112 0, i112 %phi_ln89_load" [real_matmul.cpp:86]   --->   Operation 134 'select' 'select_ln86_1' <Predicate = (!icmp_ln86)> <Delay = 1.46> <CoreInst = "Sel">   --->   Core 73 'Sel' <Latency = 0> <II = 1> <Delay = 1.46> <FuncUnit> <Opcode : 'select'> <InPorts = 3> <OutPorts = 1>
ST_12 : Operation 135 [1/1] (0.00ns)   --->   "%specpipeline_ln0 = specpipeline void @_ssdm_op_SpecPipeline, i32 4294967295, i32 0, i32 1, i32 0, void @p_str"   --->   Operation 135 'specpipeline' 'specpipeline_ln0' <Predicate = (!icmp_ln86)> <Delay = 0.00>
ST_12 : Operation 136 [1/1] (0.00ns)   --->   "%specloopname_ln88 = specloopname void @_ssdm_op_SpecLoopName, void @empty_6" [real_matmul.cpp:88]   --->   Operation 136 'specloopname' 'specloopname_ln88' <Predicate = (!icmp_ln86)> <Delay = 0.00>
ST_12 : Operation 137 [1/1] (0.00ns)   --->   "%or_ln = bitconcatenate i128 @_ssdm_op_BitConcatenate.i128.i16.i112, i16 %tmp_1, i112 %select_ln86_1" [real_matmul.cpp:89]   --->   Operation 137 'bitconcatenate' 'or_ln' <Predicate = (!icmp_ln86)> <Delay = 0.00>
ST_12 : Operation 138 [1/1] (0.00ns)   --->   "%tmp_8 = partselect i96 @_ssdm_op_PartSelect.i96.i112.i32.i32, i112 %select_ln86_1, i32 16, i32 111" [real_matmul.cpp:88]   --->   Operation 138 'partselect' 'tmp_8' <Predicate = (!icmp_ln86 & !icmp_ln89)> <Delay = 0.00>
ST_12 : Operation 139 [1/1] (0.00ns)   --->   "%tmp_9 = bitconcatenate i112 @_ssdm_op_BitConcatenate.i112.i16.i96, i16 %tmp_1, i96 %tmp_8" [real_matmul.cpp:88]   --->   Operation 139 'bitconcatenate' 'tmp_9' <Predicate = (!icmp_ln86 & !icmp_ln89)> <Delay = 0.00>
ST_12 : Operation 140 [1/1] (1.46ns)   --->   "%select_ln89 = select i1 %icmp_ln89, i112 0, i112 %tmp_9" [real_matmul.cpp:89]   --->   Operation 140 'select' 'select_ln89' <Predicate = (!icmp_ln86)> <Delay = 1.46> <CoreInst = "Sel">   --->   Core 73 'Sel' <Latency = 0> <II = 1> <Delay = 1.46> <FuncUnit> <Opcode : 'select'> <InPorts = 3> <OutPorts = 1>
ST_12 : Operation 141 [1/1] (1.58ns)   --->   "%store_ln88 = store i112 %select_ln89, i112 %phi_ln89" [real_matmul.cpp:88]   --->   Operation 141 'store' 'store_ln88' <Predicate = (!icmp_ln86)> <Delay = 1.58>
ST_12 : Operation 142 [1/1] (0.00ns)   --->   "%br_ln88 = br void %for.inc154" [real_matmul.cpp:88]   --->   Operation 142 'br' 'br_ln88' <Predicate = (!icmp_ln86)> <Delay = 0.00>
ST_12 : Operation 145 [1/1] (0.00ns)   --->   "%ret_ln0 = ret"   --->   Operation 145 'ret' 'ret_ln0' <Predicate = (icmp_ln86)> <Delay = 0.00>

State 13 <SV = 12> <Delay = 7.30>
ST_13 : Operation 143 [1/1] (7.30ns)   --->   "%write_ln89 = write void @_ssdm_op_Write.m_axi.p1i128, i128 %mem_addr, i128 %or_ln, i16 65535" [real_matmul.cpp:89]   --->   Operation 143 'write' 'write_ln89' <Predicate = (icmp_ln89)> <Delay = 7.30> <CoreInst = "m_axi">   --->   Core 113 'm_axi' <Latency = 0> <II = 1> <Delay = 1.00> <Adapter> <Opcode : 'read' 'write' 'readreq' 'writereq' 'writeresp'>
ST_13 : Operation 144 [1/1] (0.00ns)   --->   "%br_ln89 = br void %for.inc154.split._crit_edge" [real_matmul.cpp:89]   --->   Operation 144 'br' 'br_ln89' <Predicate = (icmp_ln89)> <Delay = 0.00>


============================================================
+ Verbose Summary: Timing violations
============================================================
Target clock period: 10ns, clock uncertainty: 2.7ns.

 <State 1>: 7.08ns
The critical path consists of the following:
	'alloca' operation ('i') [25]  (0 ns)
	'load' operation ('i_load', real_matmul.cpp:86) on local variable 'i' [46]  (0 ns)
	'add' operation ('add_ln86', real_matmul.cpp:86) [47]  (1.87 ns)
	'select' operation ('select_ln86_2', real_matmul.cpp:86) [53]  (0.993 ns)
	'urem' operation ('urem_ln86', real_matmul.cpp:86) [54]  (4.21 ns)

 <State 2>: 5.4ns
The critical path consists of the following:
	'mul' operation ('mul_ln86', real_matmul.cpp:86) [56]  (4.35 ns)
	'mul' operation of DSP[62] ('mul_ln89', real_matmul.cpp:86) [59]  (1.05 ns)

 <State 3>: 4.21ns
The critical path consists of the following:
	'urem' operation ('urem_ln86', real_matmul.cpp:86) [54]  (4.21 ns)

 <State 4>: 4.21ns
The critical path consists of the following:
	'urem' operation ('urem_ln86', real_matmul.cpp:86) [54]  (4.21 ns)

 <State 5>: 4.21ns
The critical path consists of the following:
	'urem' operation ('urem_ln86', real_matmul.cpp:86) [54]  (4.21 ns)

 <State 6>: 4.21ns
The critical path consists of the following:
	'urem' operation ('urem_ln86', real_matmul.cpp:86) [54]  (4.21 ns)

 <State 7>: 4.21ns
The critical path consists of the following:
	'urem' operation ('urem_ln86', real_matmul.cpp:86) [54]  (4.21 ns)

 <State 8>: 4.21ns
The critical path consists of the following:
	'urem' operation ('urem_ln86', real_matmul.cpp:86) [54]  (4.21 ns)

 <State 9>: 4.21ns
The critical path consists of the following:
	'urem' operation ('urem_ln86', real_matmul.cpp:86) [54]  (4.21 ns)

 <State 10>: 4.21ns
The critical path consists of the following:
	'urem' operation ('urem_ln86', real_matmul.cpp:86) [54]  (4.21 ns)

 <State 11>: 7.23ns
The critical path consists of the following:
	'urem' operation ('urem_ln86', real_matmul.cpp:86) [54]  (4.21 ns)
	'mux' operation ('tmp_1', real_matmul.cpp:89) [106]  (3.02 ns)

 <State 12>: 4.52ns
The critical path consists of the following:
	'load' operation ('phi_ln89_load', real_matmul.cpp:86) on local variable 'phi_ln89' [44]  (0 ns)
	'select' operation ('select_ln86_1', real_matmul.cpp:86) [52]  (1.47 ns)
	'select' operation ('select_ln89', real_matmul.cpp:89) [117]  (1.47 ns)
	'store' operation ('store_ln88', real_matmul.cpp:88) of variable 'select_ln89', real_matmul.cpp:89 on local variable 'phi_ln89' [121]  (1.59 ns)

 <State 13>: 7.3ns
The critical path consists of the following:
	bus write operation ('write_ln89', real_matmul.cpp:89) on port 'mem' (real_matmul.cpp:89) [111]  (7.3 ns)


============================================================
+ Verbose Summary: Binding
============================================================
N/A
* FSMD analyzer results:
  - Output states:
 - Input state : 
  - Chain level:
	State 1
	State 2
	State 3
	State 4
	State 5
	State 6
	State 7
	State 8
	State 9
	State 10
	State 11
	State 12
	State 13


============================================================
+ Verbose Summary: Datapath Resource usage 
============================================================
N/A
