

================================================================
== Vitis HLS Report for 'complex_matmul_Pipeline_MAT_A_ROWS_MAT_A_COLS'
================================================================
* Date:           Sat Mar 11 12:57:17 2023

* Version:        2022.1.2 (Build 3605665 on Fri Aug  5 22:52:02 MDT 2022)
* Project:        complex_proj
* Solution:       solution1 (Vivado IP Flow Target)
* Product family: zynq
* Target device:  xc7z020-clg400-1


================================================================
== Performance Estimates
================================================================
+ Timing: 
    * Summary: 
    +--------+----------+----------+------------+
    |  Clock |  Target  | Estimated| Uncertainty|
    +--------+----------+----------+------------+
    |ap_clk  |  10.00 ns|  7.300 ns|     2.70 ns|
    +--------+----------+----------+------------+

+ Latency: 
    * Summary: 
    +---------+---------+----------+----------+-------+-------+---------+
    |  Latency (cycles) |  Latency (absolute) |    Interval   | Pipeline|
    |   min   |   max   |    min   |    max   |  min  |  max  |   Type  |
    +---------+---------+----------+----------+-------+-------+---------+
    |    15018|    15018|  0.150 ms|  0.150 ms|  15018|  15018|       no|
    +---------+---------+----------+----------+-------+-------+---------+

    + Detail: 
        * Instance: 
        N/A

        * Loop: 
        +-------------------------+---------+---------+----------+-----------+-----------+-------+----------+
        |                         |  Latency (cycles) | Iteration|  Initiation Interval  |  Trip |          |
        |        Loop Name        |   min   |   max   |  Latency |  achieved |   target  | Count | Pipelined|
        +-------------------------+---------+---------+----------+-----------+-----------+-------+----------+
        |- MAT_A_ROWS_MAT_A_COLS  |    15010|    15010|        12|          1|          1|  15000|       yes|
        +-------------------------+---------+---------+----------+-----------+-----------+-------+----------+

============================================================
+ Verbose Summary: Synthesis Manager
============================================================
InlineROM: 1
ExposeGlobal: 0
============================================================
+ Verbose Summary: CDFG Model
============================================================
IsTopModel: 0
ResetActiveHigh: 1
IsCombinational: 0
IsDatapathOnly: 0
HasWiredReturn: 1
HasMFsm: 2
HasVarLatency: 1
IsPipeline: 0
IsRtlPipelined: 0
IsInstanceOverlapped: 0
IsDontTouch: 0
HasImplIP: 0
IsGatedGlobalClock: 0

+ Individual pipeline summary: 
  * Pipeline-0: initiation interval (II) = 1, depth = 12


============================================================
+ Verbose Summary: Schedule
============================================================
* Number of FSM states : 20
* Pipeline : 1
  Pipeline-0 : II = 1, D = 12, States = { 8 9 10 11 12 13 14 15 16 17 18 19 }
* Dataflow Pipeline: 0

* FSM state transitions: 
1 --> 2 
2 --> 3 
3 --> 4 
4 --> 5 
5 --> 6 
6 --> 7 
7 --> 8 
8 --> 20 9 
9 --> 10 
10 --> 11 
11 --> 12 
12 --> 13 
13 --> 14 
14 --> 15 
15 --> 16 
16 --> 17 
17 --> 18 
18 --> 19 
19 --> 8 
20 --> 

* FSM state operations: 

State 1 <SV = 0> <Delay = 7.30>
ST_1 : Operation 21 [1/1] (0.00ns)   --->   "%j = alloca i32 1"   --->   Operation 21 'alloca' 'j' <Predicate = true> <Delay = 0.00>
ST_1 : Operation 22 [1/1] (0.00ns)   --->   "%i = alloca i32 1"   --->   Operation 22 'alloca' 'i' <Predicate = true> <Delay = 0.00>
ST_1 : Operation 23 [1/1] (0.00ns)   --->   "%indvar_flatten = alloca i32 1"   --->   Operation 23 'alloca' 'indvar_flatten' <Predicate = true> <Delay = 0.00>
ST_1 : Operation 24 [1/1] (0.00ns)   --->   "%sext_ln46_1_read = read i62 @_ssdm_op_Read.ap_auto.i62, i62 %sext_ln46_1"   --->   Operation 24 'read' 'sext_ln46_1_read' <Predicate = true> <Delay = 0.00>
ST_1 : Operation 25 [1/1] (0.00ns)   --->   "%sext_ln46_1_cast = sext i62 %sext_ln46_1_read"   --->   Operation 25 'sext' 'sext_ln46_1_cast' <Predicate = true> <Delay = 0.00>
ST_1 : Operation 26 [1/1] (0.00ns)   --->   "%mem_addr = getelementptr i32 %mem, i64 %sext_ln46_1_cast" [complex_matmul.cpp:46]   --->   Operation 26 'getelementptr' 'mem_addr' <Predicate = true> <Delay = 0.00>
ST_1 : Operation 27 [7/7] (7.30ns)   --->   "%p_rd_req = readreq i1 @_ssdm_op_ReadReq.m_axi.i32P1A, i32 %mem_addr, i32 15000" [complex_matmul.cpp:46]   --->   Operation 27 'readreq' 'p_rd_req' <Predicate = true> <Delay = 7.30> <CoreInst = "m_axi">   --->   Core 113 'm_axi' <Latency = 0> <II = 1> <Delay = 1.00> <Adapter> <Opcode : 'read' 'write' 'readreq' 'writereq' 'writeresp'>
ST_1 : Operation 28 [1/1] (1.58ns)   --->   "%store_ln0 = store i14 0, i14 %indvar_flatten"   --->   Operation 28 'store' 'store_ln0' <Predicate = true> <Delay = 1.58>
ST_1 : Operation 29 [1/1] (1.58ns)   --->   "%store_ln0 = store i7 0, i7 %i"   --->   Operation 29 'store' 'store_ln0' <Predicate = true> <Delay = 1.58>
ST_1 : Operation 30 [1/1] (1.58ns)   --->   "%store_ln0 = store i8 0, i8 %j"   --->   Operation 30 'store' 'store_ln0' <Predicate = true> <Delay = 1.58>

State 2 <SV = 1> <Delay = 7.30>
ST_2 : Operation 31 [6/7] (7.30ns)   --->   "%p_rd_req = readreq i1 @_ssdm_op_ReadReq.m_axi.i32P1A, i32 %mem_addr, i32 15000" [complex_matmul.cpp:46]   --->   Operation 31 'readreq' 'p_rd_req' <Predicate = true> <Delay = 7.30> <CoreInst = "m_axi">   --->   Core 113 'm_axi' <Latency = 0> <II = 1> <Delay = 1.00> <Adapter> <Opcode : 'read' 'write' 'readreq' 'writereq' 'writeresp'>

State 3 <SV = 2> <Delay = 7.30>
ST_3 : Operation 32 [5/7] (7.30ns)   --->   "%p_rd_req = readreq i1 @_ssdm_op_ReadReq.m_axi.i32P1A, i32 %mem_addr, i32 15000" [complex_matmul.cpp:46]   --->   Operation 32 'readreq' 'p_rd_req' <Predicate = true> <Delay = 7.30> <CoreInst = "m_axi">   --->   Core 113 'm_axi' <Latency = 0> <II = 1> <Delay = 1.00> <Adapter> <Opcode : 'read' 'write' 'readreq' 'writereq' 'writeresp'>

State 4 <SV = 3> <Delay = 7.30>
ST_4 : Operation 33 [4/7] (7.30ns)   --->   "%p_rd_req = readreq i1 @_ssdm_op_ReadReq.m_axi.i32P1A, i32 %mem_addr, i32 15000" [complex_matmul.cpp:46]   --->   Operation 33 'readreq' 'p_rd_req' <Predicate = true> <Delay = 7.30> <CoreInst = "m_axi">   --->   Core 113 'm_axi' <Latency = 0> <II = 1> <Delay = 1.00> <Adapter> <Opcode : 'read' 'write' 'readreq' 'writereq' 'writeresp'>

State 5 <SV = 4> <Delay = 7.30>
ST_5 : Operation 34 [3/7] (7.30ns)   --->   "%p_rd_req = readreq i1 @_ssdm_op_ReadReq.m_axi.i32P1A, i32 %mem_addr, i32 15000" [complex_matmul.cpp:46]   --->   Operation 34 'readreq' 'p_rd_req' <Predicate = true> <Delay = 7.30> <CoreInst = "m_axi">   --->   Core 113 'm_axi' <Latency = 0> <II = 1> <Delay = 1.00> <Adapter> <Opcode : 'read' 'write' 'readreq' 'writereq' 'writeresp'>

State 6 <SV = 5> <Delay = 7.30>
ST_6 : Operation 35 [2/7] (7.30ns)   --->   "%p_rd_req = readreq i1 @_ssdm_op_ReadReq.m_axi.i32P1A, i32 %mem_addr, i32 15000" [complex_matmul.cpp:46]   --->   Operation 35 'readreq' 'p_rd_req' <Predicate = true> <Delay = 7.30> <CoreInst = "m_axi">   --->   Core 113 'm_axi' <Latency = 0> <II = 1> <Delay = 1.00> <Adapter> <Opcode : 'read' 'write' 'readreq' 'writereq' 'writeresp'>

State 7 <SV = 6> <Delay = 7.30>
ST_7 : Operation 36 [1/1] (0.00ns)   --->   "%zext_ln43_read = read i5 @_ssdm_op_Read.ap_auto.i5, i5 %zext_ln43"   --->   Operation 36 'read' 'zext_ln43_read' <Predicate = true> <Delay = 0.00>
ST_7 : Operation 37 [1/1] (0.00ns)   --->   "%MatA_DRAM12 = read i64 @_ssdm_op_Read.ap_auto.i64, i64 %MatA_DRAM"   --->   Operation 37 'read' 'MatA_DRAM12' <Predicate = true> <Delay = 0.00>
ST_7 : Operation 38 [1/1] (0.00ns)   --->   "%zext_ln43_cast = zext i5 %zext_ln43_read"   --->   Operation 38 'zext' 'zext_ln43_cast' <Predicate = true> <Delay = 0.00>
ST_7 : Operation 39 [1/1] (0.00ns)   --->   "%specinterface_ln0 = specinterface void @_ssdm_op_SpecInterface, i32 %mem, void @empty_2, i32 0, i32 0, void @empty_1, i32 0, i32 2, void @empty_0, void @empty_15, void @empty_1, i32 16, i32 16, i32 16, i32 16, void @empty_1, void @empty_1, i32 4294967295, i32 0"   --->   Operation 39 'specinterface' 'specinterface_ln0' <Predicate = true> <Delay = 0.00>
ST_7 : Operation 40 [1/7] (7.30ns)   --->   "%p_rd_req = readreq i1 @_ssdm_op_ReadReq.m_axi.i32P1A, i32 %mem_addr, i32 15000" [complex_matmul.cpp:46]   --->   Operation 40 'readreq' 'p_rd_req' <Predicate = true> <Delay = 7.30> <CoreInst = "m_axi">   --->   Core 113 'm_axi' <Latency = 0> <II = 1> <Delay = 1.00> <Adapter> <Opcode : 'read' 'write' 'readreq' 'writereq' 'writeresp'>
ST_7 : Operation 41 [1/1] (0.00ns)   --->   "%br_ln0 = br void %for.inc"   --->   Operation 41 'br' 'br_ln0' <Predicate = true> <Delay = 0.00>

State 8 <SV = 7> <Delay = 7.21>
ST_8 : Operation 42 [1/1] (0.00ns)   --->   "%indvar_flatten_load = load i14 %indvar_flatten" [complex_matmul.cpp:43]   --->   Operation 42 'load' 'indvar_flatten_load' <Predicate = true> <Delay = 0.00>
ST_8 : Operation 43 [1/1] (0.00ns)   --->   "%specbitsmap_ln0 = specbitsmap void @_ssdm_op_SpecBitsMap, i32 %mem"   --->   Operation 43 'specbitsmap' 'specbitsmap_ln0' <Predicate = true> <Delay = 0.00>
ST_8 : Operation 44 [1/1] (0.00ns)   --->   "%specpipeline_ln0 = specpipeline void @_ssdm_op_SpecPipeline, i32 4294967295, i32 0, i32 1, i32 0, void @p_str"   --->   Operation 44 'specpipeline' 'specpipeline_ln0' <Predicate = true> <Delay = 0.00>
ST_8 : Operation 45 [1/1] (2.20ns)   --->   "%icmp_ln43 = icmp_eq  i14 %indvar_flatten_load, i14 15000" [complex_matmul.cpp:43]   --->   Operation 45 'icmp' 'icmp_ln43' <Predicate = true> <Delay = 2.20> <CoreInst = "Cmp">   --->   Core 9 'Cmp' <Latency = 0> <II = 1> <Delay = 2.20> <FuncUnit> <Opcode : 'icmp'> <InPorts = 2> <OutPorts = 1>
ST_8 : Operation 46 [1/1] (1.81ns)   --->   "%add_ln43_1 = add i14 %indvar_flatten_load, i14 1" [complex_matmul.cpp:43]   --->   Operation 46 'add' 'add_ln43_1' <Predicate = true> <Delay = 1.81> <CoreInst = "Adder">   --->   Core 1 'Adder' <Latency = 0> <II = 1> <Delay = 1.81> <FuncUnit> <Opcode : 'add' 'sub'> <InPorts = 2> <OutPorts = 1>
ST_8 : Operation 47 [1/1] (0.00ns)   --->   "%br_ln43 = br i1 %icmp_ln43, void %for.inc84, void %MAT_A_ROWSc.exitStub" [complex_matmul.cpp:43]   --->   Operation 47 'br' 'br_ln43' <Predicate = true> <Delay = 0.00>
ST_8 : Operation 48 [1/1] (0.00ns)   --->   "%j_load = load i8 %j" [complex_matmul.cpp:45]   --->   Operation 48 'load' 'j_load' <Predicate = (!icmp_ln43)> <Delay = 0.00>
ST_8 : Operation 49 [1/1] (0.00ns)   --->   "%i_load = load i7 %i" [complex_matmul.cpp:43]   --->   Operation 49 'load' 'i_load' <Predicate = (!icmp_ln43)> <Delay = 0.00>
ST_8 : Operation 50 [1/1] (1.87ns)   --->   "%add_ln43 = add i7 %i_load, i7 1" [complex_matmul.cpp:43]   --->   Operation 50 'add' 'add_ln43' <Predicate = (!icmp_ln43)> <Delay = 1.87> <CoreInst = "Adder">   --->   Core 1 'Adder' <Latency = 0> <II = 1> <Delay = 1.87> <FuncUnit> <Opcode : 'add' 'sub'> <InPorts = 2> <OutPorts = 1>
ST_8 : Operation 51 [1/1] (1.55ns)   --->   "%icmp_ln45 = icmp_eq  i8 %j_load, i8 150" [complex_matmul.cpp:45]   --->   Operation 51 'icmp' 'icmp_ln45' <Predicate = (!icmp_ln43)> <Delay = 1.55> <CoreInst = "Cmp">   --->   Core 9 'Cmp' <Latency = 0> <II = 1> <Delay = 1.55> <FuncUnit> <Opcode : 'icmp'> <InPorts = 2> <OutPorts = 1>
ST_8 : Operation 52 [1/1] (1.24ns)   --->   "%select_ln43 = select i1 %icmp_ln45, i8 0, i8 %j_load" [complex_matmul.cpp:43]   --->   Operation 52 'select' 'select_ln43' <Predicate = (!icmp_ln43)> <Delay = 1.24> <CoreInst = "Sel">   --->   Core 73 'Sel' <Latency = 0> <II = 1> <Delay = 1.24> <FuncUnit> <Opcode : 'select'> <InPorts = 3> <OutPorts = 1>
ST_8 : Operation 53 [1/1] (0.99ns)   --->   "%select_ln43_1 = select i1 %icmp_ln45, i7 %add_ln43, i7 %i_load" [complex_matmul.cpp:43]   --->   Operation 53 'select' 'select_ln43_1' <Predicate = (!icmp_ln43)> <Delay = 0.99> <CoreInst = "Sel">   --->   Core 73 'Sel' <Latency = 0> <II = 1> <Delay = 0.99> <FuncUnit> <Opcode : 'select'> <InPorts = 3> <OutPorts = 1>
ST_8 : Operation 54 [1/1] (0.00ns)   --->   "%zext_ln43_1 = zext i7 %select_ln43_1" [complex_matmul.cpp:43]   --->   Operation 54 'zext' 'zext_ln43_1' <Predicate = (!icmp_ln43)> <Delay = 0.00>
ST_8 : Operation 55 [1/1] (4.35ns)   --->   "%mul_ln43 = mul i15 %zext_ln43_1, i15 205" [complex_matmul.cpp:43]   --->   Operation 55 'mul' 'mul_ln43' <Predicate = (!icmp_ln43)> <Delay = 4.35> <CoreInst = "Multiplier">   --->   Core 3 'Multiplier' <Latency = 0> <II = 1> <Delay = 4.35> <FuncUnit> <Opcode : 'mul'> <InPorts = 2> <OutPorts = 1>
ST_8 : Operation 56 [1/1] (0.00ns)   --->   "%tmp = partselect i3 @_ssdm_op_PartSelect.i3.i15.i32.i32, i15 %mul_ln43, i32 12, i32 14" [complex_matmul.cpp:43]   --->   Operation 56 'partselect' 'tmp' <Predicate = (!icmp_ln43)> <Delay = 0.00>
ST_8 : Operation 57 [11/11] (4.21ns)   --->   "%urem_ln43 = urem i7 %select_ln43_1, i7 20" [complex_matmul.cpp:43]   --->   Operation 57 'urem' 'urem_ln43' <Predicate = (!icmp_ln43)> <Delay = 4.21> <CoreInst = "Divider">   --->   Core 6 'Divider' <Latency = 10> <II = 1> <Delay = 4.21> <FuncUnit> <Opcode : 'sdiv' 'srem' 'udiv' 'urem'> <InPorts = 2> <OutPorts = 1>
ST_8 : Operation 58 [1/1] (1.91ns)   --->   "%add_ln45 = add i8 %select_ln43, i8 1" [complex_matmul.cpp:45]   --->   Operation 58 'add' 'add_ln45' <Predicate = (!icmp_ln43)> <Delay = 1.91> <CoreInst = "Adder">   --->   Core 1 'Adder' <Latency = 0> <II = 1> <Delay = 1.91> <FuncUnit> <Opcode : 'add' 'sub'> <InPorts = 2> <OutPorts = 1>
ST_8 : Operation 59 [1/1] (1.58ns)   --->   "%store_ln45 = store i14 %add_ln43_1, i14 %indvar_flatten" [complex_matmul.cpp:45]   --->   Operation 59 'store' 'store_ln45' <Predicate = (!icmp_ln43)> <Delay = 1.58>
ST_8 : Operation 60 [1/1] (1.58ns)   --->   "%store_ln45 = store i7 %select_ln43_1, i7 %i" [complex_matmul.cpp:45]   --->   Operation 60 'store' 'store_ln45' <Predicate = (!icmp_ln43)> <Delay = 1.58>
ST_8 : Operation 61 [1/1] (1.58ns)   --->   "%store_ln45 = store i8 %add_ln45, i8 %j" [complex_matmul.cpp:45]   --->   Operation 61 'store' 'store_ln45' <Predicate = (!icmp_ln43)> <Delay = 1.58>
ST_8 : Operation 62 [1/1] (0.00ns)   --->   "%br_ln45 = br void %for.inc" [complex_matmul.cpp:45]   --->   Operation 62 'br' 'br_ln45' <Predicate = (!icmp_ln43)> <Delay = 0.00>

State 9 <SV = 8> <Delay = 4.21>
ST_9 : Operation 63 [1/1] (0.00ns)   --->   "%zext_ln43_2 = zext i3 %tmp" [complex_matmul.cpp:43]   --->   Operation 63 'zext' 'zext_ln43_2' <Predicate = true> <Delay = 0.00>
ST_9 : Operation 64 [3/3] (1.05ns) (grouped into DSP with root node add_ln46)   --->   "%mul_ln43_1 = mul i10 %zext_ln43_2, i10 150" [complex_matmul.cpp:43]   --->   Operation 64 'mul' 'mul_ln43_1' <Predicate = true> <Delay = 1.05> <CoreInst = "DSP48">   --->   Core 119 'DSP48' <Latency = 3> <II = 1> <Delay = 2.15> <IPBlock> <Opcode : 'mul' 'add' 'sub' 'select'> <InPorts = 0> <OutPorts = 1> <Sync> <CReg>
ST_9 : Operation 65 [10/11] (4.21ns)   --->   "%urem_ln43 = urem i7 %select_ln43_1, i7 20" [complex_matmul.cpp:43]   --->   Operation 65 'urem' 'urem_ln43' <Predicate = true> <Delay = 4.21> <CoreInst = "Divider">   --->   Core 6 'Divider' <Latency = 10> <II = 1> <Delay = 4.21> <FuncUnit> <Opcode : 'sdiv' 'srem' 'udiv' 'urem'> <InPorts = 2> <OutPorts = 1>

State 10 <SV = 9> <Delay = 4.21>
ST_10 : Operation 66 [2/3] (1.05ns) (grouped into DSP with root node add_ln46)   --->   "%mul_ln43_1 = mul i10 %zext_ln43_2, i10 150" [complex_matmul.cpp:43]   --->   Operation 66 'mul' 'mul_ln43_1' <Predicate = true> <Delay = 1.05> <CoreInst = "DSP48">   --->   Core 119 'DSP48' <Latency = 3> <II = 1> <Delay = 2.15> <IPBlock> <Opcode : 'mul' 'add' 'sub' 'select'> <InPorts = 0> <OutPorts = 1> <Sync> <CReg>
ST_10 : Operation 67 [9/11] (4.21ns)   --->   "%urem_ln43 = urem i7 %select_ln43_1, i7 20" [complex_matmul.cpp:43]   --->   Operation 67 'urem' 'urem_ln43' <Predicate = true> <Delay = 4.21> <CoreInst = "Divider">   --->   Core 6 'Divider' <Latency = 10> <II = 1> <Delay = 4.21> <FuncUnit> <Opcode : 'sdiv' 'srem' 'udiv' 'urem'> <InPorts = 2> <OutPorts = 1>

State 11 <SV = 10> <Delay = 4.21>
ST_11 : Operation 68 [1/3] (0.00ns) (grouped into DSP with root node add_ln46)   --->   "%mul_ln43_1 = mul i10 %zext_ln43_2, i10 150" [complex_matmul.cpp:43]   --->   Operation 68 'mul' 'mul_ln43_1' <Predicate = true> <Delay = 0.00> <CoreInst = "DSP48">   --->   Core 119 'DSP48' <Latency = 3> <II = 1> <Delay = 2.15> <IPBlock> <Opcode : 'mul' 'add' 'sub' 'select'> <InPorts = 0> <OutPorts = 1> <Sync> <CReg>
ST_11 : Operation 69 [8/11] (4.21ns)   --->   "%urem_ln43 = urem i7 %select_ln43_1, i7 20" [complex_matmul.cpp:43]   --->   Operation 69 'urem' 'urem_ln43' <Predicate = true> <Delay = 4.21> <CoreInst = "Divider">   --->   Core 6 'Divider' <Latency = 10> <II = 1> <Delay = 4.21> <FuncUnit> <Opcode : 'sdiv' 'srem' 'udiv' 'urem'> <InPorts = 2> <OutPorts = 1>
ST_11 : Operation 70 [1/1] (0.00ns)   --->   "%zext_ln46 = zext i8 %select_ln43" [complex_matmul.cpp:46]   --->   Operation 70 'zext' 'zext_ln46' <Predicate = true> <Delay = 0.00>
ST_11 : Operation 71 [2/2] (2.10ns) (root node of the DSP)   --->   "%add_ln46 = add i10 %mul_ln43_1, i10 %zext_ln46" [complex_matmul.cpp:46]   --->   Operation 71 'add' 'add_ln46' <Predicate = true> <Delay = 2.10> <CoreInst = "DSP48">   --->   Core 119 'DSP48' <Latency = 3> <II = 1> <Delay = 2.15> <IPBlock> <Opcode : 'mul' 'add' 'sub' 'select'> <InPorts = 0> <OutPorts = 1> <Sync> <CReg>

State 12 <SV = 11> <Delay = 4.21>
ST_12 : Operation 72 [7/11] (4.21ns)   --->   "%urem_ln43 = urem i7 %select_ln43_1, i7 20" [complex_matmul.cpp:43]   --->   Operation 72 'urem' 'urem_ln43' <Predicate = true> <Delay = 4.21> <CoreInst = "Divider">   --->   Core 6 'Divider' <Latency = 10> <II = 1> <Delay = 4.21> <FuncUnit> <Opcode : 'sdiv' 'srem' 'udiv' 'urem'> <InPorts = 2> <OutPorts = 1>
ST_12 : Operation 73 [1/2] (2.10ns) (root node of the DSP)   --->   "%add_ln46 = add i10 %mul_ln43_1, i10 %zext_ln46" [complex_matmul.cpp:46]   --->   Operation 73 'add' 'add_ln46' <Predicate = true> <Delay = 2.10> <CoreInst = "DSP48">   --->   Core 119 'DSP48' <Latency = 3> <II = 1> <Delay = 2.15> <IPBlock> <Opcode : 'mul' 'add' 'sub' 'select'> <InPorts = 0> <OutPorts = 1> <Sync> <CReg>

State 13 <SV = 12> <Delay = 4.21>
ST_13 : Operation 74 [6/11] (4.21ns)   --->   "%urem_ln43 = urem i7 %select_ln43_1, i7 20" [complex_matmul.cpp:43]   --->   Operation 74 'urem' 'urem_ln43' <Predicate = true> <Delay = 4.21> <CoreInst = "Divider">   --->   Core 6 'Divider' <Latency = 10> <II = 1> <Delay = 4.21> <FuncUnit> <Opcode : 'sdiv' 'srem' 'udiv' 'urem'> <InPorts = 2> <OutPorts = 1>

State 14 <SV = 13> <Delay = 4.21>
ST_14 : Operation 75 [5/11] (4.21ns)   --->   "%urem_ln43 = urem i7 %select_ln43_1, i7 20" [complex_matmul.cpp:43]   --->   Operation 75 'urem' 'urem_ln43' <Predicate = true> <Delay = 4.21> <CoreInst = "Divider">   --->   Core 6 'Divider' <Latency = 10> <II = 1> <Delay = 4.21> <FuncUnit> <Opcode : 'sdiv' 'srem' 'udiv' 'urem'> <InPorts = 2> <OutPorts = 1>

State 15 <SV = 14> <Delay = 4.21>
ST_15 : Operation 76 [4/11] (4.21ns)   --->   "%urem_ln43 = urem i7 %select_ln43_1, i7 20" [complex_matmul.cpp:43]   --->   Operation 76 'urem' 'urem_ln43' <Predicate = true> <Delay = 4.21> <CoreInst = "Divider">   --->   Core 6 'Divider' <Latency = 10> <II = 1> <Delay = 4.21> <FuncUnit> <Opcode : 'sdiv' 'srem' 'udiv' 'urem'> <InPorts = 2> <OutPorts = 1>

State 16 <SV = 15> <Delay = 4.21>
ST_16 : Operation 77 [3/11] (4.21ns)   --->   "%urem_ln43 = urem i7 %select_ln43_1, i7 20" [complex_matmul.cpp:43]   --->   Operation 77 'urem' 'urem_ln43' <Predicate = true> <Delay = 4.21> <CoreInst = "Divider">   --->   Core 6 'Divider' <Latency = 10> <II = 1> <Delay = 4.21> <FuncUnit> <Opcode : 'sdiv' 'srem' 'udiv' 'urem'> <InPorts = 2> <OutPorts = 1>

State 17 <SV = 16> <Delay = 7.30>
ST_17 : Operation 78 [2/11] (4.21ns)   --->   "%urem_ln43 = urem i7 %select_ln43_1, i7 20" [complex_matmul.cpp:43]   --->   Operation 78 'urem' 'urem_ln43' <Predicate = true> <Delay = 4.21> <CoreInst = "Divider">   --->   Core 6 'Divider' <Latency = 10> <II = 1> <Delay = 4.21> <FuncUnit> <Opcode : 'sdiv' 'srem' 'udiv' 'urem'> <InPorts = 2> <OutPorts = 1>
ST_17 : Operation 79 [1/1] (7.30ns)   --->   "%mem_addr_read = read i32 @_ssdm_op_Read.m_axi.i32P1A, i32 %mem_addr" [complex_matmul.cpp:46]   --->   Operation 79 'read' 'mem_addr_read' <Predicate = true> <Delay = 7.30> <CoreInst = "m_axi">   --->   Core 113 'm_axi' <Latency = 0> <II = 1> <Delay = 1.00> <Adapter> <Opcode : 'read' 'write' 'readreq' 'writereq' 'writeresp'>

State 18 <SV = 17> <Delay = 5.17>
ST_18 : Operation 80 [1/11] (4.21ns)   --->   "%urem_ln43 = urem i7 %select_ln43_1, i7 20" [complex_matmul.cpp:43]   --->   Operation 80 'urem' 'urem_ln43' <Predicate = true> <Delay = 4.21> <CoreInst = "Divider">   --->   Core 6 'Divider' <Latency = 10> <II = 1> <Delay = 4.21> <FuncUnit> <Opcode : 'sdiv' 'srem' 'udiv' 'urem'> <InPorts = 2> <OutPorts = 1>
ST_18 : Operation 81 [1/1] (0.00ns)   --->   "%trunc_ln43 = trunc i5 %urem_ln43" [complex_matmul.cpp:43]   --->   Operation 81 'trunc' 'trunc_ln43' <Predicate = true> <Delay = 0.00>
ST_18 : Operation 82 [1/1] (4.42ns)   --->   "%lshr_ln46 = lshr i32 %mem_addr_read, i32 %zext_ln43_cast" [complex_matmul.cpp:46]   --->   Operation 82 'lshr' 'lshr_ln46' <Predicate = true> <Delay = 4.42> <CoreInst = "Shifter">   --->   Core 75 'Shifter' <Latency = 0> <II = 1> <Delay = 4.42> <FuncUnit> <Opcode : 'shl' 'lshr' 'ashr'> <InPorts = 2> <OutPorts = 1>
ST_18 : Operation 83 [1/1] (0.00ns)   --->   "%trunc_ln46 = trunc i32 %lshr_ln46" [complex_matmul.cpp:46]   --->   Operation 83 'trunc' 'trunc_ln46' <Predicate = true> <Delay = 0.00>
ST_18 : Operation 84 [1/1] (0.95ns)   --->   "%switch_ln46 = switch i5 %trunc_ln43, void %arrayidx8332.case.19, i5 0, void %arrayidx8332.case.0, i5 1, void %arrayidx8332.case.1, i5 2, void %arrayidx8332.case.2, i5 3, void %arrayidx8332.case.3, i5 4, void %arrayidx8332.case.4, i5 5, void %arrayidx8332.case.5, i5 6, void %arrayidx8332.case.6, i5 7, void %arrayidx8332.case.7, i5 8, void %arrayidx8332.case.8, i5 9, void %arrayidx8332.case.9, i5 10, void %arrayidx8332.case.10, i5 11, void %arrayidx8332.case.11, i5 12, void %arrayidx8332.case.12, i5 13, void %arrayidx8332.case.13, i5 14, void %arrayidx8332.case.14, i5 15, void %arrayidx8332.case.15, i5 16, void %arrayidx8332.case.16, i5 17, void %arrayidx8332.case.17, i5 18, void %arrayidx8332.case.18" [complex_matmul.cpp:46]   --->   Operation 84 'switch' 'switch_ln46' <Predicate = true> <Delay = 0.95>

State 19 <SV = 18> <Delay = 3.25>
ST_19 : Operation 85 [1/1] (0.00ns)   --->   "%specloopname_ln0 = specloopname void @_ssdm_op_SpecLoopName, void @MAT_A_ROWS_MAT_A_COLS_str"   --->   Operation 85 'specloopname' 'specloopname_ln0' <Predicate = true> <Delay = 0.00>
ST_19 : Operation 86 [1/1] (0.00ns)   --->   "%empty = speclooptripcount i32 @_ssdm_op_SpecLoopTripCount, i64 15000, i64 15000, i64 15000"   --->   Operation 86 'speclooptripcount' 'empty' <Predicate = true> <Delay = 0.00>
ST_19 : Operation 87 [1/1] (0.00ns)   --->   "%specpipeline_ln0 = specpipeline void @_ssdm_op_SpecPipeline, i32 4294967295, i32 0, i32 1, i32 0, void @p_str"   --->   Operation 87 'specpipeline' 'specpipeline_ln0' <Predicate = true> <Delay = 0.00>
ST_19 : Operation 88 [1/1] (0.00ns)   --->   "%zext_ln46_1 = zext i10 %add_ln46" [complex_matmul.cpp:46]   --->   Operation 88 'zext' 'zext_ln46_1' <Predicate = true> <Delay = 0.00>
ST_19 : Operation 89 [1/1] (0.00ns)   --->   "%MatA_V_addr = getelementptr i16 %MatA_V, i64 0, i64 %zext_ln46_1" [complex_matmul.cpp:46]   --->   Operation 89 'getelementptr' 'MatA_V_addr' <Predicate = true> <Delay = 0.00>
ST_19 : Operation 90 [1/1] (0.00ns)   --->   "%MatA_V_1_addr = getelementptr i16 %MatA_V_1, i64 0, i64 %zext_ln46_1" [complex_matmul.cpp:46]   --->   Operation 90 'getelementptr' 'MatA_V_1_addr' <Predicate = true> <Delay = 0.00>
ST_19 : Operation 91 [1/1] (0.00ns)   --->   "%MatA_V_2_addr = getelementptr i16 %MatA_V_2, i64 0, i64 %zext_ln46_1" [complex_matmul.cpp:46]   --->   Operation 91 'getelementptr' 'MatA_V_2_addr' <Predicate = true> <Delay = 0.00>
ST_19 : Operation 92 [1/1] (0.00ns)   --->   "%MatA_V_3_addr = getelementptr i16 %MatA_V_3, i64 0, i64 %zext_ln46_1" [complex_matmul.cpp:46]   --->   Operation 92 'getelementptr' 'MatA_V_3_addr' <Predicate = true> <Delay = 0.00>
ST_19 : Operation 93 [1/1] (0.00ns)   --->   "%MatA_V_4_addr = getelementptr i16 %MatA_V_4, i64 0, i64 %zext_ln46_1" [complex_matmul.cpp:46]   --->   Operation 93 'getelementptr' 'MatA_V_4_addr' <Predicate = true> <Delay = 0.00>
ST_19 : Operation 94 [1/1] (0.00ns)   --->   "%MatA_V_5_addr = getelementptr i16 %MatA_V_5, i64 0, i64 %zext_ln46_1" [complex_matmul.cpp:46]   --->   Operation 94 'getelementptr' 'MatA_V_5_addr' <Predicate = true> <Delay = 0.00>
ST_19 : Operation 95 [1/1] (0.00ns)   --->   "%MatA_V_6_addr = getelementptr i16 %MatA_V_6, i64 0, i64 %zext_ln46_1" [complex_matmul.cpp:46]   --->   Operation 95 'getelementptr' 'MatA_V_6_addr' <Predicate = true> <Delay = 0.00>
ST_19 : Operation 96 [1/1] (0.00ns)   --->   "%MatA_V_7_addr = getelementptr i16 %MatA_V_7, i64 0, i64 %zext_ln46_1" [complex_matmul.cpp:46]   --->   Operation 96 'getelementptr' 'MatA_V_7_addr' <Predicate = true> <Delay = 0.00>
ST_19 : Operation 97 [1/1] (0.00ns)   --->   "%MatA_V_8_addr = getelementptr i16 %MatA_V_8, i64 0, i64 %zext_ln46_1" [complex_matmul.cpp:46]   --->   Operation 97 'getelementptr' 'MatA_V_8_addr' <Predicate = true> <Delay = 0.00>
ST_19 : Operation 98 [1/1] (0.00ns)   --->   "%MatA_V_9_addr = getelementptr i16 %MatA_V_9, i64 0, i64 %zext_ln46_1" [complex_matmul.cpp:46]   --->   Operation 98 'getelementptr' 'MatA_V_9_addr' <Predicate = true> <Delay = 0.00>
ST_19 : Operation 99 [1/1] (0.00ns)   --->   "%MatA_V_10_addr = getelementptr i16 %MatA_V_10, i64 0, i64 %zext_ln46_1" [complex_matmul.cpp:46]   --->   Operation 99 'getelementptr' 'MatA_V_10_addr' <Predicate = true> <Delay = 0.00>
ST_19 : Operation 100 [1/1] (0.00ns)   --->   "%MatA_V_11_addr = getelementptr i16 %MatA_V_11, i64 0, i64 %zext_ln46_1" [complex_matmul.cpp:46]   --->   Operation 100 'getelementptr' 'MatA_V_11_addr' <Predicate = true> <Delay = 0.00>
ST_19 : Operation 101 [1/1] (0.00ns)   --->   "%MatA_V_12_addr = getelementptr i16 %MatA_V_12, i64 0, i64 %zext_ln46_1" [complex_matmul.cpp:46]   --->   Operation 101 'getelementptr' 'MatA_V_12_addr' <Predicate = true> <Delay = 0.00>
ST_19 : Operation 102 [1/1] (0.00ns)   --->   "%MatA_V_13_addr = getelementptr i16 %MatA_V_13, i64 0, i64 %zext_ln46_1" [complex_matmul.cpp:46]   --->   Operation 102 'getelementptr' 'MatA_V_13_addr' <Predicate = true> <Delay = 0.00>
ST_19 : Operation 103 [1/1] (0.00ns)   --->   "%MatA_V_14_addr = getelementptr i16 %MatA_V_14, i64 0, i64 %zext_ln46_1" [complex_matmul.cpp:46]   --->   Operation 103 'getelementptr' 'MatA_V_14_addr' <Predicate = true> <Delay = 0.00>
ST_19 : Operation 104 [1/1] (0.00ns)   --->   "%MatA_V_15_addr = getelementptr i16 %MatA_V_15, i64 0, i64 %zext_ln46_1" [complex_matmul.cpp:46]   --->   Operation 104 'getelementptr' 'MatA_V_15_addr' <Predicate = true> <Delay = 0.00>
ST_19 : Operation 105 [1/1] (0.00ns)   --->   "%MatA_V_16_addr = getelementptr i16 %MatA_V_16, i64 0, i64 %zext_ln46_1" [complex_matmul.cpp:46]   --->   Operation 105 'getelementptr' 'MatA_V_16_addr' <Predicate = true> <Delay = 0.00>
ST_19 : Operation 106 [1/1] (0.00ns)   --->   "%MatA_V_17_addr = getelementptr i16 %MatA_V_17, i64 0, i64 %zext_ln46_1" [complex_matmul.cpp:46]   --->   Operation 106 'getelementptr' 'MatA_V_17_addr' <Predicate = true> <Delay = 0.00>
ST_19 : Operation 107 [1/1] (0.00ns)   --->   "%MatA_V_18_addr = getelementptr i16 %MatA_V_18, i64 0, i64 %zext_ln46_1" [complex_matmul.cpp:46]   --->   Operation 107 'getelementptr' 'MatA_V_18_addr' <Predicate = true> <Delay = 0.00>
ST_19 : Operation 108 [1/1] (0.00ns)   --->   "%MatA_V_19_addr = getelementptr i16 %MatA_V_19, i64 0, i64 %zext_ln46_1" [complex_matmul.cpp:46]   --->   Operation 108 'getelementptr' 'MatA_V_19_addr' <Predicate = true> <Delay = 0.00>
ST_19 : Operation 109 [1/1] (0.00ns)   --->   "%specloopname_ln45 = specloopname void @_ssdm_op_SpecLoopName, void @empty_8" [complex_matmul.cpp:45]   --->   Operation 109 'specloopname' 'specloopname_ln45' <Predicate = true> <Delay = 0.00>
ST_19 : Operation 110 [1/1] (3.25ns)   --->   "%store_ln46 = store i16 %trunc_ln46, i10 %MatA_V_18_addr" [complex_matmul.cpp:46]   --->   Operation 110 'store' 'store_ln46' <Predicate = (trunc_ln43 == 18)> <Delay = 3.25> <CoreInst = "RAM">   --->   Core 82 'RAM' <Latency = 1> <II = 1> <Delay = 3.25> <Storage> <Opcode : 'load' 'store'> <Ports = 2> <Width = 16> <Depth = 750> <RAM>
ST_19 : Operation 111 [1/1] (0.00ns)   --->   "%br_ln46 = br void %arrayidx8332.exit" [complex_matmul.cpp:46]   --->   Operation 111 'br' 'br_ln46' <Predicate = (trunc_ln43 == 18)> <Delay = 0.00>
ST_19 : Operation 112 [1/1] (3.25ns)   --->   "%store_ln46 = store i16 %trunc_ln46, i10 %MatA_V_17_addr" [complex_matmul.cpp:46]   --->   Operation 112 'store' 'store_ln46' <Predicate = (trunc_ln43 == 17)> <Delay = 3.25> <CoreInst = "RAM">   --->   Core 82 'RAM' <Latency = 1> <II = 1> <Delay = 3.25> <Storage> <Opcode : 'load' 'store'> <Ports = 2> <Width = 16> <Depth = 750> <RAM>
ST_19 : Operation 113 [1/1] (0.00ns)   --->   "%br_ln46 = br void %arrayidx8332.exit" [complex_matmul.cpp:46]   --->   Operation 113 'br' 'br_ln46' <Predicate = (trunc_ln43 == 17)> <Delay = 0.00>
ST_19 : Operation 114 [1/1] (3.25ns)   --->   "%store_ln46 = store i16 %trunc_ln46, i10 %MatA_V_16_addr" [complex_matmul.cpp:46]   --->   Operation 114 'store' 'store_ln46' <Predicate = (trunc_ln43 == 16)> <Delay = 3.25> <CoreInst = "RAM">   --->   Core 82 'RAM' <Latency = 1> <II = 1> <Delay = 3.25> <Storage> <Opcode : 'load' 'store'> <Ports = 2> <Width = 16> <Depth = 750> <RAM>
ST_19 : Operation 115 [1/1] (0.00ns)   --->   "%br_ln46 = br void %arrayidx8332.exit" [complex_matmul.cpp:46]   --->   Operation 115 'br' 'br_ln46' <Predicate = (trunc_ln43 == 16)> <Delay = 0.00>
ST_19 : Operation 116 [1/1] (3.25ns)   --->   "%store_ln46 = store i16 %trunc_ln46, i10 %MatA_V_15_addr" [complex_matmul.cpp:46]   --->   Operation 116 'store' 'store_ln46' <Predicate = (trunc_ln43 == 15)> <Delay = 3.25> <CoreInst = "RAM">   --->   Core 82 'RAM' <Latency = 1> <II = 1> <Delay = 3.25> <Storage> <Opcode : 'load' 'store'> <Ports = 2> <Width = 16> <Depth = 750> <RAM>
ST_19 : Operation 117 [1/1] (0.00ns)   --->   "%br_ln46 = br void %arrayidx8332.exit" [complex_matmul.cpp:46]   --->   Operation 117 'br' 'br_ln46' <Predicate = (trunc_ln43 == 15)> <Delay = 0.00>
ST_19 : Operation 118 [1/1] (3.25ns)   --->   "%store_ln46 = store i16 %trunc_ln46, i10 %MatA_V_14_addr" [complex_matmul.cpp:46]   --->   Operation 118 'store' 'store_ln46' <Predicate = (trunc_ln43 == 14)> <Delay = 3.25> <CoreInst = "RAM">   --->   Core 82 'RAM' <Latency = 1> <II = 1> <Delay = 3.25> <Storage> <Opcode : 'load' 'store'> <Ports = 2> <Width = 16> <Depth = 750> <RAM>
ST_19 : Operation 119 [1/1] (0.00ns)   --->   "%br_ln46 = br void %arrayidx8332.exit" [complex_matmul.cpp:46]   --->   Operation 119 'br' 'br_ln46' <Predicate = (trunc_ln43 == 14)> <Delay = 0.00>
ST_19 : Operation 120 [1/1] (3.25ns)   --->   "%store_ln46 = store i16 %trunc_ln46, i10 %MatA_V_13_addr" [complex_matmul.cpp:46]   --->   Operation 120 'store' 'store_ln46' <Predicate = (trunc_ln43 == 13)> <Delay = 3.25> <CoreInst = "RAM">   --->   Core 82 'RAM' <Latency = 1> <II = 1> <Delay = 3.25> <Storage> <Opcode : 'load' 'store'> <Ports = 2> <Width = 16> <Depth = 750> <RAM>
ST_19 : Operation 121 [1/1] (0.00ns)   --->   "%br_ln46 = br void %arrayidx8332.exit" [complex_matmul.cpp:46]   --->   Operation 121 'br' 'br_ln46' <Predicate = (trunc_ln43 == 13)> <Delay = 0.00>
ST_19 : Operation 122 [1/1] (3.25ns)   --->   "%store_ln46 = store i16 %trunc_ln46, i10 %MatA_V_12_addr" [complex_matmul.cpp:46]   --->   Operation 122 'store' 'store_ln46' <Predicate = (trunc_ln43 == 12)> <Delay = 3.25> <CoreInst = "RAM">   --->   Core 82 'RAM' <Latency = 1> <II = 1> <Delay = 3.25> <Storage> <Opcode : 'load' 'store'> <Ports = 2> <Width = 16> <Depth = 750> <RAM>
ST_19 : Operation 123 [1/1] (0.00ns)   --->   "%br_ln46 = br void %arrayidx8332.exit" [complex_matmul.cpp:46]   --->   Operation 123 'br' 'br_ln46' <Predicate = (trunc_ln43 == 12)> <Delay = 0.00>
ST_19 : Operation 124 [1/1] (3.25ns)   --->   "%store_ln46 = store i16 %trunc_ln46, i10 %MatA_V_11_addr" [complex_matmul.cpp:46]   --->   Operation 124 'store' 'store_ln46' <Predicate = (trunc_ln43 == 11)> <Delay = 3.25> <CoreInst = "RAM">   --->   Core 82 'RAM' <Latency = 1> <II = 1> <Delay = 3.25> <Storage> <Opcode : 'load' 'store'> <Ports = 2> <Width = 16> <Depth = 750> <RAM>
ST_19 : Operation 125 [1/1] (0.00ns)   --->   "%br_ln46 = br void %arrayidx8332.exit" [complex_matmul.cpp:46]   --->   Operation 125 'br' 'br_ln46' <Predicate = (trunc_ln43 == 11)> <Delay = 0.00>
ST_19 : Operation 126 [1/1] (3.25ns)   --->   "%store_ln46 = store i16 %trunc_ln46, i10 %MatA_V_10_addr" [complex_matmul.cpp:46]   --->   Operation 126 'store' 'store_ln46' <Predicate = (trunc_ln43 == 10)> <Delay = 3.25> <CoreInst = "RAM">   --->   Core 82 'RAM' <Latency = 1> <II = 1> <Delay = 3.25> <Storage> <Opcode : 'load' 'store'> <Ports = 2> <Width = 16> <Depth = 750> <RAM>
ST_19 : Operation 127 [1/1] (0.00ns)   --->   "%br_ln46 = br void %arrayidx8332.exit" [complex_matmul.cpp:46]   --->   Operation 127 'br' 'br_ln46' <Predicate = (trunc_ln43 == 10)> <Delay = 0.00>
ST_19 : Operation 128 [1/1] (3.25ns)   --->   "%store_ln46 = store i16 %trunc_ln46, i10 %MatA_V_9_addr" [complex_matmul.cpp:46]   --->   Operation 128 'store' 'store_ln46' <Predicate = (trunc_ln43 == 9)> <Delay = 3.25> <CoreInst = "RAM">   --->   Core 82 'RAM' <Latency = 1> <II = 1> <Delay = 3.25> <Storage> <Opcode : 'load' 'store'> <Ports = 2> <Width = 16> <Depth = 750> <RAM>
ST_19 : Operation 129 [1/1] (0.00ns)   --->   "%br_ln46 = br void %arrayidx8332.exit" [complex_matmul.cpp:46]   --->   Operation 129 'br' 'br_ln46' <Predicate = (trunc_ln43 == 9)> <Delay = 0.00>
ST_19 : Operation 130 [1/1] (3.25ns)   --->   "%store_ln46 = store i16 %trunc_ln46, i10 %MatA_V_8_addr" [complex_matmul.cpp:46]   --->   Operation 130 'store' 'store_ln46' <Predicate = (trunc_ln43 == 8)> <Delay = 3.25> <CoreInst = "RAM">   --->   Core 82 'RAM' <Latency = 1> <II = 1> <Delay = 3.25> <Storage> <Opcode : 'load' 'store'> <Ports = 2> <Width = 16> <Depth = 750> <RAM>
ST_19 : Operation 131 [1/1] (0.00ns)   --->   "%br_ln46 = br void %arrayidx8332.exit" [complex_matmul.cpp:46]   --->   Operation 131 'br' 'br_ln46' <Predicate = (trunc_ln43 == 8)> <Delay = 0.00>
ST_19 : Operation 132 [1/1] (3.25ns)   --->   "%store_ln46 = store i16 %trunc_ln46, i10 %MatA_V_7_addr" [complex_matmul.cpp:46]   --->   Operation 132 'store' 'store_ln46' <Predicate = (trunc_ln43 == 7)> <Delay = 3.25> <CoreInst = "RAM">   --->   Core 82 'RAM' <Latency = 1> <II = 1> <Delay = 3.25> <Storage> <Opcode : 'load' 'store'> <Ports = 2> <Width = 16> <Depth = 750> <RAM>
ST_19 : Operation 133 [1/1] (0.00ns)   --->   "%br_ln46 = br void %arrayidx8332.exit" [complex_matmul.cpp:46]   --->   Operation 133 'br' 'br_ln46' <Predicate = (trunc_ln43 == 7)> <Delay = 0.00>
ST_19 : Operation 134 [1/1] (3.25ns)   --->   "%store_ln46 = store i16 %trunc_ln46, i10 %MatA_V_6_addr" [complex_matmul.cpp:46]   --->   Operation 134 'store' 'store_ln46' <Predicate = (trunc_ln43 == 6)> <Delay = 3.25> <CoreInst = "RAM">   --->   Core 82 'RAM' <Latency = 1> <II = 1> <Delay = 3.25> <Storage> <Opcode : 'load' 'store'> <Ports = 2> <Width = 16> <Depth = 750> <RAM>
ST_19 : Operation 135 [1/1] (0.00ns)   --->   "%br_ln46 = br void %arrayidx8332.exit" [complex_matmul.cpp:46]   --->   Operation 135 'br' 'br_ln46' <Predicate = (trunc_ln43 == 6)> <Delay = 0.00>
ST_19 : Operation 136 [1/1] (3.25ns)   --->   "%store_ln46 = store i16 %trunc_ln46, i10 %MatA_V_5_addr" [complex_matmul.cpp:46]   --->   Operation 136 'store' 'store_ln46' <Predicate = (trunc_ln43 == 5)> <Delay = 3.25> <CoreInst = "RAM">   --->   Core 82 'RAM' <Latency = 1> <II = 1> <Delay = 3.25> <Storage> <Opcode : 'load' 'store'> <Ports = 2> <Width = 16> <Depth = 750> <RAM>
ST_19 : Operation 137 [1/1] (0.00ns)   --->   "%br_ln46 = br void %arrayidx8332.exit" [complex_matmul.cpp:46]   --->   Operation 137 'br' 'br_ln46' <Predicate = (trunc_ln43 == 5)> <Delay = 0.00>
ST_19 : Operation 138 [1/1] (3.25ns)   --->   "%store_ln46 = store i16 %trunc_ln46, i10 %MatA_V_4_addr" [complex_matmul.cpp:46]   --->   Operation 138 'store' 'store_ln46' <Predicate = (trunc_ln43 == 4)> <Delay = 3.25> <CoreInst = "RAM">   --->   Core 82 'RAM' <Latency = 1> <II = 1> <Delay = 3.25> <Storage> <Opcode : 'load' 'store'> <Ports = 2> <Width = 16> <Depth = 750> <RAM>
ST_19 : Operation 139 [1/1] (0.00ns)   --->   "%br_ln46 = br void %arrayidx8332.exit" [complex_matmul.cpp:46]   --->   Operation 139 'br' 'br_ln46' <Predicate = (trunc_ln43 == 4)> <Delay = 0.00>
ST_19 : Operation 140 [1/1] (3.25ns)   --->   "%store_ln46 = store i16 %trunc_ln46, i10 %MatA_V_3_addr" [complex_matmul.cpp:46]   --->   Operation 140 'store' 'store_ln46' <Predicate = (trunc_ln43 == 3)> <Delay = 3.25> <CoreInst = "RAM">   --->   Core 82 'RAM' <Latency = 1> <II = 1> <Delay = 3.25> <Storage> <Opcode : 'load' 'store'> <Ports = 2> <Width = 16> <Depth = 750> <RAM>
ST_19 : Operation 141 [1/1] (0.00ns)   --->   "%br_ln46 = br void %arrayidx8332.exit" [complex_matmul.cpp:46]   --->   Operation 141 'br' 'br_ln46' <Predicate = (trunc_ln43 == 3)> <Delay = 0.00>
ST_19 : Operation 142 [1/1] (3.25ns)   --->   "%store_ln46 = store i16 %trunc_ln46, i10 %MatA_V_2_addr" [complex_matmul.cpp:46]   --->   Operation 142 'store' 'store_ln46' <Predicate = (trunc_ln43 == 2)> <Delay = 3.25> <CoreInst = "RAM">   --->   Core 82 'RAM' <Latency = 1> <II = 1> <Delay = 3.25> <Storage> <Opcode : 'load' 'store'> <Ports = 2> <Width = 16> <Depth = 750> <RAM>
ST_19 : Operation 143 [1/1] (0.00ns)   --->   "%br_ln46 = br void %arrayidx8332.exit" [complex_matmul.cpp:46]   --->   Operation 143 'br' 'br_ln46' <Predicate = (trunc_ln43 == 2)> <Delay = 0.00>
ST_19 : Operation 144 [1/1] (3.25ns)   --->   "%store_ln46 = store i16 %trunc_ln46, i10 %MatA_V_1_addr" [complex_matmul.cpp:46]   --->   Operation 144 'store' 'store_ln46' <Predicate = (trunc_ln43 == 1)> <Delay = 3.25> <CoreInst = "RAM">   --->   Core 82 'RAM' <Latency = 1> <II = 1> <Delay = 3.25> <Storage> <Opcode : 'load' 'store'> <Ports = 2> <Width = 16> <Depth = 750> <RAM>
ST_19 : Operation 145 [1/1] (0.00ns)   --->   "%br_ln46 = br void %arrayidx8332.exit" [complex_matmul.cpp:46]   --->   Operation 145 'br' 'br_ln46' <Predicate = (trunc_ln43 == 1)> <Delay = 0.00>
ST_19 : Operation 146 [1/1] (3.25ns)   --->   "%store_ln46 = store i16 %trunc_ln46, i10 %MatA_V_addr" [complex_matmul.cpp:46]   --->   Operation 146 'store' 'store_ln46' <Predicate = (trunc_ln43 == 0)> <Delay = 3.25> <CoreInst = "RAM">   --->   Core 82 'RAM' <Latency = 1> <II = 1> <Delay = 3.25> <Storage> <Opcode : 'load' 'store'> <Ports = 2> <Width = 16> <Depth = 750> <RAM>
ST_19 : Operation 147 [1/1] (0.00ns)   --->   "%br_ln46 = br void %arrayidx8332.exit" [complex_matmul.cpp:46]   --->   Operation 147 'br' 'br_ln46' <Predicate = (trunc_ln43 == 0)> <Delay = 0.00>
ST_19 : Operation 148 [1/1] (3.25ns)   --->   "%store_ln46 = store i16 %trunc_ln46, i10 %MatA_V_19_addr" [complex_matmul.cpp:46]   --->   Operation 148 'store' 'store_ln46' <Predicate = (trunc_ln43 == 31) | (trunc_ln43 == 30) | (trunc_ln43 == 29) | (trunc_ln43 == 28) | (trunc_ln43 == 27) | (trunc_ln43 == 26) | (trunc_ln43 == 25) | (trunc_ln43 == 24) | (trunc_ln43 == 23) | (trunc_ln43 == 22) | (trunc_ln43 == 21) | (trunc_ln43 == 20) | (trunc_ln43 == 19)> <Delay = 3.25> <CoreInst = "RAM">   --->   Core 82 'RAM' <Latency = 1> <II = 1> <Delay = 3.25> <Storage> <Opcode : 'load' 'store'> <Ports = 2> <Width = 16> <Depth = 750> <RAM>
ST_19 : Operation 149 [1/1] (0.00ns)   --->   "%br_ln46 = br void %arrayidx8332.exit" [complex_matmul.cpp:46]   --->   Operation 149 'br' 'br_ln46' <Predicate = (trunc_ln43 == 31) | (trunc_ln43 == 30) | (trunc_ln43 == 29) | (trunc_ln43 == 28) | (trunc_ln43 == 27) | (trunc_ln43 == 26) | (trunc_ln43 == 25) | (trunc_ln43 == 24) | (trunc_ln43 == 23) | (trunc_ln43 == 22) | (trunc_ln43 == 21) | (trunc_ln43 == 20) | (trunc_ln43 == 19)> <Delay = 0.00>

State 20 <SV = 8> <Delay = 0.00>
ST_20 : Operation 150 [1/1] (0.00ns)   --->   "%ret_ln0 = ret"   --->   Operation 150 'ret' 'ret_ln0' <Predicate = true> <Delay = 0.00>


============================================================
+ Verbose Summary: Timing violations
============================================================
Target clock period: 10ns, clock uncertainty: 2.7ns.

 <State 1>: 7.3ns
The critical path consists of the following:
	wire read operation ('sext_ln46_1_read') on port 'sext_ln46_1' [30]  (0 ns)
	'getelementptr' operation ('mem_addr', complex_matmul.cpp:46) [34]  (0 ns)
	bus request operation ('p_rd_req', complex_matmul.cpp:46) on port 'mem' (complex_matmul.cpp:46) [35]  (7.3 ns)

 <State 2>: 7.3ns
The critical path consists of the following:
	bus request operation ('p_rd_req', complex_matmul.cpp:46) on port 'mem' (complex_matmul.cpp:46) [35]  (7.3 ns)

 <State 3>: 7.3ns
The critical path consists of the following:
	bus request operation ('p_rd_req', complex_matmul.cpp:46) on port 'mem' (complex_matmul.cpp:46) [35]  (7.3 ns)

 <State 4>: 7.3ns
The critical path consists of the following:
	bus request operation ('p_rd_req', complex_matmul.cpp:46) on port 'mem' (complex_matmul.cpp:46) [35]  (7.3 ns)

 <State 5>: 7.3ns
The critical path consists of the following:
	bus request operation ('p_rd_req', complex_matmul.cpp:46) on port 'mem' (complex_matmul.cpp:46) [35]  (7.3 ns)

 <State 6>: 7.3ns
The critical path consists of the following:
	bus request operation ('p_rd_req', complex_matmul.cpp:46) on port 'mem' (complex_matmul.cpp:46) [35]  (7.3 ns)

 <State 7>: 7.3ns
The critical path consists of the following:
	bus request operation ('p_rd_req', complex_matmul.cpp:46) on port 'mem' (complex_matmul.cpp:46) [35]  (7.3 ns)

 <State 8>: 7.21ns
The critical path consists of the following:
	'load' operation ('i_load', complex_matmul.cpp:43) on local variable 'i' [49]  (0 ns)
	'add' operation ('add_ln43', complex_matmul.cpp:43) [50]  (1.87 ns)
	'select' operation ('select_ln43_1', complex_matmul.cpp:43) [55]  (0.993 ns)
	'mul' operation ('mul_ln43', complex_matmul.cpp:43) [57]  (4.35 ns)

 <State 9>: 4.21ns
The critical path consists of the following:
	'urem' operation ('urem_ln43', complex_matmul.cpp:43) [61]  (4.21 ns)

 <State 10>: 4.21ns
The critical path consists of the following:
	'urem' operation ('urem_ln43', complex_matmul.cpp:43) [61]  (4.21 ns)

 <State 11>: 4.21ns
The critical path consists of the following:
	'urem' operation ('urem_ln43', complex_matmul.cpp:43) [61]  (4.21 ns)

 <State 12>: 4.21ns
The critical path consists of the following:
	'urem' operation ('urem_ln43', complex_matmul.cpp:43) [61]  (4.21 ns)

 <State 13>: 4.21ns
The critical path consists of the following:
	'urem' operation ('urem_ln43', complex_matmul.cpp:43) [61]  (4.21 ns)

 <State 14>: 4.21ns
The critical path consists of the following:
	'urem' operation ('urem_ln43', complex_matmul.cpp:43) [61]  (4.21 ns)

 <State 15>: 4.21ns
The critical path consists of the following:
	'urem' operation ('urem_ln43', complex_matmul.cpp:43) [61]  (4.21 ns)

 <State 16>: 4.21ns
The critical path consists of the following:
	'urem' operation ('urem_ln43', complex_matmul.cpp:43) [61]  (4.21 ns)

 <State 17>: 7.3ns
The critical path consists of the following:
	bus read operation ('mem_addr_read', complex_matmul.cpp:46) on port 'mem' (complex_matmul.cpp:46) [88]  (7.3 ns)

 <State 18>: 5.17ns
The critical path consists of the following:
	'urem' operation ('urem_ln43', complex_matmul.cpp:43) [61]  (4.21 ns)
	blocking operation 0.959 ns on control path)

 <State 19>: 3.25ns
The critical path consists of the following:
	'getelementptr' operation ('MatA_V_18_addr', complex_matmul.cpp:46) [85]  (0 ns)
	'store' operation ('store_ln46', complex_matmul.cpp:46) of variable 'trunc_ln46', complex_matmul.cpp:46 on array 'MatA_V_18' [93]  (3.25 ns)

 <State 20>: 0ns
The critical path consists of the following:


============================================================
+ Verbose Summary: Binding
============================================================
N/A
* FSMD analyzer results:
  - Output states:
 - Input state : 
  - Chain level:
	State 1
	State 2
	State 3
	State 4
	State 5
	State 6
	State 7
	State 8
	State 9
	State 10
	State 11
	State 12
	State 13
	State 14
	State 15
	State 16
	State 17
	State 18
	State 19
	State 20


============================================================
+ Verbose Summary: Datapath Resource usage 
============================================================
N/A
