

================================================================
== Vitis HLS Report for 'complex_matmul_Pipeline_MAT_C_ROWS_INIT_MAT_C_COLS_INIT'
================================================================
* Date:           Sat Mar 11 12:57:19 2023

* Version:        2022.1.2 (Build 3605665 on Fri Aug  5 22:52:02 MDT 2022)
* Project:        complex_proj
* Solution:       solution1 (Vivado IP Flow Target)
* Product family: zynq
* Target device:  xc7z020-clg400-1


================================================================
== Performance Estimates
================================================================
+ Timing: 
    * Summary: 
    +--------+----------+----------+------------+
    |  Clock |  Target  | Estimated| Uncertainty|
    +--------+----------+----------+------------+
    |ap_clk  |  10.00 ns|  7.213 ns|     2.70 ns|
    +--------+----------+----------+------------+

+ Latency: 
    * Summary: 
    +---------+---------+----------+----------+-------+-------+---------+
    |  Latency (cycles) |  Latency (absolute) |    Interval   | Pipeline|
    |   min   |   max   |    min   |    max   |  min  |  max  |   Type  |
    +---------+---------+----------+----------+-------+-------+---------+
    |    20012|    20012|  0.200 ms|  0.200 ms|  20012|  20012|       no|
    +---------+---------+----------+----------+-------+-------+---------+

    + Detail: 
        * Instance: 
        N/A

        * Loop: 
        +-----------------------------------+---------+---------+----------+-----------+-----------+-------+----------+
        |                                   |  Latency (cycles) | Iteration|  Initiation Interval  |  Trip |          |
        |             Loop Name             |   min   |   max   |  Latency |  achieved |   target  | Count | Pipelined|
        +-----------------------------------+---------+---------+----------+-----------+-----------+-------+----------+
        |- MAT_C_ROWS_INIT_MAT_C_COLS_INIT  |    20010|    20010|        12|          1|          1|  20000|       yes|
        +-----------------------------------+---------+---------+----------+-----------+-----------+-------+----------+

============================================================
+ Verbose Summary: Synthesis Manager
============================================================
InlineROM: 1
ExposeGlobal: 0
============================================================
+ Verbose Summary: CDFG Model
============================================================
IsTopModel: 0
ResetActiveHigh: 1
IsCombinational: 0
IsDatapathOnly: 0
HasWiredReturn: 1
HasMFsm: 2
HasVarLatency: 1
IsPipeline: 0
IsRtlPipelined: 0
IsInstanceOverlapped: 0
IsDontTouch: 0
HasImplIP: 0
IsGatedGlobalClock: 0

+ Individual pipeline summary: 
  * Pipeline-0: initiation interval (II) = 1, depth = 12


============================================================
+ Verbose Summary: Schedule
============================================================
* Number of FSM states : 12
* Pipeline : 1
  Pipeline-0 : II = 1, D = 12, States = { 1 2 3 4 5 6 7 8 9 10 11 12 }
* Dataflow Pipeline: 0

* FSM state transitions: 
1 --> 2 
2 --> 3 
3 --> 4 
4 --> 5 
5 --> 6 
6 --> 7 
7 --> 8 
8 --> 9 
9 --> 10 
10 --> 11 
11 --> 12 
12 --> 

* FSM state operations: 

State 1 <SV = 0> <Delay = 7.21>
ST_1 : Operation 15 [1/1] (0.00ns)   --->   "%j = alloca i32 1"   --->   Operation 15 'alloca' 'j' <Predicate = true> <Delay = 0.00>
ST_1 : Operation 16 [1/1] (0.00ns)   --->   "%i = alloca i32 1"   --->   Operation 16 'alloca' 'i' <Predicate = true> <Delay = 0.00>
ST_1 : Operation 17 [1/1] (0.00ns)   --->   "%indvar_flatten63 = alloca i32 1"   --->   Operation 17 'alloca' 'indvar_flatten63' <Predicate = true> <Delay = 0.00>
ST_1 : Operation 18 [1/1] (1.58ns)   --->   "%store_ln0 = store i15 0, i15 %indvar_flatten63"   --->   Operation 18 'store' 'store_ln0' <Predicate = true> <Delay = 1.58>
ST_1 : Operation 19 [1/1] (1.58ns)   --->   "%store_ln0 = store i7 0, i7 %i"   --->   Operation 19 'store' 'store_ln0' <Predicate = true> <Delay = 1.58>
ST_1 : Operation 20 [1/1] (1.58ns)   --->   "%store_ln0 = store i8 0, i8 %j"   --->   Operation 20 'store' 'store_ln0' <Predicate = true> <Delay = 1.58>
ST_1 : Operation 21 [1/1] (0.00ns)   --->   "%br_ln0 = br void %for.inc180"   --->   Operation 21 'br' 'br_ln0' <Predicate = true> <Delay = 0.00>
ST_1 : Operation 22 [1/1] (0.00ns)   --->   "%indvar_flatten63_load = load i15 %indvar_flatten63" [complex_matmul.cpp:79]   --->   Operation 22 'load' 'indvar_flatten63_load' <Predicate = true> <Delay = 0.00>
ST_1 : Operation 23 [1/1] (0.00ns)   --->   "%specpipeline_ln0 = specpipeline void @_ssdm_op_SpecPipeline, i32 4294967295, i32 0, i32 1, i32 0, void @p_str"   --->   Operation 23 'specpipeline' 'specpipeline_ln0' <Predicate = true> <Delay = 0.00>
ST_1 : Operation 24 [1/1] (2.31ns)   --->   "%icmp_ln79 = icmp_eq  i15 %indvar_flatten63_load, i15 20000" [complex_matmul.cpp:79]   --->   Operation 24 'icmp' 'icmp_ln79' <Predicate = true> <Delay = 2.31> <CoreInst = "Cmp">   --->   Core 9 'Cmp' <Latency = 0> <II = 1> <Delay = 2.31> <FuncUnit> <Opcode : 'icmp'> <InPorts = 2> <OutPorts = 1>
ST_1 : Operation 25 [1/1] (1.94ns)   --->   "%add_ln79_1 = add i15 %indvar_flatten63_load, i15 1" [complex_matmul.cpp:79]   --->   Operation 25 'add' 'add_ln79_1' <Predicate = true> <Delay = 1.94> <CoreInst = "Adder">   --->   Core 1 'Adder' <Latency = 0> <II = 1> <Delay = 1.94> <FuncUnit> <Opcode : 'add' 'sub'> <InPorts = 2> <OutPorts = 1>
ST_1 : Operation 26 [1/1] (0.00ns)   --->   "%br_ln79 = br i1 %icmp_ln79, void %for.inc183, void %for.inc260.19.preheader.exitStub" [complex_matmul.cpp:79]   --->   Operation 26 'br' 'br_ln79' <Predicate = true> <Delay = 0.00>
ST_1 : Operation 27 [1/1] (0.00ns)   --->   "%j_load = load i8 %j" [complex_matmul.cpp:81]   --->   Operation 27 'load' 'j_load' <Predicate = (!icmp_ln79)> <Delay = 0.00>
ST_1 : Operation 28 [1/1] (0.00ns)   --->   "%i_load = load i7 %i" [complex_matmul.cpp:79]   --->   Operation 28 'load' 'i_load' <Predicate = (!icmp_ln79)> <Delay = 0.00>
ST_1 : Operation 29 [1/1] (1.87ns)   --->   "%add_ln79 = add i7 %i_load, i7 1" [complex_matmul.cpp:79]   --->   Operation 29 'add' 'add_ln79' <Predicate = (!icmp_ln79)> <Delay = 1.87> <CoreInst = "Adder">   --->   Core 1 'Adder' <Latency = 0> <II = 1> <Delay = 1.87> <FuncUnit> <Opcode : 'add' 'sub'> <InPorts = 2> <OutPorts = 1>
ST_1 : Operation 30 [1/1] (1.55ns)   --->   "%icmp_ln81 = icmp_eq  i8 %j_load, i8 200" [complex_matmul.cpp:81]   --->   Operation 30 'icmp' 'icmp_ln81' <Predicate = (!icmp_ln79)> <Delay = 1.55> <CoreInst = "Cmp">   --->   Core 9 'Cmp' <Latency = 0> <II = 1> <Delay = 1.55> <FuncUnit> <Opcode : 'icmp'> <InPorts = 2> <OutPorts = 1>
ST_1 : Operation 31 [1/1] (1.24ns)   --->   "%select_ln79 = select i1 %icmp_ln81, i8 0, i8 %j_load" [complex_matmul.cpp:79]   --->   Operation 31 'select' 'select_ln79' <Predicate = (!icmp_ln79)> <Delay = 1.24> <CoreInst = "Sel">   --->   Core 73 'Sel' <Latency = 0> <II = 1> <Delay = 1.24> <FuncUnit> <Opcode : 'select'> <InPorts = 3> <OutPorts = 1>
ST_1 : Operation 32 [1/1] (0.99ns)   --->   "%select_ln79_1 = select i1 %icmp_ln81, i7 %add_ln79, i7 %i_load" [complex_matmul.cpp:79]   --->   Operation 32 'select' 'select_ln79_1' <Predicate = (!icmp_ln79)> <Delay = 0.99> <CoreInst = "Sel">   --->   Core 73 'Sel' <Latency = 0> <II = 1> <Delay = 0.99> <FuncUnit> <Opcode : 'select'> <InPorts = 3> <OutPorts = 1>
ST_1 : Operation 33 [1/1] (0.00ns)   --->   "%zext_ln79 = zext i7 %select_ln79_1" [complex_matmul.cpp:79]   --->   Operation 33 'zext' 'zext_ln79' <Predicate = (!icmp_ln79)> <Delay = 0.00>
ST_1 : Operation 34 [1/1] (4.35ns)   --->   "%mul_ln79 = mul i15 %zext_ln79, i15 205" [complex_matmul.cpp:79]   --->   Operation 34 'mul' 'mul_ln79' <Predicate = (!icmp_ln79)> <Delay = 4.35> <CoreInst = "Multiplier">   --->   Core 3 'Multiplier' <Latency = 0> <II = 1> <Delay = 4.35> <FuncUnit> <Opcode : 'mul'> <InPorts = 2> <OutPorts = 1>
ST_1 : Operation 35 [1/1] (0.00ns)   --->   "%tmp = partselect i3 @_ssdm_op_PartSelect.i3.i15.i32.i32, i15 %mul_ln79, i32 12, i32 14" [complex_matmul.cpp:79]   --->   Operation 35 'partselect' 'tmp' <Predicate = (!icmp_ln79)> <Delay = 0.00>
ST_1 : Operation 36 [11/11] (4.21ns)   --->   "%urem_ln79 = urem i7 %select_ln79_1, i7 20" [complex_matmul.cpp:79]   --->   Operation 36 'urem' 'urem_ln79' <Predicate = (!icmp_ln79)> <Delay = 4.21> <CoreInst = "Divider">   --->   Core 6 'Divider' <Latency = 10> <II = 1> <Delay = 4.21> <FuncUnit> <Opcode : 'sdiv' 'srem' 'udiv' 'urem'> <InPorts = 2> <OutPorts = 1>
ST_1 : Operation 37 [1/1] (1.91ns)   --->   "%add_ln81 = add i8 %select_ln79, i8 1" [complex_matmul.cpp:81]   --->   Operation 37 'add' 'add_ln81' <Predicate = (!icmp_ln79)> <Delay = 1.91> <CoreInst = "Adder">   --->   Core 1 'Adder' <Latency = 0> <II = 1> <Delay = 1.91> <FuncUnit> <Opcode : 'add' 'sub'> <InPorts = 2> <OutPorts = 1>
ST_1 : Operation 38 [1/1] (1.58ns)   --->   "%store_ln81 = store i15 %add_ln79_1, i15 %indvar_flatten63" [complex_matmul.cpp:81]   --->   Operation 38 'store' 'store_ln81' <Predicate = (!icmp_ln79)> <Delay = 1.58>
ST_1 : Operation 39 [1/1] (1.58ns)   --->   "%store_ln81 = store i7 %select_ln79_1, i7 %i" [complex_matmul.cpp:81]   --->   Operation 39 'store' 'store_ln81' <Predicate = (!icmp_ln79)> <Delay = 1.58>
ST_1 : Operation 40 [1/1] (1.58ns)   --->   "%store_ln81 = store i8 %add_ln81, i8 %j" [complex_matmul.cpp:81]   --->   Operation 40 'store' 'store_ln81' <Predicate = (!icmp_ln79)> <Delay = 1.58>
ST_1 : Operation 41 [1/1] (0.00ns)   --->   "%br_ln81 = br void %for.inc180" [complex_matmul.cpp:81]   --->   Operation 41 'br' 'br_ln81' <Predicate = (!icmp_ln79)> <Delay = 0.00>

State 2 <SV = 1> <Delay = 4.21>
ST_2 : Operation 42 [1/1] (0.00ns)   --->   "%zext_ln79_1 = zext i3 %tmp" [complex_matmul.cpp:79]   --->   Operation 42 'zext' 'zext_ln79_1' <Predicate = true> <Delay = 0.00>
ST_2 : Operation 43 [3/3] (1.05ns) (grouped into DSP with root node add_ln82)   --->   "%mul_ln79_1 = mul i10 %zext_ln79_1, i10 200" [complex_matmul.cpp:79]   --->   Operation 43 'mul' 'mul_ln79_1' <Predicate = true> <Delay = 1.05> <CoreInst = "DSP48">   --->   Core 119 'DSP48' <Latency = 3> <II = 1> <Delay = 2.15> <IPBlock> <Opcode : 'mul' 'add' 'sub' 'select'> <InPorts = 0> <OutPorts = 1> <Sync> <CReg>
ST_2 : Operation 44 [10/11] (4.21ns)   --->   "%urem_ln79 = urem i7 %select_ln79_1, i7 20" [complex_matmul.cpp:79]   --->   Operation 44 'urem' 'urem_ln79' <Predicate = true> <Delay = 4.21> <CoreInst = "Divider">   --->   Core 6 'Divider' <Latency = 10> <II = 1> <Delay = 4.21> <FuncUnit> <Opcode : 'sdiv' 'srem' 'udiv' 'urem'> <InPorts = 2> <OutPorts = 1>

State 3 <SV = 2> <Delay = 4.21>
ST_3 : Operation 45 [2/3] (1.05ns) (grouped into DSP with root node add_ln82)   --->   "%mul_ln79_1 = mul i10 %zext_ln79_1, i10 200" [complex_matmul.cpp:79]   --->   Operation 45 'mul' 'mul_ln79_1' <Predicate = true> <Delay = 1.05> <CoreInst = "DSP48">   --->   Core 119 'DSP48' <Latency = 3> <II = 1> <Delay = 2.15> <IPBlock> <Opcode : 'mul' 'add' 'sub' 'select'> <InPorts = 0> <OutPorts = 1> <Sync> <CReg>
ST_3 : Operation 46 [9/11] (4.21ns)   --->   "%urem_ln79 = urem i7 %select_ln79_1, i7 20" [complex_matmul.cpp:79]   --->   Operation 46 'urem' 'urem_ln79' <Predicate = true> <Delay = 4.21> <CoreInst = "Divider">   --->   Core 6 'Divider' <Latency = 10> <II = 1> <Delay = 4.21> <FuncUnit> <Opcode : 'sdiv' 'srem' 'udiv' 'urem'> <InPorts = 2> <OutPorts = 1>

State 4 <SV = 3> <Delay = 4.21>
ST_4 : Operation 47 [1/3] (0.00ns) (grouped into DSP with root node add_ln82)   --->   "%mul_ln79_1 = mul i10 %zext_ln79_1, i10 200" [complex_matmul.cpp:79]   --->   Operation 47 'mul' 'mul_ln79_1' <Predicate = true> <Delay = 0.00> <CoreInst = "DSP48">   --->   Core 119 'DSP48' <Latency = 3> <II = 1> <Delay = 2.15> <IPBlock> <Opcode : 'mul' 'add' 'sub' 'select'> <InPorts = 0> <OutPorts = 1> <Sync> <CReg>
ST_4 : Operation 48 [8/11] (4.21ns)   --->   "%urem_ln79 = urem i7 %select_ln79_1, i7 20" [complex_matmul.cpp:79]   --->   Operation 48 'urem' 'urem_ln79' <Predicate = true> <Delay = 4.21> <CoreInst = "Divider">   --->   Core 6 'Divider' <Latency = 10> <II = 1> <Delay = 4.21> <FuncUnit> <Opcode : 'sdiv' 'srem' 'udiv' 'urem'> <InPorts = 2> <OutPorts = 1>
ST_4 : Operation 49 [1/1] (0.00ns)   --->   "%zext_ln82 = zext i8 %select_ln79" [complex_matmul.cpp:82]   --->   Operation 49 'zext' 'zext_ln82' <Predicate = true> <Delay = 0.00>
ST_4 : Operation 50 [2/2] (2.10ns) (root node of the DSP)   --->   "%add_ln82 = add i10 %mul_ln79_1, i10 %zext_ln82" [complex_matmul.cpp:82]   --->   Operation 50 'add' 'add_ln82' <Predicate = true> <Delay = 2.10> <CoreInst = "DSP48">   --->   Core 119 'DSP48' <Latency = 3> <II = 1> <Delay = 2.15> <IPBlock> <Opcode : 'mul' 'add' 'sub' 'select'> <InPorts = 0> <OutPorts = 1> <Sync> <CReg>

State 5 <SV = 4> <Delay = 4.21>
ST_5 : Operation 51 [7/11] (4.21ns)   --->   "%urem_ln79 = urem i7 %select_ln79_1, i7 20" [complex_matmul.cpp:79]   --->   Operation 51 'urem' 'urem_ln79' <Predicate = true> <Delay = 4.21> <CoreInst = "Divider">   --->   Core 6 'Divider' <Latency = 10> <II = 1> <Delay = 4.21> <FuncUnit> <Opcode : 'sdiv' 'srem' 'udiv' 'urem'> <InPorts = 2> <OutPorts = 1>
ST_5 : Operation 52 [1/2] (2.10ns) (root node of the DSP)   --->   "%add_ln82 = add i10 %mul_ln79_1, i10 %zext_ln82" [complex_matmul.cpp:82]   --->   Operation 52 'add' 'add_ln82' <Predicate = true> <Delay = 2.10> <CoreInst = "DSP48">   --->   Core 119 'DSP48' <Latency = 3> <II = 1> <Delay = 2.15> <IPBlock> <Opcode : 'mul' 'add' 'sub' 'select'> <InPorts = 0> <OutPorts = 1> <Sync> <CReg>

State 6 <SV = 5> <Delay = 4.21>
ST_6 : Operation 53 [6/11] (4.21ns)   --->   "%urem_ln79 = urem i7 %select_ln79_1, i7 20" [complex_matmul.cpp:79]   --->   Operation 53 'urem' 'urem_ln79' <Predicate = true> <Delay = 4.21> <CoreInst = "Divider">   --->   Core 6 'Divider' <Latency = 10> <II = 1> <Delay = 4.21> <FuncUnit> <Opcode : 'sdiv' 'srem' 'udiv' 'urem'> <InPorts = 2> <OutPorts = 1>

State 7 <SV = 6> <Delay = 4.21>
ST_7 : Operation 54 [5/11] (4.21ns)   --->   "%urem_ln79 = urem i7 %select_ln79_1, i7 20" [complex_matmul.cpp:79]   --->   Operation 54 'urem' 'urem_ln79' <Predicate = true> <Delay = 4.21> <CoreInst = "Divider">   --->   Core 6 'Divider' <Latency = 10> <II = 1> <Delay = 4.21> <FuncUnit> <Opcode : 'sdiv' 'srem' 'udiv' 'urem'> <InPorts = 2> <OutPorts = 1>

State 8 <SV = 7> <Delay = 4.21>
ST_8 : Operation 55 [4/11] (4.21ns)   --->   "%urem_ln79 = urem i7 %select_ln79_1, i7 20" [complex_matmul.cpp:79]   --->   Operation 55 'urem' 'urem_ln79' <Predicate = true> <Delay = 4.21> <CoreInst = "Divider">   --->   Core 6 'Divider' <Latency = 10> <II = 1> <Delay = 4.21> <FuncUnit> <Opcode : 'sdiv' 'srem' 'udiv' 'urem'> <InPorts = 2> <OutPorts = 1>

State 9 <SV = 8> <Delay = 4.21>
ST_9 : Operation 56 [3/11] (4.21ns)   --->   "%urem_ln79 = urem i7 %select_ln79_1, i7 20" [complex_matmul.cpp:79]   --->   Operation 56 'urem' 'urem_ln79' <Predicate = true> <Delay = 4.21> <CoreInst = "Divider">   --->   Core 6 'Divider' <Latency = 10> <II = 1> <Delay = 4.21> <FuncUnit> <Opcode : 'sdiv' 'srem' 'udiv' 'urem'> <InPorts = 2> <OutPorts = 1>

State 10 <SV = 9> <Delay = 4.21>
ST_10 : Operation 57 [2/11] (4.21ns)   --->   "%urem_ln79 = urem i7 %select_ln79_1, i7 20" [complex_matmul.cpp:79]   --->   Operation 57 'urem' 'urem_ln79' <Predicate = true> <Delay = 4.21> <CoreInst = "Divider">   --->   Core 6 'Divider' <Latency = 10> <II = 1> <Delay = 4.21> <FuncUnit> <Opcode : 'sdiv' 'srem' 'udiv' 'urem'> <InPorts = 2> <OutPorts = 1>

State 11 <SV = 10> <Delay = 5.17>
ST_11 : Operation 58 [1/11] (4.21ns)   --->   "%urem_ln79 = urem i7 %select_ln79_1, i7 20" [complex_matmul.cpp:79]   --->   Operation 58 'urem' 'urem_ln79' <Predicate = true> <Delay = 4.21> <CoreInst = "Divider">   --->   Core 6 'Divider' <Latency = 10> <II = 1> <Delay = 4.21> <FuncUnit> <Opcode : 'sdiv' 'srem' 'udiv' 'urem'> <InPorts = 2> <OutPorts = 1>
ST_11 : Operation 59 [1/1] (0.00ns)   --->   "%trunc_ln79 = trunc i5 %urem_ln79" [complex_matmul.cpp:79]   --->   Operation 59 'trunc' 'trunc_ln79' <Predicate = true> <Delay = 0.00>
ST_11 : Operation 60 [1/1] (0.95ns)   --->   "%switch_ln82 = switch i5 %trunc_ln79, void %arrayidx17419.case.19, i5 0, void %arrayidx17419.case.0, i5 1, void %arrayidx17419.case.1, i5 2, void %arrayidx17419.case.2, i5 3, void %arrayidx17419.case.3, i5 4, void %arrayidx17419.case.4, i5 5, void %arrayidx17419.case.5, i5 6, void %arrayidx17419.case.6, i5 7, void %arrayidx17419.case.7, i5 8, void %arrayidx17419.case.8, i5 9, void %arrayidx17419.case.9, i5 10, void %arrayidx17419.case.10, i5 11, void %arrayidx17419.case.11, i5 12, void %arrayidx17419.case.12, i5 13, void %arrayidx17419.case.13, i5 14, void %arrayidx17419.case.14, i5 15, void %arrayidx17419.case.15, i5 16, void %arrayidx17419.case.16, i5 17, void %arrayidx17419.case.17, i5 18, void %arrayidx17419.case.18" [complex_matmul.cpp:82]   --->   Operation 60 'switch' 'switch_ln82' <Predicate = true> <Delay = 0.95>
ST_11 : Operation 166 [1/1] (0.00ns)   --->   "%ret_ln0 = ret"   --->   Operation 166 'ret' 'ret_ln0' <Predicate = (icmp_ln79)> <Delay = 0.00>

State 12 <SV = 11> <Delay = 3.25>
ST_12 : Operation 61 [1/1] (0.00ns)   --->   "%specloopname_ln0 = specloopname void @_ssdm_op_SpecLoopName, void @MAT_C_ROWS_INIT_MAT_C_COLS_INIT_str"   --->   Operation 61 'specloopname' 'specloopname_ln0' <Predicate = true> <Delay = 0.00>
ST_12 : Operation 62 [1/1] (0.00ns)   --->   "%empty = speclooptripcount i32 @_ssdm_op_SpecLoopTripCount, i64 20000, i64 20000, i64 20000"   --->   Operation 62 'speclooptripcount' 'empty' <Predicate = true> <Delay = 0.00>
ST_12 : Operation 63 [1/1] (0.00ns)   --->   "%specpipeline_ln0 = specpipeline void @_ssdm_op_SpecPipeline, i32 4294967295, i32 0, i32 1, i32 0, void @p_str"   --->   Operation 63 'specpipeline' 'specpipeline_ln0' <Predicate = true> <Delay = 0.00>
ST_12 : Operation 64 [1/1] (0.00ns)   --->   "%zext_ln82_1 = zext i10 %add_ln82" [complex_matmul.cpp:82]   --->   Operation 64 'zext' 'zext_ln82_1' <Predicate = true> <Delay = 0.00>
ST_12 : Operation 65 [1/1] (0.00ns)   --->   "%MatC_V_addr = getelementptr i16 %MatC_V, i64 0, i64 %zext_ln82_1" [complex_matmul.cpp:82]   --->   Operation 65 'getelementptr' 'MatC_V_addr' <Predicate = true> <Delay = 0.00>
ST_12 : Operation 66 [1/1] (0.00ns)   --->   "%MatC_V_1_addr = getelementptr i16 %MatC_V_1, i64 0, i64 %zext_ln82_1" [complex_matmul.cpp:82]   --->   Operation 66 'getelementptr' 'MatC_V_1_addr' <Predicate = true> <Delay = 0.00>
ST_12 : Operation 67 [1/1] (0.00ns)   --->   "%MatC_V_2_addr = getelementptr i16 %MatC_V_2, i64 0, i64 %zext_ln82_1" [complex_matmul.cpp:82]   --->   Operation 67 'getelementptr' 'MatC_V_2_addr' <Predicate = true> <Delay = 0.00>
ST_12 : Operation 68 [1/1] (0.00ns)   --->   "%MatC_V_3_addr = getelementptr i16 %MatC_V_3, i64 0, i64 %zext_ln82_1" [complex_matmul.cpp:82]   --->   Operation 68 'getelementptr' 'MatC_V_3_addr' <Predicate = true> <Delay = 0.00>
ST_12 : Operation 69 [1/1] (0.00ns)   --->   "%MatC_V_4_addr = getelementptr i16 %MatC_V_4, i64 0, i64 %zext_ln82_1" [complex_matmul.cpp:82]   --->   Operation 69 'getelementptr' 'MatC_V_4_addr' <Predicate = true> <Delay = 0.00>
ST_12 : Operation 70 [1/1] (0.00ns)   --->   "%MatC_V_5_addr = getelementptr i16 %MatC_V_5, i64 0, i64 %zext_ln82_1" [complex_matmul.cpp:82]   --->   Operation 70 'getelementptr' 'MatC_V_5_addr' <Predicate = true> <Delay = 0.00>
ST_12 : Operation 71 [1/1] (0.00ns)   --->   "%MatC_V_6_addr = getelementptr i16 %MatC_V_6, i64 0, i64 %zext_ln82_1" [complex_matmul.cpp:82]   --->   Operation 71 'getelementptr' 'MatC_V_6_addr' <Predicate = true> <Delay = 0.00>
ST_12 : Operation 72 [1/1] (0.00ns)   --->   "%MatC_V_7_addr = getelementptr i16 %MatC_V_7, i64 0, i64 %zext_ln82_1" [complex_matmul.cpp:82]   --->   Operation 72 'getelementptr' 'MatC_V_7_addr' <Predicate = true> <Delay = 0.00>
ST_12 : Operation 73 [1/1] (0.00ns)   --->   "%MatC_V_8_addr = getelementptr i16 %MatC_V_8, i64 0, i64 %zext_ln82_1" [complex_matmul.cpp:82]   --->   Operation 73 'getelementptr' 'MatC_V_8_addr' <Predicate = true> <Delay = 0.00>
ST_12 : Operation 74 [1/1] (0.00ns)   --->   "%MatC_V_9_addr = getelementptr i16 %MatC_V_9, i64 0, i64 %zext_ln82_1" [complex_matmul.cpp:82]   --->   Operation 74 'getelementptr' 'MatC_V_9_addr' <Predicate = true> <Delay = 0.00>
ST_12 : Operation 75 [1/1] (0.00ns)   --->   "%MatC_V_10_addr = getelementptr i16 %MatC_V_10, i64 0, i64 %zext_ln82_1" [complex_matmul.cpp:82]   --->   Operation 75 'getelementptr' 'MatC_V_10_addr' <Predicate = true> <Delay = 0.00>
ST_12 : Operation 76 [1/1] (0.00ns)   --->   "%MatC_V_11_addr = getelementptr i16 %MatC_V_11, i64 0, i64 %zext_ln82_1" [complex_matmul.cpp:82]   --->   Operation 76 'getelementptr' 'MatC_V_11_addr' <Predicate = true> <Delay = 0.00>
ST_12 : Operation 77 [1/1] (0.00ns)   --->   "%MatC_V_12_addr = getelementptr i16 %MatC_V_12, i64 0, i64 %zext_ln82_1" [complex_matmul.cpp:82]   --->   Operation 77 'getelementptr' 'MatC_V_12_addr' <Predicate = true> <Delay = 0.00>
ST_12 : Operation 78 [1/1] (0.00ns)   --->   "%MatC_V_13_addr = getelementptr i16 %MatC_V_13, i64 0, i64 %zext_ln82_1" [complex_matmul.cpp:82]   --->   Operation 78 'getelementptr' 'MatC_V_13_addr' <Predicate = true> <Delay = 0.00>
ST_12 : Operation 79 [1/1] (0.00ns)   --->   "%MatC_V_14_addr = getelementptr i16 %MatC_V_14, i64 0, i64 %zext_ln82_1" [complex_matmul.cpp:82]   --->   Operation 79 'getelementptr' 'MatC_V_14_addr' <Predicate = true> <Delay = 0.00>
ST_12 : Operation 80 [1/1] (0.00ns)   --->   "%MatC_V_15_addr = getelementptr i16 %MatC_V_15, i64 0, i64 %zext_ln82_1" [complex_matmul.cpp:82]   --->   Operation 80 'getelementptr' 'MatC_V_15_addr' <Predicate = true> <Delay = 0.00>
ST_12 : Operation 81 [1/1] (0.00ns)   --->   "%MatC_V_16_addr = getelementptr i16 %MatC_V_16, i64 0, i64 %zext_ln82_1" [complex_matmul.cpp:82]   --->   Operation 81 'getelementptr' 'MatC_V_16_addr' <Predicate = true> <Delay = 0.00>
ST_12 : Operation 82 [1/1] (0.00ns)   --->   "%MatC_V_17_addr = getelementptr i16 %MatC_V_17, i64 0, i64 %zext_ln82_1" [complex_matmul.cpp:82]   --->   Operation 82 'getelementptr' 'MatC_V_17_addr' <Predicate = true> <Delay = 0.00>
ST_12 : Operation 83 [1/1] (0.00ns)   --->   "%MatC_V_18_addr = getelementptr i16 %MatC_V_18, i64 0, i64 %zext_ln82_1" [complex_matmul.cpp:82]   --->   Operation 83 'getelementptr' 'MatC_V_18_addr' <Predicate = true> <Delay = 0.00>
ST_12 : Operation 84 [1/1] (0.00ns)   --->   "%MatC_V_19_addr = getelementptr i16 %MatC_V_19, i64 0, i64 %zext_ln82_1" [complex_matmul.cpp:82]   --->   Operation 84 'getelementptr' 'MatC_V_19_addr' <Predicate = true> <Delay = 0.00>
ST_12 : Operation 85 [1/1] (0.00ns)   --->   "%cMatC_V_addr = getelementptr i16 %cMatC_V, i64 0, i64 %zext_ln82_1" [complex_matmul.cpp:83]   --->   Operation 85 'getelementptr' 'cMatC_V_addr' <Predicate = true> <Delay = 0.00>
ST_12 : Operation 86 [1/1] (0.00ns)   --->   "%cMatC_V_1_addr = getelementptr i16 %cMatC_V_1, i64 0, i64 %zext_ln82_1" [complex_matmul.cpp:83]   --->   Operation 86 'getelementptr' 'cMatC_V_1_addr' <Predicate = true> <Delay = 0.00>
ST_12 : Operation 87 [1/1] (0.00ns)   --->   "%cMatC_V_2_addr = getelementptr i16 %cMatC_V_2, i64 0, i64 %zext_ln82_1" [complex_matmul.cpp:83]   --->   Operation 87 'getelementptr' 'cMatC_V_2_addr' <Predicate = true> <Delay = 0.00>
ST_12 : Operation 88 [1/1] (0.00ns)   --->   "%cMatC_V_3_addr = getelementptr i16 %cMatC_V_3, i64 0, i64 %zext_ln82_1" [complex_matmul.cpp:83]   --->   Operation 88 'getelementptr' 'cMatC_V_3_addr' <Predicate = true> <Delay = 0.00>
ST_12 : Operation 89 [1/1] (0.00ns)   --->   "%cMatC_V_4_addr = getelementptr i16 %cMatC_V_4, i64 0, i64 %zext_ln82_1" [complex_matmul.cpp:83]   --->   Operation 89 'getelementptr' 'cMatC_V_4_addr' <Predicate = true> <Delay = 0.00>
ST_12 : Operation 90 [1/1] (0.00ns)   --->   "%cMatC_V_5_addr = getelementptr i16 %cMatC_V_5, i64 0, i64 %zext_ln82_1" [complex_matmul.cpp:83]   --->   Operation 90 'getelementptr' 'cMatC_V_5_addr' <Predicate = true> <Delay = 0.00>
ST_12 : Operation 91 [1/1] (0.00ns)   --->   "%cMatC_V_6_addr = getelementptr i16 %cMatC_V_6, i64 0, i64 %zext_ln82_1" [complex_matmul.cpp:83]   --->   Operation 91 'getelementptr' 'cMatC_V_6_addr' <Predicate = true> <Delay = 0.00>
ST_12 : Operation 92 [1/1] (0.00ns)   --->   "%cMatC_V_7_addr = getelementptr i16 %cMatC_V_7, i64 0, i64 %zext_ln82_1" [complex_matmul.cpp:83]   --->   Operation 92 'getelementptr' 'cMatC_V_7_addr' <Predicate = true> <Delay = 0.00>
ST_12 : Operation 93 [1/1] (0.00ns)   --->   "%cMatC_V_8_addr = getelementptr i16 %cMatC_V_8, i64 0, i64 %zext_ln82_1" [complex_matmul.cpp:83]   --->   Operation 93 'getelementptr' 'cMatC_V_8_addr' <Predicate = true> <Delay = 0.00>
ST_12 : Operation 94 [1/1] (0.00ns)   --->   "%cMatC_V_9_addr = getelementptr i16 %cMatC_V_9, i64 0, i64 %zext_ln82_1" [complex_matmul.cpp:83]   --->   Operation 94 'getelementptr' 'cMatC_V_9_addr' <Predicate = true> <Delay = 0.00>
ST_12 : Operation 95 [1/1] (0.00ns)   --->   "%cMatC_V_10_addr = getelementptr i16 %cMatC_V_10, i64 0, i64 %zext_ln82_1" [complex_matmul.cpp:83]   --->   Operation 95 'getelementptr' 'cMatC_V_10_addr' <Predicate = true> <Delay = 0.00>
ST_12 : Operation 96 [1/1] (0.00ns)   --->   "%cMatC_V_11_addr = getelementptr i16 %cMatC_V_11, i64 0, i64 %zext_ln82_1" [complex_matmul.cpp:83]   --->   Operation 96 'getelementptr' 'cMatC_V_11_addr' <Predicate = true> <Delay = 0.00>
ST_12 : Operation 97 [1/1] (0.00ns)   --->   "%cMatC_V_12_addr = getelementptr i16 %cMatC_V_12, i64 0, i64 %zext_ln82_1" [complex_matmul.cpp:83]   --->   Operation 97 'getelementptr' 'cMatC_V_12_addr' <Predicate = true> <Delay = 0.00>
ST_12 : Operation 98 [1/1] (0.00ns)   --->   "%cMatC_V_13_addr = getelementptr i16 %cMatC_V_13, i64 0, i64 %zext_ln82_1" [complex_matmul.cpp:83]   --->   Operation 98 'getelementptr' 'cMatC_V_13_addr' <Predicate = true> <Delay = 0.00>
ST_12 : Operation 99 [1/1] (0.00ns)   --->   "%cMatC_V_14_addr = getelementptr i16 %cMatC_V_14, i64 0, i64 %zext_ln82_1" [complex_matmul.cpp:83]   --->   Operation 99 'getelementptr' 'cMatC_V_14_addr' <Predicate = true> <Delay = 0.00>
ST_12 : Operation 100 [1/1] (0.00ns)   --->   "%cMatC_V_15_addr = getelementptr i16 %cMatC_V_15, i64 0, i64 %zext_ln82_1" [complex_matmul.cpp:83]   --->   Operation 100 'getelementptr' 'cMatC_V_15_addr' <Predicate = true> <Delay = 0.00>
ST_12 : Operation 101 [1/1] (0.00ns)   --->   "%cMatC_V_16_addr = getelementptr i16 %cMatC_V_16, i64 0, i64 %zext_ln82_1" [complex_matmul.cpp:83]   --->   Operation 101 'getelementptr' 'cMatC_V_16_addr' <Predicate = true> <Delay = 0.00>
ST_12 : Operation 102 [1/1] (0.00ns)   --->   "%cMatC_V_17_addr = getelementptr i16 %cMatC_V_17, i64 0, i64 %zext_ln82_1" [complex_matmul.cpp:83]   --->   Operation 102 'getelementptr' 'cMatC_V_17_addr' <Predicate = true> <Delay = 0.00>
ST_12 : Operation 103 [1/1] (0.00ns)   --->   "%cMatC_V_18_addr = getelementptr i16 %cMatC_V_18, i64 0, i64 %zext_ln82_1" [complex_matmul.cpp:83]   --->   Operation 103 'getelementptr' 'cMatC_V_18_addr' <Predicate = true> <Delay = 0.00>
ST_12 : Operation 104 [1/1] (0.00ns)   --->   "%cMatC_V_19_addr = getelementptr i16 %cMatC_V_19, i64 0, i64 %zext_ln82_1" [complex_matmul.cpp:83]   --->   Operation 104 'getelementptr' 'cMatC_V_19_addr' <Predicate = true> <Delay = 0.00>
ST_12 : Operation 105 [1/1] (0.00ns)   --->   "%specloopname_ln81 = specloopname void @_ssdm_op_SpecLoopName, void @empty_12" [complex_matmul.cpp:81]   --->   Operation 105 'specloopname' 'specloopname_ln81' <Predicate = true> <Delay = 0.00>
ST_12 : Operation 106 [1/1] (3.25ns)   --->   "%store_ln82 = store i16 0, i10 %MatC_V_18_addr" [complex_matmul.cpp:82]   --->   Operation 106 'store' 'store_ln82' <Predicate = (trunc_ln79 == 18)> <Delay = 3.25> <CoreInst = "RAM">   --->   Core 82 'RAM' <Latency = 1> <II = 1> <Delay = 3.25> <Storage> <Opcode : 'load' 'store'> <Ports = 2> <Width = 16> <Depth = 1000> <RAM>
ST_12 : Operation 107 [1/1] (3.25ns)   --->   "%store_ln83 = store i16 0, i10 %cMatC_V_18_addr" [complex_matmul.cpp:83]   --->   Operation 107 'store' 'store_ln83' <Predicate = (trunc_ln79 == 18)> <Delay = 3.25> <CoreInst = "RAM">   --->   Core 82 'RAM' <Latency = 1> <II = 1> <Delay = 3.25> <Storage> <Opcode : 'load' 'store'> <Ports = 2> <Width = 16> <Depth = 1000> <RAM>
ST_12 : Operation 108 [1/1] (0.00ns)   --->   "%br_ln0 = br void %arrayidx17920.exit"   --->   Operation 108 'br' 'br_ln0' <Predicate = (trunc_ln79 == 18)> <Delay = 0.00>
ST_12 : Operation 109 [1/1] (3.25ns)   --->   "%store_ln82 = store i16 0, i10 %MatC_V_17_addr" [complex_matmul.cpp:82]   --->   Operation 109 'store' 'store_ln82' <Predicate = (trunc_ln79 == 17)> <Delay = 3.25> <CoreInst = "RAM">   --->   Core 82 'RAM' <Latency = 1> <II = 1> <Delay = 3.25> <Storage> <Opcode : 'load' 'store'> <Ports = 2> <Width = 16> <Depth = 1000> <RAM>
ST_12 : Operation 110 [1/1] (3.25ns)   --->   "%store_ln83 = store i16 0, i10 %cMatC_V_17_addr" [complex_matmul.cpp:83]   --->   Operation 110 'store' 'store_ln83' <Predicate = (trunc_ln79 == 17)> <Delay = 3.25> <CoreInst = "RAM">   --->   Core 82 'RAM' <Latency = 1> <II = 1> <Delay = 3.25> <Storage> <Opcode : 'load' 'store'> <Ports = 2> <Width = 16> <Depth = 1000> <RAM>
ST_12 : Operation 111 [1/1] (0.00ns)   --->   "%br_ln0 = br void %arrayidx17920.exit"   --->   Operation 111 'br' 'br_ln0' <Predicate = (trunc_ln79 == 17)> <Delay = 0.00>
ST_12 : Operation 112 [1/1] (3.25ns)   --->   "%store_ln82 = store i16 0, i10 %MatC_V_16_addr" [complex_matmul.cpp:82]   --->   Operation 112 'store' 'store_ln82' <Predicate = (trunc_ln79 == 16)> <Delay = 3.25> <CoreInst = "RAM">   --->   Core 82 'RAM' <Latency = 1> <II = 1> <Delay = 3.25> <Storage> <Opcode : 'load' 'store'> <Ports = 2> <Width = 16> <Depth = 1000> <RAM>
ST_12 : Operation 113 [1/1] (3.25ns)   --->   "%store_ln83 = store i16 0, i10 %cMatC_V_16_addr" [complex_matmul.cpp:83]   --->   Operation 113 'store' 'store_ln83' <Predicate = (trunc_ln79 == 16)> <Delay = 3.25> <CoreInst = "RAM">   --->   Core 82 'RAM' <Latency = 1> <II = 1> <Delay = 3.25> <Storage> <Opcode : 'load' 'store'> <Ports = 2> <Width = 16> <Depth = 1000> <RAM>
ST_12 : Operation 114 [1/1] (0.00ns)   --->   "%br_ln0 = br void %arrayidx17920.exit"   --->   Operation 114 'br' 'br_ln0' <Predicate = (trunc_ln79 == 16)> <Delay = 0.00>
ST_12 : Operation 115 [1/1] (3.25ns)   --->   "%store_ln82 = store i16 0, i10 %MatC_V_15_addr" [complex_matmul.cpp:82]   --->   Operation 115 'store' 'store_ln82' <Predicate = (trunc_ln79 == 15)> <Delay = 3.25> <CoreInst = "RAM">   --->   Core 82 'RAM' <Latency = 1> <II = 1> <Delay = 3.25> <Storage> <Opcode : 'load' 'store'> <Ports = 2> <Width = 16> <Depth = 1000> <RAM>
ST_12 : Operation 116 [1/1] (3.25ns)   --->   "%store_ln83 = store i16 0, i10 %cMatC_V_15_addr" [complex_matmul.cpp:83]   --->   Operation 116 'store' 'store_ln83' <Predicate = (trunc_ln79 == 15)> <Delay = 3.25> <CoreInst = "RAM">   --->   Core 82 'RAM' <Latency = 1> <II = 1> <Delay = 3.25> <Storage> <Opcode : 'load' 'store'> <Ports = 2> <Width = 16> <Depth = 1000> <RAM>
ST_12 : Operation 117 [1/1] (0.00ns)   --->   "%br_ln0 = br void %arrayidx17920.exit"   --->   Operation 117 'br' 'br_ln0' <Predicate = (trunc_ln79 == 15)> <Delay = 0.00>
ST_12 : Operation 118 [1/1] (3.25ns)   --->   "%store_ln82 = store i16 0, i10 %MatC_V_14_addr" [complex_matmul.cpp:82]   --->   Operation 118 'store' 'store_ln82' <Predicate = (trunc_ln79 == 14)> <Delay = 3.25> <CoreInst = "RAM">   --->   Core 82 'RAM' <Latency = 1> <II = 1> <Delay = 3.25> <Storage> <Opcode : 'load' 'store'> <Ports = 2> <Width = 16> <Depth = 1000> <RAM>
ST_12 : Operation 119 [1/1] (3.25ns)   --->   "%store_ln83 = store i16 0, i10 %cMatC_V_14_addr" [complex_matmul.cpp:83]   --->   Operation 119 'store' 'store_ln83' <Predicate = (trunc_ln79 == 14)> <Delay = 3.25> <CoreInst = "RAM">   --->   Core 82 'RAM' <Latency = 1> <II = 1> <Delay = 3.25> <Storage> <Opcode : 'load' 'store'> <Ports = 2> <Width = 16> <Depth = 1000> <RAM>
ST_12 : Operation 120 [1/1] (0.00ns)   --->   "%br_ln0 = br void %arrayidx17920.exit"   --->   Operation 120 'br' 'br_ln0' <Predicate = (trunc_ln79 == 14)> <Delay = 0.00>
ST_12 : Operation 121 [1/1] (3.25ns)   --->   "%store_ln82 = store i16 0, i10 %MatC_V_13_addr" [complex_matmul.cpp:82]   --->   Operation 121 'store' 'store_ln82' <Predicate = (trunc_ln79 == 13)> <Delay = 3.25> <CoreInst = "RAM">   --->   Core 82 'RAM' <Latency = 1> <II = 1> <Delay = 3.25> <Storage> <Opcode : 'load' 'store'> <Ports = 2> <Width = 16> <Depth = 1000> <RAM>
ST_12 : Operation 122 [1/1] (3.25ns)   --->   "%store_ln83 = store i16 0, i10 %cMatC_V_13_addr" [complex_matmul.cpp:83]   --->   Operation 122 'store' 'store_ln83' <Predicate = (trunc_ln79 == 13)> <Delay = 3.25> <CoreInst = "RAM">   --->   Core 82 'RAM' <Latency = 1> <II = 1> <Delay = 3.25> <Storage> <Opcode : 'load' 'store'> <Ports = 2> <Width = 16> <Depth = 1000> <RAM>
ST_12 : Operation 123 [1/1] (0.00ns)   --->   "%br_ln0 = br void %arrayidx17920.exit"   --->   Operation 123 'br' 'br_ln0' <Predicate = (trunc_ln79 == 13)> <Delay = 0.00>
ST_12 : Operation 124 [1/1] (3.25ns)   --->   "%store_ln82 = store i16 0, i10 %MatC_V_12_addr" [complex_matmul.cpp:82]   --->   Operation 124 'store' 'store_ln82' <Predicate = (trunc_ln79 == 12)> <Delay = 3.25> <CoreInst = "RAM">   --->   Core 82 'RAM' <Latency = 1> <II = 1> <Delay = 3.25> <Storage> <Opcode : 'load' 'store'> <Ports = 2> <Width = 16> <Depth = 1000> <RAM>
ST_12 : Operation 125 [1/1] (3.25ns)   --->   "%store_ln83 = store i16 0, i10 %cMatC_V_12_addr" [complex_matmul.cpp:83]   --->   Operation 125 'store' 'store_ln83' <Predicate = (trunc_ln79 == 12)> <Delay = 3.25> <CoreInst = "RAM">   --->   Core 82 'RAM' <Latency = 1> <II = 1> <Delay = 3.25> <Storage> <Opcode : 'load' 'store'> <Ports = 2> <Width = 16> <Depth = 1000> <RAM>
ST_12 : Operation 126 [1/1] (0.00ns)   --->   "%br_ln0 = br void %arrayidx17920.exit"   --->   Operation 126 'br' 'br_ln0' <Predicate = (trunc_ln79 == 12)> <Delay = 0.00>
ST_12 : Operation 127 [1/1] (3.25ns)   --->   "%store_ln82 = store i16 0, i10 %MatC_V_11_addr" [complex_matmul.cpp:82]   --->   Operation 127 'store' 'store_ln82' <Predicate = (trunc_ln79 == 11)> <Delay = 3.25> <CoreInst = "RAM">   --->   Core 82 'RAM' <Latency = 1> <II = 1> <Delay = 3.25> <Storage> <Opcode : 'load' 'store'> <Ports = 2> <Width = 16> <Depth = 1000> <RAM>
ST_12 : Operation 128 [1/1] (3.25ns)   --->   "%store_ln83 = store i16 0, i10 %cMatC_V_11_addr" [complex_matmul.cpp:83]   --->   Operation 128 'store' 'store_ln83' <Predicate = (trunc_ln79 == 11)> <Delay = 3.25> <CoreInst = "RAM">   --->   Core 82 'RAM' <Latency = 1> <II = 1> <Delay = 3.25> <Storage> <Opcode : 'load' 'store'> <Ports = 2> <Width = 16> <Depth = 1000> <RAM>
ST_12 : Operation 129 [1/1] (0.00ns)   --->   "%br_ln0 = br void %arrayidx17920.exit"   --->   Operation 129 'br' 'br_ln0' <Predicate = (trunc_ln79 == 11)> <Delay = 0.00>
ST_12 : Operation 130 [1/1] (3.25ns)   --->   "%store_ln82 = store i16 0, i10 %MatC_V_10_addr" [complex_matmul.cpp:82]   --->   Operation 130 'store' 'store_ln82' <Predicate = (trunc_ln79 == 10)> <Delay = 3.25> <CoreInst = "RAM">   --->   Core 82 'RAM' <Latency = 1> <II = 1> <Delay = 3.25> <Storage> <Opcode : 'load' 'store'> <Ports = 2> <Width = 16> <Depth = 1000> <RAM>
ST_12 : Operation 131 [1/1] (3.25ns)   --->   "%store_ln83 = store i16 0, i10 %cMatC_V_10_addr" [complex_matmul.cpp:83]   --->   Operation 131 'store' 'store_ln83' <Predicate = (trunc_ln79 == 10)> <Delay = 3.25> <CoreInst = "RAM">   --->   Core 82 'RAM' <Latency = 1> <II = 1> <Delay = 3.25> <Storage> <Opcode : 'load' 'store'> <Ports = 2> <Width = 16> <Depth = 1000> <RAM>
ST_12 : Operation 132 [1/1] (0.00ns)   --->   "%br_ln0 = br void %arrayidx17920.exit"   --->   Operation 132 'br' 'br_ln0' <Predicate = (trunc_ln79 == 10)> <Delay = 0.00>
ST_12 : Operation 133 [1/1] (3.25ns)   --->   "%store_ln82 = store i16 0, i10 %MatC_V_9_addr" [complex_matmul.cpp:82]   --->   Operation 133 'store' 'store_ln82' <Predicate = (trunc_ln79 == 9)> <Delay = 3.25> <CoreInst = "RAM">   --->   Core 82 'RAM' <Latency = 1> <II = 1> <Delay = 3.25> <Storage> <Opcode : 'load' 'store'> <Ports = 2> <Width = 16> <Depth = 1000> <RAM>
ST_12 : Operation 134 [1/1] (3.25ns)   --->   "%store_ln83 = store i16 0, i10 %cMatC_V_9_addr" [complex_matmul.cpp:83]   --->   Operation 134 'store' 'store_ln83' <Predicate = (trunc_ln79 == 9)> <Delay = 3.25> <CoreInst = "RAM">   --->   Core 82 'RAM' <Latency = 1> <II = 1> <Delay = 3.25> <Storage> <Opcode : 'load' 'store'> <Ports = 2> <Width = 16> <Depth = 1000> <RAM>
ST_12 : Operation 135 [1/1] (0.00ns)   --->   "%br_ln0 = br void %arrayidx17920.exit"   --->   Operation 135 'br' 'br_ln0' <Predicate = (trunc_ln79 == 9)> <Delay = 0.00>
ST_12 : Operation 136 [1/1] (3.25ns)   --->   "%store_ln82 = store i16 0, i10 %MatC_V_8_addr" [complex_matmul.cpp:82]   --->   Operation 136 'store' 'store_ln82' <Predicate = (trunc_ln79 == 8)> <Delay = 3.25> <CoreInst = "RAM">   --->   Core 82 'RAM' <Latency = 1> <II = 1> <Delay = 3.25> <Storage> <Opcode : 'load' 'store'> <Ports = 2> <Width = 16> <Depth = 1000> <RAM>
ST_12 : Operation 137 [1/1] (3.25ns)   --->   "%store_ln83 = store i16 0, i10 %cMatC_V_8_addr" [complex_matmul.cpp:83]   --->   Operation 137 'store' 'store_ln83' <Predicate = (trunc_ln79 == 8)> <Delay = 3.25> <CoreInst = "RAM">   --->   Core 82 'RAM' <Latency = 1> <II = 1> <Delay = 3.25> <Storage> <Opcode : 'load' 'store'> <Ports = 2> <Width = 16> <Depth = 1000> <RAM>
ST_12 : Operation 138 [1/1] (0.00ns)   --->   "%br_ln0 = br void %arrayidx17920.exit"   --->   Operation 138 'br' 'br_ln0' <Predicate = (trunc_ln79 == 8)> <Delay = 0.00>
ST_12 : Operation 139 [1/1] (3.25ns)   --->   "%store_ln82 = store i16 0, i10 %MatC_V_7_addr" [complex_matmul.cpp:82]   --->   Operation 139 'store' 'store_ln82' <Predicate = (trunc_ln79 == 7)> <Delay = 3.25> <CoreInst = "RAM">   --->   Core 82 'RAM' <Latency = 1> <II = 1> <Delay = 3.25> <Storage> <Opcode : 'load' 'store'> <Ports = 2> <Width = 16> <Depth = 1000> <RAM>
ST_12 : Operation 140 [1/1] (3.25ns)   --->   "%store_ln83 = store i16 0, i10 %cMatC_V_7_addr" [complex_matmul.cpp:83]   --->   Operation 140 'store' 'store_ln83' <Predicate = (trunc_ln79 == 7)> <Delay = 3.25> <CoreInst = "RAM">   --->   Core 82 'RAM' <Latency = 1> <II = 1> <Delay = 3.25> <Storage> <Opcode : 'load' 'store'> <Ports = 2> <Width = 16> <Depth = 1000> <RAM>
ST_12 : Operation 141 [1/1] (0.00ns)   --->   "%br_ln0 = br void %arrayidx17920.exit"   --->   Operation 141 'br' 'br_ln0' <Predicate = (trunc_ln79 == 7)> <Delay = 0.00>
ST_12 : Operation 142 [1/1] (3.25ns)   --->   "%store_ln82 = store i16 0, i10 %MatC_V_6_addr" [complex_matmul.cpp:82]   --->   Operation 142 'store' 'store_ln82' <Predicate = (trunc_ln79 == 6)> <Delay = 3.25> <CoreInst = "RAM">   --->   Core 82 'RAM' <Latency = 1> <II = 1> <Delay = 3.25> <Storage> <Opcode : 'load' 'store'> <Ports = 2> <Width = 16> <Depth = 1000> <RAM>
ST_12 : Operation 143 [1/1] (3.25ns)   --->   "%store_ln83 = store i16 0, i10 %cMatC_V_6_addr" [complex_matmul.cpp:83]   --->   Operation 143 'store' 'store_ln83' <Predicate = (trunc_ln79 == 6)> <Delay = 3.25> <CoreInst = "RAM">   --->   Core 82 'RAM' <Latency = 1> <II = 1> <Delay = 3.25> <Storage> <Opcode : 'load' 'store'> <Ports = 2> <Width = 16> <Depth = 1000> <RAM>
ST_12 : Operation 144 [1/1] (0.00ns)   --->   "%br_ln0 = br void %arrayidx17920.exit"   --->   Operation 144 'br' 'br_ln0' <Predicate = (trunc_ln79 == 6)> <Delay = 0.00>
ST_12 : Operation 145 [1/1] (3.25ns)   --->   "%store_ln82 = store i16 0, i10 %MatC_V_5_addr" [complex_matmul.cpp:82]   --->   Operation 145 'store' 'store_ln82' <Predicate = (trunc_ln79 == 5)> <Delay = 3.25> <CoreInst = "RAM">   --->   Core 82 'RAM' <Latency = 1> <II = 1> <Delay = 3.25> <Storage> <Opcode : 'load' 'store'> <Ports = 2> <Width = 16> <Depth = 1000> <RAM>
ST_12 : Operation 146 [1/1] (3.25ns)   --->   "%store_ln83 = store i16 0, i10 %cMatC_V_5_addr" [complex_matmul.cpp:83]   --->   Operation 146 'store' 'store_ln83' <Predicate = (trunc_ln79 == 5)> <Delay = 3.25> <CoreInst = "RAM">   --->   Core 82 'RAM' <Latency = 1> <II = 1> <Delay = 3.25> <Storage> <Opcode : 'load' 'store'> <Ports = 2> <Width = 16> <Depth = 1000> <RAM>
ST_12 : Operation 147 [1/1] (0.00ns)   --->   "%br_ln0 = br void %arrayidx17920.exit"   --->   Operation 147 'br' 'br_ln0' <Predicate = (trunc_ln79 == 5)> <Delay = 0.00>
ST_12 : Operation 148 [1/1] (3.25ns)   --->   "%store_ln82 = store i16 0, i10 %MatC_V_4_addr" [complex_matmul.cpp:82]   --->   Operation 148 'store' 'store_ln82' <Predicate = (trunc_ln79 == 4)> <Delay = 3.25> <CoreInst = "RAM">   --->   Core 82 'RAM' <Latency = 1> <II = 1> <Delay = 3.25> <Storage> <Opcode : 'load' 'store'> <Ports = 2> <Width = 16> <Depth = 1000> <RAM>
ST_12 : Operation 149 [1/1] (3.25ns)   --->   "%store_ln83 = store i16 0, i10 %cMatC_V_4_addr" [complex_matmul.cpp:83]   --->   Operation 149 'store' 'store_ln83' <Predicate = (trunc_ln79 == 4)> <Delay = 3.25> <CoreInst = "RAM">   --->   Core 82 'RAM' <Latency = 1> <II = 1> <Delay = 3.25> <Storage> <Opcode : 'load' 'store'> <Ports = 2> <Width = 16> <Depth = 1000> <RAM>
ST_12 : Operation 150 [1/1] (0.00ns)   --->   "%br_ln0 = br void %arrayidx17920.exit"   --->   Operation 150 'br' 'br_ln0' <Predicate = (trunc_ln79 == 4)> <Delay = 0.00>
ST_12 : Operation 151 [1/1] (3.25ns)   --->   "%store_ln82 = store i16 0, i10 %MatC_V_3_addr" [complex_matmul.cpp:82]   --->   Operation 151 'store' 'store_ln82' <Predicate = (trunc_ln79 == 3)> <Delay = 3.25> <CoreInst = "RAM">   --->   Core 82 'RAM' <Latency = 1> <II = 1> <Delay = 3.25> <Storage> <Opcode : 'load' 'store'> <Ports = 2> <Width = 16> <Depth = 1000> <RAM>
ST_12 : Operation 152 [1/1] (3.25ns)   --->   "%store_ln83 = store i16 0, i10 %cMatC_V_3_addr" [complex_matmul.cpp:83]   --->   Operation 152 'store' 'store_ln83' <Predicate = (trunc_ln79 == 3)> <Delay = 3.25> <CoreInst = "RAM">   --->   Core 82 'RAM' <Latency = 1> <II = 1> <Delay = 3.25> <Storage> <Opcode : 'load' 'store'> <Ports = 2> <Width = 16> <Depth = 1000> <RAM>
ST_12 : Operation 153 [1/1] (0.00ns)   --->   "%br_ln0 = br void %arrayidx17920.exit"   --->   Operation 153 'br' 'br_ln0' <Predicate = (trunc_ln79 == 3)> <Delay = 0.00>
ST_12 : Operation 154 [1/1] (3.25ns)   --->   "%store_ln82 = store i16 0, i10 %MatC_V_2_addr" [complex_matmul.cpp:82]   --->   Operation 154 'store' 'store_ln82' <Predicate = (trunc_ln79 == 2)> <Delay = 3.25> <CoreInst = "RAM">   --->   Core 82 'RAM' <Latency = 1> <II = 1> <Delay = 3.25> <Storage> <Opcode : 'load' 'store'> <Ports = 2> <Width = 16> <Depth = 1000> <RAM>
ST_12 : Operation 155 [1/1] (3.25ns)   --->   "%store_ln83 = store i16 0, i10 %cMatC_V_2_addr" [complex_matmul.cpp:83]   --->   Operation 155 'store' 'store_ln83' <Predicate = (trunc_ln79 == 2)> <Delay = 3.25> <CoreInst = "RAM">   --->   Core 82 'RAM' <Latency = 1> <II = 1> <Delay = 3.25> <Storage> <Opcode : 'load' 'store'> <Ports = 2> <Width = 16> <Depth = 1000> <RAM>
ST_12 : Operation 156 [1/1] (0.00ns)   --->   "%br_ln0 = br void %arrayidx17920.exit"   --->   Operation 156 'br' 'br_ln0' <Predicate = (trunc_ln79 == 2)> <Delay = 0.00>
ST_12 : Operation 157 [1/1] (3.25ns)   --->   "%store_ln82 = store i16 0, i10 %MatC_V_1_addr" [complex_matmul.cpp:82]   --->   Operation 157 'store' 'store_ln82' <Predicate = (trunc_ln79 == 1)> <Delay = 3.25> <CoreInst = "RAM">   --->   Core 82 'RAM' <Latency = 1> <II = 1> <Delay = 3.25> <Storage> <Opcode : 'load' 'store'> <Ports = 2> <Width = 16> <Depth = 1000> <RAM>
ST_12 : Operation 158 [1/1] (3.25ns)   --->   "%store_ln83 = store i16 0, i10 %cMatC_V_1_addr" [complex_matmul.cpp:83]   --->   Operation 158 'store' 'store_ln83' <Predicate = (trunc_ln79 == 1)> <Delay = 3.25> <CoreInst = "RAM">   --->   Core 82 'RAM' <Latency = 1> <II = 1> <Delay = 3.25> <Storage> <Opcode : 'load' 'store'> <Ports = 2> <Width = 16> <Depth = 1000> <RAM>
ST_12 : Operation 159 [1/1] (0.00ns)   --->   "%br_ln0 = br void %arrayidx17920.exit"   --->   Operation 159 'br' 'br_ln0' <Predicate = (trunc_ln79 == 1)> <Delay = 0.00>
ST_12 : Operation 160 [1/1] (3.25ns)   --->   "%store_ln82 = store i16 0, i10 %MatC_V_addr" [complex_matmul.cpp:82]   --->   Operation 160 'store' 'store_ln82' <Predicate = (trunc_ln79 == 0)> <Delay = 3.25> <CoreInst = "RAM">   --->   Core 82 'RAM' <Latency = 1> <II = 1> <Delay = 3.25> <Storage> <Opcode : 'load' 'store'> <Ports = 2> <Width = 16> <Depth = 1000> <RAM>
ST_12 : Operation 161 [1/1] (3.25ns)   --->   "%store_ln83 = store i16 0, i10 %cMatC_V_addr" [complex_matmul.cpp:83]   --->   Operation 161 'store' 'store_ln83' <Predicate = (trunc_ln79 == 0)> <Delay = 3.25> <CoreInst = "RAM">   --->   Core 82 'RAM' <Latency = 1> <II = 1> <Delay = 3.25> <Storage> <Opcode : 'load' 'store'> <Ports = 2> <Width = 16> <Depth = 1000> <RAM>
ST_12 : Operation 162 [1/1] (0.00ns)   --->   "%br_ln0 = br void %arrayidx17920.exit"   --->   Operation 162 'br' 'br_ln0' <Predicate = (trunc_ln79 == 0)> <Delay = 0.00>
ST_12 : Operation 163 [1/1] (3.25ns)   --->   "%store_ln82 = store i16 0, i10 %MatC_V_19_addr" [complex_matmul.cpp:82]   --->   Operation 163 'store' 'store_ln82' <Predicate = (trunc_ln79 == 31) | (trunc_ln79 == 30) | (trunc_ln79 == 29) | (trunc_ln79 == 28) | (trunc_ln79 == 27) | (trunc_ln79 == 26) | (trunc_ln79 == 25) | (trunc_ln79 == 24) | (trunc_ln79 == 23) | (trunc_ln79 == 22) | (trunc_ln79 == 21) | (trunc_ln79 == 20) | (trunc_ln79 == 19)> <Delay = 3.25> <CoreInst = "RAM">   --->   Core 82 'RAM' <Latency = 1> <II = 1> <Delay = 3.25> <Storage> <Opcode : 'load' 'store'> <Ports = 2> <Width = 16> <Depth = 1000> <RAM>
ST_12 : Operation 164 [1/1] (3.25ns)   --->   "%store_ln83 = store i16 0, i10 %cMatC_V_19_addr" [complex_matmul.cpp:83]   --->   Operation 164 'store' 'store_ln83' <Predicate = (trunc_ln79 == 31) | (trunc_ln79 == 30) | (trunc_ln79 == 29) | (trunc_ln79 == 28) | (trunc_ln79 == 27) | (trunc_ln79 == 26) | (trunc_ln79 == 25) | (trunc_ln79 == 24) | (trunc_ln79 == 23) | (trunc_ln79 == 22) | (trunc_ln79 == 21) | (trunc_ln79 == 20) | (trunc_ln79 == 19)> <Delay = 3.25> <CoreInst = "RAM">   --->   Core 82 'RAM' <Latency = 1> <II = 1> <Delay = 3.25> <Storage> <Opcode : 'load' 'store'> <Ports = 2> <Width = 16> <Depth = 1000> <RAM>
ST_12 : Operation 165 [1/1] (0.00ns)   --->   "%br_ln0 = br void %arrayidx17920.exit"   --->   Operation 165 'br' 'br_ln0' <Predicate = (trunc_ln79 == 31) | (trunc_ln79 == 30) | (trunc_ln79 == 29) | (trunc_ln79 == 28) | (trunc_ln79 == 27) | (trunc_ln79 == 26) | (trunc_ln79 == 25) | (trunc_ln79 == 24) | (trunc_ln79 == 23) | (trunc_ln79 == 22) | (trunc_ln79 == 21) | (trunc_ln79 == 20) | (trunc_ln79 == 19)> <Delay = 0.00>


============================================================
+ Verbose Summary: Timing violations
============================================================
Target clock period: 10ns, clock uncertainty: 2.7ns.

 <State 1>: 7.21ns
The critical path consists of the following:
	'alloca' operation ('i') [42]  (0 ns)
	'load' operation ('i_load', complex_matmul.cpp:79) on local variable 'i' [56]  (0 ns)
	'add' operation ('add_ln79', complex_matmul.cpp:79) [57]  (1.87 ns)
	'select' operation ('select_ln79_1', complex_matmul.cpp:79) [62]  (0.993 ns)
	'mul' operation ('mul_ln79', complex_matmul.cpp:79) [64]  (4.35 ns)

 <State 2>: 4.21ns
The critical path consists of the following:
	'urem' operation ('urem_ln79', complex_matmul.cpp:79) [68]  (4.21 ns)

 <State 3>: 4.21ns
The critical path consists of the following:
	'urem' operation ('urem_ln79', complex_matmul.cpp:79) [68]  (4.21 ns)

 <State 4>: 4.21ns
The critical path consists of the following:
	'urem' operation ('urem_ln79', complex_matmul.cpp:79) [68]  (4.21 ns)

 <State 5>: 4.21ns
The critical path consists of the following:
	'urem' operation ('urem_ln79', complex_matmul.cpp:79) [68]  (4.21 ns)

 <State 6>: 4.21ns
The critical path consists of the following:
	'urem' operation ('urem_ln79', complex_matmul.cpp:79) [68]  (4.21 ns)

 <State 7>: 4.21ns
The critical path consists of the following:
	'urem' operation ('urem_ln79', complex_matmul.cpp:79) [68]  (4.21 ns)

 <State 8>: 4.21ns
The critical path consists of the following:
	'urem' operation ('urem_ln79', complex_matmul.cpp:79) [68]  (4.21 ns)

 <State 9>: 4.21ns
The critical path consists of the following:
	'urem' operation ('urem_ln79', complex_matmul.cpp:79) [68]  (4.21 ns)

 <State 10>: 4.21ns
The critical path consists of the following:
	'urem' operation ('urem_ln79', complex_matmul.cpp:79) [68]  (4.21 ns)

 <State 11>: 5.17ns
The critical path consists of the following:
	'urem' operation ('urem_ln79', complex_matmul.cpp:79) [68]  (4.21 ns)
	blocking operation 0.959 ns on control path)

 <State 12>: 3.25ns
The critical path consists of the following:
	'getelementptr' operation ('MatC_V_18_addr', complex_matmul.cpp:82) [92]  (0 ns)
	'store' operation ('store_ln82', complex_matmul.cpp:82) of constant 0 on array 'MatC_V_18' [117]  (3.25 ns)


============================================================
+ Verbose Summary: Binding
============================================================
N/A
* FSMD analyzer results:
  - Output states:
 - Input state : 
  - Chain level:
	State 1
	State 2
	State 3
	State 4
	State 5
	State 6
	State 7
	State 8
	State 9
	State 10
	State 11
	State 12


============================================================
+ Verbose Summary: Datapath Resource usage 
============================================================
N/A
