

================================================================
== Vitis HLS Report for 'tiled_conv_Pipeline_WEIGHT_KERNEL_NUM_WEIGHT_KERNEL_HEIGHT_WEIGHT_KERNEL_WIDTH'
================================================================
* Date:           Fri Mar 17 13:50:41 2023

* Version:        2022.1.2 (Build 3605665 on Fri Aug  5 22:52:02 MDT 2022)
* Project:        proj
* Solution:       solution1 (Vivado IP Flow Target)
* Product family: zynq
* Target device:  xc7z020-clg400-1


================================================================
== Performance Estimates
================================================================
+ Timing: 
    * Summary: 
    +--------+----------+----------+------------+
    |  Clock |  Target  | Estimated| Uncertainty|
    +--------+----------+----------+------------+
    |ap_clk  |  10.00 ns|  7.300 ns|     2.70 ns|
    +--------+----------+----------+------------+

+ Latency: 
    * Summary: 
    +---------+---------+----------+----------+-----+-----+---------+
    |  Latency (cycles) |  Latency (absolute) |  Interval | Pipeline|
    |   min   |   max   |    min   |    max   | min | max |   Type  |
    +---------+---------+----------+----------+-----+-----+---------+
    |      592|      592|  5.920 us|  5.920 us|  592|  592|       no|
    +---------+---------+----------+----------+-----+-----+---------+

    + Detail: 
        * Instance: 
        N/A

        * Loop: 
        +--------------------------------------------------------------+---------+---------+----------+-----------+-----------+------+----------+
        |                                                              |  Latency (cycles) | Iteration|  Initiation Interval  | Trip |          |
        |                           Loop Name                          |   min   |   max   |  Latency |  achieved |   target  | Count| Pipelined|
        +--------------------------------------------------------------+---------+---------+----------+-----------+-----------+------+----------+
        |- WEIGHT_KERNEL_NUM_WEIGHT_KERNEL_HEIGHT_WEIGHT_KERNEL_WIDTH  |      590|      590|         4|          1|          1|   588|       yes|
        +--------------------------------------------------------------+---------+---------+----------+-----------+-----------+------+----------+

============================================================
+ Verbose Summary: Synthesis Manager
============================================================
InlineROM: 1
ExposeGlobal: 0
============================================================
+ Verbose Summary: CDFG Model
============================================================
IsTopModel: 0
ResetActiveHigh: 1
IsCombinational: 0
IsDatapathOnly: 0
HasWiredReturn: 1
HasMFsm: 2
HasVarLatency: 1
IsPipeline: 0
IsRtlPipelined: 0
IsInstanceOverlapped: 0
IsDontTouch: 0
HasImplIP: 0
IsGatedGlobalClock: 0

+ Individual pipeline summary: 
  * Pipeline-0: initiation interval (II) = 1, depth = 4


============================================================
+ Verbose Summary: Schedule
============================================================
* Number of FSM states : 4
* Pipeline : 1
  Pipeline-0 : II = 1, D = 4, States = { 1 2 3 4 }
* Dataflow Pipeline: 0

* FSM state transitions: 
1 --> 2 
2 --> 3 
3 --> 4 
4 --> 

* FSM state operations: 

State 1 <SV = 0> <Delay = 7.26>
ST_1 : Operation 7 [1/1] (0.00ns)   --->   "%kw = alloca i32 1"   --->   Operation 7 'alloca' 'kw' <Predicate = true> <Delay = 0.00>
ST_1 : Operation 8 [1/1] (0.00ns)   --->   "%kh = alloca i32 1"   --->   Operation 8 'alloca' 'kh' <Predicate = true> <Delay = 0.00>
ST_1 : Operation 9 [1/1] (0.00ns)   --->   "%indvar_flatten49 = alloca i32 1"   --->   Operation 9 'alloca' 'indvar_flatten49' <Predicate = true> <Delay = 0.00>
ST_1 : Operation 10 [1/1] (0.00ns)   --->   "%c = alloca i32 1"   --->   Operation 10 'alloca' 'c' <Predicate = true> <Delay = 0.00>
ST_1 : Operation 11 [1/1] (0.00ns)   --->   "%indvar_flatten63 = alloca i32 1"   --->   Operation 11 'alloca' 'indvar_flatten63' <Predicate = true> <Delay = 0.00>
ST_1 : Operation 12 [1/1] (0.00ns)   --->   "%f = alloca i32 1"   --->   Operation 12 'alloca' 'f' <Predicate = true> <Delay = 0.00>
ST_1 : Operation 13 [1/1] (0.00ns)   --->   "%indvar_flatten87 = alloca i32 1"   --->   Operation 13 'alloca' 'indvar_flatten87' <Predicate = true> <Delay = 0.00>
ST_1 : Operation 14 [1/1] (0.00ns)   --->   "%sext_ln76_read = read i63 @_ssdm_op_Read.ap_auto.i63, i63 %sext_ln76"   --->   Operation 14 'read' 'sext_ln76_read' <Predicate = true> <Delay = 0.00>
ST_1 : Operation 15 [1/1] (0.00ns)   --->   "%sext_ln76_cast = sext i63 %sext_ln76_read"   --->   Operation 15 'sext' 'sext_ln76_cast' <Predicate = true> <Delay = 0.00>
ST_1 : Operation 16 [1/1] (0.00ns)   --->   "%specinterface_ln0 = specinterface void @_ssdm_op_SpecInterface, i16 %wt, void @empty_2, i32 0, i32 0, void @empty_11, i32 0, i32 1, void @empty_18, void @empty_17, void @empty_11, i32 16, i32 16, i32 16, i32 16, void @empty_11, void @empty_11, i32 4294967295, i32 0"   --->   Operation 16 'specinterface' 'specinterface_ln0' <Predicate = true> <Delay = 0.00>
ST_1 : Operation 17 [1/1] (1.58ns)   --->   "%store_ln0 = store i10 0, i10 %indvar_flatten87"   --->   Operation 17 'store' 'store_ln0' <Predicate = true> <Delay = 1.58>
ST_1 : Operation 18 [1/1] (1.58ns)   --->   "%store_ln0 = store i3 0, i3 %f"   --->   Operation 18 'store' 'store_ln0' <Predicate = true> <Delay = 1.58>
ST_1 : Operation 19 [1/1] (1.58ns)   --->   "%store_ln0 = store i8 0, i8 %indvar_flatten63"   --->   Operation 19 'store' 'store_ln0' <Predicate = true> <Delay = 1.58>
ST_1 : Operation 20 [1/1] (1.58ns)   --->   "%store_ln0 = store i2 0, i2 %c"   --->   Operation 20 'store' 'store_ln0' <Predicate = true> <Delay = 1.58>
ST_1 : Operation 21 [1/1] (1.58ns)   --->   "%store_ln0 = store i6 0, i6 %indvar_flatten49"   --->   Operation 21 'store' 'store_ln0' <Predicate = true> <Delay = 1.58>
ST_1 : Operation 22 [1/1] (1.58ns)   --->   "%store_ln0 = store i3 0, i3 %kh"   --->   Operation 22 'store' 'store_ln0' <Predicate = true> <Delay = 1.58>
ST_1 : Operation 23 [1/1] (1.58ns)   --->   "%store_ln0 = store i3 0, i3 %kw"   --->   Operation 23 'store' 'store_ln0' <Predicate = true> <Delay = 1.58>
ST_1 : Operation 24 [1/1] (0.00ns)   --->   "%br_ln0 = br void %for.inc.i59"   --->   Operation 24 'br' 'br_ln0' <Predicate = true> <Delay = 0.00>
ST_1 : Operation 25 [1/1] (0.00ns)   --->   "%indvar_flatten87_load = load i10 %indvar_flatten87" [utils.cpp:76]   --->   Operation 25 'load' 'indvar_flatten87_load' <Predicate = true> <Delay = 0.00>
ST_1 : Operation 26 [1/1] (1.77ns)   --->   "%icmp_ln76 = icmp_eq  i10 %indvar_flatten87_load, i10 588" [utils.cpp:76]   --->   Operation 26 'icmp' 'icmp_ln76' <Predicate = true> <Delay = 1.77> <CoreInst = "Cmp">   --->   Core 9 'Cmp' <Latency = 0> <II = 1> <Delay = 1.77> <FuncUnit> <Opcode : 'icmp'> <InPorts = 2> <OutPorts = 1>
ST_1 : Operation 27 [1/1] (1.73ns)   --->   "%add_ln76_1 = add i10 %indvar_flatten87_load, i10 1" [utils.cpp:76]   --->   Operation 27 'add' 'add_ln76_1' <Predicate = true> <Delay = 1.73> <CoreInst = "Adder">   --->   Core 1 'Adder' <Latency = 0> <II = 1> <Delay = 1.73> <FuncUnit> <Opcode : 'add' 'sub'> <InPorts = 2> <OutPorts = 1>
ST_1 : Operation 28 [1/1] (0.00ns)   --->   "%br_ln76 = br i1 %icmp_ln76, void %for.inc33.i, void %BIAS.i.exitStub" [utils.cpp:76]   --->   Operation 28 'br' 'br_ln76' <Predicate = true> <Delay = 0.00>
ST_1 : Operation 29 [1/1] (0.00ns)   --->   "%indvar_flatten49_load = load i6 %indvar_flatten49" [utils.cpp:82]   --->   Operation 29 'load' 'indvar_flatten49_load' <Predicate = (!icmp_ln76)> <Delay = 0.00>
ST_1 : Operation 30 [1/1] (0.00ns)   --->   "%indvar_flatten63_load = load i8 %indvar_flatten63" [utils.cpp:79]   --->   Operation 30 'load' 'indvar_flatten63_load' <Predicate = (!icmp_ln76)> <Delay = 0.00>
ST_1 : Operation 31 [1/1] (1.55ns)   --->   "%icmp_ln79 = icmp_eq  i8 %indvar_flatten63_load, i8 147" [utils.cpp:79]   --->   Operation 31 'icmp' 'icmp_ln79' <Predicate = (!icmp_ln76)> <Delay = 1.55> <CoreInst = "Cmp">   --->   Core 9 'Cmp' <Latency = 0> <II = 1> <Delay = 1.55> <FuncUnit> <Opcode : 'icmp'> <InPorts = 2> <OutPorts = 1>
ST_1 : Operation 32 [1/1] (0.97ns)   --->   "%xor_ln76 = xor i1 %icmp_ln79, i1 1" [utils.cpp:76]   --->   Operation 32 'xor' 'xor_ln76' <Predicate = (!icmp_ln76)> <Delay = 0.97> <CoreInst = "LogicGate">   --->   Core 74 'LogicGate' <Latency = 0> <II = 1> <Delay = 0.97> <FuncUnit> <Opcode : 'and' 'or' 'xor'> <InPorts = 2> <OutPorts = 1>
ST_1 : Operation 33 [1/1] (1.42ns)   --->   "%icmp_ln82 = icmp_eq  i6 %indvar_flatten49_load, i6 49" [utils.cpp:82]   --->   Operation 33 'icmp' 'icmp_ln82' <Predicate = (!icmp_ln76)> <Delay = 1.42> <CoreInst = "Cmp">   --->   Core 9 'Cmp' <Latency = 0> <II = 1> <Delay = 1.42> <FuncUnit> <Opcode : 'icmp'> <InPorts = 2> <OutPorts = 1>
ST_1 : Operation 34 [1/1] (0.97ns)   --->   "%and_ln76_1 = and i1 %icmp_ln82, i1 %xor_ln76" [utils.cpp:76]   --->   Operation 34 'and' 'and_ln76_1' <Predicate = (!icmp_ln76)> <Delay = 0.97> <CoreInst = "LogicGate">   --->   Core 74 'LogicGate' <Latency = 0> <II = 1> <Delay = 0.97> <FuncUnit> <Opcode : 'and' 'or' 'xor'> <InPorts = 2> <OutPorts = 1>
ST_1 : Operation 35 [1/1] (0.97ns)   --->   "%or_ln79 = or i1 %and_ln76_1, i1 %icmp_ln79" [utils.cpp:79]   --->   Operation 35 'or' 'or_ln79' <Predicate = (!icmp_ln76)> <Delay = 0.97> <CoreInst = "LogicGate">   --->   Core 74 'LogicGate' <Latency = 0> <II = 1> <Delay = 0.97> <FuncUnit> <Opcode : 'and' 'or' 'xor'> <InPorts = 2> <OutPorts = 1>
ST_1 : Operation 36 [1/1] (1.82ns)   --->   "%add_ln82_1 = add i6 %indvar_flatten49_load, i6 1" [utils.cpp:82]   --->   Operation 36 'add' 'add_ln82_1' <Predicate = (!icmp_ln76)> <Delay = 1.82> <CoreInst = "Adder">   --->   Core 1 'Adder' <Latency = 0> <II = 1> <Delay = 1.82> <FuncUnit> <Opcode : 'add' 'sub'> <InPorts = 2> <OutPorts = 1>
ST_1 : Operation 37 [1/1] (1.18ns)   --->   "%select_ln82_2 = select i1 %or_ln79, i6 1, i6 %add_ln82_1" [utils.cpp:82]   --->   Operation 37 'select' 'select_ln82_2' <Predicate = (!icmp_ln76)> <Delay = 1.18> <CoreInst = "Sel">   --->   Core 73 'Sel' <Latency = 0> <II = 1> <Delay = 1.18> <FuncUnit> <Opcode : 'select'> <InPorts = 3> <OutPorts = 1>
ST_1 : Operation 38 [1/1] (1.91ns)   --->   "%add_ln79_1 = add i8 %indvar_flatten63_load, i8 1" [utils.cpp:79]   --->   Operation 38 'add' 'add_ln79_1' <Predicate = (!icmp_ln76)> <Delay = 1.91> <CoreInst = "Adder">   --->   Core 1 'Adder' <Latency = 0> <II = 1> <Delay = 1.91> <FuncUnit> <Opcode : 'add' 'sub'> <InPorts = 2> <OutPorts = 1>
ST_1 : Operation 39 [1/1] (1.24ns)   --->   "%select_ln79_2 = select i1 %icmp_ln79, i8 1, i8 %add_ln79_1" [utils.cpp:79]   --->   Operation 39 'select' 'select_ln79_2' <Predicate = (!icmp_ln76)> <Delay = 1.24> <CoreInst = "Sel">   --->   Core 73 'Sel' <Latency = 0> <II = 1> <Delay = 1.24> <FuncUnit> <Opcode : 'select'> <InPorts = 3> <OutPorts = 1>
ST_1 : Operation 40 [1/1] (1.58ns)   --->   "%store_ln85 = store i10 %add_ln76_1, i10 %indvar_flatten87" [utils.cpp:85]   --->   Operation 40 'store' 'store_ln85' <Predicate = (!icmp_ln76)> <Delay = 1.58>
ST_1 : Operation 41 [1/1] (1.58ns)   --->   "%store_ln85 = store i8 %select_ln79_2, i8 %indvar_flatten63" [utils.cpp:85]   --->   Operation 41 'store' 'store_ln85' <Predicate = (!icmp_ln76)> <Delay = 1.58>
ST_1 : Operation 42 [1/1] (1.58ns)   --->   "%store_ln85 = store i6 %select_ln82_2, i6 %indvar_flatten49" [utils.cpp:85]   --->   Operation 42 'store' 'store_ln85' <Predicate = (!icmp_ln76)> <Delay = 1.58>

State 2 <SV = 1> <Delay = 6.32>
ST_2 : Operation 43 [1/1] (0.00ns)   --->   "%kw_load = load i3 %kw" [utils.cpp:82]   --->   Operation 43 'load' 'kw_load' <Predicate = (!icmp_ln76)> <Delay = 0.00>
ST_2 : Operation 44 [1/1] (0.00ns)   --->   "%kh_load = load i3 %kh" [utils.cpp:79]   --->   Operation 44 'load' 'kh_load' <Predicate = (!icmp_ln76 & !or_ln79)> <Delay = 0.00>
ST_2 : Operation 45 [1/1] (0.00ns)   --->   "%c_load = load i2 %c" [utils.cpp:76]   --->   Operation 45 'load' 'c_load' <Predicate = (!icmp_ln76 & !icmp_ln79)> <Delay = 0.00>
ST_2 : Operation 46 [1/1] (0.00ns)   --->   "%f_load = load i3 %f" [utils.cpp:76]   --->   Operation 46 'load' 'f_load' <Predicate = (!icmp_ln76)> <Delay = 0.00>
ST_2 : Operation 47 [1/1] (1.65ns)   --->   "%add_ln76 = add i3 %f_load, i3 1" [utils.cpp:76]   --->   Operation 47 'add' 'add_ln76' <Predicate = (!icmp_ln76 & icmp_ln79)> <Delay = 1.65> <CoreInst = "Adder">   --->   Core 1 'Adder' <Latency = 0> <II = 1> <Delay = 1.65> <FuncUnit> <Opcode : 'add' 'sub'> <InPorts = 2> <OutPorts = 1>
ST_2 : Operation 48 [1/1] (0.99ns)   --->   "%select_ln76 = select i1 %icmp_ln79, i2 0, i2 %c_load" [utils.cpp:76]   --->   Operation 48 'select' 'select_ln76' <Predicate = (!icmp_ln76)> <Delay = 0.99> <CoreInst = "Sel">   --->   Core 73 'Sel' <Latency = 0> <II = 1> <Delay = 0.99> <FuncUnit> <Opcode : 'select'> <InPorts = 3> <OutPorts = 1>
ST_2 : Operation 49 [1/1] (0.98ns)   --->   "%select_ln76_1 = select i1 %icmp_ln79, i3 %add_ln76, i3 %f_load" [utils.cpp:76]   --->   Operation 49 'select' 'select_ln76_1' <Predicate = (!icmp_ln76)> <Delay = 0.98> <CoreInst = "Sel">   --->   Core 73 'Sel' <Latency = 0> <II = 1> <Delay = 0.98> <FuncUnit> <Opcode : 'select'> <InPorts = 3> <OutPorts = 1>
ST_2 : Operation 50 [1/1] (0.00ns)   --->   "%zext_ln87 = zext i3 %select_ln76_1" [utils.cpp:87]   --->   Operation 50 'zext' 'zext_ln87' <Predicate = (!icmp_ln76)> <Delay = 0.00>
ST_2 : Operation 51 [1/1] (0.00ns)   --->   "%tmp_s = bitconcatenate i5 @_ssdm_op_BitConcatenate.i5.i3.i2, i3 %select_ln76_1, i2 0" [utils.cpp:87]   --->   Operation 51 'bitconcatenate' 'tmp_s' <Predicate = (!icmp_ln76)> <Delay = 0.00>
ST_2 : Operation 52 [1/1] (0.00ns)   --->   "%zext_ln87_1 = zext i5 %tmp_s" [utils.cpp:87]   --->   Operation 52 'zext' 'zext_ln87_1' <Predicate = (!icmp_ln76)> <Delay = 0.00>
ST_2 : Operation 53 [1/1] (1.78ns)   --->   "%sub_ln87 = sub i6 %zext_ln87_1, i6 %zext_ln87" [utils.cpp:87]   --->   Operation 53 'sub' 'sub_ln87' <Predicate = (!icmp_ln76)> <Delay = 1.78> <CoreInst = "Adder">   --->   Core 1 'Adder' <Latency = 0> <II = 1> <Delay = 1.78> <FuncUnit> <Opcode : 'add' 'sub'> <InPorts = 2> <OutPorts = 1>
ST_2 : Operation 54 [1/1] (0.00ns)   --->   "%sext_ln79 = sext i6 %sub_ln87" [utils.cpp:79]   --->   Operation 54 'sext' 'sext_ln79' <Predicate = (!icmp_ln76)> <Delay = 0.00>
ST_2 : Operation 55 [1/1] (1.13ns)   --->   "%icmp_ln85 = icmp_eq  i3 %kw_load, i3 7" [utils.cpp:85]   --->   Operation 55 'icmp' 'icmp_ln85' <Predicate = (!icmp_ln76)> <Delay = 1.13> <CoreInst = "Cmp">   --->   Core 9 'Cmp' <Latency = 0> <II = 1> <Delay = 1.13> <FuncUnit> <Opcode : 'icmp'> <InPorts = 2> <OutPorts = 1>
ST_2 : Operation 56 [1/1] (0.00ns) (grouped into LUT with out node and_ln79)   --->   "%and_ln76 = and i1 %icmp_ln85, i1 %xor_ln76" [utils.cpp:76]   --->   Operation 56 'and' 'and_ln76' <Predicate = (!icmp_ln76)> <Delay = 0.00> <CoreInst = "LogicGate">   --->   Core 74 'LogicGate' <Latency = 0> <II = 1> <Delay = 0.97> <FuncUnit> <Opcode : 'and' 'or' 'xor'> <InPorts = 2> <OutPorts = 1>
ST_2 : Operation 57 [1/1] (1.56ns)   --->   "%add_ln79 = add i2 %select_ln76, i2 1" [utils.cpp:79]   --->   Operation 57 'add' 'add_ln79' <Predicate = (!icmp_ln76 & and_ln76_1)> <Delay = 1.56> <CoreInst = "Adder">   --->   Core 1 'Adder' <Latency = 0> <II = 1> <Delay = 1.56> <FuncUnit> <Opcode : 'add' 'sub'> <InPorts = 2> <OutPorts = 1>
ST_2 : Operation 58 [1/1] (0.98ns)   --->   "%select_ln79 = select i1 %or_ln79, i3 0, i3 %kh_load" [utils.cpp:79]   --->   Operation 58 'select' 'select_ln79' <Predicate = (!icmp_ln76)> <Delay = 0.98> <CoreInst = "Sel">   --->   Core 73 'Sel' <Latency = 0> <II = 1> <Delay = 0.98> <FuncUnit> <Opcode : 'select'> <InPorts = 3> <OutPorts = 1>
ST_2 : Operation 59 [1/1] (0.99ns)   --->   "%select_ln79_1 = select i1 %and_ln76_1, i2 %add_ln79, i2 %select_ln76" [utils.cpp:79]   --->   Operation 59 'select' 'select_ln79_1' <Predicate = (!icmp_ln76)> <Delay = 0.99> <CoreInst = "Sel">   --->   Core 73 'Sel' <Latency = 0> <II = 1> <Delay = 0.99> <FuncUnit> <Opcode : 'select'> <InPorts = 3> <OutPorts = 1>
ST_2 : Operation 60 [1/1] (0.00ns)   --->   "%zext_ln87_2 = zext i2 %select_ln79_1" [utils.cpp:87]   --->   Operation 60 'zext' 'zext_ln87_2' <Predicate = (!icmp_ln76)> <Delay = 0.00>
ST_2 : Operation 61 [1/1] (1.82ns)   --->   "%add_ln87 = add i7 %sext_ln79, i7 %zext_ln87_2" [utils.cpp:87]   --->   Operation 61 'add' 'add_ln87' <Predicate = (!icmp_ln76)> <Delay = 1.82> <CoreInst = "Adder">   --->   Core 1 'Adder' <Latency = 0> <II = 1> <Delay = 1.82> <FuncUnit> <Opcode : 'add' 'sub'> <InPorts = 2> <OutPorts = 1>
ST_2 : Operation 62 [1/1] (0.00ns) (grouped into LUT with out node and_ln79)   --->   "%xor_ln79 = xor i1 %icmp_ln82, i1 1" [utils.cpp:79]   --->   Operation 62 'xor' 'xor_ln79' <Predicate = (!icmp_ln76)> <Delay = 0.00> <CoreInst = "LogicGate">   --->   Core 74 'LogicGate' <Latency = 0> <II = 1> <Delay = 0.97> <FuncUnit> <Opcode : 'and' 'or' 'xor'> <InPorts = 2> <OutPorts = 1>
ST_2 : Operation 63 [1/1] (0.00ns) (grouped into LUT with out node and_ln79)   --->   "%or_ln79_1 = or i1 %icmp_ln79, i1 %xor_ln79" [utils.cpp:79]   --->   Operation 63 'or' 'or_ln79_1' <Predicate = (!icmp_ln76)> <Delay = 0.00> <CoreInst = "LogicGate">   --->   Core 74 'LogicGate' <Latency = 0> <II = 1> <Delay = 0.97> <FuncUnit> <Opcode : 'and' 'or' 'xor'> <InPorts = 2> <OutPorts = 1>
ST_2 : Operation 64 [1/1] (0.97ns) (out node of the LUT)   --->   "%and_ln79 = and i1 %and_ln76, i1 %or_ln79_1" [utils.cpp:79]   --->   Operation 64 'and' 'and_ln79' <Predicate = (!icmp_ln76)> <Delay = 0.97> <CoreInst = "LogicGate">   --->   Core 74 'LogicGate' <Latency = 0> <II = 1> <Delay = 0.97> <FuncUnit> <Opcode : 'and' 'or' 'xor'> <InPorts = 2> <OutPorts = 1>
ST_2 : Operation 65 [1/1] (1.65ns)   --->   "%add_ln82 = add i3 %select_ln79, i3 1" [utils.cpp:82]   --->   Operation 65 'add' 'add_ln82' <Predicate = (!icmp_ln76)> <Delay = 1.65> <CoreInst = "Adder">   --->   Core 1 'Adder' <Latency = 0> <II = 1> <Delay = 1.65> <FuncUnit> <Opcode : 'add' 'sub'> <InPorts = 2> <OutPorts = 1>
ST_2 : Operation 66 [1/1] (0.00ns) (grouped into LUT with out node select_ln82)   --->   "%or_ln82 = or i1 %and_ln79, i1 %and_ln76_1" [utils.cpp:82]   --->   Operation 66 'or' 'or_ln82' <Predicate = (!icmp_ln76)> <Delay = 0.00> <CoreInst = "LogicGate">   --->   Core 74 'LogicGate' <Latency = 0> <II = 1> <Delay = 0.97> <FuncUnit> <Opcode : 'and' 'or' 'xor'> <InPorts = 2> <OutPorts = 1>
ST_2 : Operation 67 [1/1] (0.00ns) (grouped into LUT with out node select_ln82)   --->   "%or_ln82_1 = or i1 %or_ln82, i1 %icmp_ln79" [utils.cpp:82]   --->   Operation 67 'or' 'or_ln82_1' <Predicate = (!icmp_ln76)> <Delay = 0.00> <CoreInst = "LogicGate">   --->   Core 74 'LogicGate' <Latency = 0> <II = 1> <Delay = 0.97> <FuncUnit> <Opcode : 'and' 'or' 'xor'> <InPorts = 2> <OutPorts = 1>
ST_2 : Operation 68 [1/1] (0.98ns) (out node of the LUT)   --->   "%select_ln82 = select i1 %or_ln82_1, i3 0, i3 %kw_load" [utils.cpp:82]   --->   Operation 68 'select' 'select_ln82' <Predicate = (!icmp_ln76)> <Delay = 0.98> <CoreInst = "Sel">   --->   Core 73 'Sel' <Latency = 0> <II = 1> <Delay = 0.98> <FuncUnit> <Opcode : 'select'> <InPorts = 3> <OutPorts = 1>
ST_2 : Operation 69 [1/1] (0.98ns)   --->   "%select_ln82_1 = select i1 %and_ln79, i3 %add_ln82, i3 %select_ln79" [utils.cpp:82]   --->   Operation 69 'select' 'select_ln82_1' <Predicate = (!icmp_ln76)> <Delay = 0.98> <CoreInst = "Sel">   --->   Core 73 'Sel' <Latency = 0> <II = 1> <Delay = 0.98> <FuncUnit> <Opcode : 'select'> <InPorts = 3> <OutPorts = 1>
ST_2 : Operation 70 [1/1] (1.65ns)   --->   "%add_ln85 = add i3 %select_ln82, i3 1" [utils.cpp:85]   --->   Operation 70 'add' 'add_ln85' <Predicate = (!icmp_ln76)> <Delay = 1.65> <CoreInst = "Adder">   --->   Core 1 'Adder' <Latency = 0> <II = 1> <Delay = 1.65> <FuncUnit> <Opcode : 'add' 'sub'> <InPorts = 2> <OutPorts = 1>
ST_2 : Operation 71 [1/1] (1.58ns)   --->   "%store_ln85 = store i3 %select_ln76_1, i3 %f" [utils.cpp:85]   --->   Operation 71 'store' 'store_ln85' <Predicate = (!icmp_ln76)> <Delay = 1.58>
ST_2 : Operation 72 [1/1] (1.58ns)   --->   "%store_ln85 = store i2 %select_ln79_1, i2 %c" [utils.cpp:85]   --->   Operation 72 'store' 'store_ln85' <Predicate = (!icmp_ln76)> <Delay = 1.58>
ST_2 : Operation 73 [1/1] (1.58ns)   --->   "%store_ln85 = store i3 %select_ln82_1, i3 %kh" [utils.cpp:85]   --->   Operation 73 'store' 'store_ln85' <Predicate = (!icmp_ln76)> <Delay = 1.58>
ST_2 : Operation 74 [1/1] (1.58ns)   --->   "%store_ln85 = store i3 %add_ln85, i3 %kw" [utils.cpp:85]   --->   Operation 74 'store' 'store_ln85' <Predicate = (!icmp_ln76)> <Delay = 1.58>

State 3 <SV = 2> <Delay = 7.30>
ST_3 : Operation 75 [1/1] (0.00ns)   --->   "%specbitsmap_ln0 = specbitsmap void @_ssdm_op_SpecBitsMap, i16 %wt"   --->   Operation 75 'specbitsmap' 'specbitsmap_ln0' <Predicate = true> <Delay = 0.00>
ST_3 : Operation 76 [1/1] (0.00ns)   --->   "%wt_addr = getelementptr i16 %wt, i64 %sext_ln76_cast" [utils.cpp:76]   --->   Operation 76 'getelementptr' 'wt_addr' <Predicate = true> <Delay = 0.00>
ST_3 : Operation 77 [1/1] (0.00ns)   --->   "%specpipeline_ln0 = specpipeline void @_ssdm_op_SpecPipeline, i32 4294967295, i32 0, i32 1, i32 0, void @p_str"   --->   Operation 77 'specpipeline' 'specpipeline_ln0' <Predicate = true> <Delay = 0.00>
ST_3 : Operation 78 [1/1] (0.00ns)   --->   "%sext_ln87 = sext i7 %add_ln87" [utils.cpp:87]   --->   Operation 78 'sext' 'sext_ln87' <Predicate = (!icmp_ln76)> <Delay = 0.00>
ST_3 : Operation 79 [1/1] (0.00ns)   --->   "%tmp = bitconcatenate i10 @_ssdm_op_BitConcatenate.i10.i7.i3, i7 %add_ln87, i3 0" [utils.cpp:87]   --->   Operation 79 'bitconcatenate' 'tmp' <Predicate = (!icmp_ln76)> <Delay = 0.00>
ST_3 : Operation 80 [1/1] (0.00ns)   --->   "%sext_ln87_1 = sext i10 %tmp" [utils.cpp:87]   --->   Operation 80 'sext' 'sext_ln87_1' <Predicate = (!icmp_ln76)> <Delay = 0.00>
ST_3 : Operation 81 [1/1] (0.00ns) (grouped into TernaryAdder)   --->   "%sub_ln87_1 = sub i61 %sext_ln87_1, i61 %sext_ln87" [utils.cpp:87]   --->   Operation 81 'sub' 'sub_ln87_1' <Predicate = (!icmp_ln76)> <Delay = 0.00> <CoreInst = "TAddSub">   --->   Core 10 'TAddSub' <Latency = 0> <II = 1> <Delay = 1.86> <IPBlock> <Opcode : 'add' 'sub'> <InPorts = 3> <OutPorts = 1> <Sync> <CReg>
ST_3 : Operation 82 [1/1] (0.00ns)   --->   "%zext_ln87_3 = zext i3 %select_ln82_1" [utils.cpp:87]   --->   Operation 82 'zext' 'zext_ln87_3' <Predicate = (!icmp_ln76)> <Delay = 0.00>
ST_3 : Operation 83 [1/1] (3.75ns) (root node of TernaryAdder)   --->   "%add_ln87_1 = add i61 %sub_ln87_1, i61 %zext_ln87_3" [utils.cpp:87]   --->   Operation 83 'add' 'add_ln87_1' <Predicate = (!icmp_ln76)> <Delay = 3.75> <CoreInst = "TAddSub">   --->   Core 10 'TAddSub' <Latency = 0> <II = 1> <Delay = 1.86> <IPBlock> <Opcode : 'add' 'sub'> <InPorts = 3> <OutPorts = 1> <Sync> <CReg>
ST_3 : Operation 84 [1/1] (0.00ns)   --->   "%trunc_ln87 = trunc i61 %add_ln87_1" [utils.cpp:87]   --->   Operation 84 'trunc' 'trunc_ln87' <Predicate = (!icmp_ln76)> <Delay = 0.00>
ST_3 : Operation 85 [1/1] (0.00ns)   --->   "%trunc_ln87_1 = trunc i61 %add_ln87_1" [utils.cpp:87]   --->   Operation 85 'trunc' 'trunc_ln87_1' <Predicate = (!icmp_ln76)> <Delay = 0.00>
ST_3 : Operation 86 [1/1] (7.30ns)   --->   "%wt_addr_read = read i16 @_ssdm_op_Read.m_axi.p1i16, i16 %wt_addr" [utils.cpp:87]   --->   Operation 86 'read' 'wt_addr_read' <Predicate = (!icmp_ln76)> <Delay = 7.30> <CoreInst = "m_axi">   --->   Core 113 'm_axi' <Latency = 0> <II = 1> <Delay = 1.00> <Adapter> <Opcode : 'read' 'write' 'readreq' 'writereq' 'writeresp'>
ST_3 : Operation 103 [1/1] (0.00ns)   --->   "%ret_ln0 = ret"   --->   Operation 103 'ret' 'ret_ln0' <Predicate = (icmp_ln76)> <Delay = 0.00>

State 4 <SV = 3> <Delay = 6.98>
ST_4 : Operation 87 [1/1] (0.00ns)   --->   "%specloopname_ln0 = specloopname void @_ssdm_op_SpecLoopName, void @WEIGHT_KERNEL_NUM_WEIGHT_KERNEL_HEIGHT_WEIGHT_KERNEL_WIDTH_str"   --->   Operation 87 'specloopname' 'specloopname_ln0' <Predicate = true> <Delay = 0.00>
ST_4 : Operation 88 [1/1] (0.00ns)   --->   "%empty = speclooptripcount i32 @_ssdm_op_SpecLoopTripCount, i64 588, i64 588, i64 588"   --->   Operation 88 'speclooptripcount' 'empty' <Predicate = true> <Delay = 0.00>
ST_4 : Operation 89 [1/1] (0.00ns)   --->   "%specpipeline_ln0 = specpipeline void @_ssdm_op_SpecPipeline, i32 4294967295, i32 0, i32 1, i32 0, void @p_str"   --->   Operation 89 'specpipeline' 'specpipeline_ln0' <Predicate = true> <Delay = 0.00>
ST_4 : Operation 90 [1/1] (0.00ns)   --->   "%specloopname_ln0 = specloopname void @_ssdm_op_SpecLoopName, void @WEIGHT_KERNEL_DEPTH_WEIGHT_KERNEL_HEIGHT_WEIGHT_KERNEL_WIDTH_str"   --->   Operation 90 'specloopname' 'specloopname_ln0' <Predicate = true> <Delay = 0.00>
ST_4 : Operation 91 [1/1] (0.00ns)   --->   "%specpipeline_ln0 = specpipeline void @_ssdm_op_SpecPipeline, i32 4294967295, i32 0, i32 1, i32 0, void @p_str"   --->   Operation 91 'specpipeline' 'specpipeline_ln0' <Predicate = true> <Delay = 0.00>
ST_4 : Operation 92 [1/1] (0.00ns)   --->   "%specloopname_ln0 = specloopname void @_ssdm_op_SpecLoopName, void @WEIGHT_KERNEL_HEIGHT_WEIGHT_KERNEL_WIDTH_str"   --->   Operation 92 'specloopname' 'specloopname_ln0' <Predicate = true> <Delay = 0.00>
ST_4 : Operation 93 [1/1] (0.00ns)   --->   "%p_shl = bitconcatenate i10 @_ssdm_op_BitConcatenate.i10.i7.i3, i7 %trunc_ln87_1, i3 0" [utils.cpp:87]   --->   Operation 93 'bitconcatenate' 'p_shl' <Predicate = true> <Delay = 0.00>
ST_4 : Operation 94 [1/1] (0.00ns) (grouped into TernaryAdder)   --->   "%sub_ln87_2 = sub i10 %p_shl, i10 %trunc_ln87" [utils.cpp:87]   --->   Operation 94 'sub' 'sub_ln87_2' <Predicate = true> <Delay = 0.00> <CoreInst = "TAddSub">   --->   Core 10 'TAddSub' <Latency = 0> <II = 1> <Delay = 1.86> <IPBlock> <Opcode : 'add' 'sub'> <InPorts = 3> <OutPorts = 1> <Sync> <CReg>
ST_4 : Operation 95 [1/1] (0.00ns)   --->   "%specpipeline_ln0 = specpipeline void @_ssdm_op_SpecPipeline, i32 4294967295, i32 0, i32 1, i32 0, void @p_str"   --->   Operation 95 'specpipeline' 'specpipeline_ln0' <Predicate = true> <Delay = 0.00>
ST_4 : Operation 96 [1/1] (0.00ns)   --->   "%zext_ln87_4 = zext i3 %select_ln82" [utils.cpp:87]   --->   Operation 96 'zext' 'zext_ln87_4' <Predicate = true> <Delay = 0.00>
ST_4 : Operation 97 [1/1] (3.72ns) (root node of TernaryAdder)   --->   "%add_ln87_2 = add i10 %sub_ln87_2, i10 %zext_ln87_4" [utils.cpp:87]   --->   Operation 97 'add' 'add_ln87_2' <Predicate = true> <Delay = 3.72> <CoreInst = "TAddSub">   --->   Core 10 'TAddSub' <Latency = 0> <II = 1> <Delay = 1.86> <IPBlock> <Opcode : 'add' 'sub'> <InPorts = 3> <OutPorts = 1> <Sync> <CReg>
ST_4 : Operation 98 [1/1] (0.00ns)   --->   "%zext_ln87_5 = zext i10 %add_ln87_2" [utils.cpp:87]   --->   Operation 98 'zext' 'zext_ln87_5' <Predicate = true> <Delay = 0.00>
ST_4 : Operation 99 [1/1] (0.00ns)   --->   "%conv_wt_buf_V_addr = getelementptr i16 %conv_wt_buf_V, i64 0, i64 %zext_ln87_5" [utils.cpp:87]   --->   Operation 99 'getelementptr' 'conv_wt_buf_V_addr' <Predicate = true> <Delay = 0.00>
ST_4 : Operation 100 [1/1] (0.00ns)   --->   "%specloopname_ln85 = specloopname void @_ssdm_op_SpecLoopName, void @empty_6" [utils.cpp:85]   --->   Operation 100 'specloopname' 'specloopname_ln85' <Predicate = true> <Delay = 0.00>
ST_4 : Operation 101 [1/1] (3.25ns)   --->   "%store_ln87 = store i16 %wt_addr_read, i10 %conv_wt_buf_V_addr" [utils.cpp:87]   --->   Operation 101 'store' 'store_ln87' <Predicate = true> <Delay = 3.25> <CoreInst = "RAM">   --->   Core 82 'RAM' <Latency = 1> <II = 1> <Delay = 3.25> <Storage> <Opcode : 'load' 'store'> <Ports = 2> <Width = 16> <Depth = 588> <RAM>
ST_4 : Operation 102 [1/1] (0.00ns)   --->   "%br_ln85 = br void %for.inc.i59" [utils.cpp:85]   --->   Operation 102 'br' 'br_ln85' <Predicate = true> <Delay = 0.00>


============================================================
+ Verbose Summary: Binding
============================================================
STG Binding: 
---------------- STG Properties BEGIN ----------------
- Is combinational: 0
- Is one-state seq: 0
- Is datapath-only: 0
- Is pipelined: 0
- Is top level: 0
Port [ Return ] is wired: 1; IO mode=ap_ctrl_hs:ce=0
Port [ wt]:  wired=1; compound=1; hidden=0; nouse=0; global=0; static=0; extern=0; dir=0; type=4; pingpong=0; private_global=0; IO mode=m_axi:ce=0
Port [ sext_ln76]:  wired=1; compound=0; hidden=0; nouse=0; global=0; static=0; extern=0; dir=0; type=0; pingpong=0; private_global=0; IO mode=ap_none:ce=0
Port [ conv_wt_buf_V]:  wired=1; compound=1; hidden=0; nouse=0; global=0; static=0; extern=0; dir=1; type=1; pingpong=0; private_global=0; MemPort=[03]; IO mode=ap_memory:ce=0
---------------- STG Properties END ------------------

---------------- Datapath Model BEGIN ----------------

<LifeTime>
<method=bitvector/>
kw                    (alloca           ) [ 01100]
kh                    (alloca           ) [ 01100]
indvar_flatten49      (alloca           ) [ 01000]
c                     (alloca           ) [ 01100]
indvar_flatten63      (alloca           ) [ 01000]
f                     (alloca           ) [ 01100]
indvar_flatten87      (alloca           ) [ 01000]
sext_ln76_read        (read             ) [ 00000]
sext_ln76_cast        (sext             ) [ 01110]
specinterface_ln0     (specinterface    ) [ 00000]
store_ln0             (store            ) [ 00000]
store_ln0             (store            ) [ 00000]
store_ln0             (store            ) [ 00000]
store_ln0             (store            ) [ 00000]
store_ln0             (store            ) [ 00000]
store_ln0             (store            ) [ 00000]
store_ln0             (store            ) [ 00000]
br_ln0                (br               ) [ 00000]
indvar_flatten87_load (load             ) [ 00000]
icmp_ln76             (icmp             ) [ 01110]
add_ln76_1            (add              ) [ 00000]
br_ln76               (br               ) [ 00000]
indvar_flatten49_load (load             ) [ 00000]
indvar_flatten63_load (load             ) [ 00000]
icmp_ln79             (icmp             ) [ 01100]
xor_ln76              (xor              ) [ 01100]
icmp_ln82             (icmp             ) [ 01100]
and_ln76_1            (and              ) [ 01100]
or_ln79               (or               ) [ 01100]
add_ln82_1            (add              ) [ 00000]
select_ln82_2         (select           ) [ 00000]
add_ln79_1            (add              ) [ 00000]
select_ln79_2         (select           ) [ 00000]
store_ln85            (store            ) [ 00000]
store_ln85            (store            ) [ 00000]
store_ln85            (store            ) [ 00000]
kw_load               (load             ) [ 00000]
kh_load               (load             ) [ 00000]
c_load                (load             ) [ 00000]
f_load                (load             ) [ 00000]
add_ln76              (add              ) [ 00000]
select_ln76           (select           ) [ 00000]
select_ln76_1         (select           ) [ 00000]
zext_ln87             (zext             ) [ 00000]
tmp_s                 (bitconcatenate   ) [ 00000]
zext_ln87_1           (zext             ) [ 00000]
sub_ln87              (sub              ) [ 00000]
sext_ln79             (sext             ) [ 00000]
icmp_ln85             (icmp             ) [ 00000]
and_ln76              (and              ) [ 00000]
add_ln79              (add              ) [ 00000]
select_ln79           (select           ) [ 00000]
select_ln79_1         (select           ) [ 00000]
zext_ln87_2           (zext             ) [ 00000]
add_ln87              (add              ) [ 01010]
xor_ln79              (xor              ) [ 00000]
or_ln79_1             (or               ) [ 00000]
and_ln79              (and              ) [ 00000]
add_ln82              (add              ) [ 00000]
or_ln82               (or               ) [ 00000]
or_ln82_1             (or               ) [ 00000]
select_ln82           (select           ) [ 01011]
select_ln82_1         (select           ) [ 01010]
add_ln85              (add              ) [ 00000]
store_ln85            (store            ) [ 00000]
store_ln85            (store            ) [ 00000]
store_ln85            (store            ) [ 00000]
store_ln85            (store            ) [ 00000]
specbitsmap_ln0       (specbitsmap      ) [ 00000]
wt_addr               (getelementptr    ) [ 00000]
specpipeline_ln0      (specpipeline     ) [ 00000]
sext_ln87             (sext             ) [ 00000]
tmp                   (bitconcatenate   ) [ 00000]
sext_ln87_1           (sext             ) [ 00000]
sub_ln87_1            (sub              ) [ 00000]
zext_ln87_3           (zext             ) [ 00000]
add_ln87_1            (add              ) [ 00000]
trunc_ln87            (trunc            ) [ 01001]
trunc_ln87_1          (trunc            ) [ 01001]
wt_addr_read          (read             ) [ 01001]
specloopname_ln0      (specloopname     ) [ 00000]
empty                 (speclooptripcount) [ 00000]
specpipeline_ln0      (specpipeline     ) [ 00000]
specloopname_ln0      (specloopname     ) [ 00000]
specpipeline_ln0      (specpipeline     ) [ 00000]
specloopname_ln0      (specloopname     ) [ 00000]
p_shl                 (bitconcatenate   ) [ 00000]
sub_ln87_2            (sub              ) [ 00000]
specpipeline_ln0      (specpipeline     ) [ 00000]
zext_ln87_4           (zext             ) [ 00000]
add_ln87_2            (add              ) [ 00000]
zext_ln87_5           (zext             ) [ 00000]
conv_wt_buf_V_addr    (getelementptr    ) [ 00000]
specloopname_ln85     (specloopname     ) [ 00000]
store_ln87            (store            ) [ 00000]
br_ln85               (br               ) [ 00000]
ret_ln0               (ret              ) [ 00000]
</LifeTime>

<model>

<comp_list>
<comp id="0" class="1000" name="wt">
<pin_list>
<pin id="1" dir="1" index="0" bw="1" slack="0"/>
</pin_list>
<bind>
<StgValue><ssdm name="wt"/></StgValue>
</bind>
</comp>

<comp id="2" class="1000" name="sext_ln76">
<pin_list>
<pin id="3" dir="1" index="0" bw="1" slack="0"/>
</pin_list>
<bind>
<StgValue><ssdm name="sext_ln76"/></StgValue>
</bind>
</comp>

<comp id="4" class="1000" name="conv_wt_buf_V">
<pin_list>
<pin id="5" dir="1" index="0" bw="1" slack="0"/>
</pin_list>
<bind>
<StgValue><ssdm name="conv_wt_buf_V"/><MemPortTyVec>0 3 </MemPortTyVec>
</StgValue>
</bind>
</comp>

<comp id="6" class="1001" name="const_6">
<pin_list>
<pin id="7" dir="1" index="0" bw="1" slack="0"/>
</pin_list>
<bind>
<StgValue><ssdm name=""/></StgValue>
</bind>
</comp>

<comp id="8" class="1001" name="const_8">
<pin_list>
<pin id="9" dir="1" index="0" bw="1" slack="0"/>
</pin_list>
<bind>
<StgValue><ssdm name="_ssdm_op_Read.ap_auto.i63"/></StgValue>
</bind>
</comp>

<comp id="10" class="1001" name="const_10">
<pin_list>
<pin id="11" dir="1" index="0" bw="1" slack="2147483647"/>
</pin_list>
<bind>
<StgValue><ssdm name="_ssdm_op_SpecInterface"/></StgValue>
</bind>
</comp>

<comp id="12" class="1001" name="const_12">
<pin_list>
<pin id="13" dir="1" index="0" bw="1" slack="2147483647"/>
</pin_list>
<bind>
<StgValue><ssdm name="empty_2"/></StgValue>
</bind>
</comp>

<comp id="14" class="1001" name="const_14">
<pin_list>
<pin id="15" dir="1" index="0" bw="1" slack="2147483647"/>
</pin_list>
<bind>
<StgValue><ssdm name=""/></StgValue>
</bind>
</comp>

<comp id="16" class="1001" name="const_16">
<pin_list>
<pin id="17" dir="1" index="0" bw="1" slack="2147483647"/>
</pin_list>
<bind>
<StgValue><ssdm name="empty_11"/></StgValue>
</bind>
</comp>

<comp id="18" class="1001" name="const_18">
<pin_list>
<pin id="19" dir="1" index="0" bw="1" slack="2147483647"/>
</pin_list>
<bind>
<StgValue><ssdm name="empty_18"/></StgValue>
</bind>
</comp>

<comp id="20" class="1001" name="const_20">
<pin_list>
<pin id="21" dir="1" index="0" bw="1" slack="2147483647"/>
</pin_list>
<bind>
<StgValue><ssdm name="empty_17"/></StgValue>
</bind>
</comp>

<comp id="22" class="1001" name="const_22">
<pin_list>
<pin id="23" dir="1" index="0" bw="1" slack="2147483647"/>
</pin_list>
<bind>
<StgValue><ssdm name=""/></StgValue>
</bind>
</comp>

<comp id="24" class="1001" name="const_24">
<pin_list>
<pin id="25" dir="1" index="0" bw="1" slack="2147483647"/>
</pin_list>
<bind>
<StgValue><ssdm name=""/></StgValue>
</bind>
</comp>

<comp id="26" class="1001" name="const_26">
<pin_list>
<pin id="27" dir="1" index="0" bw="1" slack="0"/>
</pin_list>
<bind>
<StgValue><ssdm name=""/></StgValue>
</bind>
</comp>

<comp id="28" class="1001" name="const_28">
<pin_list>
<pin id="29" dir="1" index="0" bw="1" slack="0"/>
</pin_list>
<bind>
<StgValue><ssdm name=""/></StgValue>
</bind>
</comp>

<comp id="30" class="1001" name="const_30">
<pin_list>
<pin id="31" dir="1" index="0" bw="1" slack="0"/>
</pin_list>
<bind>
<StgValue><ssdm name=""/></StgValue>
</bind>
</comp>

<comp id="32" class="1001" name="const_32">
<pin_list>
<pin id="33" dir="1" index="0" bw="1" slack="0"/>
</pin_list>
<bind>
<StgValue><ssdm name=""/></StgValue>
</bind>
</comp>

<comp id="34" class="1001" name="const_34">
<pin_list>
<pin id="35" dir="1" index="0" bw="1" slack="0"/>
</pin_list>
<bind>
<StgValue><ssdm name=""/></StgValue>
</bind>
</comp>

<comp id="36" class="1001" name="const_36">
<pin_list>
<pin id="37" dir="1" index="0" bw="1" slack="0"/>
</pin_list>
<bind>
<StgValue><ssdm name=""/></StgValue>
</bind>
</comp>

<comp id="38" class="1001" name="const_38">
<pin_list>
<pin id="39" dir="1" index="0" bw="1" slack="0"/>
</pin_list>
<bind>
<StgValue><ssdm name=""/></StgValue>
</bind>
</comp>

<comp id="40" class="1001" name="const_40">
<pin_list>
<pin id="41" dir="1" index="0" bw="1" slack="0"/>
</pin_list>
<bind>
<StgValue><ssdm name=""/></StgValue>
</bind>
</comp>

<comp id="42" class="1001" name="const_42">
<pin_list>
<pin id="43" dir="1" index="0" bw="1" slack="0"/>
</pin_list>
<bind>
<StgValue><ssdm name=""/></StgValue>
</bind>
</comp>

<comp id="44" class="1001" name="const_44">
<pin_list>
<pin id="45" dir="1" index="0" bw="1" slack="0"/>
</pin_list>
<bind>
<StgValue><ssdm name=""/></StgValue>
</bind>
</comp>

<comp id="46" class="1001" name="const_46">
<pin_list>
<pin id="47" dir="1" index="0" bw="1" slack="0"/>
</pin_list>
<bind>
<StgValue><ssdm name=""/></StgValue>
</bind>
</comp>

<comp id="48" class="1001" name="const_48">
<pin_list>
<pin id="49" dir="1" index="0" bw="1" slack="0"/>
</pin_list>
<bind>
<StgValue><ssdm name=""/></StgValue>
</bind>
</comp>

<comp id="50" class="1001" name="const_50">
<pin_list>
<pin id="51" dir="1" index="0" bw="1" slack="0"/>
</pin_list>
<bind>
<StgValue><ssdm name=""/></StgValue>
</bind>
</comp>

<comp id="52" class="1001" name="const_52">
<pin_list>
<pin id="53" dir="1" index="0" bw="1" slack="0"/>
</pin_list>
<bind>
<StgValue><ssdm name="_ssdm_op_BitConcatenate.i5.i3.i2"/></StgValue>
</bind>
</comp>

<comp id="54" class="1001" name="const_54">
<pin_list>
<pin id="55" dir="1" index="0" bw="1" slack="0"/>
</pin_list>
<bind>
<StgValue><ssdm name=""/></StgValue>
</bind>
</comp>

<comp id="56" class="1001" name="const_56">
<pin_list>
<pin id="57" dir="1" index="0" bw="1" slack="0"/>
</pin_list>
<bind>
<StgValue><ssdm name=""/></StgValue>
</bind>
</comp>

<comp id="58" class="1001" name="const_58">
<pin_list>
<pin id="59" dir="1" index="0" bw="1" slack="2147483647"/>
</pin_list>
<bind>
<StgValue><ssdm name="_ssdm_op_SpecBitsMap"/></StgValue>
</bind>
</comp>

<comp id="60" class="1001" name="const_60">
<pin_list>
<pin id="61" dir="1" index="0" bw="1" slack="2147483647"/>
</pin_list>
<bind>
<StgValue><ssdm name="_ssdm_op_SpecPipeline"/></StgValue>
</bind>
</comp>

<comp id="62" class="1001" name="const_62">
<pin_list>
<pin id="63" dir="1" index="0" bw="1" slack="2147483647"/>
</pin_list>
<bind>
<StgValue><ssdm name="p_str"/></StgValue>
</bind>
</comp>

<comp id="64" class="1001" name="const_64">
<pin_list>
<pin id="65" dir="1" index="0" bw="1" slack="0"/>
</pin_list>
<bind>
<StgValue><ssdm name="_ssdm_op_BitConcatenate.i10.i7.i3"/></StgValue>
</bind>
</comp>

<comp id="66" class="1001" name="const_66">
<pin_list>
<pin id="67" dir="1" index="0" bw="1" slack="0"/>
</pin_list>
<bind>
<StgValue><ssdm name="_ssdm_op_Read.m_axi.p1i16"/></StgValue>
</bind>
</comp>

<comp id="68" class="1001" name="const_68">
<pin_list>
<pin id="69" dir="1" index="0" bw="1" slack="2147483647"/>
</pin_list>
<bind>
<StgValue><ssdm name="_ssdm_op_SpecLoopName"/></StgValue>
</bind>
</comp>

<comp id="70" class="1001" name="const_70">
<pin_list>
<pin id="71" dir="1" index="0" bw="1" slack="2147483647"/>
</pin_list>
<bind>
<StgValue><ssdm name="WEIGHT_KERNEL_NUM_WEIGHT_KERNEL_HEIGHT_WEIGHT_KERNEL_WIDTH_str"/></StgValue>
</bind>
</comp>

<comp id="72" class="1001" name="const_72">
<pin_list>
<pin id="73" dir="1" index="0" bw="1" slack="2147483647"/>
</pin_list>
<bind>
<StgValue><ssdm name="_ssdm_op_SpecLoopTripCount"/></StgValue>
</bind>
</comp>

<comp id="74" class="1001" name="const_74">
<pin_list>
<pin id="75" dir="1" index="0" bw="1" slack="2147483647"/>
</pin_list>
<bind>
<StgValue><ssdm name=""/></StgValue>
</bind>
</comp>

<comp id="76" class="1001" name="const_76">
<pin_list>
<pin id="77" dir="1" index="0" bw="1" slack="2147483647"/>
</pin_list>
<bind>
<StgValue><ssdm name="WEIGHT_KERNEL_DEPTH_WEIGHT_KERNEL_HEIGHT_WEIGHT_KERNEL_WIDTH_str"/></StgValue>
</bind>
</comp>

<comp id="78" class="1001" name="const_78">
<pin_list>
<pin id="79" dir="1" index="0" bw="1" slack="2147483647"/>
</pin_list>
<bind>
<StgValue><ssdm name="WEIGHT_KERNEL_HEIGHT_WEIGHT_KERNEL_WIDTH_str"/></StgValue>
</bind>
</comp>

<comp id="80" class="1001" name="const_80">
<pin_list>
<pin id="81" dir="1" index="0" bw="1" slack="0"/>
</pin_list>
<bind>
<StgValue><ssdm name=""/></StgValue>
</bind>
</comp>

<comp id="82" class="1001" name="const_82">
<pin_list>
<pin id="83" dir="1" index="0" bw="1" slack="2147483647"/>
</pin_list>
<bind>
<StgValue><ssdm name="empty_6"/></StgValue>
</bind>
</comp>

<comp id="84" class="1004" name="kw_fu_84">
<pin_list>
<pin id="85" dir="0" index="0" bw="1" slack="0"/>
<pin id="86" dir="1" index="1" bw="3" slack="0"/>
</pin_list>
<bind>
<opcode="alloca(26) " fcode="alloca"/>
<opset="kw/1 "/>
</bind>
</comp>

<comp id="88" class="1004" name="kh_fu_88">
<pin_list>
<pin id="89" dir="0" index="0" bw="1" slack="0"/>
<pin id="90" dir="1" index="1" bw="3" slack="0"/>
</pin_list>
<bind>
<opcode="alloca(26) " fcode="alloca"/>
<opset="kh/1 "/>
</bind>
</comp>

<comp id="92" class="1004" name="indvar_flatten49_fu_92">
<pin_list>
<pin id="93" dir="0" index="0" bw="1" slack="0"/>
<pin id="94" dir="1" index="1" bw="6" slack="0"/>
</pin_list>
<bind>
<opcode="alloca(26) " fcode="alloca"/>
<opset="indvar_flatten49/1 "/>
</bind>
</comp>

<comp id="96" class="1004" name="c_fu_96">
<pin_list>
<pin id="97" dir="0" index="0" bw="1" slack="0"/>
<pin id="98" dir="1" index="1" bw="2" slack="0"/>
</pin_list>
<bind>
<opcode="alloca(26) " fcode="alloca"/>
<opset="c/1 "/>
</bind>
</comp>

<comp id="100" class="1004" name="indvar_flatten63_fu_100">
<pin_list>
<pin id="101" dir="0" index="0" bw="1" slack="0"/>
<pin id="102" dir="1" index="1" bw="8" slack="0"/>
</pin_list>
<bind>
<opcode="alloca(26) " fcode="alloca"/>
<opset="indvar_flatten63/1 "/>
</bind>
</comp>

<comp id="104" class="1004" name="f_fu_104">
<pin_list>
<pin id="105" dir="0" index="0" bw="1" slack="0"/>
<pin id="106" dir="1" index="1" bw="3" slack="0"/>
</pin_list>
<bind>
<opcode="alloca(26) " fcode="alloca"/>
<opset="f/1 "/>
</bind>
</comp>

<comp id="108" class="1004" name="indvar_flatten87_fu_108">
<pin_list>
<pin id="109" dir="0" index="0" bw="1" slack="0"/>
<pin id="110" dir="1" index="1" bw="10" slack="0"/>
</pin_list>
<bind>
<opcode="alloca(26) " fcode="alloca"/>
<opset="indvar_flatten87/1 "/>
</bind>
</comp>

<comp id="112" class="1004" name="sext_ln76_read_read_fu_112">
<pin_list>
<pin id="113" dir="0" index="0" bw="63" slack="0"/>
<pin id="114" dir="0" index="1" bw="63" slack="0"/>
<pin id="115" dir="1" index="2" bw="63" slack="0"/>
</pin_list>
<bind>
<opcode="read(1150) " fcode="read"/>
<opset="sext_ln76_read/1 "/>
</bind>
</comp>

<comp id="118" class="1004" name="wt_addr_read_read_fu_118">
<pin_list>
<pin id="119" dir="0" index="0" bw="16" slack="0"/>
<pin id="120" dir="0" index="1" bw="16" slack="0"/>
<pin id="121" dir="1" index="2" bw="16" slack="1"/>
</pin_list>
<bind>
<opcode="read(1150) " fcode="read"/>
<opset="wt_addr_read/3 "/>
</bind>
</comp>

<comp id="123" class="1004" name="conv_wt_buf_V_addr_gep_fu_123">
<pin_list>
<pin id="124" dir="0" index="0" bw="16" slack="0"/>
<pin id="125" dir="0" index="1" bw="1" slack="0"/>
<pin id="126" dir="0" index="2" bw="10" slack="0"/>
<pin id="127" dir="1" index="3" bw="10" slack="0"/>
</pin_list>
<bind>
<opcode="getelementptr(29) " fcode="getelementptr"/>
<opset="conv_wt_buf_V_addr/4 "/>
</bind>
</comp>

<comp id="130" class="1004" name="store_ln87_access_fu_130">
<pin_list>
<pin id="131" dir="0" index="0" bw="10" slack="0"/>
<pin id="132" dir="0" index="1" bw="16" slack="1"/>
<pin id="133" dir="0" index="2" bw="0" slack="2147483647"/>
<pin id="134" dir="1" index="3" bw="16" slack="2147483647"/>
</pin_list>
<bind>
<opcode="store(28) " fcode="store"/>
<opset="store_ln87/4 "/>
</bind>
</comp>

<comp id="136" class="1004" name="sext_ln76_cast_fu_136">
<pin_list>
<pin id="137" dir="0" index="0" bw="63" slack="0"/>
<pin id="138" dir="1" index="1" bw="64" slack="2"/>
</pin_list>
<bind>
<opcode="sext(35) " fcode="sext"/>
<opset="sext_ln76_cast/1 "/>
</bind>
</comp>

<comp id="140" class="1004" name="store_ln0_store_fu_140">
<pin_list>
<pin id="141" dir="0" index="0" bw="1" slack="0"/>
<pin id="142" dir="0" index="1" bw="10" slack="0"/>
<pin id="143" dir="1" index="2" bw="0" slack="2147483647"/>
</pin_list>
<bind>
<opcode="store(28) " fcode="store"/>
<opset="store_ln0/1 "/>
</bind>
</comp>

<comp id="145" class="1004" name="store_ln0_store_fu_145">
<pin_list>
<pin id="146" dir="0" index="0" bw="1" slack="0"/>
<pin id="147" dir="0" index="1" bw="3" slack="0"/>
<pin id="148" dir="1" index="2" bw="0" slack="2147483647"/>
</pin_list>
<bind>
<opcode="store(28) " fcode="store"/>
<opset="store_ln0/1 "/>
</bind>
</comp>

<comp id="150" class="1004" name="store_ln0_store_fu_150">
<pin_list>
<pin id="151" dir="0" index="0" bw="1" slack="0"/>
<pin id="152" dir="0" index="1" bw="8" slack="0"/>
<pin id="153" dir="1" index="2" bw="0" slack="2147483647"/>
</pin_list>
<bind>
<opcode="store(28) " fcode="store"/>
<opset="store_ln0/1 "/>
</bind>
</comp>

<comp id="155" class="1004" name="store_ln0_store_fu_155">
<pin_list>
<pin id="156" dir="0" index="0" bw="1" slack="0"/>
<pin id="157" dir="0" index="1" bw="2" slack="0"/>
<pin id="158" dir="1" index="2" bw="0" slack="2147483647"/>
</pin_list>
<bind>
<opcode="store(28) " fcode="store"/>
<opset="store_ln0/1 "/>
</bind>
</comp>

<comp id="160" class="1004" name="store_ln0_store_fu_160">
<pin_list>
<pin id="161" dir="0" index="0" bw="1" slack="0"/>
<pin id="162" dir="0" index="1" bw="6" slack="0"/>
<pin id="163" dir="1" index="2" bw="0" slack="2147483647"/>
</pin_list>
<bind>
<opcode="store(28) " fcode="store"/>
<opset="store_ln0/1 "/>
</bind>
</comp>

<comp id="165" class="1004" name="store_ln0_store_fu_165">
<pin_list>
<pin id="166" dir="0" index="0" bw="1" slack="0"/>
<pin id="167" dir="0" index="1" bw="3" slack="0"/>
<pin id="168" dir="1" index="2" bw="0" slack="2147483647"/>
</pin_list>
<bind>
<opcode="store(28) " fcode="store"/>
<opset="store_ln0/1 "/>
</bind>
</comp>

<comp id="170" class="1004" name="store_ln0_store_fu_170">
<pin_list>
<pin id="171" dir="0" index="0" bw="1" slack="0"/>
<pin id="172" dir="0" index="1" bw="3" slack="0"/>
<pin id="173" dir="1" index="2" bw="0" slack="2147483647"/>
</pin_list>
<bind>
<opcode="store(28) " fcode="store"/>
<opset="store_ln0/1 "/>
</bind>
</comp>

<comp id="175" class="1004" name="indvar_flatten87_load_load_fu_175">
<pin_list>
<pin id="176" dir="0" index="0" bw="10" slack="0"/>
<pin id="177" dir="1" index="1" bw="10" slack="0"/>
</pin_list>
<bind>
<opcode="load(27) " fcode="load"/>
<opset="indvar_flatten87_load/1 "/>
</bind>
</comp>

<comp id="178" class="1004" name="icmp_ln76_fu_178">
<pin_list>
<pin id="179" dir="0" index="0" bw="10" slack="0"/>
<pin id="180" dir="0" index="1" bw="10" slack="0"/>
<pin id="181" dir="1" index="2" bw="1" slack="1"/>
</pin_list>
<bind>
<opcode="icmp(45) " fcode="icmp"/>
<opset="icmp_ln76/1 "/>
</bind>
</comp>

<comp id="184" class="1004" name="add_ln76_1_fu_184">
<pin_list>
<pin id="185" dir="0" index="0" bw="10" slack="0"/>
<pin id="186" dir="0" index="1" bw="1" slack="0"/>
<pin id="187" dir="1" index="2" bw="10" slack="0"/>
</pin_list>
<bind>
<opcode="add(8) " fcode="add"/>
<opset="add_ln76_1/1 "/>
</bind>
</comp>

<comp id="190" class="1004" name="indvar_flatten49_load_load_fu_190">
<pin_list>
<pin id="191" dir="0" index="0" bw="6" slack="0"/>
<pin id="192" dir="1" index="1" bw="6" slack="0"/>
</pin_list>
<bind>
<opcode="load(27) " fcode="load"/>
<opset="indvar_flatten49_load/1 "/>
</bind>
</comp>

<comp id="193" class="1004" name="indvar_flatten63_load_load_fu_193">
<pin_list>
<pin id="194" dir="0" index="0" bw="8" slack="0"/>
<pin id="195" dir="1" index="1" bw="8" slack="0"/>
</pin_list>
<bind>
<opcode="load(27) " fcode="load"/>
<opset="indvar_flatten63_load/1 "/>
</bind>
</comp>

<comp id="196" class="1004" name="icmp_ln79_fu_196">
<pin_list>
<pin id="197" dir="0" index="0" bw="8" slack="0"/>
<pin id="198" dir="0" index="1" bw="8" slack="0"/>
<pin id="199" dir="1" index="2" bw="1" slack="0"/>
</pin_list>
<bind>
<opcode="icmp(45) " fcode="icmp"/>
<opset="icmp_ln79/1 "/>
</bind>
</comp>

<comp id="202" class="1004" name="xor_ln76_fu_202">
<pin_list>
<pin id="203" dir="0" index="0" bw="1" slack="0"/>
<pin id="204" dir="0" index="1" bw="1" slack="0"/>
<pin id="205" dir="1" index="2" bw="1" slack="0"/>
</pin_list>
<bind>
<opcode="xor(25) " fcode="xor"/>
<opset="xor_ln76/1 "/>
</bind>
</comp>

<comp id="208" class="1004" name="icmp_ln82_fu_208">
<pin_list>
<pin id="209" dir="0" index="0" bw="6" slack="0"/>
<pin id="210" dir="0" index="1" bw="5" slack="0"/>
<pin id="211" dir="1" index="2" bw="1" slack="0"/>
</pin_list>
<bind>
<opcode="icmp(45) " fcode="icmp"/>
<opset="icmp_ln82/1 "/>
</bind>
</comp>

<comp id="214" class="1004" name="and_ln76_1_fu_214">
<pin_list>
<pin id="215" dir="0" index="0" bw="1" slack="0"/>
<pin id="216" dir="0" index="1" bw="1" slack="0"/>
<pin id="217" dir="1" index="2" bw="1" slack="0"/>
</pin_list>
<bind>
<opcode="and(23) " fcode="and"/>
<opset="and_ln76_1/1 "/>
</bind>
</comp>

<comp id="220" class="1004" name="or_ln79_fu_220">
<pin_list>
<pin id="221" dir="0" index="0" bw="1" slack="0"/>
<pin id="222" dir="0" index="1" bw="1" slack="0"/>
<pin id="223" dir="1" index="2" bw="1" slack="0"/>
</pin_list>
<bind>
<opcode="or(24) " fcode="or"/>
<opset="or_ln79/1 "/>
</bind>
</comp>

<comp id="226" class="1004" name="add_ln82_1_fu_226">
<pin_list>
<pin id="227" dir="0" index="0" bw="6" slack="0"/>
<pin id="228" dir="0" index="1" bw="1" slack="0"/>
<pin id="229" dir="1" index="2" bw="6" slack="0"/>
</pin_list>
<bind>
<opcode="add(8) " fcode="add"/>
<opset="add_ln82_1/1 "/>
</bind>
</comp>

<comp id="232" class="1004" name="select_ln82_2_fu_232">
<pin_list>
<pin id="233" dir="0" index="0" bw="1" slack="0"/>
<pin id="234" dir="0" index="1" bw="1" slack="0"/>
<pin id="235" dir="0" index="2" bw="6" slack="0"/>
<pin id="236" dir="1" index="3" bw="6" slack="0"/>
</pin_list>
<bind>
<opcode="select(49) " fcode="select"/>
<opset="select_ln82_2/1 "/>
</bind>
</comp>

<comp id="240" class="1004" name="add_ln79_1_fu_240">
<pin_list>
<pin id="241" dir="0" index="0" bw="8" slack="0"/>
<pin id="242" dir="0" index="1" bw="1" slack="0"/>
<pin id="243" dir="1" index="2" bw="8" slack="0"/>
</pin_list>
<bind>
<opcode="add(8) " fcode="add"/>
<opset="add_ln79_1/1 "/>
</bind>
</comp>

<comp id="246" class="1004" name="select_ln79_2_fu_246">
<pin_list>
<pin id="247" dir="0" index="0" bw="1" slack="0"/>
<pin id="248" dir="0" index="1" bw="1" slack="0"/>
<pin id="249" dir="0" index="2" bw="8" slack="0"/>
<pin id="250" dir="1" index="3" bw="8" slack="0"/>
</pin_list>
<bind>
<opcode="select(49) " fcode="select"/>
<opset="select_ln79_2/1 "/>
</bind>
</comp>

<comp id="254" class="1004" name="store_ln85_store_fu_254">
<pin_list>
<pin id="255" dir="0" index="0" bw="10" slack="0"/>
<pin id="256" dir="0" index="1" bw="10" slack="0"/>
<pin id="257" dir="1" index="2" bw="0" slack="2147483647"/>
</pin_list>
<bind>
<opcode="store(28) " fcode="store"/>
<opset="store_ln85/1 "/>
</bind>
</comp>

<comp id="259" class="1004" name="store_ln85_store_fu_259">
<pin_list>
<pin id="260" dir="0" index="0" bw="8" slack="0"/>
<pin id="261" dir="0" index="1" bw="8" slack="0"/>
<pin id="262" dir="1" index="2" bw="0" slack="2147483647"/>
</pin_list>
<bind>
<opcode="store(28) " fcode="store"/>
<opset="store_ln85/1 "/>
</bind>
</comp>

<comp id="264" class="1004" name="store_ln85_store_fu_264">
<pin_list>
<pin id="265" dir="0" index="0" bw="6" slack="0"/>
<pin id="266" dir="0" index="1" bw="6" slack="0"/>
<pin id="267" dir="1" index="2" bw="0" slack="2147483647"/>
</pin_list>
<bind>
<opcode="store(28) " fcode="store"/>
<opset="store_ln85/1 "/>
</bind>
</comp>

<comp id="269" class="1004" name="kw_load_load_fu_269">
<pin_list>
<pin id="270" dir="0" index="0" bw="3" slack="1"/>
<pin id="271" dir="1" index="1" bw="3" slack="0"/>
</pin_list>
<bind>
<opcode="load(27) " fcode="load"/>
<opset="kw_load/2 "/>
</bind>
</comp>

<comp id="272" class="1004" name="kh_load_load_fu_272">
<pin_list>
<pin id="273" dir="0" index="0" bw="3" slack="1"/>
<pin id="274" dir="1" index="1" bw="3" slack="0"/>
</pin_list>
<bind>
<opcode="load(27) " fcode="load"/>
<opset="kh_load/2 "/>
</bind>
</comp>

<comp id="275" class="1004" name="c_load_load_fu_275">
<pin_list>
<pin id="276" dir="0" index="0" bw="2" slack="1"/>
<pin id="277" dir="1" index="1" bw="2" slack="0"/>
</pin_list>
<bind>
<opcode="load(27) " fcode="load"/>
<opset="c_load/2 "/>
</bind>
</comp>

<comp id="278" class="1004" name="f_load_load_fu_278">
<pin_list>
<pin id="279" dir="0" index="0" bw="3" slack="1"/>
<pin id="280" dir="1" index="1" bw="3" slack="0"/>
</pin_list>
<bind>
<opcode="load(27) " fcode="load"/>
<opset="f_load/2 "/>
</bind>
</comp>

<comp id="281" class="1004" name="add_ln76_fu_281">
<pin_list>
<pin id="282" dir="0" index="0" bw="3" slack="0"/>
<pin id="283" dir="0" index="1" bw="1" slack="0"/>
<pin id="284" dir="1" index="2" bw="3" slack="0"/>
</pin_list>
<bind>
<opcode="add(8) " fcode="add"/>
<opset="add_ln76/2 "/>
</bind>
</comp>

<comp id="287" class="1004" name="select_ln76_fu_287">
<pin_list>
<pin id="288" dir="0" index="0" bw="1" slack="1"/>
<pin id="289" dir="0" index="1" bw="1" slack="0"/>
<pin id="290" dir="0" index="2" bw="2" slack="0"/>
<pin id="291" dir="1" index="3" bw="2" slack="0"/>
</pin_list>
<bind>
<opcode="select(49) " fcode="select"/>
<opset="select_ln76/2 "/>
</bind>
</comp>

<comp id="294" class="1004" name="select_ln76_1_fu_294">
<pin_list>
<pin id="295" dir="0" index="0" bw="1" slack="1"/>
<pin id="296" dir="0" index="1" bw="3" slack="0"/>
<pin id="297" dir="0" index="2" bw="3" slack="0"/>
<pin id="298" dir="1" index="3" bw="3" slack="0"/>
</pin_list>
<bind>
<opcode="select(49) " fcode="select"/>
<opset="select_ln76_1/2 "/>
</bind>
</comp>

<comp id="301" class="1004" name="zext_ln87_fu_301">
<pin_list>
<pin id="302" dir="0" index="0" bw="3" slack="0"/>
<pin id="303" dir="1" index="1" bw="6" slack="0"/>
</pin_list>
<bind>
<opcode="zext(34) " fcode="zext"/>
<opset="zext_ln87/2 "/>
</bind>
</comp>

<comp id="305" class="1004" name="tmp_s_fu_305">
<pin_list>
<pin id="306" dir="0" index="0" bw="5" slack="0"/>
<pin id="307" dir="0" index="1" bw="3" slack="0"/>
<pin id="308" dir="0" index="2" bw="1" slack="0"/>
<pin id="309" dir="1" index="3" bw="5" slack="0"/>
</pin_list>
<bind>
<opcode="bitconcatenate(1004) " fcode="bitconcatenate"/>
<opset="tmp_s/2 "/>
</bind>
</comp>

<comp id="313" class="1004" name="zext_ln87_1_fu_313">
<pin_list>
<pin id="314" dir="0" index="0" bw="5" slack="0"/>
<pin id="315" dir="1" index="1" bw="6" slack="0"/>
</pin_list>
<bind>
<opcode="zext(34) " fcode="zext"/>
<opset="zext_ln87_1/2 "/>
</bind>
</comp>

<comp id="317" class="1004" name="sub_ln87_fu_317">
<pin_list>
<pin id="318" dir="0" index="0" bw="5" slack="0"/>
<pin id="319" dir="0" index="1" bw="3" slack="0"/>
<pin id="320" dir="1" index="2" bw="6" slack="0"/>
</pin_list>
<bind>
<opcode="sub(10) " fcode="sub"/>
<opset="sub_ln87/2 "/>
</bind>
</comp>

<comp id="323" class="1004" name="sext_ln79_fu_323">
<pin_list>
<pin id="324" dir="0" index="0" bw="6" slack="0"/>
<pin id="325" dir="1" index="1" bw="7" slack="0"/>
</pin_list>
<bind>
<opcode="sext(35) " fcode="sext"/>
<opset="sext_ln79/2 "/>
</bind>
</comp>

<comp id="327" class="1004" name="icmp_ln85_fu_327">
<pin_list>
<pin id="328" dir="0" index="0" bw="3" slack="0"/>
<pin id="329" dir="0" index="1" bw="1" slack="0"/>
<pin id="330" dir="1" index="2" bw="1" slack="0"/>
</pin_list>
<bind>
<opcode="icmp(45) " fcode="icmp"/>
<opset="icmp_ln85/2 "/>
</bind>
</comp>

<comp id="333" class="1004" name="and_ln76_fu_333">
<pin_list>
<pin id="334" dir="0" index="0" bw="1" slack="0"/>
<pin id="335" dir="0" index="1" bw="1" slack="1"/>
<pin id="336" dir="1" index="2" bw="1" slack="0"/>
</pin_list>
<bind>
<opcode="and(23) " fcode="and"/>
<opset="and_ln76/2 "/>
</bind>
</comp>

<comp id="338" class="1004" name="add_ln79_fu_338">
<pin_list>
<pin id="339" dir="0" index="0" bw="2" slack="0"/>
<pin id="340" dir="0" index="1" bw="1" slack="0"/>
<pin id="341" dir="1" index="2" bw="2" slack="0"/>
</pin_list>
<bind>
<opcode="add(8) " fcode="add"/>
<opset="add_ln79/2 "/>
</bind>
</comp>

<comp id="344" class="1004" name="select_ln79_fu_344">
<pin_list>
<pin id="345" dir="0" index="0" bw="1" slack="1"/>
<pin id="346" dir="0" index="1" bw="1" slack="0"/>
<pin id="347" dir="0" index="2" bw="3" slack="0"/>
<pin id="348" dir="1" index="3" bw="3" slack="0"/>
</pin_list>
<bind>
<opcode="select(49) " fcode="select"/>
<opset="select_ln79/2 "/>
</bind>
</comp>

<comp id="351" class="1004" name="select_ln79_1_fu_351">
<pin_list>
<pin id="352" dir="0" index="0" bw="1" slack="1"/>
<pin id="353" dir="0" index="1" bw="2" slack="0"/>
<pin id="354" dir="0" index="2" bw="2" slack="0"/>
<pin id="355" dir="1" index="3" bw="2" slack="0"/>
</pin_list>
<bind>
<opcode="select(49) " fcode="select"/>
<opset="select_ln79_1/2 "/>
</bind>
</comp>

<comp id="358" class="1004" name="zext_ln87_2_fu_358">
<pin_list>
<pin id="359" dir="0" index="0" bw="2" slack="0"/>
<pin id="360" dir="1" index="1" bw="7" slack="0"/>
</pin_list>
<bind>
<opcode="zext(34) " fcode="zext"/>
<opset="zext_ln87_2/2 "/>
</bind>
</comp>

<comp id="362" class="1004" name="add_ln87_fu_362">
<pin_list>
<pin id="363" dir="0" index="0" bw="6" slack="0"/>
<pin id="364" dir="0" index="1" bw="2" slack="0"/>
<pin id="365" dir="1" index="2" bw="7" slack="1"/>
</pin_list>
<bind>
<opcode="add(8) " fcode="add"/>
<opset="add_ln87/2 "/>
</bind>
</comp>

<comp id="368" class="1004" name="xor_ln79_fu_368">
<pin_list>
<pin id="369" dir="0" index="0" bw="1" slack="1"/>
<pin id="370" dir="0" index="1" bw="1" slack="0"/>
<pin id="371" dir="1" index="2" bw="1" slack="0"/>
</pin_list>
<bind>
<opcode="xor(25) " fcode="xor"/>
<opset="xor_ln79/2 "/>
</bind>
</comp>

<comp id="373" class="1004" name="or_ln79_1_fu_373">
<pin_list>
<pin id="374" dir="0" index="0" bw="1" slack="1"/>
<pin id="375" dir="0" index="1" bw="1" slack="0"/>
<pin id="376" dir="1" index="2" bw="1" slack="0"/>
</pin_list>
<bind>
<opcode="or(24) " fcode="or"/>
<opset="or_ln79_1/2 "/>
</bind>
</comp>

<comp id="378" class="1004" name="and_ln79_fu_378">
<pin_list>
<pin id="379" dir="0" index="0" bw="1" slack="0"/>
<pin id="380" dir="0" index="1" bw="1" slack="0"/>
<pin id="381" dir="1" index="2" bw="1" slack="0"/>
</pin_list>
<bind>
<opcode="and(23) " fcode="and"/>
<opset="and_ln79/2 "/>
</bind>
</comp>

<comp id="384" class="1004" name="add_ln82_fu_384">
<pin_list>
<pin id="385" dir="0" index="0" bw="3" slack="0"/>
<pin id="386" dir="0" index="1" bw="1" slack="0"/>
<pin id="387" dir="1" index="2" bw="3" slack="0"/>
</pin_list>
<bind>
<opcode="add(8) " fcode="add"/>
<opset="add_ln82/2 "/>
</bind>
</comp>

<comp id="390" class="1004" name="or_ln82_fu_390">
<pin_list>
<pin id="391" dir="0" index="0" bw="1" slack="0"/>
<pin id="392" dir="0" index="1" bw="1" slack="1"/>
<pin id="393" dir="1" index="2" bw="1" slack="0"/>
</pin_list>
<bind>
<opcode="or(24) " fcode="or"/>
<opset="or_ln82/2 "/>
</bind>
</comp>

<comp id="395" class="1004" name="or_ln82_1_fu_395">
<pin_list>
<pin id="396" dir="0" index="0" bw="1" slack="0"/>
<pin id="397" dir="0" index="1" bw="1" slack="1"/>
<pin id="398" dir="1" index="2" bw="1" slack="0"/>
</pin_list>
<bind>
<opcode="or(24) " fcode="or"/>
<opset="or_ln82_1/2 "/>
</bind>
</comp>

<comp id="400" class="1004" name="select_ln82_fu_400">
<pin_list>
<pin id="401" dir="0" index="0" bw="1" slack="0"/>
<pin id="402" dir="0" index="1" bw="1" slack="0"/>
<pin id="403" dir="0" index="2" bw="3" slack="0"/>
<pin id="404" dir="1" index="3" bw="3" slack="0"/>
</pin_list>
<bind>
<opcode="select(49) " fcode="select"/>
<opset="select_ln82/2 "/>
</bind>
</comp>

<comp id="408" class="1004" name="select_ln82_1_fu_408">
<pin_list>
<pin id="409" dir="0" index="0" bw="1" slack="0"/>
<pin id="410" dir="0" index="1" bw="3" slack="0"/>
<pin id="411" dir="0" index="2" bw="3" slack="0"/>
<pin id="412" dir="1" index="3" bw="3" slack="0"/>
</pin_list>
<bind>
<opcode="select(49) " fcode="select"/>
<opset="select_ln82_1/2 "/>
</bind>
</comp>

<comp id="416" class="1004" name="add_ln85_fu_416">
<pin_list>
<pin id="417" dir="0" index="0" bw="3" slack="0"/>
<pin id="418" dir="0" index="1" bw="1" slack="0"/>
<pin id="419" dir="1" index="2" bw="3" slack="0"/>
</pin_list>
<bind>
<opcode="add(8) " fcode="add"/>
<opset="add_ln85/2 "/>
</bind>
</comp>

<comp id="422" class="1004" name="store_ln85_store_fu_422">
<pin_list>
<pin id="423" dir="0" index="0" bw="3" slack="0"/>
<pin id="424" dir="0" index="1" bw="3" slack="1"/>
<pin id="425" dir="1" index="2" bw="0" slack="2147483647"/>
</pin_list>
<bind>
<opcode="store(28) " fcode="store"/>
<opset="store_ln85/2 "/>
</bind>
</comp>

<comp id="427" class="1004" name="store_ln85_store_fu_427">
<pin_list>
<pin id="428" dir="0" index="0" bw="2" slack="0"/>
<pin id="429" dir="0" index="1" bw="2" slack="1"/>
<pin id="430" dir="1" index="2" bw="0" slack="2147483647"/>
</pin_list>
<bind>
<opcode="store(28) " fcode="store"/>
<opset="store_ln85/2 "/>
</bind>
</comp>

<comp id="432" class="1004" name="store_ln85_store_fu_432">
<pin_list>
<pin id="433" dir="0" index="0" bw="3" slack="0"/>
<pin id="434" dir="0" index="1" bw="3" slack="1"/>
<pin id="435" dir="1" index="2" bw="0" slack="2147483647"/>
</pin_list>
<bind>
<opcode="store(28) " fcode="store"/>
<opset="store_ln85/2 "/>
</bind>
</comp>

<comp id="437" class="1004" name="store_ln85_store_fu_437">
<pin_list>
<pin id="438" dir="0" index="0" bw="3" slack="0"/>
<pin id="439" dir="0" index="1" bw="3" slack="1"/>
<pin id="440" dir="1" index="2" bw="0" slack="2147483647"/>
</pin_list>
<bind>
<opcode="store(28) " fcode="store"/>
<opset="store_ln85/2 "/>
</bind>
</comp>

<comp id="442" class="1004" name="wt_addr_fu_442">
<pin_list>
<pin id="443" dir="0" index="0" bw="16" slack="0"/>
<pin id="444" dir="0" index="1" bw="63" slack="2"/>
<pin id="445" dir="1" index="2" bw="16" slack="0"/>
</pin_list>
<bind>
<opcode="getelementptr(29) " fcode="getelementptr"/>
<opset="wt_addr/3 "/>
</bind>
</comp>

<comp id="448" class="1004" name="sext_ln87_fu_448">
<pin_list>
<pin id="449" dir="0" index="0" bw="7" slack="1"/>
<pin id="450" dir="1" index="1" bw="61" slack="0"/>
</pin_list>
<bind>
<opcode="sext(35) " fcode="sext"/>
<opset="sext_ln87/3 "/>
</bind>
</comp>

<comp id="451" class="1004" name="tmp_fu_451">
<pin_list>
<pin id="452" dir="0" index="0" bw="10" slack="0"/>
<pin id="453" dir="0" index="1" bw="7" slack="1"/>
<pin id="454" dir="0" index="2" bw="1" slack="0"/>
<pin id="455" dir="1" index="3" bw="10" slack="0"/>
</pin_list>
<bind>
<opcode="bitconcatenate(1004) " fcode="bitconcatenate"/>
<opset="tmp/3 "/>
</bind>
</comp>

<comp id="458" class="1004" name="sext_ln87_1_fu_458">
<pin_list>
<pin id="459" dir="0" index="0" bw="10" slack="0"/>
<pin id="460" dir="1" index="1" bw="61" slack="0"/>
</pin_list>
<bind>
<opcode="sext(35) " fcode="sext"/>
<opset="sext_ln87_1/3 "/>
</bind>
</comp>

<comp id="462" class="1004" name="sub_ln87_1_fu_462">
<pin_list>
<pin id="463" dir="0" index="0" bw="10" slack="0"/>
<pin id="464" dir="0" index="1" bw="7" slack="0"/>
<pin id="465" dir="1" index="2" bw="61" slack="0"/>
</pin_list>
<bind>
<opcode="sub(10) " fcode="sub"/>
<opset="sub_ln87_1/3 "/>
</bind>
</comp>

<comp id="468" class="1004" name="zext_ln87_3_fu_468">
<pin_list>
<pin id="469" dir="0" index="0" bw="3" slack="1"/>
<pin id="470" dir="1" index="1" bw="61" slack="0"/>
</pin_list>
<bind>
<opcode="zext(34) " fcode="zext"/>
<opset="zext_ln87_3/3 "/>
</bind>
</comp>

<comp id="471" class="1004" name="add_ln87_1_fu_471">
<pin_list>
<pin id="472" dir="0" index="0" bw="11" slack="0"/>
<pin id="473" dir="0" index="1" bw="3" slack="0"/>
<pin id="474" dir="1" index="2" bw="61" slack="0"/>
</pin_list>
<bind>
<opcode="add(8) " fcode="add"/>
<opset="add_ln87_1/3 "/>
</bind>
</comp>

<comp id="477" class="1004" name="trunc_ln87_fu_477">
<pin_list>
<pin id="478" dir="0" index="0" bw="13" slack="0"/>
<pin id="479" dir="1" index="1" bw="10" slack="1"/>
</pin_list>
<bind>
<opcode="trunc(33) " fcode="trunc"/>
<opset="trunc_ln87/3 "/>
</bind>
</comp>

<comp id="481" class="1004" name="trunc_ln87_1_fu_481">
<pin_list>
<pin id="482" dir="0" index="0" bw="13" slack="0"/>
<pin id="483" dir="1" index="1" bw="7" slack="1"/>
</pin_list>
<bind>
<opcode="trunc(33) " fcode="trunc"/>
<opset="trunc_ln87_1/3 "/>
</bind>
</comp>

<comp id="485" class="1004" name="p_shl_fu_485">
<pin_list>
<pin id="486" dir="0" index="0" bw="10" slack="0"/>
<pin id="487" dir="0" index="1" bw="7" slack="1"/>
<pin id="488" dir="0" index="2" bw="1" slack="0"/>
<pin id="489" dir="1" index="3" bw="10" slack="0"/>
</pin_list>
<bind>
<opcode="bitconcatenate(1004) " fcode="bitconcatenate"/>
<opset="p_shl/4 "/>
</bind>
</comp>

<comp id="492" class="1004" name="sub_ln87_2_fu_492">
<pin_list>
<pin id="493" dir="0" index="0" bw="10" slack="0"/>
<pin id="494" dir="0" index="1" bw="10" slack="1"/>
<pin id="495" dir="1" index="2" bw="10" slack="0"/>
</pin_list>
<bind>
<opcode="sub(10) " fcode="sub"/>
<opset="sub_ln87_2/4 "/>
</bind>
</comp>

<comp id="497" class="1004" name="zext_ln87_4_fu_497">
<pin_list>
<pin id="498" dir="0" index="0" bw="3" slack="2"/>
<pin id="499" dir="1" index="1" bw="10" slack="0"/>
</pin_list>
<bind>
<opcode="zext(34) " fcode="zext"/>
<opset="zext_ln87_4/4 "/>
</bind>
</comp>

<comp id="500" class="1004" name="add_ln87_2_fu_500">
<pin_list>
<pin id="501" dir="0" index="0" bw="10" slack="0"/>
<pin id="502" dir="0" index="1" bw="3" slack="0"/>
<pin id="503" dir="1" index="2" bw="10" slack="0"/>
</pin_list>
<bind>
<opcode="add(8) " fcode="add"/>
<opset="add_ln87_2/4 "/>
</bind>
</comp>

<comp id="506" class="1004" name="zext_ln87_5_fu_506">
<pin_list>
<pin id="507" dir="0" index="0" bw="10" slack="0"/>
<pin id="508" dir="1" index="1" bw="64" slack="0"/>
</pin_list>
<bind>
<opcode="zext(34) " fcode="zext"/>
<opset="zext_ln87_5/4 "/>
</bind>
</comp>

<comp id="511" class="1005" name="kw_reg_511">
<pin_list>
<pin id="512" dir="0" index="0" bw="3" slack="0"/>
<pin id="513" dir="1" index="1" bw="3" slack="0"/>
</pin_list>
<bind>
<opset="kw "/>
</bind>
</comp>

<comp id="518" class="1005" name="kh_reg_518">
<pin_list>
<pin id="519" dir="0" index="0" bw="3" slack="0"/>
<pin id="520" dir="1" index="1" bw="3" slack="0"/>
</pin_list>
<bind>
<opset="kh "/>
</bind>
</comp>

<comp id="525" class="1005" name="indvar_flatten49_reg_525">
<pin_list>
<pin id="526" dir="0" index="0" bw="6" slack="0"/>
<pin id="527" dir="1" index="1" bw="6" slack="0"/>
</pin_list>
<bind>
<opset="indvar_flatten49 "/>
</bind>
</comp>

<comp id="532" class="1005" name="c_reg_532">
<pin_list>
<pin id="533" dir="0" index="0" bw="2" slack="0"/>
<pin id="534" dir="1" index="1" bw="2" slack="0"/>
</pin_list>
<bind>
<opset="c "/>
</bind>
</comp>

<comp id="539" class="1005" name="indvar_flatten63_reg_539">
<pin_list>
<pin id="540" dir="0" index="0" bw="8" slack="0"/>
<pin id="541" dir="1" index="1" bw="8" slack="0"/>
</pin_list>
<bind>
<opset="indvar_flatten63 "/>
</bind>
</comp>

<comp id="546" class="1005" name="f_reg_546">
<pin_list>
<pin id="547" dir="0" index="0" bw="3" slack="0"/>
<pin id="548" dir="1" index="1" bw="3" slack="0"/>
</pin_list>
<bind>
<opset="f "/>
</bind>
</comp>

<comp id="553" class="1005" name="indvar_flatten87_reg_553">
<pin_list>
<pin id="554" dir="0" index="0" bw="10" slack="0"/>
<pin id="555" dir="1" index="1" bw="10" slack="0"/>
</pin_list>
<bind>
<opset="indvar_flatten87 "/>
</bind>
</comp>

<comp id="560" class="1005" name="sext_ln76_cast_reg_560">
<pin_list>
<pin id="561" dir="0" index="0" bw="64" slack="2"/>
<pin id="562" dir="1" index="1" bw="64" slack="2"/>
</pin_list>
<bind>
<opset="sext_ln76_cast "/>
</bind>
</comp>

<comp id="565" class="1005" name="icmp_ln76_reg_565">
<pin_list>
<pin id="566" dir="0" index="0" bw="1" slack="1"/>
<pin id="567" dir="1" index="1" bw="1" slack="2147483647"/>
</pin_list>
<bind>
<opset="icmp_ln76 "/>
</bind>
</comp>

<comp id="569" class="1005" name="icmp_ln79_reg_569">
<pin_list>
<pin id="570" dir="0" index="0" bw="1" slack="1"/>
<pin id="571" dir="1" index="1" bw="1" slack="1"/>
</pin_list>
<bind>
<opset="icmp_ln79 "/>
</bind>
</comp>

<comp id="577" class="1005" name="xor_ln76_reg_577">
<pin_list>
<pin id="578" dir="0" index="0" bw="1" slack="1"/>
<pin id="579" dir="1" index="1" bw="1" slack="1"/>
</pin_list>
<bind>
<opset="xor_ln76 "/>
</bind>
</comp>

<comp id="582" class="1005" name="icmp_ln82_reg_582">
<pin_list>
<pin id="583" dir="0" index="0" bw="1" slack="1"/>
<pin id="584" dir="1" index="1" bw="1" slack="1"/>
</pin_list>
<bind>
<opset="icmp_ln82 "/>
</bind>
</comp>

<comp id="587" class="1005" name="and_ln76_1_reg_587">
<pin_list>
<pin id="588" dir="0" index="0" bw="1" slack="1"/>
<pin id="589" dir="1" index="1" bw="1" slack="1"/>
</pin_list>
<bind>
<opset="and_ln76_1 "/>
</bind>
</comp>

<comp id="593" class="1005" name="or_ln79_reg_593">
<pin_list>
<pin id="594" dir="0" index="0" bw="1" slack="1"/>
<pin id="595" dir="1" index="1" bw="1" slack="1"/>
</pin_list>
<bind>
<opset="or_ln79 "/>
</bind>
</comp>

<comp id="598" class="1005" name="add_ln87_reg_598">
<pin_list>
<pin id="599" dir="0" index="0" bw="7" slack="1"/>
<pin id="600" dir="1" index="1" bw="7" slack="1"/>
</pin_list>
<bind>
<opset="add_ln87 "/>
</bind>
</comp>

<comp id="604" class="1005" name="select_ln82_reg_604">
<pin_list>
<pin id="605" dir="0" index="0" bw="3" slack="2"/>
<pin id="606" dir="1" index="1" bw="3" slack="2"/>
</pin_list>
<bind>
<opset="select_ln82 "/>
</bind>
</comp>

<comp id="609" class="1005" name="select_ln82_1_reg_609">
<pin_list>
<pin id="610" dir="0" index="0" bw="3" slack="1"/>
<pin id="611" dir="1" index="1" bw="3" slack="1"/>
</pin_list>
<bind>
<opset="select_ln82_1 "/>
</bind>
</comp>

<comp id="614" class="1005" name="trunc_ln87_reg_614">
<pin_list>
<pin id="615" dir="0" index="0" bw="10" slack="1"/>
<pin id="616" dir="1" index="1" bw="10" slack="1"/>
</pin_list>
<bind>
<opset="trunc_ln87 "/>
</bind>
</comp>

<comp id="619" class="1005" name="trunc_ln87_1_reg_619">
<pin_list>
<pin id="620" dir="0" index="0" bw="7" slack="1"/>
<pin id="621" dir="1" index="1" bw="7" slack="1"/>
</pin_list>
<bind>
<opset="trunc_ln87_1 "/>
</bind>
</comp>

<comp id="624" class="1005" name="wt_addr_read_reg_624">
<pin_list>
<pin id="625" dir="0" index="0" bw="16" slack="1"/>
<pin id="626" dir="1" index="1" bw="16" slack="1"/>
</pin_list>
<bind>
<opset="wt_addr_read "/>
</bind>
</comp>

</comp_list>

<net_list>
<net id="87"><net_src comp="6" pin="0"/><net_sink comp="84" pin=0"/></net>

<net id="91"><net_src comp="6" pin="0"/><net_sink comp="88" pin=0"/></net>

<net id="95"><net_src comp="6" pin="0"/><net_sink comp="92" pin=0"/></net>

<net id="99"><net_src comp="6" pin="0"/><net_sink comp="96" pin=0"/></net>

<net id="103"><net_src comp="6" pin="0"/><net_sink comp="100" pin=0"/></net>

<net id="107"><net_src comp="6" pin="0"/><net_sink comp="104" pin=0"/></net>

<net id="111"><net_src comp="6" pin="0"/><net_sink comp="108" pin=0"/></net>

<net id="116"><net_src comp="8" pin="0"/><net_sink comp="112" pin=0"/></net>

<net id="117"><net_src comp="2" pin="0"/><net_sink comp="112" pin=1"/></net>

<net id="122"><net_src comp="66" pin="0"/><net_sink comp="118" pin=0"/></net>

<net id="128"><net_src comp="4" pin="0"/><net_sink comp="123" pin=0"/></net>

<net id="129"><net_src comp="80" pin="0"/><net_sink comp="123" pin=1"/></net>

<net id="135"><net_src comp="123" pin="3"/><net_sink comp="130" pin=0"/></net>

<net id="139"><net_src comp="112" pin="2"/><net_sink comp="136" pin=0"/></net>

<net id="144"><net_src comp="26" pin="0"/><net_sink comp="140" pin=0"/></net>

<net id="149"><net_src comp="28" pin="0"/><net_sink comp="145" pin=0"/></net>

<net id="154"><net_src comp="30" pin="0"/><net_sink comp="150" pin=0"/></net>

<net id="159"><net_src comp="32" pin="0"/><net_sink comp="155" pin=0"/></net>

<net id="164"><net_src comp="34" pin="0"/><net_sink comp="160" pin=0"/></net>

<net id="169"><net_src comp="28" pin="0"/><net_sink comp="165" pin=0"/></net>

<net id="174"><net_src comp="28" pin="0"/><net_sink comp="170" pin=0"/></net>

<net id="182"><net_src comp="175" pin="1"/><net_sink comp="178" pin=0"/></net>

<net id="183"><net_src comp="36" pin="0"/><net_sink comp="178" pin=1"/></net>

<net id="188"><net_src comp="175" pin="1"/><net_sink comp="184" pin=0"/></net>

<net id="189"><net_src comp="38" pin="0"/><net_sink comp="184" pin=1"/></net>

<net id="200"><net_src comp="193" pin="1"/><net_sink comp="196" pin=0"/></net>

<net id="201"><net_src comp="40" pin="0"/><net_sink comp="196" pin=1"/></net>

<net id="206"><net_src comp="196" pin="2"/><net_sink comp="202" pin=0"/></net>

<net id="207"><net_src comp="42" pin="0"/><net_sink comp="202" pin=1"/></net>

<net id="212"><net_src comp="190" pin="1"/><net_sink comp="208" pin=0"/></net>

<net id="213"><net_src comp="44" pin="0"/><net_sink comp="208" pin=1"/></net>

<net id="218"><net_src comp="208" pin="2"/><net_sink comp="214" pin=0"/></net>

<net id="219"><net_src comp="202" pin="2"/><net_sink comp="214" pin=1"/></net>

<net id="224"><net_src comp="214" pin="2"/><net_sink comp="220" pin=0"/></net>

<net id="225"><net_src comp="196" pin="2"/><net_sink comp="220" pin=1"/></net>

<net id="230"><net_src comp="190" pin="1"/><net_sink comp="226" pin=0"/></net>

<net id="231"><net_src comp="46" pin="0"/><net_sink comp="226" pin=1"/></net>

<net id="237"><net_src comp="220" pin="2"/><net_sink comp="232" pin=0"/></net>

<net id="238"><net_src comp="46" pin="0"/><net_sink comp="232" pin=1"/></net>

<net id="239"><net_src comp="226" pin="2"/><net_sink comp="232" pin=2"/></net>

<net id="244"><net_src comp="193" pin="1"/><net_sink comp="240" pin=0"/></net>

<net id="245"><net_src comp="48" pin="0"/><net_sink comp="240" pin=1"/></net>

<net id="251"><net_src comp="196" pin="2"/><net_sink comp="246" pin=0"/></net>

<net id="252"><net_src comp="48" pin="0"/><net_sink comp="246" pin=1"/></net>

<net id="253"><net_src comp="240" pin="2"/><net_sink comp="246" pin=2"/></net>

<net id="258"><net_src comp="184" pin="2"/><net_sink comp="254" pin=0"/></net>

<net id="263"><net_src comp="246" pin="3"/><net_sink comp="259" pin=0"/></net>

<net id="268"><net_src comp="232" pin="3"/><net_sink comp="264" pin=0"/></net>

<net id="285"><net_src comp="278" pin="1"/><net_sink comp="281" pin=0"/></net>

<net id="286"><net_src comp="50" pin="0"/><net_sink comp="281" pin=1"/></net>

<net id="292"><net_src comp="32" pin="0"/><net_sink comp="287" pin=1"/></net>

<net id="293"><net_src comp="275" pin="1"/><net_sink comp="287" pin=2"/></net>

<net id="299"><net_src comp="281" pin="2"/><net_sink comp="294" pin=1"/></net>

<net id="300"><net_src comp="278" pin="1"/><net_sink comp="294" pin=2"/></net>

<net id="304"><net_src comp="294" pin="3"/><net_sink comp="301" pin=0"/></net>

<net id="310"><net_src comp="52" pin="0"/><net_sink comp="305" pin=0"/></net>

<net id="311"><net_src comp="294" pin="3"/><net_sink comp="305" pin=1"/></net>

<net id="312"><net_src comp="32" pin="0"/><net_sink comp="305" pin=2"/></net>

<net id="316"><net_src comp="305" pin="3"/><net_sink comp="313" pin=0"/></net>

<net id="321"><net_src comp="313" pin="1"/><net_sink comp="317" pin=0"/></net>

<net id="322"><net_src comp="301" pin="1"/><net_sink comp="317" pin=1"/></net>

<net id="326"><net_src comp="317" pin="2"/><net_sink comp="323" pin=0"/></net>

<net id="331"><net_src comp="269" pin="1"/><net_sink comp="327" pin=0"/></net>

<net id="332"><net_src comp="54" pin="0"/><net_sink comp="327" pin=1"/></net>

<net id="337"><net_src comp="327" pin="2"/><net_sink comp="333" pin=0"/></net>

<net id="342"><net_src comp="287" pin="3"/><net_sink comp="338" pin=0"/></net>

<net id="343"><net_src comp="56" pin="0"/><net_sink comp="338" pin=1"/></net>

<net id="349"><net_src comp="28" pin="0"/><net_sink comp="344" pin=1"/></net>

<net id="350"><net_src comp="272" pin="1"/><net_sink comp="344" pin=2"/></net>

<net id="356"><net_src comp="338" pin="2"/><net_sink comp="351" pin=1"/></net>

<net id="357"><net_src comp="287" pin="3"/><net_sink comp="351" pin=2"/></net>

<net id="361"><net_src comp="351" pin="3"/><net_sink comp="358" pin=0"/></net>

<net id="366"><net_src comp="323" pin="1"/><net_sink comp="362" pin=0"/></net>

<net id="367"><net_src comp="358" pin="1"/><net_sink comp="362" pin=1"/></net>

<net id="372"><net_src comp="42" pin="0"/><net_sink comp="368" pin=1"/></net>

<net id="377"><net_src comp="368" pin="2"/><net_sink comp="373" pin=1"/></net>

<net id="382"><net_src comp="333" pin="2"/><net_sink comp="378" pin=0"/></net>

<net id="383"><net_src comp="373" pin="2"/><net_sink comp="378" pin=1"/></net>

<net id="388"><net_src comp="344" pin="3"/><net_sink comp="384" pin=0"/></net>

<net id="389"><net_src comp="50" pin="0"/><net_sink comp="384" pin=1"/></net>

<net id="394"><net_src comp="378" pin="2"/><net_sink comp="390" pin=0"/></net>

<net id="399"><net_src comp="390" pin="2"/><net_sink comp="395" pin=0"/></net>

<net id="405"><net_src comp="395" pin="2"/><net_sink comp="400" pin=0"/></net>

<net id="406"><net_src comp="28" pin="0"/><net_sink comp="400" pin=1"/></net>

<net id="407"><net_src comp="269" pin="1"/><net_sink comp="400" pin=2"/></net>

<net id="413"><net_src comp="378" pin="2"/><net_sink comp="408" pin=0"/></net>

<net id="414"><net_src comp="384" pin="2"/><net_sink comp="408" pin=1"/></net>

<net id="415"><net_src comp="344" pin="3"/><net_sink comp="408" pin=2"/></net>

<net id="420"><net_src comp="400" pin="3"/><net_sink comp="416" pin=0"/></net>

<net id="421"><net_src comp="50" pin="0"/><net_sink comp="416" pin=1"/></net>

<net id="426"><net_src comp="294" pin="3"/><net_sink comp="422" pin=0"/></net>

<net id="431"><net_src comp="351" pin="3"/><net_sink comp="427" pin=0"/></net>

<net id="436"><net_src comp="408" pin="3"/><net_sink comp="432" pin=0"/></net>

<net id="441"><net_src comp="416" pin="2"/><net_sink comp="437" pin=0"/></net>

<net id="446"><net_src comp="0" pin="0"/><net_sink comp="442" pin=0"/></net>

<net id="447"><net_src comp="442" pin="2"/><net_sink comp="118" pin=1"/></net>

<net id="456"><net_src comp="64" pin="0"/><net_sink comp="451" pin=0"/></net>

<net id="457"><net_src comp="28" pin="0"/><net_sink comp="451" pin=2"/></net>

<net id="461"><net_src comp="451" pin="3"/><net_sink comp="458" pin=0"/></net>

<net id="466"><net_src comp="458" pin="1"/><net_sink comp="462" pin=0"/></net>

<net id="467"><net_src comp="448" pin="1"/><net_sink comp="462" pin=1"/></net>

<net id="475"><net_src comp="462" pin="2"/><net_sink comp="471" pin=0"/></net>

<net id="476"><net_src comp="468" pin="1"/><net_sink comp="471" pin=1"/></net>

<net id="480"><net_src comp="471" pin="2"/><net_sink comp="477" pin=0"/></net>

<net id="484"><net_src comp="471" pin="2"/><net_sink comp="481" pin=0"/></net>

<net id="490"><net_src comp="64" pin="0"/><net_sink comp="485" pin=0"/></net>

<net id="491"><net_src comp="28" pin="0"/><net_sink comp="485" pin=2"/></net>

<net id="496"><net_src comp="485" pin="3"/><net_sink comp="492" pin=0"/></net>

<net id="504"><net_src comp="492" pin="2"/><net_sink comp="500" pin=0"/></net>

<net id="505"><net_src comp="497" pin="1"/><net_sink comp="500" pin=1"/></net>

<net id="509"><net_src comp="500" pin="2"/><net_sink comp="506" pin=0"/></net>

<net id="510"><net_src comp="506" pin="1"/><net_sink comp="123" pin=2"/></net>

<net id="514"><net_src comp="84" pin="1"/><net_sink comp="511" pin=0"/></net>

<net id="515"><net_src comp="511" pin="1"/><net_sink comp="170" pin=1"/></net>

<net id="516"><net_src comp="511" pin="1"/><net_sink comp="269" pin=0"/></net>

<net id="517"><net_src comp="511" pin="1"/><net_sink comp="437" pin=1"/></net>

<net id="521"><net_src comp="88" pin="1"/><net_sink comp="518" pin=0"/></net>

<net id="522"><net_src comp="518" pin="1"/><net_sink comp="165" pin=1"/></net>

<net id="523"><net_src comp="518" pin="1"/><net_sink comp="272" pin=0"/></net>

<net id="524"><net_src comp="518" pin="1"/><net_sink comp="432" pin=1"/></net>

<net id="528"><net_src comp="92" pin="1"/><net_sink comp="525" pin=0"/></net>

<net id="529"><net_src comp="525" pin="1"/><net_sink comp="160" pin=1"/></net>

<net id="530"><net_src comp="525" pin="1"/><net_sink comp="190" pin=0"/></net>

<net id="531"><net_src comp="525" pin="1"/><net_sink comp="264" pin=1"/></net>

<net id="535"><net_src comp="96" pin="1"/><net_sink comp="532" pin=0"/></net>

<net id="536"><net_src comp="532" pin="1"/><net_sink comp="155" pin=1"/></net>

<net id="537"><net_src comp="532" pin="1"/><net_sink comp="275" pin=0"/></net>

<net id="538"><net_src comp="532" pin="1"/><net_sink comp="427" pin=1"/></net>

<net id="542"><net_src comp="100" pin="1"/><net_sink comp="539" pin=0"/></net>

<net id="543"><net_src comp="539" pin="1"/><net_sink comp="150" pin=1"/></net>

<net id="544"><net_src comp="539" pin="1"/><net_sink comp="193" pin=0"/></net>

<net id="545"><net_src comp="539" pin="1"/><net_sink comp="259" pin=1"/></net>

<net id="549"><net_src comp="104" pin="1"/><net_sink comp="546" pin=0"/></net>

<net id="550"><net_src comp="546" pin="1"/><net_sink comp="145" pin=1"/></net>

<net id="551"><net_src comp="546" pin="1"/><net_sink comp="278" pin=0"/></net>

<net id="552"><net_src comp="546" pin="1"/><net_sink comp="422" pin=1"/></net>

<net id="556"><net_src comp="108" pin="1"/><net_sink comp="553" pin=0"/></net>

<net id="557"><net_src comp="553" pin="1"/><net_sink comp="140" pin=1"/></net>

<net id="558"><net_src comp="553" pin="1"/><net_sink comp="175" pin=0"/></net>

<net id="559"><net_src comp="553" pin="1"/><net_sink comp="254" pin=1"/></net>

<net id="563"><net_src comp="136" pin="1"/><net_sink comp="560" pin=0"/></net>

<net id="564"><net_src comp="560" pin="1"/><net_sink comp="442" pin=1"/></net>

<net id="568"><net_src comp="178" pin="2"/><net_sink comp="565" pin=0"/></net>

<net id="572"><net_src comp="196" pin="2"/><net_sink comp="569" pin=0"/></net>

<net id="573"><net_src comp="569" pin="1"/><net_sink comp="287" pin=0"/></net>

<net id="574"><net_src comp="569" pin="1"/><net_sink comp="294" pin=0"/></net>

<net id="575"><net_src comp="569" pin="1"/><net_sink comp="373" pin=0"/></net>

<net id="576"><net_src comp="569" pin="1"/><net_sink comp="395" pin=1"/></net>

<net id="580"><net_src comp="202" pin="2"/><net_sink comp="577" pin=0"/></net>

<net id="581"><net_src comp="577" pin="1"/><net_sink comp="333" pin=1"/></net>

<net id="585"><net_src comp="208" pin="2"/><net_sink comp="582" pin=0"/></net>

<net id="586"><net_src comp="582" pin="1"/><net_sink comp="368" pin=0"/></net>

<net id="590"><net_src comp="214" pin="2"/><net_sink comp="587" pin=0"/></net>

<net id="591"><net_src comp="587" pin="1"/><net_sink comp="351" pin=0"/></net>

<net id="592"><net_src comp="587" pin="1"/><net_sink comp="390" pin=1"/></net>

<net id="596"><net_src comp="220" pin="2"/><net_sink comp="593" pin=0"/></net>

<net id="597"><net_src comp="593" pin="1"/><net_sink comp="344" pin=0"/></net>

<net id="601"><net_src comp="362" pin="2"/><net_sink comp="598" pin=0"/></net>

<net id="602"><net_src comp="598" pin="1"/><net_sink comp="448" pin=0"/></net>

<net id="603"><net_src comp="598" pin="1"/><net_sink comp="451" pin=1"/></net>

<net id="607"><net_src comp="400" pin="3"/><net_sink comp="604" pin=0"/></net>

<net id="608"><net_src comp="604" pin="1"/><net_sink comp="497" pin=0"/></net>

<net id="612"><net_src comp="408" pin="3"/><net_sink comp="609" pin=0"/></net>

<net id="613"><net_src comp="609" pin="1"/><net_sink comp="468" pin=0"/></net>

<net id="617"><net_src comp="477" pin="1"/><net_sink comp="614" pin=0"/></net>

<net id="618"><net_src comp="614" pin="1"/><net_sink comp="492" pin=1"/></net>

<net id="622"><net_src comp="481" pin="1"/><net_sink comp="619" pin=0"/></net>

<net id="623"><net_src comp="619" pin="1"/><net_sink comp="485" pin=1"/></net>

<net id="627"><net_src comp="118" pin="2"/><net_sink comp="624" pin=0"/></net>

<net id="628"><net_src comp="624" pin="1"/><net_sink comp="130" pin=1"/></net>

</net_list>

</model> 
---------------- Datapath Model END ------------------

* FSMD analyzer results:
  - Output states:
	Port: conv_wt_buf_V | {4 }
 - Input state : 
	Port: tiled_conv_Pipeline_WEIGHT_KERNEL_NUM_WEIGHT_KERNEL_HEIGHT_WEIGHT_KERNEL_WIDTH : wt | {3 }
	Port: tiled_conv_Pipeline_WEIGHT_KERNEL_NUM_WEIGHT_KERNEL_HEIGHT_WEIGHT_KERNEL_WIDTH : sext_ln76 | {1 }
  - Chain level:
	State 1
		store_ln0 : 1
		store_ln0 : 1
		store_ln0 : 1
		store_ln0 : 1
		store_ln0 : 1
		store_ln0 : 1
		store_ln0 : 1
		indvar_flatten87_load : 1
		icmp_ln76 : 2
		add_ln76_1 : 2
		br_ln76 : 3
		indvar_flatten49_load : 1
		indvar_flatten63_load : 1
		icmp_ln79 : 2
		xor_ln76 : 3
		icmp_ln82 : 2
		and_ln76_1 : 3
		or_ln79 : 3
		add_ln82_1 : 2
		select_ln82_2 : 3
		add_ln79_1 : 2
		select_ln79_2 : 3
		store_ln85 : 3
		store_ln85 : 4
		store_ln85 : 4
	State 2
		add_ln76 : 1
		select_ln76 : 1
		select_ln76_1 : 2
		zext_ln87 : 3
		tmp_s : 3
		zext_ln87_1 : 4
		sub_ln87 : 5
		sext_ln79 : 6
		icmp_ln85 : 1
		and_ln76 : 2
		add_ln79 : 2
		select_ln79 : 1
		select_ln79_1 : 3
		zext_ln87_2 : 4
		add_ln87 : 7
		and_ln79 : 2
		add_ln82 : 2
		or_ln82 : 2
		or_ln82_1 : 2
		select_ln82 : 2
		select_ln82_1 : 2
		add_ln85 : 3
		store_ln85 : 3
		store_ln85 : 4
		store_ln85 : 3
		store_ln85 : 4
	State 3
		sext_ln87_1 : 1
		sub_ln87_1 : 2
		add_ln87_1 : 3
		trunc_ln87 : 4
		trunc_ln87_1 : 4
		wt_addr_read : 1
	State 4
		sub_ln87_2 : 1
		add_ln87_2 : 2
		zext_ln87_5 : 3
		conv_wt_buf_V_addr : 4
		store_ln87 : 5


============================================================
+ Verbose Summary: Datapath Resource usage 
============================================================

* Functional unit list:
|----------|----------------------------|---------|---------|
| Operation|       Functional Unit      |    FF   |   LUT   |
|----------|----------------------------|---------|---------|
|          |      add_ln76_1_fu_184     |    0    |    13   |
|          |      add_ln82_1_fu_226     |    0    |    14   |
|          |      add_ln79_1_fu_240     |    0    |    15   |
|          |       add_ln76_fu_281      |    0    |    11   |
|    add   |       add_ln79_fu_338      |    0    |    10   |
|          |       add_ln87_fu_362      |    0    |    14   |
|          |       add_ln82_fu_384      |    0    |    11   |
|          |       add_ln85_fu_416      |    0    |    11   |
|          |      add_ln87_1_fu_471     |    0    |    11   |
|          |      add_ln87_2_fu_500     |    0    |    10   |
|----------|----------------------------|---------|---------|
|          |      icmp_ln76_fu_178      |    0    |    11   |
|   icmp   |      icmp_ln79_fu_196      |    0    |    11   |
|          |      icmp_ln82_fu_208      |    0    |    10   |
|          |      icmp_ln85_fu_327      |    0    |    8    |
|----------|----------------------------|---------|---------|
|          |       sub_ln87_fu_317      |    0    |    13   |
|    sub   |      sub_ln87_1_fu_462     |    0    |    10   |
|          |      sub_ln87_2_fu_492     |    0    |    10   |
|----------|----------------------------|---------|---------|
|          |    select_ln82_2_fu_232    |    0    |    6    |
|          |    select_ln79_2_fu_246    |    0    |    8    |
|          |     select_ln76_fu_287     |    0    |    2    |
|  select  |    select_ln76_1_fu_294    |    0    |    3    |
|          |     select_ln79_fu_344     |    0    |    3    |
|          |    select_ln79_1_fu_351    |    0    |    2    |
|          |     select_ln82_fu_400     |    0    |    3    |
|          |    select_ln82_1_fu_408    |    0    |    3    |
|----------|----------------------------|---------|---------|
|          |       or_ln79_fu_220       |    0    |    2    |
|    or    |      or_ln79_1_fu_373      |    0    |    2    |
|          |       or_ln82_fu_390       |    0    |    2    |
|          |      or_ln82_1_fu_395      |    0    |    2    |
|----------|----------------------------|---------|---------|
|          |      and_ln76_1_fu_214     |    0    |    2    |
|    and   |       and_ln76_fu_333      |    0    |    2    |
|          |       and_ln79_fu_378      |    0    |    2    |
|----------|----------------------------|---------|---------|
|    xor   |       xor_ln76_fu_202      |    0    |    2    |
|          |       xor_ln79_fu_368      |    0    |    2    |
|----------|----------------------------|---------|---------|
|   read   | sext_ln76_read_read_fu_112 |    0    |    0    |
|          |  wt_addr_read_read_fu_118  |    0    |    0    |
|----------|----------------------------|---------|---------|
|          |    sext_ln76_cast_fu_136   |    0    |    0    |
|   sext   |      sext_ln79_fu_323      |    0    |    0    |
|          |      sext_ln87_fu_448      |    0    |    0    |
|          |     sext_ln87_1_fu_458     |    0    |    0    |
|----------|----------------------------|---------|---------|
|          |      zext_ln87_fu_301      |    0    |    0    |
|          |     zext_ln87_1_fu_313     |    0    |    0    |
|   zext   |     zext_ln87_2_fu_358     |    0    |    0    |
|          |     zext_ln87_3_fu_468     |    0    |    0    |
|          |     zext_ln87_4_fu_497     |    0    |    0    |
|          |     zext_ln87_5_fu_506     |    0    |    0    |
|----------|----------------------------|---------|---------|
|          |        tmp_s_fu_305        |    0    |    0    |
|bitconcatenate|         tmp_fu_451         |    0    |    0    |
|          |        p_shl_fu_485        |    0    |    0    |
|----------|----------------------------|---------|---------|
|   trunc  |      trunc_ln87_fu_477     |    0    |    0    |
|          |     trunc_ln87_1_fu_481    |    0    |    0    |
|----------|----------------------------|---------|---------|
|   Total  |                            |    0    |   241   |
|----------|----------------------------|---------|---------|

Memories:
N/A

* Register list:
+------------------------+--------+
|                        |   FF   |
+------------------------+--------+
|    add_ln87_reg_598    |    7   |
|   and_ln76_1_reg_587   |    1   |
|        c_reg_532       |    2   |
|        f_reg_546       |    3   |
|    icmp_ln76_reg_565   |    1   |
|    icmp_ln79_reg_569   |    1   |
|    icmp_ln82_reg_582   |    1   |
|indvar_flatten49_reg_525|    6   |
|indvar_flatten63_reg_539|    8   |
|indvar_flatten87_reg_553|   10   |
|       kh_reg_518       |    3   |
|       kw_reg_511       |    3   |
|     or_ln79_reg_593    |    1   |
|  select_ln82_1_reg_609 |    3   |
|   select_ln82_reg_604  |    3   |
| sext_ln76_cast_reg_560 |   64   |
|  trunc_ln87_1_reg_619  |    7   |
|   trunc_ln87_reg_614   |   10   |
|  wt_addr_read_reg_624  |   16   |
|    xor_ln76_reg_577    |    1   |
+------------------------+--------+
|          Total         |   151  |
+------------------------+--------+

* Multiplexer (MUX) list: 
|--------|------|------|------|--------|
|  Comp  |  Pin | Size |  BW  | S x BW |
|--------|------|------|------|--------|
|  Total |      |      |      |    0   |
|--------|------|------|------|--------|



* Summary:
+-----------+--------+--------+
|           |   FF   |   LUT  |
+-----------+--------+--------+
|  Function |    0   |   241  |
|   Memory  |    -   |    -   |
|Multiplexer|    -   |    -   |
|  Register |   151  |    -   |
+-----------+--------+--------+
|   Total   |   151  |   241  |
+-----------+--------+--------+
