

================================================================
== Vitis HLS Report for 'tiled_conv_Pipeline_WEIGHT_KERNEL_NUM_WEIGHT_KERNEL_HEIGHT_WEIGHT_KERNEL_WIDTH'
================================================================
* Date:           Fri Mar 17 13:50:41 2023

* Version:        2022.1.2 (Build 3605665 on Fri Aug  5 22:52:02 MDT 2022)
* Project:        proj
* Solution:       solution1 (Vivado IP Flow Target)
* Product family: zynq
* Target device:  xc7z020-clg400-1


================================================================
== Performance Estimates
================================================================
+ Timing: 
    * Summary: 
    +--------+----------+----------+------------+
    |  Clock |  Target  | Estimated| Uncertainty|
    +--------+----------+----------+------------+
    |ap_clk  |  10.00 ns|  7.300 ns|     2.70 ns|
    +--------+----------+----------+------------+

+ Latency: 
    * Summary: 
    +---------+---------+----------+----------+-----+-----+---------+
    |  Latency (cycles) |  Latency (absolute) |  Interval | Pipeline|
    |   min   |   max   |    min   |    max   | min | max |   Type  |
    +---------+---------+----------+----------+-----+-----+---------+
    |      592|      592|  5.920 us|  5.920 us|  592|  592|       no|
    +---------+---------+----------+----------+-----+-----+---------+

    + Detail: 
        * Instance: 
        N/A

        * Loop: 
        +--------------------------------------------------------------+---------+---------+----------+-----------+-----------+------+----------+
        |                                                              |  Latency (cycles) | Iteration|  Initiation Interval  | Trip |          |
        |                           Loop Name                          |   min   |   max   |  Latency |  achieved |   target  | Count| Pipelined|
        +--------------------------------------------------------------+---------+---------+----------+-----------+-----------+------+----------+
        |- WEIGHT_KERNEL_NUM_WEIGHT_KERNEL_HEIGHT_WEIGHT_KERNEL_WIDTH  |      590|      590|         4|          1|          1|   588|       yes|
        +--------------------------------------------------------------+---------+---------+----------+-----------+-----------+------+----------+

============================================================
+ Verbose Summary: Synthesis Manager
============================================================
InlineROM: 1
ExposeGlobal: 0
============================================================
+ Verbose Summary: CDFG Model
============================================================
IsTopModel: 0
ResetActiveHigh: 1
IsCombinational: 0
IsDatapathOnly: 0
HasWiredReturn: 1
HasMFsm: 2
HasVarLatency: 1
IsPipeline: 0
IsRtlPipelined: 0
IsInstanceOverlapped: 0
IsDontTouch: 0
HasImplIP: 0
IsGatedGlobalClock: 0

+ Individual pipeline summary: 
  * Pipeline-0: initiation interval (II) = 1, depth = 4


============================================================
+ Verbose Summary: Schedule
============================================================
* Number of FSM states : 4
* Pipeline : 1
  Pipeline-0 : II = 1, D = 4, States = { 1 2 3 4 }
* Dataflow Pipeline: 0

* FSM state transitions: 
1 --> 2 
2 --> 3 
3 --> 4 
4 --> 

* FSM state operations: 

State 1 <SV = 0> <Delay = 7.26>
ST_1 : Operation 7 [1/1] (0.00ns)   --->   "%kw = alloca i32 1"   --->   Operation 7 'alloca' 'kw' <Predicate = true> <Delay = 0.00>
ST_1 : Operation 8 [1/1] (0.00ns)   --->   "%kh = alloca i32 1"   --->   Operation 8 'alloca' 'kh' <Predicate = true> <Delay = 0.00>
ST_1 : Operation 9 [1/1] (0.00ns)   --->   "%indvar_flatten49 = alloca i32 1"   --->   Operation 9 'alloca' 'indvar_flatten49' <Predicate = true> <Delay = 0.00>
ST_1 : Operation 10 [1/1] (0.00ns)   --->   "%c = alloca i32 1"   --->   Operation 10 'alloca' 'c' <Predicate = true> <Delay = 0.00>
ST_1 : Operation 11 [1/1] (0.00ns)   --->   "%indvar_flatten63 = alloca i32 1"   --->   Operation 11 'alloca' 'indvar_flatten63' <Predicate = true> <Delay = 0.00>
ST_1 : Operation 12 [1/1] (0.00ns)   --->   "%f = alloca i32 1"   --->   Operation 12 'alloca' 'f' <Predicate = true> <Delay = 0.00>
ST_1 : Operation 13 [1/1] (0.00ns)   --->   "%indvar_flatten87 = alloca i32 1"   --->   Operation 13 'alloca' 'indvar_flatten87' <Predicate = true> <Delay = 0.00>
ST_1 : Operation 14 [1/1] (0.00ns)   --->   "%sext_ln76_read = read i63 @_ssdm_op_Read.ap_auto.i63, i63 %sext_ln76"   --->   Operation 14 'read' 'sext_ln76_read' <Predicate = true> <Delay = 0.00>
ST_1 : Operation 15 [1/1] (0.00ns)   --->   "%sext_ln76_cast = sext i63 %sext_ln76_read"   --->   Operation 15 'sext' 'sext_ln76_cast' <Predicate = true> <Delay = 0.00>
ST_1 : Operation 16 [1/1] (0.00ns)   --->   "%specinterface_ln0 = specinterface void @_ssdm_op_SpecInterface, i16 %wt, void @empty_2, i32 0, i32 0, void @empty_11, i32 0, i32 1, void @empty_18, void @empty_17, void @empty_11, i32 16, i32 16, i32 16, i32 16, void @empty_11, void @empty_11, i32 4294967295, i32 0"   --->   Operation 16 'specinterface' 'specinterface_ln0' <Predicate = true> <Delay = 0.00>
ST_1 : Operation 17 [1/1] (1.58ns)   --->   "%store_ln0 = store i10 0, i10 %indvar_flatten87"   --->   Operation 17 'store' 'store_ln0' <Predicate = true> <Delay = 1.58>
ST_1 : Operation 18 [1/1] (1.58ns)   --->   "%store_ln0 = store i3 0, i3 %f"   --->   Operation 18 'store' 'store_ln0' <Predicate = true> <Delay = 1.58>
ST_1 : Operation 19 [1/1] (1.58ns)   --->   "%store_ln0 = store i8 0, i8 %indvar_flatten63"   --->   Operation 19 'store' 'store_ln0' <Predicate = true> <Delay = 1.58>
ST_1 : Operation 20 [1/1] (1.58ns)   --->   "%store_ln0 = store i2 0, i2 %c"   --->   Operation 20 'store' 'store_ln0' <Predicate = true> <Delay = 1.58>
ST_1 : Operation 21 [1/1] (1.58ns)   --->   "%store_ln0 = store i6 0, i6 %indvar_flatten49"   --->   Operation 21 'store' 'store_ln0' <Predicate = true> <Delay = 1.58>
ST_1 : Operation 22 [1/1] (1.58ns)   --->   "%store_ln0 = store i3 0, i3 %kh"   --->   Operation 22 'store' 'store_ln0' <Predicate = true> <Delay = 1.58>
ST_1 : Operation 23 [1/1] (1.58ns)   --->   "%store_ln0 = store i3 0, i3 %kw"   --->   Operation 23 'store' 'store_ln0' <Predicate = true> <Delay = 1.58>
ST_1 : Operation 24 [1/1] (0.00ns)   --->   "%br_ln0 = br void %for.inc.i59"   --->   Operation 24 'br' 'br_ln0' <Predicate = true> <Delay = 0.00>
ST_1 : Operation 25 [1/1] (0.00ns)   --->   "%indvar_flatten87_load = load i10 %indvar_flatten87" [utils.cpp:76]   --->   Operation 25 'load' 'indvar_flatten87_load' <Predicate = true> <Delay = 0.00>
ST_1 : Operation 26 [1/1] (1.77ns)   --->   "%icmp_ln76 = icmp_eq  i10 %indvar_flatten87_load, i10 588" [utils.cpp:76]   --->   Operation 26 'icmp' 'icmp_ln76' <Predicate = true> <Delay = 1.77> <CoreInst = "Cmp">   --->   Core 9 'Cmp' <Latency = 0> <II = 1> <Delay = 1.77> <FuncUnit> <Opcode : 'icmp'> <InPorts = 2> <OutPorts = 1>
ST_1 : Operation 27 [1/1] (1.73ns)   --->   "%add_ln76_1 = add i10 %indvar_flatten87_load, i10 1" [utils.cpp:76]   --->   Operation 27 'add' 'add_ln76_1' <Predicate = true> <Delay = 1.73> <CoreInst = "Adder">   --->   Core 1 'Adder' <Latency = 0> <II = 1> <Delay = 1.73> <FuncUnit> <Opcode : 'add' 'sub'> <InPorts = 2> <OutPorts = 1>
ST_1 : Operation 28 [1/1] (0.00ns)   --->   "%br_ln76 = br i1 %icmp_ln76, void %for.inc33.i, void %BIAS.i.exitStub" [utils.cpp:76]   --->   Operation 28 'br' 'br_ln76' <Predicate = true> <Delay = 0.00>
ST_1 : Operation 29 [1/1] (0.00ns)   --->   "%indvar_flatten49_load = load i6 %indvar_flatten49" [utils.cpp:82]   --->   Operation 29 'load' 'indvar_flatten49_load' <Predicate = (!icmp_ln76)> <Delay = 0.00>
ST_1 : Operation 30 [1/1] (0.00ns)   --->   "%indvar_flatten63_load = load i8 %indvar_flatten63" [utils.cpp:79]   --->   Operation 30 'load' 'indvar_flatten63_load' <Predicate = (!icmp_ln76)> <Delay = 0.00>
ST_1 : Operation 31 [1/1] (1.55ns)   --->   "%icmp_ln79 = icmp_eq  i8 %indvar_flatten63_load, i8 147" [utils.cpp:79]   --->   Operation 31 'icmp' 'icmp_ln79' <Predicate = (!icmp_ln76)> <Delay = 1.55> <CoreInst = "Cmp">   --->   Core 9 'Cmp' <Latency = 0> <II = 1> <Delay = 1.55> <FuncUnit> <Opcode : 'icmp'> <InPorts = 2> <OutPorts = 1>
ST_1 : Operation 32 [1/1] (0.97ns)   --->   "%xor_ln76 = xor i1 %icmp_ln79, i1 1" [utils.cpp:76]   --->   Operation 32 'xor' 'xor_ln76' <Predicate = (!icmp_ln76)> <Delay = 0.97> <CoreInst = "LogicGate">   --->   Core 74 'LogicGate' <Latency = 0> <II = 1> <Delay = 0.97> <FuncUnit> <Opcode : 'and' 'or' 'xor'> <InPorts = 2> <OutPorts = 1>
ST_1 : Operation 33 [1/1] (1.42ns)   --->   "%icmp_ln82 = icmp_eq  i6 %indvar_flatten49_load, i6 49" [utils.cpp:82]   --->   Operation 33 'icmp' 'icmp_ln82' <Predicate = (!icmp_ln76)> <Delay = 1.42> <CoreInst = "Cmp">   --->   Core 9 'Cmp' <Latency = 0> <II = 1> <Delay = 1.42> <FuncUnit> <Opcode : 'icmp'> <InPorts = 2> <OutPorts = 1>
ST_1 : Operation 34 [1/1] (0.97ns)   --->   "%and_ln76_1 = and i1 %icmp_ln82, i1 %xor_ln76" [utils.cpp:76]   --->   Operation 34 'and' 'and_ln76_1' <Predicate = (!icmp_ln76)> <Delay = 0.97> <CoreInst = "LogicGate">   --->   Core 74 'LogicGate' <Latency = 0> <II = 1> <Delay = 0.97> <FuncUnit> <Opcode : 'and' 'or' 'xor'> <InPorts = 2> <OutPorts = 1>
ST_1 : Operation 35 [1/1] (0.97ns)   --->   "%or_ln79 = or i1 %and_ln76_1, i1 %icmp_ln79" [utils.cpp:79]   --->   Operation 35 'or' 'or_ln79' <Predicate = (!icmp_ln76)> <Delay = 0.97> <CoreInst = "LogicGate">   --->   Core 74 'LogicGate' <Latency = 0> <II = 1> <Delay = 0.97> <FuncUnit> <Opcode : 'and' 'or' 'xor'> <InPorts = 2> <OutPorts = 1>
ST_1 : Operation 36 [1/1] (1.82ns)   --->   "%add_ln82_1 = add i6 %indvar_flatten49_load, i6 1" [utils.cpp:82]   --->   Operation 36 'add' 'add_ln82_1' <Predicate = (!icmp_ln76)> <Delay = 1.82> <CoreInst = "Adder">   --->   Core 1 'Adder' <Latency = 0> <II = 1> <Delay = 1.82> <FuncUnit> <Opcode : 'add' 'sub'> <InPorts = 2> <OutPorts = 1>
ST_1 : Operation 37 [1/1] (1.18ns)   --->   "%select_ln82_2 = select i1 %or_ln79, i6 1, i6 %add_ln82_1" [utils.cpp:82]   --->   Operation 37 'select' 'select_ln82_2' <Predicate = (!icmp_ln76)> <Delay = 1.18> <CoreInst = "Sel">   --->   Core 73 'Sel' <Latency = 0> <II = 1> <Delay = 1.18> <FuncUnit> <Opcode : 'select'> <InPorts = 3> <OutPorts = 1>
ST_1 : Operation 38 [1/1] (1.91ns)   --->   "%add_ln79_1 = add i8 %indvar_flatten63_load, i8 1" [utils.cpp:79]   --->   Operation 38 'add' 'add_ln79_1' <Predicate = (!icmp_ln76)> <Delay = 1.91> <CoreInst = "Adder">   --->   Core 1 'Adder' <Latency = 0> <II = 1> <Delay = 1.91> <FuncUnit> <Opcode : 'add' 'sub'> <InPorts = 2> <OutPorts = 1>
ST_1 : Operation 39 [1/1] (1.24ns)   --->   "%select_ln79_2 = select i1 %icmp_ln79, i8 1, i8 %add_ln79_1" [utils.cpp:79]   --->   Operation 39 'select' 'select_ln79_2' <Predicate = (!icmp_ln76)> <Delay = 1.24> <CoreInst = "Sel">   --->   Core 73 'Sel' <Latency = 0> <II = 1> <Delay = 1.24> <FuncUnit> <Opcode : 'select'> <InPorts = 3> <OutPorts = 1>
ST_1 : Operation 40 [1/1] (1.58ns)   --->   "%store_ln85 = store i10 %add_ln76_1, i10 %indvar_flatten87" [utils.cpp:85]   --->   Operation 40 'store' 'store_ln85' <Predicate = (!icmp_ln76)> <Delay = 1.58>
ST_1 : Operation 41 [1/1] (1.58ns)   --->   "%store_ln85 = store i8 %select_ln79_2, i8 %indvar_flatten63" [utils.cpp:85]   --->   Operation 41 'store' 'store_ln85' <Predicate = (!icmp_ln76)> <Delay = 1.58>
ST_1 : Operation 42 [1/1] (1.58ns)   --->   "%store_ln85 = store i6 %select_ln82_2, i6 %indvar_flatten49" [utils.cpp:85]   --->   Operation 42 'store' 'store_ln85' <Predicate = (!icmp_ln76)> <Delay = 1.58>

State 2 <SV = 1> <Delay = 6.32>
ST_2 : Operation 43 [1/1] (0.00ns)   --->   "%kw_load = load i3 %kw" [utils.cpp:82]   --->   Operation 43 'load' 'kw_load' <Predicate = (!icmp_ln76)> <Delay = 0.00>
ST_2 : Operation 44 [1/1] (0.00ns)   --->   "%kh_load = load i3 %kh" [utils.cpp:79]   --->   Operation 44 'load' 'kh_load' <Predicate = (!icmp_ln76 & !or_ln79)> <Delay = 0.00>
ST_2 : Operation 45 [1/1] (0.00ns)   --->   "%c_load = load i2 %c" [utils.cpp:76]   --->   Operation 45 'load' 'c_load' <Predicate = (!icmp_ln76 & !icmp_ln79)> <Delay = 0.00>
ST_2 : Operation 46 [1/1] (0.00ns)   --->   "%f_load = load i3 %f" [utils.cpp:76]   --->   Operation 46 'load' 'f_load' <Predicate = (!icmp_ln76)> <Delay = 0.00>
ST_2 : Operation 47 [1/1] (1.65ns)   --->   "%add_ln76 = add i3 %f_load, i3 1" [utils.cpp:76]   --->   Operation 47 'add' 'add_ln76' <Predicate = (!icmp_ln76 & icmp_ln79)> <Delay = 1.65> <CoreInst = "Adder">   --->   Core 1 'Adder' <Latency = 0> <II = 1> <Delay = 1.65> <FuncUnit> <Opcode : 'add' 'sub'> <InPorts = 2> <OutPorts = 1>
ST_2 : Operation 48 [1/1] (0.99ns)   --->   "%select_ln76 = select i1 %icmp_ln79, i2 0, i2 %c_load" [utils.cpp:76]   --->   Operation 48 'select' 'select_ln76' <Predicate = (!icmp_ln76)> <Delay = 0.99> <CoreInst = "Sel">   --->   Core 73 'Sel' <Latency = 0> <II = 1> <Delay = 0.99> <FuncUnit> <Opcode : 'select'> <InPorts = 3> <OutPorts = 1>
ST_2 : Operation 49 [1/1] (0.98ns)   --->   "%select_ln76_1 = select i1 %icmp_ln79, i3 %add_ln76, i3 %f_load" [utils.cpp:76]   --->   Operation 49 'select' 'select_ln76_1' <Predicate = (!icmp_ln76)> <Delay = 0.98> <CoreInst = "Sel">   --->   Core 73 'Sel' <Latency = 0> <II = 1> <Delay = 0.98> <FuncUnit> <Opcode : 'select'> <InPorts = 3> <OutPorts = 1>
ST_2 : Operation 50 [1/1] (0.00ns)   --->   "%zext_ln87 = zext i3 %select_ln76_1" [utils.cpp:87]   --->   Operation 50 'zext' 'zext_ln87' <Predicate = (!icmp_ln76)> <Delay = 0.00>
ST_2 : Operation 51 [1/1] (0.00ns)   --->   "%tmp_s = bitconcatenate i5 @_ssdm_op_BitConcatenate.i5.i3.i2, i3 %select_ln76_1, i2 0" [utils.cpp:87]   --->   Operation 51 'bitconcatenate' 'tmp_s' <Predicate = (!icmp_ln76)> <Delay = 0.00>
ST_2 : Operation 52 [1/1] (0.00ns)   --->   "%zext_ln87_1 = zext i5 %tmp_s" [utils.cpp:87]   --->   Operation 52 'zext' 'zext_ln87_1' <Predicate = (!icmp_ln76)> <Delay = 0.00>
ST_2 : Operation 53 [1/1] (1.78ns)   --->   "%sub_ln87 = sub i6 %zext_ln87_1, i6 %zext_ln87" [utils.cpp:87]   --->   Operation 53 'sub' 'sub_ln87' <Predicate = (!icmp_ln76)> <Delay = 1.78> <CoreInst = "Adder">   --->   Core 1 'Adder' <Latency = 0> <II = 1> <Delay = 1.78> <FuncUnit> <Opcode : 'add' 'sub'> <InPorts = 2> <OutPorts = 1>
ST_2 : Operation 54 [1/1] (0.00ns)   --->   "%sext_ln79 = sext i6 %sub_ln87" [utils.cpp:79]   --->   Operation 54 'sext' 'sext_ln79' <Predicate = (!icmp_ln76)> <Delay = 0.00>
ST_2 : Operation 55 [1/1] (1.13ns)   --->   "%icmp_ln85 = icmp_eq  i3 %kw_load, i3 7" [utils.cpp:85]   --->   Operation 55 'icmp' 'icmp_ln85' <Predicate = (!icmp_ln76)> <Delay = 1.13> <CoreInst = "Cmp">   --->   Core 9 'Cmp' <Latency = 0> <II = 1> <Delay = 1.13> <FuncUnit> <Opcode : 'icmp'> <InPorts = 2> <OutPorts = 1>
ST_2 : Operation 56 [1/1] (0.00ns) (grouped into LUT with out node and_ln79)   --->   "%and_ln76 = and i1 %icmp_ln85, i1 %xor_ln76" [utils.cpp:76]   --->   Operation 56 'and' 'and_ln76' <Predicate = (!icmp_ln76)> <Delay = 0.00> <CoreInst = "LogicGate">   --->   Core 74 'LogicGate' <Latency = 0> <II = 1> <Delay = 0.97> <FuncUnit> <Opcode : 'and' 'or' 'xor'> <InPorts = 2> <OutPorts = 1>
ST_2 : Operation 57 [1/1] (1.56ns)   --->   "%add_ln79 = add i2 %select_ln76, i2 1" [utils.cpp:79]   --->   Operation 57 'add' 'add_ln79' <Predicate = (!icmp_ln76 & and_ln76_1)> <Delay = 1.56> <CoreInst = "Adder">   --->   Core 1 'Adder' <Latency = 0> <II = 1> <Delay = 1.56> <FuncUnit> <Opcode : 'add' 'sub'> <InPorts = 2> <OutPorts = 1>
ST_2 : Operation 58 [1/1] (0.98ns)   --->   "%select_ln79 = select i1 %or_ln79, i3 0, i3 %kh_load" [utils.cpp:79]   --->   Operation 58 'select' 'select_ln79' <Predicate = (!icmp_ln76)> <Delay = 0.98> <CoreInst = "Sel">   --->   Core 73 'Sel' <Latency = 0> <II = 1> <Delay = 0.98> <FuncUnit> <Opcode : 'select'> <InPorts = 3> <OutPorts = 1>
ST_2 : Operation 59 [1/1] (0.99ns)   --->   "%select_ln79_1 = select i1 %and_ln76_1, i2 %add_ln79, i2 %select_ln76" [utils.cpp:79]   --->   Operation 59 'select' 'select_ln79_1' <Predicate = (!icmp_ln76)> <Delay = 0.99> <CoreInst = "Sel">   --->   Core 73 'Sel' <Latency = 0> <II = 1> <Delay = 0.99> <FuncUnit> <Opcode : 'select'> <InPorts = 3> <OutPorts = 1>
ST_2 : Operation 60 [1/1] (0.00ns)   --->   "%zext_ln87_2 = zext i2 %select_ln79_1" [utils.cpp:87]   --->   Operation 60 'zext' 'zext_ln87_2' <Predicate = (!icmp_ln76)> <Delay = 0.00>
ST_2 : Operation 61 [1/1] (1.82ns)   --->   "%add_ln87 = add i7 %sext_ln79, i7 %zext_ln87_2" [utils.cpp:87]   --->   Operation 61 'add' 'add_ln87' <Predicate = (!icmp_ln76)> <Delay = 1.82> <CoreInst = "Adder">   --->   Core 1 'Adder' <Latency = 0> <II = 1> <Delay = 1.82> <FuncUnit> <Opcode : 'add' 'sub'> <InPorts = 2> <OutPorts = 1>
ST_2 : Operation 62 [1/1] (0.00ns) (grouped into LUT with out node and_ln79)   --->   "%xor_ln79 = xor i1 %icmp_ln82, i1 1" [utils.cpp:79]   --->   Operation 62 'xor' 'xor_ln79' <Predicate = (!icmp_ln76)> <Delay = 0.00> <CoreInst = "LogicGate">   --->   Core 74 'LogicGate' <Latency = 0> <II = 1> <Delay = 0.97> <FuncUnit> <Opcode : 'and' 'or' 'xor'> <InPorts = 2> <OutPorts = 1>
ST_2 : Operation 63 [1/1] (0.00ns) (grouped into LUT with out node and_ln79)   --->   "%or_ln79_1 = or i1 %icmp_ln79, i1 %xor_ln79" [utils.cpp:79]   --->   Operation 63 'or' 'or_ln79_1' <Predicate = (!icmp_ln76)> <Delay = 0.00> <CoreInst = "LogicGate">   --->   Core 74 'LogicGate' <Latency = 0> <II = 1> <Delay = 0.97> <FuncUnit> <Opcode : 'and' 'or' 'xor'> <InPorts = 2> <OutPorts = 1>
ST_2 : Operation 64 [1/1] (0.97ns) (out node of the LUT)   --->   "%and_ln79 = and i1 %and_ln76, i1 %or_ln79_1" [utils.cpp:79]   --->   Operation 64 'and' 'and_ln79' <Predicate = (!icmp_ln76)> <Delay = 0.97> <CoreInst = "LogicGate">   --->   Core 74 'LogicGate' <Latency = 0> <II = 1> <Delay = 0.97> <FuncUnit> <Opcode : 'and' 'or' 'xor'> <InPorts = 2> <OutPorts = 1>
ST_2 : Operation 65 [1/1] (1.65ns)   --->   "%add_ln82 = add i3 %select_ln79, i3 1" [utils.cpp:82]   --->   Operation 65 'add' 'add_ln82' <Predicate = (!icmp_ln76)> <Delay = 1.65> <CoreInst = "Adder">   --->   Core 1 'Adder' <Latency = 0> <II = 1> <Delay = 1.65> <FuncUnit> <Opcode : 'add' 'sub'> <InPorts = 2> <OutPorts = 1>
ST_2 : Operation 66 [1/1] (0.00ns) (grouped into LUT with out node select_ln82)   --->   "%or_ln82 = or i1 %and_ln79, i1 %and_ln76_1" [utils.cpp:82]   --->   Operation 66 'or' 'or_ln82' <Predicate = (!icmp_ln76)> <Delay = 0.00> <CoreInst = "LogicGate">   --->   Core 74 'LogicGate' <Latency = 0> <II = 1> <Delay = 0.97> <FuncUnit> <Opcode : 'and' 'or' 'xor'> <InPorts = 2> <OutPorts = 1>
ST_2 : Operation 67 [1/1] (0.00ns) (grouped into LUT with out node select_ln82)   --->   "%or_ln82_1 = or i1 %or_ln82, i1 %icmp_ln79" [utils.cpp:82]   --->   Operation 67 'or' 'or_ln82_1' <Predicate = (!icmp_ln76)> <Delay = 0.00> <CoreInst = "LogicGate">   --->   Core 74 'LogicGate' <Latency = 0> <II = 1> <Delay = 0.97> <FuncUnit> <Opcode : 'and' 'or' 'xor'> <InPorts = 2> <OutPorts = 1>
ST_2 : Operation 68 [1/1] (0.98ns) (out node of the LUT)   --->   "%select_ln82 = select i1 %or_ln82_1, i3 0, i3 %kw_load" [utils.cpp:82]   --->   Operation 68 'select' 'select_ln82' <Predicate = (!icmp_ln76)> <Delay = 0.98> <CoreInst = "Sel">   --->   Core 73 'Sel' <Latency = 0> <II = 1> <Delay = 0.98> <FuncUnit> <Opcode : 'select'> <InPorts = 3> <OutPorts = 1>
ST_2 : Operation 69 [1/1] (0.98ns)   --->   "%select_ln82_1 = select i1 %and_ln79, i3 %add_ln82, i3 %select_ln79" [utils.cpp:82]   --->   Operation 69 'select' 'select_ln82_1' <Predicate = (!icmp_ln76)> <Delay = 0.98> <CoreInst = "Sel">   --->   Core 73 'Sel' <Latency = 0> <II = 1> <Delay = 0.98> <FuncUnit> <Opcode : 'select'> <InPorts = 3> <OutPorts = 1>
ST_2 : Operation 70 [1/1] (1.65ns)   --->   "%add_ln85 = add i3 %select_ln82, i3 1" [utils.cpp:85]   --->   Operation 70 'add' 'add_ln85' <Predicate = (!icmp_ln76)> <Delay = 1.65> <CoreInst = "Adder">   --->   Core 1 'Adder' <Latency = 0> <II = 1> <Delay = 1.65> <FuncUnit> <Opcode : 'add' 'sub'> <InPorts = 2> <OutPorts = 1>
ST_2 : Operation 71 [1/1] (1.58ns)   --->   "%store_ln85 = store i3 %select_ln76_1, i3 %f" [utils.cpp:85]   --->   Operation 71 'store' 'store_ln85' <Predicate = (!icmp_ln76)> <Delay = 1.58>
ST_2 : Operation 72 [1/1] (1.58ns)   --->   "%store_ln85 = store i2 %select_ln79_1, i2 %c" [utils.cpp:85]   --->   Operation 72 'store' 'store_ln85' <Predicate = (!icmp_ln76)> <Delay = 1.58>
ST_2 : Operation 73 [1/1] (1.58ns)   --->   "%store_ln85 = store i3 %select_ln82_1, i3 %kh" [utils.cpp:85]   --->   Operation 73 'store' 'store_ln85' <Predicate = (!icmp_ln76)> <Delay = 1.58>
ST_2 : Operation 74 [1/1] (1.58ns)   --->   "%store_ln85 = store i3 %add_ln85, i3 %kw" [utils.cpp:85]   --->   Operation 74 'store' 'store_ln85' <Predicate = (!icmp_ln76)> <Delay = 1.58>

State 3 <SV = 2> <Delay = 7.30>
ST_3 : Operation 75 [1/1] (0.00ns)   --->   "%specbitsmap_ln0 = specbitsmap void @_ssdm_op_SpecBitsMap, i16 %wt"   --->   Operation 75 'specbitsmap' 'specbitsmap_ln0' <Predicate = true> <Delay = 0.00>
ST_3 : Operation 76 [1/1] (0.00ns)   --->   "%wt_addr = getelementptr i16 %wt, i64 %sext_ln76_cast" [utils.cpp:76]   --->   Operation 76 'getelementptr' 'wt_addr' <Predicate = true> <Delay = 0.00>
ST_3 : Operation 77 [1/1] (0.00ns)   --->   "%specpipeline_ln0 = specpipeline void @_ssdm_op_SpecPipeline, i32 4294967295, i32 0, i32 1, i32 0, void @p_str"   --->   Operation 77 'specpipeline' 'specpipeline_ln0' <Predicate = true> <Delay = 0.00>
ST_3 : Operation 78 [1/1] (0.00ns)   --->   "%sext_ln87 = sext i7 %add_ln87" [utils.cpp:87]   --->   Operation 78 'sext' 'sext_ln87' <Predicate = (!icmp_ln76)> <Delay = 0.00>
ST_3 : Operation 79 [1/1] (0.00ns)   --->   "%tmp = bitconcatenate i10 @_ssdm_op_BitConcatenate.i10.i7.i3, i7 %add_ln87, i3 0" [utils.cpp:87]   --->   Operation 79 'bitconcatenate' 'tmp' <Predicate = (!icmp_ln76)> <Delay = 0.00>
ST_3 : Operation 80 [1/1] (0.00ns)   --->   "%sext_ln87_1 = sext i10 %tmp" [utils.cpp:87]   --->   Operation 80 'sext' 'sext_ln87_1' <Predicate = (!icmp_ln76)> <Delay = 0.00>
ST_3 : Operation 81 [1/1] (0.00ns) (grouped into TernaryAdder)   --->   "%sub_ln87_1 = sub i61 %sext_ln87_1, i61 %sext_ln87" [utils.cpp:87]   --->   Operation 81 'sub' 'sub_ln87_1' <Predicate = (!icmp_ln76)> <Delay = 0.00> <CoreInst = "TAddSub">   --->   Core 10 'TAddSub' <Latency = 0> <II = 1> <Delay = 1.86> <IPBlock> <Opcode : 'add' 'sub'> <InPorts = 3> <OutPorts = 1> <Sync> <CReg>
ST_3 : Operation 82 [1/1] (0.00ns)   --->   "%zext_ln87_3 = zext i3 %select_ln82_1" [utils.cpp:87]   --->   Operation 82 'zext' 'zext_ln87_3' <Predicate = (!icmp_ln76)> <Delay = 0.00>
ST_3 : Operation 83 [1/1] (3.75ns) (root node of TernaryAdder)   --->   "%add_ln87_1 = add i61 %sub_ln87_1, i61 %zext_ln87_3" [utils.cpp:87]   --->   Operation 83 'add' 'add_ln87_1' <Predicate = (!icmp_ln76)> <Delay = 3.75> <CoreInst = "TAddSub">   --->   Core 10 'TAddSub' <Latency = 0> <II = 1> <Delay = 1.86> <IPBlock> <Opcode : 'add' 'sub'> <InPorts = 3> <OutPorts = 1> <Sync> <CReg>
ST_3 : Operation 84 [1/1] (0.00ns)   --->   "%trunc_ln87 = trunc i61 %add_ln87_1" [utils.cpp:87]   --->   Operation 84 'trunc' 'trunc_ln87' <Predicate = (!icmp_ln76)> <Delay = 0.00>
ST_3 : Operation 85 [1/1] (0.00ns)   --->   "%trunc_ln87_1 = trunc i61 %add_ln87_1" [utils.cpp:87]   --->   Operation 85 'trunc' 'trunc_ln87_1' <Predicate = (!icmp_ln76)> <Delay = 0.00>
ST_3 : Operation 86 [1/1] (7.30ns)   --->   "%wt_addr_read = read i16 @_ssdm_op_Read.m_axi.p1i16, i16 %wt_addr" [utils.cpp:87]   --->   Operation 86 'read' 'wt_addr_read' <Predicate = (!icmp_ln76)> <Delay = 7.30> <CoreInst = "m_axi">   --->   Core 113 'm_axi' <Latency = 0> <II = 1> <Delay = 1.00> <Adapter> <Opcode : 'read' 'write' 'readreq' 'writereq' 'writeresp'>
ST_3 : Operation 103 [1/1] (0.00ns)   --->   "%ret_ln0 = ret"   --->   Operation 103 'ret' 'ret_ln0' <Predicate = (icmp_ln76)> <Delay = 0.00>

State 4 <SV = 3> <Delay = 6.98>
ST_4 : Operation 87 [1/1] (0.00ns)   --->   "%specloopname_ln0 = specloopname void @_ssdm_op_SpecLoopName, void @WEIGHT_KERNEL_NUM_WEIGHT_KERNEL_HEIGHT_WEIGHT_KERNEL_WIDTH_str"   --->   Operation 87 'specloopname' 'specloopname_ln0' <Predicate = true> <Delay = 0.00>
ST_4 : Operation 88 [1/1] (0.00ns)   --->   "%empty = speclooptripcount i32 @_ssdm_op_SpecLoopTripCount, i64 588, i64 588, i64 588"   --->   Operation 88 'speclooptripcount' 'empty' <Predicate = true> <Delay = 0.00>
ST_4 : Operation 89 [1/1] (0.00ns)   --->   "%specpipeline_ln0 = specpipeline void @_ssdm_op_SpecPipeline, i32 4294967295, i32 0, i32 1, i32 0, void @p_str"   --->   Operation 89 'specpipeline' 'specpipeline_ln0' <Predicate = true> <Delay = 0.00>
ST_4 : Operation 90 [1/1] (0.00ns)   --->   "%specloopname_ln0 = specloopname void @_ssdm_op_SpecLoopName, void @WEIGHT_KERNEL_DEPTH_WEIGHT_KERNEL_HEIGHT_WEIGHT_KERNEL_WIDTH_str"   --->   Operation 90 'specloopname' 'specloopname_ln0' <Predicate = true> <Delay = 0.00>
ST_4 : Operation 91 [1/1] (0.00ns)   --->   "%specpipeline_ln0 = specpipeline void @_ssdm_op_SpecPipeline, i32 4294967295, i32 0, i32 1, i32 0, void @p_str"   --->   Operation 91 'specpipeline' 'specpipeline_ln0' <Predicate = true> <Delay = 0.00>
ST_4 : Operation 92 [1/1] (0.00ns)   --->   "%specloopname_ln0 = specloopname void @_ssdm_op_SpecLoopName, void @WEIGHT_KERNEL_HEIGHT_WEIGHT_KERNEL_WIDTH_str"   --->   Operation 92 'specloopname' 'specloopname_ln0' <Predicate = true> <Delay = 0.00>
ST_4 : Operation 93 [1/1] (0.00ns)   --->   "%p_shl = bitconcatenate i10 @_ssdm_op_BitConcatenate.i10.i7.i3, i7 %trunc_ln87_1, i3 0" [utils.cpp:87]   --->   Operation 93 'bitconcatenate' 'p_shl' <Predicate = true> <Delay = 0.00>
ST_4 : Operation 94 [1/1] (0.00ns) (grouped into TernaryAdder)   --->   "%sub_ln87_2 = sub i10 %p_shl, i10 %trunc_ln87" [utils.cpp:87]   --->   Operation 94 'sub' 'sub_ln87_2' <Predicate = true> <Delay = 0.00> <CoreInst = "TAddSub">   --->   Core 10 'TAddSub' <Latency = 0> <II = 1> <Delay = 1.86> <IPBlock> <Opcode : 'add' 'sub'> <InPorts = 3> <OutPorts = 1> <Sync> <CReg>
ST_4 : Operation 95 [1/1] (0.00ns)   --->   "%specpipeline_ln0 = specpipeline void @_ssdm_op_SpecPipeline, i32 4294967295, i32 0, i32 1, i32 0, void @p_str"   --->   Operation 95 'specpipeline' 'specpipeline_ln0' <Predicate = true> <Delay = 0.00>
ST_4 : Operation 96 [1/1] (0.00ns)   --->   "%zext_ln87_4 = zext i3 %select_ln82" [utils.cpp:87]   --->   Operation 96 'zext' 'zext_ln87_4' <Predicate = true> <Delay = 0.00>
ST_4 : Operation 97 [1/1] (3.72ns) (root node of TernaryAdder)   --->   "%add_ln87_2 = add i10 %sub_ln87_2, i10 %zext_ln87_4" [utils.cpp:87]   --->   Operation 97 'add' 'add_ln87_2' <Predicate = true> <Delay = 3.72> <CoreInst = "TAddSub">   --->   Core 10 'TAddSub' <Latency = 0> <II = 1> <Delay = 1.86> <IPBlock> <Opcode : 'add' 'sub'> <InPorts = 3> <OutPorts = 1> <Sync> <CReg>
ST_4 : Operation 98 [1/1] (0.00ns)   --->   "%zext_ln87_5 = zext i10 %add_ln87_2" [utils.cpp:87]   --->   Operation 98 'zext' 'zext_ln87_5' <Predicate = true> <Delay = 0.00>
ST_4 : Operation 99 [1/1] (0.00ns)   --->   "%conv_wt_buf_V_addr = getelementptr i16 %conv_wt_buf_V, i64 0, i64 %zext_ln87_5" [utils.cpp:87]   --->   Operation 99 'getelementptr' 'conv_wt_buf_V_addr' <Predicate = true> <Delay = 0.00>
ST_4 : Operation 100 [1/1] (0.00ns)   --->   "%specloopname_ln85 = specloopname void @_ssdm_op_SpecLoopName, void @empty_6" [utils.cpp:85]   --->   Operation 100 'specloopname' 'specloopname_ln85' <Predicate = true> <Delay = 0.00>
ST_4 : Operation 101 [1/1] (3.25ns)   --->   "%store_ln87 = store i16 %wt_addr_read, i10 %conv_wt_buf_V_addr" [utils.cpp:87]   --->   Operation 101 'store' 'store_ln87' <Predicate = true> <Delay = 3.25> <CoreInst = "RAM">   --->   Core 82 'RAM' <Latency = 1> <II = 1> <Delay = 3.25> <Storage> <Opcode : 'load' 'store'> <Ports = 2> <Width = 16> <Depth = 588> <RAM>
ST_4 : Operation 102 [1/1] (0.00ns)   --->   "%br_ln85 = br void %for.inc.i59" [utils.cpp:85]   --->   Operation 102 'br' 'br_ln85' <Predicate = true> <Delay = 0.00>


============================================================
+ Verbose Summary: Timing violations
============================================================
Target clock period: 10ns, clock uncertainty: 2.7ns.

 <State 1>: 7.26ns
The critical path consists of the following:
	'alloca' operation ('indvar_flatten63') [8]  (0 ns)
	'load' operation ('indvar_flatten63_load', utils.cpp:79) on local variable 'indvar_flatten63' [35]  (0 ns)
	'icmp' operation ('icmp_ln79', utils.cpp:79) [40]  (1.55 ns)
	'xor' operation ('xor_ln76', utils.cpp:76) [49]  (0.978 ns)
	'and' operation ('and_ln76_1', utils.cpp:76) [53]  (0.978 ns)
	'or' operation ('or_ln79', utils.cpp:79) [56]  (0.978 ns)
	'select' operation ('select_ln82_2', utils.cpp:82) [91]  (1.19 ns)
	'store' operation ('store_ln85', utils.cpp:85) of variable 'select_ln82_2', utils.cpp:82 on local variable 'indvar_flatten49' [98]  (1.59 ns)

 <State 2>: 6.33ns
The critical path consists of the following:
	'load' operation ('kw_load', utils.cpp:82) on local variable 'kw' [31]  (0 ns)
	'icmp' operation ('icmp_ln85', utils.cpp:85) [50]  (1.13 ns)
	'and' operation ('and_ln76', utils.cpp:76) [51]  (0 ns)
	'and' operation ('and_ln79', utils.cpp:79) [68]  (0.978 ns)
	'or' operation ('or_ln82', utils.cpp:82) [71]  (0 ns)
	'or' operation ('or_ln82_1', utils.cpp:82) [72]  (0 ns)
	'select' operation ('select_ln82', utils.cpp:82) [73]  (0.98 ns)
	'add' operation ('add_ln85', utils.cpp:85) [89]  (1.65 ns)
	'store' operation ('store_ln85', utils.cpp:85) of variable 'add_ln85', utils.cpp:85 on local variable 'kw' [100]  (1.59 ns)

 <State 3>: 7.3ns
The critical path consists of the following:
	'getelementptr' operation ('wt_addr', utils.cpp:76) [25]  (0 ns)
	bus read operation ('wt_addr_read', utils.cpp:87) on port 'wt' (utils.cpp:87) [87]  (7.3 ns)

 <State 4>: 6.98ns
The critical path consists of the following:
	'sub' operation ('sub_ln87_2', utils.cpp:87) [80]  (0 ns)
	'add' operation ('add_ln87_2', utils.cpp:87) [83]  (3.73 ns)
	'getelementptr' operation ('conv_wt_buf_V_addr', utils.cpp:87) [85]  (0 ns)
	'store' operation ('store_ln87', utils.cpp:87) of variable 'wt_addr_read', utils.cpp:87 on array 'conv_wt_buf_V' [88]  (3.25 ns)


============================================================
+ Verbose Summary: Binding
============================================================
N/A
* FSMD analyzer results:
  - Output states:
 - Input state : 
  - Chain level:
	State 1
	State 2
	State 3
	State 4


============================================================
+ Verbose Summary: Datapath Resource usage 
============================================================
N/A
