

================================================================
== Vitis HLS Report for 'conv_7x7'
================================================================
* Date:           Sat Mar 25 14:07:42 2023

* Version:        2022.1.2 (Build 3605665 on Fri Aug  5 22:52:02 MDT 2022)
* Project:        proj
* Solution:       solution1 (Vivado IP Flow Target)
* Product family: zynq
* Target device:  xc7z020-clg400-1


================================================================
== Performance Estimates
================================================================
+ Timing: 
    * Summary: 
    +--------+----------+----------+------------+
    |  Clock |  Target  | Estimated| Uncertainty|
    +--------+----------+----------+------------+
    |ap_clk  |  10.00 ns|  7.289 ns|     2.70 ns|
    +--------+----------+----------+------------+

+ Latency: 
    * Summary: 
    +---------+---------+-----------+-----------+------+------+---------+
    |  Latency (cycles) |   Latency (absolute)  |   Interval  | Pipeline|
    |   min   |   max   |    min    |    max    |  min |  max |   Type  |
    +---------+---------+-----------+-----------+------+------+---------+
    |     5527|     5527|  55.270 us|  55.270 us|  5527|  5527|       no|
    +---------+---------+-----------+-----------+------+------+---------+

    + Detail: 
        * Instance: 
        N/A

        * Loop: 
        +-----------------------+---------+---------+----------+-----------+-----------+------+----------+
        |                       |  Latency (cycles) | Iteration|  Initiation Interval  | Trip |          |
        |       Loop Name       |   min   |   max   |  Latency |  achieved |   target  | Count| Pipelined|
        +-----------------------+---------+---------+----------+-----------+-----------+------+----------+
        |- HEIGHT_WIDTH_KERNEL  |     5525|     5525|         9|          3|          1|  1840|       yes|
        +-----------------------+---------+---------+----------+-----------+-----------+------+----------+



================================================================
== Utilization Estimates
================================================================
* Summary: 
+-----------------+---------+-----+--------+-------+-----+
|       Name      | BRAM_18K| DSP |   FF   |  LUT  | URAM|
+-----------------+---------+-----+--------+-------+-----+
|DSP              |        -|    7|       -|      -|    -|
|Expression       |        -|    -|       0|    498|    -|
|FIFO             |        -|    -|       -|      -|    -|
|Instance         |        -|    0|       0|   1250|    -|
|Memory           |        -|    -|       -|      -|    -|
|Multiplexer      |        -|    -|       -|    344|    -|
|Register         |        -|    -|     757|     64|    -|
+-----------------+---------+-----+--------+-------+-----+
|Total            |        0|    7|     757|   2156|    0|
+-----------------+---------+-----+--------+-------+-----+
|Available        |      280|  220|  106400|  53200|    0|
+-----------------+---------+-----+--------+-------+-----+
|Utilization (%)  |        0|    3|      ~0|      4|    0|
+-----------------+---------+-----+--------+-------+-----+

+ Detail: 
    * Instance: 
    +------------------------+-------------------+---------+----+---+-----+-----+
    |        Instance        |       Module      | BRAM_18K| DSP| FF| LUT | URAM|
    +------------------------+-------------------+---------+----+---+-----+-----+
    |mul_3ns_6ns_7_1_1_U201  |mul_3ns_6ns_7_1_1  |        0|   0|  0|   26|    0|
    |mux_396_16_1_1_U203     |mux_396_16_1_1     |        0|   0|  0|  172|    0|
    |mux_396_16_1_1_U204     |mux_396_16_1_1     |        0|   0|  0|  172|    0|
    |mux_396_16_1_1_U205     |mux_396_16_1_1     |        0|   0|  0|  172|    0|
    |mux_396_16_1_1_U206     |mux_396_16_1_1     |        0|   0|  0|  172|    0|
    |mux_396_16_1_1_U207     |mux_396_16_1_1     |        0|   0|  0|  172|    0|
    |mux_396_16_1_1_U208     |mux_396_16_1_1     |        0|   0|  0|  172|    0|
    |mux_396_16_1_1_U209     |mux_396_16_1_1     |        0|   0|  0|  172|    0|
    |mux_43_16_1_1_U202      |mux_43_16_1_1      |        0|   0|  0|   20|    0|
    +------------------------+-------------------+---------+----+---+-----+-----+
    |Total                   |                   |        0|   0|  0| 1250|    0|
    +------------------------+-------------------+---------+----+---+-----+-----+

    * DSP: 
    +-----------------------------+------------------------+-----------+
    |           Instance          |         Module         | Expression|
    +-----------------------------+------------------------+-----------+
    |mul_mul_16s_16s_28_1_1_U213  |mul_mul_16s_16s_28_1_1  |    i0 * i1|
    |mul_mul_16s_16s_29_1_1_U210  |mul_mul_16s_16s_29_1_1  |    i0 * i1|
    |mul_mul_16s_16s_29_1_1_U211  |mul_mul_16s_16s_29_1_1  |    i0 * i1|
    |mul_mul_16s_16s_29_1_1_U212  |mul_mul_16s_16s_29_1_1  |    i0 * i1|
    |mul_mul_16s_16s_29_1_1_U214  |mul_mul_16s_16s_29_1_1  |    i0 * i1|
    |mul_mul_16s_16s_29_1_1_U215  |mul_mul_16s_16s_29_1_1  |    i0 * i1|
    |mul_mul_16s_16s_29_1_1_U216  |mul_mul_16s_16s_29_1_1  |    i0 * i1|
    +-----------------------------+------------------------+-----------+

    * Memory: 
    N/A

    * FIFO: 
    N/A

    * Expression: 
    +-------------------------------+----------+----+---+----+------------+------------+
    |         Variable Name         | Operation| DSP| FF| LUT| Bitwidth P0| Bitwidth P1|
    +-------------------------------+----------+----+---+----+------------+------------+
    |add_ln1319_1_fu_1212_p2        |         +|   0|  0|  14|           7|           4|
    |add_ln1319_2_fu_1222_p2        |         +|   0|  0|  14|           7|           5|
    |add_ln1319_3_fu_1243_p2        |         +|   0|  0|  14|           7|           5|
    |add_ln1319_4_fu_1909_p2        |         +|   0|  0|  14|           7|           5|
    |add_ln1319_5_fu_1253_p2        |         +|   0|  0|  14|           7|           5|
    |add_ln1319_6_fu_1263_p2        |         +|   0|  0|  14|           7|           5|
    |add_ln1319_fu_1202_p2          |         +|   0|  0|  14|           7|           4|
    |add_ln41_1_fu_1042_p2          |         +|   0|  0|  12|          11|           1|
    |add_ln41_2_fu_1137_p2          |         +|   0|  0|  14|           6|           6|
    |add_ln41_3_fu_1147_p2          |         +|   0|  0|  15|           8|           7|
    |add_ln41_fu_1999_p2            |         +|   0|  0|  13|           5|           1|
    |add_ln44_1_fu_1866_p2          |         +|   0|  0|  15|           8|           1|
    |add_ln44_fu_2019_p2            |         +|   0|  0|  13|           5|           1|
    |add_ln47_fu_1861_p2            |         +|   0|  0|  11|           3|           1|
    |add_ln859_1_fu_2155_p2         |         +|   0|  0|  16|          16|          16|
    |add_ln859_2_fu_2080_p2         |         +|   0|  0|  16|          16|          16|
    |add_ln859_3_fu_2084_p2         |         +|   0|  0|  23|          16|          16|
    |add_ln859_4_fu_2089_p2         |         +|   0|  0|  16|          16|          16|
    |add_ln859_6_fu_2179_p2         |         +|   0|  0|  23|          16|          16|
    |add_ln859_fu_2074_p2           |         +|   0|  0|  23|          16|          16|
    |empty_66_fu_2123_p2            |         +|   0|  0|   9|           9|           9|
    |empty_67_fu_2132_p2            |         +|   0|  0|   9|           9|           9|
    |indvars_iv_next295_fu_1232_p2  |         +|   0|  0|  14|           6|           2|
    |indvars_iv_next305_fu_1898_p2  |         +|   0|  0|  14|           6|           2|
    |lhs_fu_2160_p2                 |         +|   0|  0|  16|          16|          16|
    |sub_ln1466_fu_2173_p2          |         -|   0|  0|  24|           1|          17|
    |and_ln41_fu_1069_p2            |       and|   0|  0|   2|           1|           1|
    |ap_condition_1455              |       and|   0|  0|   2|           1|           1|
    |ap_condition_1460              |       and|   0|  0|   2|           1|           1|
    |icmp_ln1466_fu_2187_p2         |      icmp|   0|  0|  13|          17|          17|
    |icmp_ln41_fu_1036_p2           |      icmp|   0|  0|  11|          11|           9|
    |icmp_ln44_fu_1051_p2           |      icmp|   0|  0|  11|           8|           7|
    |icmp_ln47_fu_1063_p2           |      icmp|   0|  0|   9|           3|           4|
    |or_ln44_fu_1075_p2             |        or|   0|  0|   2|           1|           1|
    |select_ln41_1_fu_1123_p3       |    select|   0|  0|   6|           1|           1|
    |select_ln41_2_fu_2012_p3       |    select|   0|  0|   5|           1|           5|
    |select_ln41_4_fu_1130_p3       |    select|   0|  0|   4|           1|           4|
    |select_ln41_5_fu_1903_p3       |    select|   0|  0|   6|           1|           6|
    |select_ln41_fu_2005_p3         |    select|   0|  0|   5|           1|           1|
    |select_ln44_1_fu_2025_p3       |    select|   0|  0|   5|           1|           5|
    |select_ln44_2_fu_1237_p3       |    select|   0|  0|   6|           1|           6|
    |select_ln44_3_fu_1872_p3       |    select|   0|  0|   8|           1|           1|
    |select_ln44_fu_1081_p3         |    select|   0|  0|   3|           1|           1|
    |ap_enable_pp0                  |       xor|   0|  0|   2|           1|           2|
    |xor_ln41_fu_1057_p2            |       xor|   0|  0|   2|           1|           2|
    +-------------------------------+----------+----+---+----+------------+------------+
    |Total                          |          |   0|  0| 498|         292|         277|
    +-------------------------------+----------+----+---+----+------------+------------+

    * Multiplexer: 
    +----------------------------------------+----+-----------+-----+-----------+
    |                  Name                  | LUT| Input Size| Bits| Total Bits|
    +----------------------------------------+----+-----------+-----+-----------+
    |W_buf_6_address0                        |  20|          4|    7|         28|
    |W_buf_6_address1                        |  14|          3|    7|         21|
    |W_buf_6_address2                        |  14|          3|    7|         21|
    |Y_buf_0_address0                        |  14|          3|    9|         27|
    |Y_buf_0_d0                              |  20|          4|   16|         64|
    |Y_buf_1_address0                        |  14|          3|    9|         27|
    |Y_buf_1_d0                              |  20|          4|   16|         64|
    |Y_buf_2_address0                        |  14|          3|    9|         27|
    |Y_buf_2_d0                              |  20|          4|   16|         64|
    |Y_buf_3_address0                        |  14|          3|    9|         27|
    |Y_buf_3_d0                              |  20|          4|   16|         64|
    |ap_NS_fsm                               |  20|          4|    1|          4|
    |ap_done_int                             |   9|          2|    1|          2|
    |ap_enable_reg_pp0_iter0                 |   9|          2|    1|          2|
    |ap_enable_reg_pp0_iter1                 |   9|          2|    1|          2|
    |ap_sig_allocacmp_indvar_flatten71_load  |   9|          2|   11|         22|
    |ap_sig_allocacmp_indvar_flatten_load_3  |   9|          2|    8|         16|
    |ap_sig_allocacmp_kernel_load            |   9|          2|    3|          6|
    |grp_load_fu_982_p1                      |  14|          3|    8|         24|
    |h_fu_236                                |   9|          2|    6|         12|
    |indvar_flatten71_fu_244                 |   9|          2|   11|         22|
    |indvar_flatten_fu_232                   |   9|          2|    8|         16|
    |kernel_fu_220                           |   9|          2|    3|          6|
    |oh_fu_240                               |   9|          2|    5|         10|
    |ow_fu_228                               |   9|          2|    5|         10|
    |reg_985                                 |   9|          2|   16|         32|
    |w_fu_224                                |   9|          2|    6|         12|
    +----------------------------------------+----+-----------+-----+-----------+
    |Total                                   | 344|         73|  215|        632|
    +----------------------------------------+----+-----------+-----+-----------+

    * Register: 
    +----------------------------------+----+----+-----+-----------+
    |               Name               | FF | LUT| Bits| Const Bits|
    +----------------------------------+----+----+-----+-----------+
    |Y_buf_0_addr_reg_2712             |   9|   0|    9|          0|
    |Y_buf_1_addr_reg_2717             |   9|   0|    9|          0|
    |Y_buf_2_addr_reg_2722             |   9|   0|    9|          0|
    |Y_buf_3_addr_reg_2727             |   9|   0|    9|          0|
    |add_ln41_1_reg_2287               |  11|   0|   11|          0|
    |add_ln859_4_reg_2707              |  16|   0|   16|          0|
    |add_ln859_6_reg_2737              |  16|   0|   16|          0|
    |add_ln859_reg_2702                |  16|   0|   16|          0|
    |and_ln41_reg_2302                 |   1|   0|    1|          0|
    |and_ln41_reg_2302_pp0_iter1_reg   |   1|   0|    1|          0|
    |ap_CS_fsm                         |   3|   0|    3|          0|
    |ap_done_reg                       |   1|   0|    1|          0|
    |ap_enable_reg_pp0_iter0_reg       |   1|   0|    1|          0|
    |ap_enable_reg_pp0_iter1           |   1|   0|    1|          0|
    |ap_enable_reg_pp0_iter2           |   1|   0|    1|          0|
    |ap_loop_exit_ready_pp0_iter1_reg  |   1|   0|    1|          0|
    |h_fu_236                          |   6|   0|    6|          0|
    |h_load_reg_2334                   |   6|   0|    6|          0|
    |icmp_ln41_reg_2283                |   1|   0|    1|          0|
    |icmp_ln44_reg_2292                |   1|   0|    1|          0|
    |icmp_ln44_reg_2292_pp0_iter1_reg  |   1|   0|    1|          0|
    |indvar_flatten71_fu_244           |  11|   0|   11|          0|
    |indvar_flatten_fu_232             |   8|   0|    8|          0|
    |kernel_fu_220                     |   3|   0|    3|          0|
    |mul_ln1317_reg_2671               |  28|   0|   28|          0|
    |mul_ln1319_reg_2313               |   7|   0|    7|          0|
    |mul_ln864_1_reg_2646              |  29|   0|   29|          0|
    |mul_ln864_2_reg_2651              |  29|   0|   29|          0|
    |mul_ln864_3_reg_2697              |  29|   0|   29|          0|
    |mul_ln864_4_reg_2676              |  29|   0|   29|          0|
    |mul_ln864_5_reg_2681              |  29|   0|   29|          0|
    |mul_ln864_reg_2641                |  29|   0|   29|          0|
    |oh_fu_240                         |   5|   0|    5|          0|
    |ow_fu_228                         |   5|   0|    5|          0|
    |reg_985                           |  16|   0|   16|          0|
    |reg_990                           |  16|   0|   16|          0|
    |reg_994                           |  16|   0|   16|          0|
    |rhs_reg_2328                      |  16|   0|   16|          0|
    |select_ln41_1_reg_2340            |   6|   0|    6|          0|
    |select_ln41_2_reg_2686            |   5|   0|    5|          0|
    |select_ln44_1_reg_2692            |   5|   0|    5|          0|
    |select_ln44_reg_2308              |   3|   0|    3|          0|
    |sub_ln1466_reg_2732               |  17|   0|   17|          0|
    |tmp_1_reg_2606                    |  16|   0|   16|          0|
    |tmp_2_reg_2611                    |  16|   0|   16|          0|
    |tmp_3_reg_2616                    |  16|   0|   16|          0|
    |tmp_4_reg_2621                    |  16|   0|   16|          0|
    |tmp_5_reg_2626                    |  16|   0|   16|          0|
    |tmp_6_reg_2631                    |  16|   0|   16|          0|
    |tmp_reg_2601                      |  16|   0|   16|          0|
    |trunc_ln3_reg_2656                |  16|   0|   16|          0|
    |trunc_ln51_reg_2324               |   2|   0|    2|          0|
    |trunc_ln864_1_reg_2661            |  16|   0|   16|          0|
    |trunc_ln864_2_reg_2666            |  16|   0|   16|          0|
    |w_fu_224                          |   6|   0|    6|          0|
    |rhs_reg_2328                      |  64|  32|   16|          0|
    |trunc_ln51_reg_2324               |  64|  32|    2|          0|
    +----------------------------------+----+----+-----+-----------+
    |Total                             | 757|  64|  647|          0|
    +----------------------------------+----+----+-----+-----------+



================================================================
== Interface
================================================================
* Summary: 
+-------------------+-----+-----+------------+--------------+--------------+
|     RTL Ports     | Dir | Bits|  Protocol  | Source Object|    C Type    |
+-------------------+-----+-----+------------+--------------+--------------+
|ap_clk             |   in|    1|  ap_ctrl_hs|      conv_7x7|  return value|
|ap_rst             |   in|    1|  ap_ctrl_hs|      conv_7x7|  return value|
|ap_start           |   in|    1|  ap_ctrl_hs|      conv_7x7|  return value|
|ap_done            |  out|    1|  ap_ctrl_hs|      conv_7x7|  return value|
|ap_idle            |  out|    1|  ap_ctrl_hs|      conv_7x7|  return value|
|ap_ready           |  out|    1|  ap_ctrl_hs|      conv_7x7|  return value|
|Y_buf_0_address0   |  out|    9|   ap_memory|       Y_buf_0|         array|
|Y_buf_0_ce0        |  out|    1|   ap_memory|       Y_buf_0|         array|
|Y_buf_0_we0        |  out|    1|   ap_memory|       Y_buf_0|         array|
|Y_buf_0_d0         |  out|   16|   ap_memory|       Y_buf_0|         array|
|Y_buf_1_address0   |  out|    9|   ap_memory|       Y_buf_1|         array|
|Y_buf_1_ce0        |  out|    1|   ap_memory|       Y_buf_1|         array|
|Y_buf_1_we0        |  out|    1|   ap_memory|       Y_buf_1|         array|
|Y_buf_1_d0         |  out|   16|   ap_memory|       Y_buf_1|         array|
|Y_buf_2_address0   |  out|    9|   ap_memory|       Y_buf_2|         array|
|Y_buf_2_ce0        |  out|    1|   ap_memory|       Y_buf_2|         array|
|Y_buf_2_we0        |  out|    1|   ap_memory|       Y_buf_2|         array|
|Y_buf_2_d0         |  out|   16|   ap_memory|       Y_buf_2|         array|
|Y_buf_3_address0   |  out|    9|   ap_memory|       Y_buf_3|         array|
|Y_buf_3_ce0        |  out|    1|   ap_memory|       Y_buf_3|         array|
|Y_buf_3_we0        |  out|    1|   ap_memory|       Y_buf_3|         array|
|Y_buf_3_d0         |  out|   16|   ap_memory|       Y_buf_3|         array|
|X_buf_0_address0   |  out|    8|   ap_memory|       X_buf_0|         array|
|X_buf_0_ce0        |  out|    1|   ap_memory|       X_buf_0|         array|
|X_buf_0_q0         |   in|   16|   ap_memory|       X_buf_0|         array|
|X_buf_1_address0   |  out|    8|   ap_memory|       X_buf_1|         array|
|X_buf_1_ce0        |  out|    1|   ap_memory|       X_buf_1|         array|
|X_buf_1_q0         |   in|   16|   ap_memory|       X_buf_1|         array|
|X_buf_2_address0   |  out|    8|   ap_memory|       X_buf_2|         array|
|X_buf_2_ce0        |  out|    1|   ap_memory|       X_buf_2|         array|
|X_buf_2_q0         |   in|   16|   ap_memory|       X_buf_2|         array|
|X_buf_3_address0   |  out|    8|   ap_memory|       X_buf_3|         array|
|X_buf_3_ce0        |  out|    1|   ap_memory|       X_buf_3|         array|
|X_buf_3_q0         |   in|   16|   ap_memory|       X_buf_3|         array|
|X_buf_4_address0   |  out|    8|   ap_memory|       X_buf_4|         array|
|X_buf_4_ce0        |  out|    1|   ap_memory|       X_buf_4|         array|
|X_buf_4_q0         |   in|   16|   ap_memory|       X_buf_4|         array|
|X_buf_5_address0   |  out|    8|   ap_memory|       X_buf_5|         array|
|X_buf_5_ce0        |  out|    1|   ap_memory|       X_buf_5|         array|
|X_buf_5_q0         |   in|   16|   ap_memory|       X_buf_5|         array|
|X_buf_6_address0   |  out|    8|   ap_memory|       X_buf_6|         array|
|X_buf_6_ce0        |  out|    1|   ap_memory|       X_buf_6|         array|
|X_buf_6_q0         |   in|   16|   ap_memory|       X_buf_6|         array|
|X_buf_7_address0   |  out|    8|   ap_memory|       X_buf_7|         array|
|X_buf_7_ce0        |  out|    1|   ap_memory|       X_buf_7|         array|
|X_buf_7_q0         |   in|   16|   ap_memory|       X_buf_7|         array|
|X_buf_8_address0   |  out|    8|   ap_memory|       X_buf_8|         array|
|X_buf_8_ce0        |  out|    1|   ap_memory|       X_buf_8|         array|
|X_buf_8_q0         |   in|   16|   ap_memory|       X_buf_8|         array|
|X_buf_9_address0   |  out|    8|   ap_memory|       X_buf_9|         array|
|X_buf_9_ce0        |  out|    1|   ap_memory|       X_buf_9|         array|
|X_buf_9_q0         |   in|   16|   ap_memory|       X_buf_9|         array|
|X_buf_10_address0  |  out|    8|   ap_memory|      X_buf_10|         array|
|X_buf_10_ce0       |  out|    1|   ap_memory|      X_buf_10|         array|
|X_buf_10_q0        |   in|   16|   ap_memory|      X_buf_10|         array|
|X_buf_11_address0  |  out|    8|   ap_memory|      X_buf_11|         array|
|X_buf_11_ce0       |  out|    1|   ap_memory|      X_buf_11|         array|
|X_buf_11_q0        |   in|   16|   ap_memory|      X_buf_11|         array|
|X_buf_12_address0  |  out|    8|   ap_memory|      X_buf_12|         array|
|X_buf_12_ce0       |  out|    1|   ap_memory|      X_buf_12|         array|
|X_buf_12_q0        |   in|   16|   ap_memory|      X_buf_12|         array|
|X_buf_13_address0  |  out|    8|   ap_memory|      X_buf_13|         array|
|X_buf_13_ce0       |  out|    1|   ap_memory|      X_buf_13|         array|
|X_buf_13_q0        |   in|   16|   ap_memory|      X_buf_13|         array|
|X_buf_14_address0  |  out|    8|   ap_memory|      X_buf_14|         array|
|X_buf_14_ce0       |  out|    1|   ap_memory|      X_buf_14|         array|
|X_buf_14_q0        |   in|   16|   ap_memory|      X_buf_14|         array|
|X_buf_15_address0  |  out|    8|   ap_memory|      X_buf_15|         array|
|X_buf_15_ce0       |  out|    1|   ap_memory|      X_buf_15|         array|
|X_buf_15_q0        |   in|   16|   ap_memory|      X_buf_15|         array|
|X_buf_16_address0  |  out|    8|   ap_memory|      X_buf_16|         array|
|X_buf_16_ce0       |  out|    1|   ap_memory|      X_buf_16|         array|
|X_buf_16_q0        |   in|   16|   ap_memory|      X_buf_16|         array|
|X_buf_17_address0  |  out|    8|   ap_memory|      X_buf_17|         array|
|X_buf_17_ce0       |  out|    1|   ap_memory|      X_buf_17|         array|
|X_buf_17_q0        |   in|   16|   ap_memory|      X_buf_17|         array|
|X_buf_18_address0  |  out|    8|   ap_memory|      X_buf_18|         array|
|X_buf_18_ce0       |  out|    1|   ap_memory|      X_buf_18|         array|
|X_buf_18_q0        |   in|   16|   ap_memory|      X_buf_18|         array|
|X_buf_19_address0  |  out|    8|   ap_memory|      X_buf_19|         array|
|X_buf_19_ce0       |  out|    1|   ap_memory|      X_buf_19|         array|
|X_buf_19_q0        |   in|   16|   ap_memory|      X_buf_19|         array|
|X_buf_20_address0  |  out|    8|   ap_memory|      X_buf_20|         array|
|X_buf_20_ce0       |  out|    1|   ap_memory|      X_buf_20|         array|
|X_buf_20_q0        |   in|   16|   ap_memory|      X_buf_20|         array|
|X_buf_21_address0  |  out|    8|   ap_memory|      X_buf_21|         array|
|X_buf_21_ce0       |  out|    1|   ap_memory|      X_buf_21|         array|
|X_buf_21_q0        |   in|   16|   ap_memory|      X_buf_21|         array|
|X_buf_22_address0  |  out|    8|   ap_memory|      X_buf_22|         array|
|X_buf_22_ce0       |  out|    1|   ap_memory|      X_buf_22|         array|
|X_buf_22_q0        |   in|   16|   ap_memory|      X_buf_22|         array|
|X_buf_23_address0  |  out|    8|   ap_memory|      X_buf_23|         array|
|X_buf_23_ce0       |  out|    1|   ap_memory|      X_buf_23|         array|
|X_buf_23_q0        |   in|   16|   ap_memory|      X_buf_23|         array|
|X_buf_24_address0  |  out|    8|   ap_memory|      X_buf_24|         array|
|X_buf_24_ce0       |  out|    1|   ap_memory|      X_buf_24|         array|
|X_buf_24_q0        |   in|   16|   ap_memory|      X_buf_24|         array|
|X_buf_25_address0  |  out|    8|   ap_memory|      X_buf_25|         array|
|X_buf_25_ce0       |  out|    1|   ap_memory|      X_buf_25|         array|
|X_buf_25_q0        |   in|   16|   ap_memory|      X_buf_25|         array|
|X_buf_26_address0  |  out|    8|   ap_memory|      X_buf_26|         array|
|X_buf_26_ce0       |  out|    1|   ap_memory|      X_buf_26|         array|
|X_buf_26_q0        |   in|   16|   ap_memory|      X_buf_26|         array|
|X_buf_27_address0  |  out|    8|   ap_memory|      X_buf_27|         array|
|X_buf_27_ce0       |  out|    1|   ap_memory|      X_buf_27|         array|
|X_buf_27_q0        |   in|   16|   ap_memory|      X_buf_27|         array|
|X_buf_28_address0  |  out|    8|   ap_memory|      X_buf_28|         array|
|X_buf_28_ce0       |  out|    1|   ap_memory|      X_buf_28|         array|
|X_buf_28_q0        |   in|   16|   ap_memory|      X_buf_28|         array|
|X_buf_29_address0  |  out|    8|   ap_memory|      X_buf_29|         array|
|X_buf_29_ce0       |  out|    1|   ap_memory|      X_buf_29|         array|
|X_buf_29_q0        |   in|   16|   ap_memory|      X_buf_29|         array|
|X_buf_30_address0  |  out|    8|   ap_memory|      X_buf_30|         array|
|X_buf_30_ce0       |  out|    1|   ap_memory|      X_buf_30|         array|
|X_buf_30_q0        |   in|   16|   ap_memory|      X_buf_30|         array|
|X_buf_31_address0  |  out|    8|   ap_memory|      X_buf_31|         array|
|X_buf_31_ce0       |  out|    1|   ap_memory|      X_buf_31|         array|
|X_buf_31_q0        |   in|   16|   ap_memory|      X_buf_31|         array|
|X_buf_32_address0  |  out|    8|   ap_memory|      X_buf_32|         array|
|X_buf_32_ce0       |  out|    1|   ap_memory|      X_buf_32|         array|
|X_buf_32_q0        |   in|   16|   ap_memory|      X_buf_32|         array|
|X_buf_33_address0  |  out|    8|   ap_memory|      X_buf_33|         array|
|X_buf_33_ce0       |  out|    1|   ap_memory|      X_buf_33|         array|
|X_buf_33_q0        |   in|   16|   ap_memory|      X_buf_33|         array|
|X_buf_34_address0  |  out|    8|   ap_memory|      X_buf_34|         array|
|X_buf_34_ce0       |  out|    1|   ap_memory|      X_buf_34|         array|
|X_buf_34_q0        |   in|   16|   ap_memory|      X_buf_34|         array|
|X_buf_35_address0  |  out|    8|   ap_memory|      X_buf_35|         array|
|X_buf_35_ce0       |  out|    1|   ap_memory|      X_buf_35|         array|
|X_buf_35_q0        |   in|   16|   ap_memory|      X_buf_35|         array|
|X_buf_36_address0  |  out|    8|   ap_memory|      X_buf_36|         array|
|X_buf_36_ce0       |  out|    1|   ap_memory|      X_buf_36|         array|
|X_buf_36_q0        |   in|   16|   ap_memory|      X_buf_36|         array|
|X_buf_37_address0  |  out|    8|   ap_memory|      X_buf_37|         array|
|X_buf_37_ce0       |  out|    1|   ap_memory|      X_buf_37|         array|
|X_buf_37_q0        |   in|   16|   ap_memory|      X_buf_37|         array|
|X_buf_38_address0  |  out|    8|   ap_memory|      X_buf_38|         array|
|X_buf_38_ce0       |  out|    1|   ap_memory|      X_buf_38|         array|
|X_buf_38_q0        |   in|   16|   ap_memory|      X_buf_38|         array|
|X_buf_39_address0  |  out|    8|   ap_memory|      X_buf_39|         array|
|X_buf_39_ce0       |  out|    1|   ap_memory|      X_buf_39|         array|
|X_buf_39_q0        |   in|   16|   ap_memory|      X_buf_39|         array|
|X_buf_40_address0  |  out|    8|   ap_memory|      X_buf_40|         array|
|X_buf_40_ce0       |  out|    1|   ap_memory|      X_buf_40|         array|
|X_buf_40_q0        |   in|   16|   ap_memory|      X_buf_40|         array|
|X_buf_41_address0  |  out|    8|   ap_memory|      X_buf_41|         array|
|X_buf_41_ce0       |  out|    1|   ap_memory|      X_buf_41|         array|
|X_buf_41_q0        |   in|   16|   ap_memory|      X_buf_41|         array|
|X_buf_42_address0  |  out|    8|   ap_memory|      X_buf_42|         array|
|X_buf_42_ce0       |  out|    1|   ap_memory|      X_buf_42|         array|
|X_buf_42_q0        |   in|   16|   ap_memory|      X_buf_42|         array|
|X_buf_43_address0  |  out|    8|   ap_memory|      X_buf_43|         array|
|X_buf_43_ce0       |  out|    1|   ap_memory|      X_buf_43|         array|
|X_buf_43_q0        |   in|   16|   ap_memory|      X_buf_43|         array|
|X_buf_44_address0  |  out|    8|   ap_memory|      X_buf_44|         array|
|X_buf_44_ce0       |  out|    1|   ap_memory|      X_buf_44|         array|
|X_buf_44_q0        |   in|   16|   ap_memory|      X_buf_44|         array|
|W_buf_6_address0   |  out|    7|   ap_memory|       W_buf_6|         array|
|W_buf_6_ce0        |  out|    1|   ap_memory|       W_buf_6|         array|
|W_buf_6_q0         |   in|   16|   ap_memory|       W_buf_6|         array|
|W_buf_6_address1   |  out|    7|   ap_memory|       W_buf_6|         array|
|W_buf_6_ce1        |  out|    1|   ap_memory|       W_buf_6|         array|
|W_buf_6_q1         |   in|   16|   ap_memory|       W_buf_6|         array|
|W_buf_6_address2   |  out|    7|   ap_memory|       W_buf_6|         array|
|W_buf_6_ce2        |  out|    1|   ap_memory|       W_buf_6|         array|
|W_buf_6_q2         |   in|   16|   ap_memory|       W_buf_6|         array|
|p_read             |   in|   16|     ap_none|        p_read|        scalar|
|p_read1            |   in|   16|     ap_none|       p_read1|        scalar|
|p_read2            |   in|   16|     ap_none|       p_read2|        scalar|
|p_read3            |   in|   16|     ap_none|       p_read3|        scalar|
+-------------------+-----+-----+------------+--------------+--------------+

