

================================================================
== Vitis HLS Report for 'load_input_tile_block_from_DRAM_0_0_Pipeline_INPUT_BUFFER_DEPTH_INPUT_BUFFER_HEI'
================================================================
* Date:           Wed Mar 22 12:24:26 2023

* Version:        2022.1.2 (Build 3605665 on Fri Aug  5 22:52:02 MDT 2022)
* Project:        proj
* Solution:       solution1 (Vivado IP Flow Target)
* Product family: zynq
* Target device:  xc7z020-clg400-1


================================================================
== Performance Estimates
================================================================
+ Timing: 
    * Summary: 
    +--------+----------+----------+------------+
    |  Clock |  Target  | Estimated| Uncertainty|
    +--------+----------+----------+------------+
    |ap_clk  |  10.00 ns|  7.300 ns|     2.70 ns|
    +--------+----------+----------+------------+

+ Latency: 
    * Summary: 
    +---------+---------+----------+----------+-------+-------+---------+
    |  Latency (cycles) |  Latency (absolute) |    Interval   | Pipeline|
    |   min   |   max   |    min   |    max   |  min  |  max  |   Type  |
    +---------+---------+----------+----------+-------+-------+---------+
    |    14364|    14364|  0.144 ms|  0.144 ms|  14364|  14364|       no|
    +---------+---------+----------+----------+-------+-------+---------+

    + Detail: 
        * Instance: 
        N/A

        * Loop: 
        +-------------------------------------------------------------+---------+---------+----------+-----------+-----------+------+----------+
        |                                                             |  Latency (cycles) | Iteration|  Initiation Interval  | Trip |          |
        |                          Loop Name                          |   min   |   max   |  Latency |  achieved |   target  | Count| Pipelined|
        +-------------------------------------------------------------+---------+---------+----------+-----------+-----------+------+----------+
        |- INPUT_BUFFER_DEPTH_INPUT_BUFFER_HEIGHT_INPUT_BUFFER_WIDTH  |    14362|    14362|        13|          2|          1|  7176|       yes|
        +-------------------------------------------------------------+---------+---------+----------+-----------+-----------+------+----------+



================================================================
== Utilization Estimates
================================================================
* Summary: 
+-----------------+---------+-----+--------+-------+-----+
|       Name      | BRAM_18K| DSP |   FF   |  LUT  | URAM|
+-----------------+---------+-----+--------+-------+-----+
|DSP              |        -|    1|       -|      -|    -|
|Expression       |        -|    -|       0|  11474|    -|
|FIFO             |        -|    -|       -|      -|    -|
|Instance         |        -|    0|       0|     24|    -|
|Memory           |        -|    -|       -|      -|    -|
|Multiplexer      |        -|    -|       -|    164|    -|
|Register         |        -|    -|    2845|    160|    -|
+-----------------+---------+-----+--------+-------+-----+
|Total            |        0|    1|    2845|  11822|    0|
+-----------------+---------+-----+--------+-------+-----+
|Available        |      280|  220|  106400|  53200|    0|
+-----------------+---------+-----+--------+-------+-----+
|Utilization (%)  |        0|   ~0|       2|     22|    0|
+-----------------+---------+-----+--------+-------+-----+

+ Detail: 
    * Instance: 
    +------------------------+---------------------+---------+----+---+----+-----+
    |        Instance        |        Module       | BRAM_18K| DSP| FF| LUT| URAM|
    +------------------------+---------------------+---------+----+---+----+-----+
    |mul_2ns_22ns_23_1_1_U1  |mul_2ns_22ns_23_1_1  |        0|   0|  0|  24|    0|
    +------------------------+---------------------+---------+----+---+----+-----+
    |Total                   |                     |        0|   0|  0|  24|    0|
    +------------------------+---------------------+---------+----+---+----+-----+

    * DSP: 
    +---------------------------------+------------------------------+--------------+
    |             Instance            |            Module            |  Expression  |
    +---------------------------------+------------------------------+--------------+
    |mac_muladd_2ns_6ns_6ns_8_1_1_U2  |mac_muladd_2ns_6ns_6ns_8_1_1  |  i0 * i1 + i2|
    +---------------------------------+------------------------------+--------------+

    * Memory: 
    N/A

    * FIFO: 
    N/A

    * Expression: 
    +-----------------------------------+----------+----+---+------+------------+------------+
    |           Variable Name           | Operation| DSP| FF|  LUT | Bitwidth P0| Bitwidth P1|
    +-----------------------------------+----------+----+---+------+------------+------------+
    |add_ln37_1_fu_600_p2               |         +|   0|  0|    71|          64|          64|
    |add_ln37_2_fu_286_p2               |         +|   0|  0|    14|          13|           1|
    |add_ln37_fu_298_p2                 |         +|   0|  0|    10|           2|           1|
    |add_ln40_1_fu_569_p2               |         +|   0|  0|    12|          12|           1|
    |add_ln40_fu_344_p2                 |         +|   0|  0|    14|           6|           1|
    |add_ln42_1_fu_380_p2               |         +|   0|  0|    12|          11|          11|
    |add_ln42_2_fu_438_p2               |         +|   0|  0|    12|          11|          11|
    |add_ln45_fu_564_p2                 |         +|   0|  0|    14|           6|           1|
    |add_ln49_1_fu_508_p2               |         +|   0|  0|    14|           7|           3|
    |add_ln49_fu_518_p2                 |         +|   0|  0|    12|          12|          12|
    |add_ln52_1_fu_535_p2               |         +|   0|  0|    12|          12|          12|
    |add_ln52_2_fu_608_p2               |         +|   0|  0|    71|          64|          64|
    |add_ln52_3_fu_552_p2               |         +|   0|  0|    23|          23|          23|
    |add_ln52_4_fu_558_p2               |         +|   0|  0|    23|          23|          23|
    |empty_fu_395_p2                    |         +|   0|  0|    12|          11|          11|
    |p_mid1_fu_453_p2                   |         +|   0|  0|    12|          11|          11|
    |tmp2_fu_385_p2                     |         +|   0|  0|    14|           7|           3|
    |tmp2_mid1_fu_443_p2                |         +|   0|  0|    14|           7|           3|
    |and_ln37_fu_338_p2                 |       and|   0|  0|     2|           1|           1|
    |and_ln50_fu_728_p2                 |       and|   0|  0|   736|         736|         736|
    |and_ln52_fu_691_p2                 |       and|   0|  0|   736|         736|         736|
    |ap_block_pp0_stage0_11001          |       and|   0|  0|     2|           1|           1|
    |ap_block_pp0_stage1_11001          |       and|   0|  0|     2|           1|           1|
    |ap_block_state12_pp0_stage1_iter5  |       and|   0|  0|     2|           1|           1|
    |ap_block_state5_io                 |       and|   0|  0|     2|           1|           1|
    |ap_condition_317                   |       and|   0|  0|     2|           1|           1|
    |ap_predicate_op113_readreq_state5  |       and|   0|  0|     2|           1|           1|
    |ap_predicate_op133_read_state12    |       and|   0|  0|     2|           1|           1|
    |addr_cmp_fu_647_p2                 |      icmp|   0|  0|    29|          64|          64|
    |empty_54_fu_400_p2                 |      icmp|   0|  0|    11|          11|          10|
    |icmp_ln37_fu_280_p2                |      icmp|   0|  0|    12|          13|          11|
    |icmp_ln40_fu_304_p2                |      icmp|   0|  0|    12|          12|          12|
    |icmp_ln45_fu_332_p2                |      icmp|   0|  0|    10|           6|           6|
    |icmp_ln49_fu_523_p2                |      icmp|   0|  0|    12|          12|          11|
    |p_mid15_fu_458_p2                  |      icmp|   0|  0|    11|          11|          10|
    |or_ln40_fu_350_p2                  |        or|   0|  0|     2|           1|           1|
    |or_ln49_fu_529_p2                  |        or|   0|  0|     2|           1|           1|
    |or_ln52_fu_705_p2                  |        or|   0|  0|   736|         736|         736|
    |reuse_select_fu_661_p3             |    select|   0|  0|   736|           1|         736|
    |select_ln37_1_fu_318_p3            |    select|   0|  0|     2|           1|           2|
    |select_ln37_2_fu_415_p3            |    select|   0|  0|     2|           1|           1|
    |select_ln37_3_fu_421_p3            |    select|   0|  0|    11|           1|          11|
    |select_ln37_fu_310_p3              |    select|   0|  0|     6|           1|           1|
    |select_ln40_1_fu_427_p3            |    select|   0|  0|     6|           1|           6|
    |select_ln40_2_fu_464_p3            |    select|   0|  0|     2|           1|           1|
    |select_ln40_3_fu_471_p3            |    select|   0|  0|    11|           1|          11|
    |select_ln40_4_fu_575_p3            |    select|   0|  0|    12|           1|           1|
    |select_ln40_fu_356_p3              |    select|   0|  0|     6|           1|           1|
    |shl_ln50_fu_716_p2                 |       shl|   0|  0|  2171|          16|         736|
    |shl_ln52_1_fu_699_p2               |       shl|   0|  0|  2171|         736|         736|
    |shl_ln52_fu_679_p2                 |       shl|   0|  0|  2171|          16|         736|
    |ap_enable_pp0                      |       xor|   0|  0|     2|           1|           2|
    |xor_ln37_fu_326_p2                 |       xor|   0|  0|     2|           1|           2|
    |xor_ln50_fu_722_p2                 |       xor|   0|  0|   736|         736|           2|
    |xor_ln52_fu_685_p2                 |       xor|   0|  0|   736|         736|           2|
    +-----------------------------------+----------+----+---+------+------------+------------+
    |Total                              |          |   0|  0| 11474|        4901|        5585|
    +-----------------------------------+----------+----+---+------+------------+------------+

    * Multiplexer: 
    +-------------------------------------+----+-----------+-----+-----------+
    |                 Name                | LUT| Input Size| Bits| Total Bits|
    +-------------------------------------+----+-----------+-----+-----------+
    |ap_NS_fsm                            |  14|          3|    1|          3|
    |ap_done_int                          |   9|          2|    1|          2|
    |ap_enable_reg_pp0_iter0              |   9|          2|    1|          2|
    |ap_enable_reg_pp0_iter1              |   9|          2|    1|          2|
    |ap_phi_mux_storemerge_phi_fu_221_p4  |  14|          3|  736|       2208|
    |c_fu_148                             |   9|          2|    2|          4|
    |fm_blk_n_AR                          |   9|          2|    1|          2|
    |fm_blk_n_R                           |   9|          2|    1|          2|
    |i_fu_140                             |   9|          2|    6|         12|
    |in_fm_buf_address0                   |  14|          3|    8|         24|
    |indvar_flatten44_fu_152              |   9|          2|   13|         26|
    |indvar_flatten_fu_144                |   9|          2|   12|         24|
    |j_fu_136                             |   9|          2|    6|         12|
    |reuse_addr_reg_fu_128                |   9|          2|   64|        128|
    |reuse_reg_fu_132                     |   9|          2|  736|       1472|
    |storemerge_reg_217                   |  14|          3|  736|       2208|
    +-------------------------------------+----+-----------+-----+-----------+
    |Total                                | 164|         36| 2325|       6131|
    +-------------------------------------+----+-----------+-----+-----------+

    * Register: 
    +--------------------------------------+-----+----+-----+-----------+
    |                 Name                 |  FF | LUT| Bits| Const Bits|
    +--------------------------------------+-----+----+-----+-----------+
    |add_ln40_reg_865                      |    6|   0|    6|          0|
    |add_ln52_4_reg_894                    |   22|   0|   23|          1|
    |addr_cmp_reg_910                      |    1|   0|    1|          0|
    |and_ln37_reg_858                      |    1|   0|    1|          0|
    |ap_CS_fsm                             |    2|   0|    2|          0|
    |ap_done_reg                           |    1|   0|    1|          0|
    |ap_enable_reg_pp0_iter0_reg           |    1|   0|    1|          0|
    |ap_enable_reg_pp0_iter1               |    1|   0|    1|          0|
    |ap_enable_reg_pp0_iter2               |    1|   0|    1|          0|
    |ap_enable_reg_pp0_iter3               |    1|   0|    1|          0|
    |ap_enable_reg_pp0_iter4               |    1|   0|    1|          0|
    |ap_enable_reg_pp0_iter5               |    1|   0|    1|          0|
    |ap_enable_reg_pp0_iter6               |    1|   0|    1|          0|
    |ap_loop_exit_ready_pp0_iter1_reg      |    1|   0|    1|          0|
    |ap_loop_exit_ready_pp0_iter2_reg      |    1|   0|    1|          0|
    |ap_loop_exit_ready_pp0_iter3_reg      |    1|   0|    1|          0|
    |ap_loop_exit_ready_pp0_iter4_reg      |    1|   0|    1|          0|
    |ap_loop_exit_ready_pp0_iter5_reg      |    1|   0|    1|          0|
    |c_fu_148                              |    2|   0|    2|          0|
    |fm_addr_read_reg_921                  |   16|   0|   16|          0|
    |fm_addr_reg_899                       |   64|   0|   64|          0|
    |i_1_reg_830                           |    6|   0|    6|          0|
    |i_fu_140                              |    6|   0|    6|          0|
    |icmp_ln37_reg_836                     |    1|   0|    1|          0|
    |icmp_ln40_reg_840                     |    1|   0|    1|          0|
    |in_fm_buf_addr_reg_905                |    8|   0|    8|          0|
    |in_fm_buf_addr_reg_905_pp0_iter6_reg  |    8|   0|    8|          0|
    |indvar_flatten44_fu_152               |   13|   0|   13|          0|
    |indvar_flatten_fu_144                 |   12|   0|   12|          0|
    |j_fu_136                              |    6|   0|    6|          0|
    |mul_ln37_reg_880                      |   23|   0|   23|          0|
    |or_ln49_reg_890                       |    1|   0|    1|          0|
    |reuse_addr_reg_fu_128                 |   64|   0|   64|          0|
    |reuse_reg_fu_132                      |  736|   0|  736|          0|
    |reuse_select_reg_915                  |  736|   0|  736|          0|
    |select_ln37_1_reg_852                 |    2|   0|    2|          0|
    |select_ln37_reg_847                   |    6|   0|    6|          0|
    |select_ln40_1_reg_885                 |    6|   0|    6|          0|
    |select_ln40_reg_872                   |    6|   0|    6|          0|
    |storemerge_reg_217                    |  736|   0|  736|          0|
    |zext_ln30_cast_reg_824                |   10|   0|   11|          1|
    |zext_ln31_2_cast_reg_819              |   11|   0|   12|          1|
    |icmp_ln37_reg_836                     |   64|  32|    1|          0|
    |or_ln49_reg_890                       |   64|  32|    1|          0|
    |select_ln37_1_reg_852                 |   64|  32|    2|          0|
    |select_ln40_1_reg_885                 |   64|  32|    6|          0|
    |select_ln40_reg_872                   |   64|  32|    6|          0|
    +--------------------------------------+-----+----+-----+-----------+
    |Total                                 | 2845| 160| 2544|          3|
    +--------------------------------------+-----+----+-----+-----------+



================================================================
== Interface
================================================================
* Summary: 
+--------------------+-----+-----+------------+----------------------------------------------------------------------------------+--------------+
|      RTL Ports     | Dir | Bits|  Protocol  |                                   Source Object                                  |    C Type    |
+--------------------+-----+-----+------------+----------------------------------------------------------------------------------+--------------+
|ap_clk              |   in|    1|  ap_ctrl_hs|  load_input_tile_block_from_DRAM.0.0_Pipeline_INPUT_BUFFER_DEPTH_INPUT_BUFFER_HEI|  return value|
|ap_rst              |   in|    1|  ap_ctrl_hs|  load_input_tile_block_from_DRAM.0.0_Pipeline_INPUT_BUFFER_DEPTH_INPUT_BUFFER_HEI|  return value|
|ap_start            |   in|    1|  ap_ctrl_hs|  load_input_tile_block_from_DRAM.0.0_Pipeline_INPUT_BUFFER_DEPTH_INPUT_BUFFER_HEI|  return value|
|ap_done             |  out|    1|  ap_ctrl_hs|  load_input_tile_block_from_DRAM.0.0_Pipeline_INPUT_BUFFER_DEPTH_INPUT_BUFFER_HEI|  return value|
|ap_idle             |  out|    1|  ap_ctrl_hs|  load_input_tile_block_from_DRAM.0.0_Pipeline_INPUT_BUFFER_DEPTH_INPUT_BUFFER_HEI|  return value|
|ap_ready            |  out|    1|  ap_ctrl_hs|  load_input_tile_block_from_DRAM.0.0_Pipeline_INPUT_BUFFER_DEPTH_INPUT_BUFFER_HEI|  return value|
|m_axi_fm_AWVALID    |  out|    1|       m_axi|                                                                                fm|       pointer|
|m_axi_fm_AWREADY    |   in|    1|       m_axi|                                                                                fm|       pointer|
|m_axi_fm_AWADDR     |  out|   64|       m_axi|                                                                                fm|       pointer|
|m_axi_fm_AWID       |  out|    1|       m_axi|                                                                                fm|       pointer|
|m_axi_fm_AWLEN      |  out|   32|       m_axi|                                                                                fm|       pointer|
|m_axi_fm_AWSIZE     |  out|    3|       m_axi|                                                                                fm|       pointer|
|m_axi_fm_AWBURST    |  out|    2|       m_axi|                                                                                fm|       pointer|
|m_axi_fm_AWLOCK     |  out|    2|       m_axi|                                                                                fm|       pointer|
|m_axi_fm_AWCACHE    |  out|    4|       m_axi|                                                                                fm|       pointer|
|m_axi_fm_AWPROT     |  out|    3|       m_axi|                                                                                fm|       pointer|
|m_axi_fm_AWQOS      |  out|    4|       m_axi|                                                                                fm|       pointer|
|m_axi_fm_AWREGION   |  out|    4|       m_axi|                                                                                fm|       pointer|
|m_axi_fm_AWUSER     |  out|    1|       m_axi|                                                                                fm|       pointer|
|m_axi_fm_WVALID     |  out|    1|       m_axi|                                                                                fm|       pointer|
|m_axi_fm_WREADY     |   in|    1|       m_axi|                                                                                fm|       pointer|
|m_axi_fm_WDATA      |  out|   16|       m_axi|                                                                                fm|       pointer|
|m_axi_fm_WSTRB      |  out|    2|       m_axi|                                                                                fm|       pointer|
|m_axi_fm_WLAST      |  out|    1|       m_axi|                                                                                fm|       pointer|
|m_axi_fm_WID        |  out|    1|       m_axi|                                                                                fm|       pointer|
|m_axi_fm_WUSER      |  out|    1|       m_axi|                                                                                fm|       pointer|
|m_axi_fm_ARVALID    |  out|    1|       m_axi|                                                                                fm|       pointer|
|m_axi_fm_ARREADY    |   in|    1|       m_axi|                                                                                fm|       pointer|
|m_axi_fm_ARADDR     |  out|   64|       m_axi|                                                                                fm|       pointer|
|m_axi_fm_ARID       |  out|    1|       m_axi|                                                                                fm|       pointer|
|m_axi_fm_ARLEN      |  out|   32|       m_axi|                                                                                fm|       pointer|
|m_axi_fm_ARSIZE     |  out|    3|       m_axi|                                                                                fm|       pointer|
|m_axi_fm_ARBURST    |  out|    2|       m_axi|                                                                                fm|       pointer|
|m_axi_fm_ARLOCK     |  out|    2|       m_axi|                                                                                fm|       pointer|
|m_axi_fm_ARCACHE    |  out|    4|       m_axi|                                                                                fm|       pointer|
|m_axi_fm_ARPROT     |  out|    3|       m_axi|                                                                                fm|       pointer|
|m_axi_fm_ARQOS      |  out|    4|       m_axi|                                                                                fm|       pointer|
|m_axi_fm_ARREGION   |  out|    4|       m_axi|                                                                                fm|       pointer|
|m_axi_fm_ARUSER     |  out|    1|       m_axi|                                                                                fm|       pointer|
|m_axi_fm_RVALID     |   in|    1|       m_axi|                                                                                fm|       pointer|
|m_axi_fm_RREADY     |  out|    1|       m_axi|                                                                                fm|       pointer|
|m_axi_fm_RDATA      |   in|   16|       m_axi|                                                                                fm|       pointer|
|m_axi_fm_RLAST      |   in|    1|       m_axi|                                                                                fm|       pointer|
|m_axi_fm_RID        |   in|    1|       m_axi|                                                                                fm|       pointer|
|m_axi_fm_RFIFONUM   |   in|   10|       m_axi|                                                                                fm|       pointer|
|m_axi_fm_RUSER      |   in|    1|       m_axi|                                                                                fm|       pointer|
|m_axi_fm_RRESP      |   in|    2|       m_axi|                                                                                fm|       pointer|
|m_axi_fm_BVALID     |   in|    1|       m_axi|                                                                                fm|       pointer|
|m_axi_fm_BREADY     |  out|    1|       m_axi|                                                                                fm|       pointer|
|m_axi_fm_BRESP      |   in|    2|       m_axi|                                                                                fm|       pointer|
|m_axi_fm_BID        |   in|    1|       m_axi|                                                                                fm|       pointer|
|m_axi_fm_BUSER      |   in|    1|       m_axi|                                                                                fm|       pointer|
|add_ln42            |   in|   11|     ap_none|                                                                          add_ln42|        scalar|
|zext_ln30           |   in|   10|     ap_none|                                                                         zext_ln30|        scalar|
|in_fm               |   in|   64|     ap_none|                                                                             in_fm|        scalar|
|p_mid132            |   in|    1|     ap_none|                                                                          p_mid132|        scalar|
|in_fm_buf_address0  |  out|    8|   ap_memory|                                                                         in_fm_buf|         array|
|in_fm_buf_ce0       |  out|    1|   ap_memory|                                                                         in_fm_buf|         array|
|in_fm_buf_we0       |  out|    1|   ap_memory|                                                                         in_fm_buf|         array|
|in_fm_buf_d0        |  out|  736|   ap_memory|                                                                         in_fm_buf|         array|
|in_fm_buf_q0        |   in|  736|   ap_memory|                                                                         in_fm_buf|         array|
|zext_ln31_2         |   in|   11|     ap_none|                                                                       zext_ln31_2|        scalar|
|add_ln52            |   in|   12|     ap_none|                                                                          add_ln52|        scalar|
+--------------------+-----+-----+------------+----------------------------------------------------------------------------------+--------------+

