

================================================================
== Vitis HLS Report for 'load_layer_params_from_DRAM_Pipeline_WEIGHT_KERNEL_NUM_WEIGHT_KERNEL_HEIGHT_WEIG'
================================================================
* Date:           Sat Mar 25 14:07:41 2023

* Version:        2022.1.2 (Build 3605665 on Fri Aug  5 22:52:02 MDT 2022)
* Project:        proj
* Solution:       solution1 (Vivado IP Flow Target)
* Product family: zynq
* Target device:  xc7z020-clg400-1


================================================================
== Performance Estimates
================================================================
+ Timing: 
    * Summary: 
    +--------+----------+----------+------------+
    |  Clock |  Target  | Estimated| Uncertainty|
    +--------+----------+----------+------------+
    |ap_clk  |  10.00 ns|  7.300 ns|     2.70 ns|
    +--------+----------+----------+------------+

+ Latency: 
    * Summary: 
    +---------+---------+----------+----------+-----+-----+---------+
    |  Latency (cycles) |  Latency (absolute) |  Interval | Pipeline|
    |   min   |   max   |    min   |    max   | min | max |   Type  |
    +---------+---------+----------+----------+-----+-----+---------+
    |      591|      591|  5.910 us|  5.910 us|  591|  591|       no|
    +---------+---------+----------+----------+-----+-----+---------+

    + Detail: 
        * Instance: 
        N/A

        * Loop: 
        +--------------------------------------------------------------+---------+---------+----------+-----------+-----------+------+----------+
        |                                                              |  Latency (cycles) | Iteration|  Initiation Interval  | Trip |          |
        |                           Loop Name                          |   min   |   max   |  Latency |  achieved |   target  | Count| Pipelined|
        +--------------------------------------------------------------+---------+---------+----------+-----------+-----------+------+----------+
        |- WEIGHT_KERNEL_NUM_WEIGHT_KERNEL_HEIGHT_WEIGHT_KERNEL_WIDTH  |      589|      589|         3|          1|          1|   588|       yes|
        +--------------------------------------------------------------+---------+---------+----------+-----------+-----------+------+----------+



================================================================
== Utilization Estimates
================================================================
* Summary: 
+-----------------+---------+-----+--------+-------+-----+
|       Name      | BRAM_18K| DSP |   FF   |  LUT  | URAM|
+-----------------+---------+-----+--------+-------+-----+
|DSP              |        -|    -|       -|      -|    -|
|Expression       |        -|    -|       0|    219|    -|
|FIFO             |        -|    -|       -|      -|    -|
|Instance         |        -|    -|       -|      -|    -|
|Memory           |        -|    -|       -|      -|    -|
|Multiplexer      |        -|    -|       -|    135|    -|
|Register         |        -|    -|      74|      -|    -|
+-----------------+---------+-----+--------+-------+-----+
|Total            |        0|    0|      74|    354|    0|
+-----------------+---------+-----+--------+-------+-----+
|Available        |      280|  220|  106400|  53200|    0|
+-----------------+---------+-----+--------+-------+-----+
|Utilization (%)  |        0|    0|      ~0|     ~0|    0|
+-----------------+---------+-----+--------+-------+-----+

+ Detail: 
    * Instance: 
    N/A

    * DSP: 
    N/A

    * Memory: 
    N/A

    * FIFO: 
    N/A

    * Expression: 
    +---------------------------+----------+----+---+----+------------+------------+
    |       Variable Name       | Operation| DSP| FF| LUT| Bitwidth P0| Bitwidth P1|
    +---------------------------+----------+----+---+----+------------+------------+
    |add_ln77_1_fu_389_p2       |         +|   0|  0|  11|           3|           1|
    |add_ln77_fu_286_p2         |         +|   0|  0|  13|          10|           1|
    |add_ln80_1_fu_348_p2       |         +|   0|  0|  15|           8|           1|
    |add_ln80_fu_446_p2         |         +|   0|  0|  10|           2|           1|
    |add_ln83_1_fu_334_p2       |         +|   0|  0|  14|           6|           1|
    |add_ln83_fu_492_p2         |         +|   0|  0|  11|           3|           1|
    |add_ln86_fu_524_p2         |         +|   0|  0|  11|           3|           1|
    |add_ln88_1_fu_563_p2       |         +|   0|  0|   7|           7|           7|
    |add_ln88_fu_470_p2         |         +|   0|  0|  14|           7|           7|
    |sub_ln88_1_fu_555_p2       |         -|   0|  0|   7|           7|           7|
    |sub_ln88_fu_425_p2         |         -|   0|  0|  14|           6|           6|
    |and_ln77_1_fu_316_p2       |       and|   0|  0|   2|           1|           1|
    |and_ln77_fu_441_p2         |       and|   0|  0|   2|           1|           1|
    |and_ln80_fu_486_p2         |       and|   0|  0|   2|           1|           1|
    |ap_block_pp0_stage0_11001  |       and|   0|  0|   2|           1|           1|
    |icmp_ln77_fu_280_p2        |      icmp|   0|  0|  11|          10|          10|
    |icmp_ln80_fu_298_p2        |      icmp|   0|  0|  11|           8|           8|
    |icmp_ln83_fu_310_p2        |      icmp|   0|  0|  10|           6|           5|
    |icmp_ln86_fu_435_p2        |      icmp|   0|  0|   8|           3|           2|
    |or_ln80_1_fu_481_p2        |        or|   0|  0|   2|           1|           1|
    |or_ln80_fu_322_p2          |        or|   0|  0|   2|           1|           1|
    |or_ln83_1_fu_503_p2        |        or|   0|  0|   2|           1|           1|
    |or_ln83_fu_498_p2          |        or|   0|  0|   2|           1|           1|
    |select_ln77_1_fu_402_p3    |    select|   0|  0|   3|           1|           3|
    |select_ln77_fu_395_p3      |    select|   0|  0|   2|           1|           1|
    |select_ln80_1_fu_459_p3    |    select|   0|  0|   2|           1|           2|
    |select_ln80_2_fu_354_p3    |    select|   0|  0|   8|           1|           1|
    |select_ln80_fu_452_p3      |    select|   0|  0|   3|           1|           1|
    |select_ln83_1_fu_516_p3    |    select|   0|  0|   3|           1|           3|
    |select_ln83_2_fu_340_p3    |    select|   0|  0|   6|           1|           1|
    |select_ln83_fu_508_p3      |    select|   0|  0|   3|           1|           1|
    |ap_enable_pp0              |       xor|   0|  0|   2|           1|           2|
    |xor_ln77_fu_304_p2         |       xor|   0|  0|   2|           1|           2|
    |xor_ln80_fu_476_p2         |       xor|   0|  0|   2|           1|           2|
    +---------------------------+----------+----+---+----+------------+------------+
    |Total                      |          |   0|  0| 219|         108|          86|
    +---------------------------+----------+----+---+----+------------+------------+

    * Multiplexer: 
    +------------------------------------------+----+-----------+-----+-----------+
    |                   Name                   | LUT| Input Size| Bits| Total Bits|
    +------------------------------------------+----+-----------+-----+-----------+
    |ap_done_int                               |   9|          2|    1|          2|
    |ap_enable_reg_pp0_iter1                   |   9|          2|    1|          2|
    |ap_sig_allocacmp_indvar_flatten11_load    |   9|          2|    8|         16|
    |ap_sig_allocacmp_indvar_flatten11_load_1  |   9|          2|    8|         16|
    |ap_sig_allocacmp_indvar_flatten33_load    |   9|          2|   10|         20|
    |ap_sig_allocacmp_indvar_flatten_load      |   9|          2|    6|         12|
    |ap_sig_allocacmp_indvar_flatten_load_2    |   9|          2|    6|         12|
    |c_fu_114                                  |   9|          2|    2|          4|
    |f_fu_122                                  |   9|          2|    3|          6|
    |indvar_flatten11_fu_118                   |   9|          2|    8|         16|
    |indvar_flatten33_fu_126                   |   9|          2|   10|         20|
    |indvar_flatten_fu_110                     |   9|          2|    6|         12|
    |kh_fu_106                                 |   9|          2|    3|          6|
    |kw_fu_102                                 |   9|          2|    3|          6|
    |wt_blk_n_R                                |   9|          2|    1|          2|
    +------------------------------------------+----+-----------+-----+-----------+
    |Total                                     | 135|         30|   76|        152|
    +------------------------------------------+----+-----------+-----+-----------+

    * Register: 
    +----------------------------------+----+----+-----+-----------+
    |               Name               | FF | LUT| Bits| Const Bits|
    +----------------------------------+----+----+-----+-----------+
    |add_ln88_reg_669                  |   7|   0|    7|          0|
    |and_ln77_1_reg_658                |   1|   0|    1|          0|
    |ap_CS_fsm                         |   1|   0|    1|          0|
    |ap_done_reg                       |   1|   0|    1|          0|
    |ap_enable_reg_pp0_iter1           |   1|   0|    1|          0|
    |ap_enable_reg_pp0_iter2           |   1|   0|    1|          0|
    |ap_loop_exit_ready_pp0_iter1_reg  |   1|   0|    1|          0|
    |c_fu_114                          |   2|   0|    2|          0|
    |f_fu_122                          |   3|   0|    3|          0|
    |icmp_ln80_reg_640                 |   1|   0|    1|          0|
    |icmp_ln83_reg_653                 |   1|   0|    1|          0|
    |indvar_flatten11_fu_118           |   8|   0|    8|          0|
    |indvar_flatten33_fu_126           |  10|   0|   10|          0|
    |indvar_flatten_fu_110             |   6|   0|    6|          0|
    |kh_fu_106                         |   3|   0|    3|          0|
    |kw_fu_102                         |   3|   0|    3|          0|
    |or_ln80_reg_664                   |   1|   0|    1|          0|
    |select_ln83_1_reg_680             |   3|   0|    3|          0|
    |select_ln83_reg_675               |   3|   0|    3|          0|
    |wt_addr_read_reg_684              |  16|   0|   16|          0|
    |xor_ln77_reg_648                  |   1|   0|    1|          0|
    +----------------------------------+----+----+-----+-----------+
    |Total                             |  74|   0|   74|          0|
    +----------------------------------+----+----+-----+-----------+



================================================================
== Interface
================================================================
* Summary: 
+-----------------------+-----+-----+------------+----------------------------------------------------------------------------------+--------------+
|       RTL Ports       | Dir | Bits|  Protocol  |                                   Source Object                                  |    C Type    |
+-----------------------+-----+-----+------------+----------------------------------------------------------------------------------+--------------+
|ap_clk                 |   in|    1|  ap_ctrl_hs|  load_layer_params_from_DRAM_Pipeline_WEIGHT_KERNEL_NUM_WEIGHT_KERNEL_HEIGHT_WEIG|  return value|
|ap_rst                 |   in|    1|  ap_ctrl_hs|  load_layer_params_from_DRAM_Pipeline_WEIGHT_KERNEL_NUM_WEIGHT_KERNEL_HEIGHT_WEIG|  return value|
|ap_start               |   in|    1|  ap_ctrl_hs|  load_layer_params_from_DRAM_Pipeline_WEIGHT_KERNEL_NUM_WEIGHT_KERNEL_HEIGHT_WEIG|  return value|
|ap_done                |  out|    1|  ap_ctrl_hs|  load_layer_params_from_DRAM_Pipeline_WEIGHT_KERNEL_NUM_WEIGHT_KERNEL_HEIGHT_WEIG|  return value|
|ap_idle                |  out|    1|  ap_ctrl_hs|  load_layer_params_from_DRAM_Pipeline_WEIGHT_KERNEL_NUM_WEIGHT_KERNEL_HEIGHT_WEIG|  return value|
|ap_ready               |  out|    1|  ap_ctrl_hs|  load_layer_params_from_DRAM_Pipeline_WEIGHT_KERNEL_NUM_WEIGHT_KERNEL_HEIGHT_WEIG|  return value|
|m_axi_wt_AWVALID       |  out|    1|       m_axi|                                                                                wt|       pointer|
|m_axi_wt_AWREADY       |   in|    1|       m_axi|                                                                                wt|       pointer|
|m_axi_wt_AWADDR        |  out|   64|       m_axi|                                                                                wt|       pointer|
|m_axi_wt_AWID          |  out|    1|       m_axi|                                                                                wt|       pointer|
|m_axi_wt_AWLEN         |  out|   32|       m_axi|                                                                                wt|       pointer|
|m_axi_wt_AWSIZE        |  out|    3|       m_axi|                                                                                wt|       pointer|
|m_axi_wt_AWBURST       |  out|    2|       m_axi|                                                                                wt|       pointer|
|m_axi_wt_AWLOCK        |  out|    2|       m_axi|                                                                                wt|       pointer|
|m_axi_wt_AWCACHE       |  out|    4|       m_axi|                                                                                wt|       pointer|
|m_axi_wt_AWPROT        |  out|    3|       m_axi|                                                                                wt|       pointer|
|m_axi_wt_AWQOS         |  out|    4|       m_axi|                                                                                wt|       pointer|
|m_axi_wt_AWREGION      |  out|    4|       m_axi|                                                                                wt|       pointer|
|m_axi_wt_AWUSER        |  out|    1|       m_axi|                                                                                wt|       pointer|
|m_axi_wt_WVALID        |  out|    1|       m_axi|                                                                                wt|       pointer|
|m_axi_wt_WREADY        |   in|    1|       m_axi|                                                                                wt|       pointer|
|m_axi_wt_WDATA         |  out|   16|       m_axi|                                                                                wt|       pointer|
|m_axi_wt_WSTRB         |  out|    2|       m_axi|                                                                                wt|       pointer|
|m_axi_wt_WLAST         |  out|    1|       m_axi|                                                                                wt|       pointer|
|m_axi_wt_WID           |  out|    1|       m_axi|                                                                                wt|       pointer|
|m_axi_wt_WUSER         |  out|    1|       m_axi|                                                                                wt|       pointer|
|m_axi_wt_ARVALID       |  out|    1|       m_axi|                                                                                wt|       pointer|
|m_axi_wt_ARREADY       |   in|    1|       m_axi|                                                                                wt|       pointer|
|m_axi_wt_ARADDR        |  out|   64|       m_axi|                                                                                wt|       pointer|
|m_axi_wt_ARID          |  out|    1|       m_axi|                                                                                wt|       pointer|
|m_axi_wt_ARLEN         |  out|   32|       m_axi|                                                                                wt|       pointer|
|m_axi_wt_ARSIZE        |  out|    3|       m_axi|                                                                                wt|       pointer|
|m_axi_wt_ARBURST       |  out|    2|       m_axi|                                                                                wt|       pointer|
|m_axi_wt_ARLOCK        |  out|    2|       m_axi|                                                                                wt|       pointer|
|m_axi_wt_ARCACHE       |  out|    4|       m_axi|                                                                                wt|       pointer|
|m_axi_wt_ARPROT        |  out|    3|       m_axi|                                                                                wt|       pointer|
|m_axi_wt_ARQOS         |  out|    4|       m_axi|                                                                                wt|       pointer|
|m_axi_wt_ARREGION      |  out|    4|       m_axi|                                                                                wt|       pointer|
|m_axi_wt_ARUSER        |  out|    1|       m_axi|                                                                                wt|       pointer|
|m_axi_wt_RVALID        |   in|    1|       m_axi|                                                                                wt|       pointer|
|m_axi_wt_RREADY        |  out|    1|       m_axi|                                                                                wt|       pointer|
|m_axi_wt_RDATA         |   in|   16|       m_axi|                                                                                wt|       pointer|
|m_axi_wt_RLAST         |   in|    1|       m_axi|                                                                                wt|       pointer|
|m_axi_wt_RID           |   in|    1|       m_axi|                                                                                wt|       pointer|
|m_axi_wt_RFIFONUM      |   in|   10|       m_axi|                                                                                wt|       pointer|
|m_axi_wt_RUSER         |   in|    1|       m_axi|                                                                                wt|       pointer|
|m_axi_wt_RRESP         |   in|    2|       m_axi|                                                                                wt|       pointer|
|m_axi_wt_BVALID        |   in|    1|       m_axi|                                                                                wt|       pointer|
|m_axi_wt_BREADY        |  out|    1|       m_axi|                                                                                wt|       pointer|
|m_axi_wt_BRESP         |   in|    2|       m_axi|                                                                                wt|       pointer|
|m_axi_wt_BID           |   in|    1|       m_axi|                                                                                wt|       pointer|
|m_axi_wt_BUSER         |   in|    1|       m_axi|                                                                                wt|       pointer|
|sext_ln77              |   in|   63|     ap_none|                                                                         sext_ln77|        scalar|
|weight_buf_0_address0  |  out|    7|   ap_memory|                                                                      weight_buf_0|         array|
|weight_buf_0_ce0       |  out|    1|   ap_memory|                                                                      weight_buf_0|         array|
|weight_buf_0_we0       |  out|    1|   ap_memory|                                                                      weight_buf_0|         array|
|weight_buf_0_d0        |  out|   16|   ap_memory|                                                                      weight_buf_0|         array|
|weight_buf_1_address0  |  out|    7|   ap_memory|                                                                      weight_buf_1|         array|
|weight_buf_1_ce0       |  out|    1|   ap_memory|                                                                      weight_buf_1|         array|
|weight_buf_1_we0       |  out|    1|   ap_memory|                                                                      weight_buf_1|         array|
|weight_buf_1_d0        |  out|   16|   ap_memory|                                                                      weight_buf_1|         array|
|weight_buf_2_address0  |  out|    7|   ap_memory|                                                                      weight_buf_2|         array|
|weight_buf_2_ce0       |  out|    1|   ap_memory|                                                                      weight_buf_2|         array|
|weight_buf_2_we0       |  out|    1|   ap_memory|                                                                      weight_buf_2|         array|
|weight_buf_2_d0        |  out|   16|   ap_memory|                                                                      weight_buf_2|         array|
|weight_buf_3_address0  |  out|    7|   ap_memory|                                                                      weight_buf_3|         array|
|weight_buf_3_ce0       |  out|    1|   ap_memory|                                                                      weight_buf_3|         array|
|weight_buf_3_we0       |  out|    1|   ap_memory|                                                                      weight_buf_3|         array|
|weight_buf_3_d0        |  out|   16|   ap_memory|                                                                      weight_buf_3|         array|
|weight_buf_4_address0  |  out|    7|   ap_memory|                                                                      weight_buf_4|         array|
|weight_buf_4_ce0       |  out|    1|   ap_memory|                                                                      weight_buf_4|         array|
|weight_buf_4_we0       |  out|    1|   ap_memory|                                                                      weight_buf_4|         array|
|weight_buf_4_d0        |  out|   16|   ap_memory|                                                                      weight_buf_4|         array|
|weight_buf_5_address0  |  out|    7|   ap_memory|                                                                      weight_buf_5|         array|
|weight_buf_5_ce0       |  out|    1|   ap_memory|                                                                      weight_buf_5|         array|
|weight_buf_5_we0       |  out|    1|   ap_memory|                                                                      weight_buf_5|         array|
|weight_buf_5_d0        |  out|   16|   ap_memory|                                                                      weight_buf_5|         array|
|weight_buf_6_address0  |  out|    7|   ap_memory|                                                                      weight_buf_6|         array|
|weight_buf_6_ce0       |  out|    1|   ap_memory|                                                                      weight_buf_6|         array|
|weight_buf_6_we0       |  out|    1|   ap_memory|                                                                      weight_buf_6|         array|
|weight_buf_6_d0        |  out|   16|   ap_memory|                                                                      weight_buf_6|         array|
+-----------------------+-----+-----+------------+----------------------------------------------------------------------------------+--------------+

