

================================================================
== Vitis HLS Report for 'tiled_conv_Pipeline_OUTPUT_BUFFER_DEPTH_OUTPUT_BUFFER_HEIGHT_OUTPUT_BUFFER_WIDTH'
================================================================
* Date:           Fri Mar 31 14:32:14 2023

* Version:        2022.1.2 (Build 3605665 on Fri Aug  5 22:52:02 MDT 2022)
* Project:        proj
* Solution:       solution1 (Vivado IP Flow Target)
* Product family: zynq
* Target device:  xc7z020-clg400-1


================================================================
== Performance Estimates
================================================================
+ Timing: 
    * Summary: 
    +--------+----------+----------+------------+
    |  Clock |  Target  | Estimated| Uncertainty|
    +--------+----------+----------+------------+
    |ap_clk  |  10.00 ns|  7.300 ns|     2.70 ns|
    +--------+----------+----------+------------+

+ Latency: 
    * Summary: 
    +---------+---------+-----------+-----------+------+------+---------+
    |  Latency (cycles) |   Latency (absolute)  |   Interval  | Pipeline|
    |   min   |   max   |    min    |    max    |  min |  max |   Type  |
    +---------+---------+-----------+-----------+------+------+---------+
    |     1862|     1862|  18.620 us|  18.620 us|  1862|  1862|       no|
    +---------+---------+-----------+-----------+------+------+---------+

    + Detail: 
        * Instance: 
        N/A

        * Loop: 
        +----------------------------------------------------------------+---------+---------+----------+-----------+-----------+------+----------+
        |                                                                |  Latency (cycles) | Iteration|  Initiation Interval  | Trip |          |
        |                            Loop Name                           |   min   |   max   |  Latency |  achieved |   target  | Count| Pipelined|
        +----------------------------------------------------------------+---------+---------+----------+-----------+-----------+------+----------+
        |- OUTPUT_BUFFER_DEPTH_OUTPUT_BUFFER_HEIGHT_OUTPUT_BUFFER_WIDTH  |     1860|     1860|        22|          1|          1|  1840|       yes|
        +----------------------------------------------------------------+---------+---------+----------+-----------+-----------+------+----------+



================================================================
== Utilization Estimates
================================================================
* Summary: 
+-----------------+---------+-----+--------+-------+-----+
|       Name      | BRAM_18K| DSP |   FF   |  LUT  | URAM|
+-----------------+---------+-----+--------+-------+-----+
|DSP              |        -|    2|       -|      -|    -|
|Expression       |        -|    -|       0|    851|    -|
|FIFO             |        -|    -|       -|      -|    -|
|Instance         |        -|    -|     680|    956|    -|
|Memory           |        -|    -|       -|      -|    -|
|Multiplexer      |        -|    -|       -|     99|    -|
|Register         |        -|    -|     768|    128|    -|
+-----------------+---------+-----+--------+-------+-----+
|Total            |        0|    2|    1448|   2034|    0|
+-----------------+---------+-----+--------+-------+-----+
|Available        |      280|  220|  106400|  53200|    0|
+-----------------+---------+-----+--------+-------+-----+
|Utilization (%)  |        0|   ~0|       1|      3|    0|
+-----------------+---------+-----+--------+-------+-----+

+ Detail: 
    * Instance: 
    +----------------------------+-----------------------+---------+----+-----+-----+-----+
    |          Instance          |         Module        | BRAM_18K| DSP|  FF | LUT | URAM|
    +----------------------------+-----------------------+---------+----+-----+-----+-----+
    |mux_235_16_1_1_U818         |mux_235_16_1_1         |        0|   0|    0|  113|    0|
    |mux_235_16_1_1_U819         |mux_235_16_1_1         |        0|   0|    0|  113|    0|
    |mux_235_16_1_1_U820         |mux_235_16_1_1         |        0|   0|    0|  113|    0|
    |mux_235_16_1_1_U821         |mux_235_16_1_1         |        0|   0|    0|  113|    0|
    |mux_43_16_1_1_U822          |mux_43_16_1_1          |        0|   0|    0|   20|    0|
    |urem_11ns_6ns_11_15_1_U816  |urem_11ns_6ns_11_15_1  |        0|   0|  340|  242|    0|
    |urem_11ns_6ns_11_15_1_U817  |urem_11ns_6ns_11_15_1  |        0|   0|  340|  242|    0|
    +----------------------------+-----------------------+---------+----+-----+-----+-----+
    |Total                       |                       |        0|   0|  680|  956|    0|
    +----------------------------+-----------------------+---------+----+-----+-----+-----+

    * DSP: 
    +------------------------------+-------------------------+-----------+
    |           Instance           |          Module         | Expression|
    +------------------------------+-------------------------+-----------+
    |mul_mul_6ns_19ns_25_1_1_U823  |mul_mul_6ns_19ns_25_1_1  |    i0 * i1|
    |mul_mul_6ns_19ns_25_1_1_U824  |mul_mul_6ns_19ns_25_1_1  |    i0 * i1|
    +------------------------------+-------------------------+-----------+

    * Memory: 
    N/A

    * FIFO: 
    N/A

    * Expression: 
    +------------------------------------+----------+----+---+----+------------+------------+
    |            Variable Name           | Operation| DSP| FF| LUT| Bitwidth P0| Bitwidth P1|
    +------------------------------------+----------+----+---+----+------------+------------+
    |add_ln119_1_fu_1642_p2              |         +|   0|  0|  12|          11|           1|
    |add_ln119_fu_1680_p2                |         +|   0|  0|  11|           3|           1|
    |add_ln122_1_fu_1712_p2              |         +|   0|  0|  13|          10|           1|
    |add_ln122_fu_1772_p2                |         +|   0|  0|  13|           5|           1|
    |add_ln125_fu_1799_p2                |         +|   0|  0|  13|           5|           1|
    |add_ln130_1_fu_1851_p2              |         +|   0|  0|  19|          19|          19|
    |add_ln130_2_fu_1856_p2              |         +|   0|  0|  19|          19|          19|
    |add_ln130_3_fu_2007_p2              |         +|   0|  0|  71|          64|          64|
    |add_ln130_4_fu_1865_p2              |         +|   0|  0|  71|          64|          64|
    |add_ln130_5_fu_2017_p2              |         +|   0|  0|  71|          64|          64|
    |add_ln130_6_fu_1898_p2              |         +|   0|  0|  19|          19|          19|
    |add_ln130_7_fu_1903_p2              |         +|   0|  0|  19|          19|          19|
    |add_ln130_8_fu_2024_p2              |         +|   0|  0|  71|          64|          64|
    |add_ln130_fu_1818_p2                |         +|   0|  0|  71|          64|          64|
    |empty_27_fu_1826_p2                 |         +|   0|  0|  14|           9|           9|
    |empty_fu_1672_p2                    |         +|   0|  0|  14|           6|           6|
    |p_mid1102_fu_1696_p2                |         +|   0|  0|  14|           6|           6|
    |p_mid189_fu_1873_p2                 |         +|   0|  0|  14|           9|           9|
    |and_ln119_fu_1766_p2                |       and|   0|  0|   2|           1|           1|
    |ap_block_pp0_stage0_01001           |       and|   0|  0|   2|           1|           1|
    |ap_block_state16_io                 |       and|   0|  0|   2|           1|           1|
    |ap_block_state22_pp0_stage0_iter21  |       and|   0|  0|   2|           1|           1|
    |empty_30_fu_2288_p2                 |      icmp|   0|  0|  11|          11|           1|
    |empty_32_fu_2294_p2                 |      icmp|   0|  0|  11|          11|           1|
    |icmp_ln119_fu_1636_p2               |      icmp|   0|  0|  11|          11|           9|
    |icmp_ln122_fu_1686_p2               |      icmp|   0|  0|  11|          10|           9|
    |icmp_ln125_fu_1760_p2               |      icmp|   0|  0|   9|           5|           5|
    |ap_block_pp0_stage0_11001           |        or|   0|  0|   2|           1|           1|
    |or_ln122_fu_1778_p2                 |        or|   0|  0|   2|           1|           1|
    |select_ln119_1_fu_2012_p3           |    select|   0|  0|  64|           1|          64|
    |select_ln119_2_fu_1701_p3           |    select|   0|  0|   3|           1|           3|
    |select_ln119_3_fu_2060_p3           |    select|   0|  0|  63|           1|          63|
    |select_ln119_fu_1745_p3             |    select|   0|  0|   5|           1|           1|
    |select_ln122_1_fu_2067_p3           |    select|   0|  0|  63|           1|          63|
    |select_ln122_2_fu_1791_p3           |    select|   0|  0|   5|           1|           5|
    |select_ln122_3_fu_1718_p3           |    select|   0|  0|  10|           1|           1|
    |select_ln122_fu_1783_p3             |    select|   0|  0|   5|           1|           1|
    |select_ln128_fu_2321_p3             |    select|   0|  0|  15|           1|           1|
    |ap_enable_pp0                       |       xor|   0|  0|   2|           1|           2|
    |xor_ln119_fu_1755_p2                |       xor|   0|  0|   2|           1|           2|
    +------------------------------------+----------+----+---+----+------------+------------+
    |Total                               |          |   0|  0| 851|         525|         668|
    +------------------------------------+----------+----+---+----+------------+------------+

    * Multiplexer: 
    +-----------------------------------------+----+-----------+-----+-----------+
    |                   Name                  | LUT| Input Size| Bits| Total Bits|
    +-----------------------------------------+----+-----------+-----+-----------+
    |ap_done_int                              |   9|          2|    1|          2|
    |ap_enable_reg_pp0_iter15                 |   9|          2|    1|          2|
    |ap_sig_allocacmp_indvar_flatten134_load  |   9|          2|   11|         22|
    |f_fu_326                                 |   9|          2|    3|          6|
    |fm_blk_n_AW                              |   9|          2|    1|          2|
    |fm_blk_n_B                               |   9|          2|    1|          2|
    |fm_blk_n_W                               |   9|          2|    1|          2|
    |i_fu_318                                 |   9|          2|    5|         10|
    |indvar_flatten134_fu_330                 |   9|          2|   11|         22|
    |indvar_flatten91_fu_322                  |   9|          2|   10|         20|
    |j_fu_314                                 |   9|          2|    5|         10|
    +-----------------------------------------+----+-----------+-----+-----------+
    |Total                                    |  99|         22|   50|        100|
    +-----------------------------------------+----+-----------+-----+-----------+

    * Register: 
    +----------------------------------------+----+----+-----+-----------+
    |                  Name                  | FF | LUT| Bits| Const Bits|
    +----------------------------------------+----+----+-----+-----------+
    |add_ln122_reg_2468                      |   5|   0|    5|          0|
    |add_ln130_2_reg_2492                    |  19|   0|   19|          0|
    |add_ln130_4_reg_2497                    |  64|   0|   64|          0|
    |add_ln130_7_reg_2503                    |  19|   0|   19|          0|
    |add_ln130_reg_2486                      |  64|   0|   64|          0|
    |and_ln119_reg_2463                      |   1|   0|    1|          0|
    |and_ln119_reg_2463_pp0_iter13_reg       |   1|   0|    1|          0|
    |ap_CS_fsm                               |   1|   0|    1|          0|
    |ap_done_reg                             |   1|   0|    1|          0|
    |ap_enable_reg_pp0_iter1                 |   1|   0|    1|          0|
    |ap_enable_reg_pp0_iter10                |   1|   0|    1|          0|
    |ap_enable_reg_pp0_iter11                |   1|   0|    1|          0|
    |ap_enable_reg_pp0_iter12                |   1|   0|    1|          0|
    |ap_enable_reg_pp0_iter13                |   1|   0|    1|          0|
    |ap_enable_reg_pp0_iter14                |   1|   0|    1|          0|
    |ap_enable_reg_pp0_iter15                |   1|   0|    1|          0|
    |ap_enable_reg_pp0_iter16                |   1|   0|    1|          0|
    |ap_enable_reg_pp0_iter17                |   1|   0|    1|          0|
    |ap_enable_reg_pp0_iter18                |   1|   0|    1|          0|
    |ap_enable_reg_pp0_iter19                |   1|   0|    1|          0|
    |ap_enable_reg_pp0_iter2                 |   1|   0|    1|          0|
    |ap_enable_reg_pp0_iter20                |   1|   0|    1|          0|
    |ap_enable_reg_pp0_iter21                |   1|   0|    1|          0|
    |ap_enable_reg_pp0_iter3                 |   1|   0|    1|          0|
    |ap_enable_reg_pp0_iter4                 |   1|   0|    1|          0|
    |ap_enable_reg_pp0_iter5                 |   1|   0|    1|          0|
    |ap_enable_reg_pp0_iter6                 |   1|   0|    1|          0|
    |ap_enable_reg_pp0_iter7                 |   1|   0|    1|          0|
    |ap_enable_reg_pp0_iter8                 |   1|   0|    1|          0|
    |ap_enable_reg_pp0_iter9                 |   1|   0|    1|          0|
    |ap_loop_exit_ready_pp0_iter10_reg       |   1|   0|    1|          0|
    |ap_loop_exit_ready_pp0_iter11_reg       |   1|   0|    1|          0|
    |ap_loop_exit_ready_pp0_iter12_reg       |   1|   0|    1|          0|
    |ap_loop_exit_ready_pp0_iter13_reg       |   1|   0|    1|          0|
    |ap_loop_exit_ready_pp0_iter14_reg       |   1|   0|    1|          0|
    |ap_loop_exit_ready_pp0_iter15_reg       |   1|   0|    1|          0|
    |ap_loop_exit_ready_pp0_iter16_reg       |   1|   0|    1|          0|
    |ap_loop_exit_ready_pp0_iter17_reg       |   1|   0|    1|          0|
    |ap_loop_exit_ready_pp0_iter18_reg       |   1|   0|    1|          0|
    |ap_loop_exit_ready_pp0_iter19_reg       |   1|   0|    1|          0|
    |ap_loop_exit_ready_pp0_iter1_reg        |   1|   0|    1|          0|
    |ap_loop_exit_ready_pp0_iter20_reg       |   1|   0|    1|          0|
    |ap_loop_exit_ready_pp0_iter2_reg        |   1|   0|    1|          0|
    |ap_loop_exit_ready_pp0_iter3_reg        |   1|   0|    1|          0|
    |ap_loop_exit_ready_pp0_iter4_reg        |   1|   0|    1|          0|
    |ap_loop_exit_ready_pp0_iter5_reg        |   1|   0|    1|          0|
    |ap_loop_exit_ready_pp0_iter6_reg        |   1|   0|    1|          0|
    |ap_loop_exit_ready_pp0_iter7_reg        |   1|   0|    1|          0|
    |ap_loop_exit_ready_pp0_iter8_reg        |   1|   0|    1|          0|
    |ap_loop_exit_ready_pp0_iter9_reg        |   1|   0|    1|          0|
    |empty_30_reg_2994                       |   1|   0|    1|          0|
    |empty_32_reg_2998                       |   1|   0|    1|          0|
    |empty_reg_2424                          |   6|   0|    6|          0|
    |f_fu_326                                |   3|   0|    3|          0|
    |fm_addr_reg_2988                        |  64|   0|   64|          0|
    |i_1_reg_2448                            |   5|   0|    5|          0|
    |i_fu_318                                |   5|   0|    5|          0|
    |icmp_ln119_reg_2415                     |   1|   0|    1|          0|
    |icmp_ln122_reg_2429                     |   1|   0|    1|          0|
    |indvar_flatten134_fu_330                |  11|   0|   11|          0|
    |indvar_flatten91_fu_322                 |  10|   0|   10|          0|
    |j_fu_314                                |   5|   0|    5|          0|
    |mul_ln130_1_reg_2458                    |  25|   0|   25|          0|
    |mul_ln130_reg_2453                      |  25|   0|   25|          0|
    |p_mid1102_reg_2438                      |   6|   0|    6|          0|
    |select_ln119_2_reg_2443                 |   3|   0|    3|          0|
    |select_ln122_2_reg_2478                 |   5|   0|    5|          0|
    |select_ln122_2_reg_2478_pp0_iter13_reg  |   5|   0|    5|          0|
    |select_ln122_reg_2473                   |   5|   0|    5|          0|
    |select_ln128_reg_3002                   |  15|   0|   15|          0|
    |tmp_1_reg_2973                          |  16|   0|   16|          0|
    |tmp_2_reg_2978                          |  16|   0|   16|          0|
    |tmp_3_reg_2983                          |  16|   0|   16|          0|
    |tmp_reg_2968                            |  16|   0|   16|          0|
    |zext_ln130_2_cast_reg_2404              |  11|   0|   19|          8|
    |zext_ln130_3_cast_reg_2399              |  19|   0|   64|         45|
    |empty_32_reg_2998                       |  64|  32|    1|          0|
    |icmp_ln119_reg_2415                     |  64|  32|    1|          0|
    |icmp_ln122_reg_2429                     |  64|  32|    1|          0|
    |select_ln119_2_reg_2443                 |  64|  32|    3|          0|
    +----------------------------------------+----+----+-----+-----------+
    |Total                                   | 768| 128|  571|         53|
    +----------------------------------------+----+----+-----+-----------+



================================================================
== Interface
================================================================
* Summary: 
+----------------------------+-----+-----+------------+----------------------------------------------------------------------------------+--------------+
|          RTL Ports         | Dir | Bits|  Protocol  |                                   Source Object                                  |    C Type    |
+----------------------------+-----+-----+------------+----------------------------------------------------------------------------------+--------------+
|ap_clk                      |   in|    1|  ap_ctrl_hs|  tiled_conv_Pipeline_OUTPUT_BUFFER_DEPTH_OUTPUT_BUFFER_HEIGHT_OUTPUT_BUFFER_WIDTH|  return value|
|ap_rst                      |   in|    1|  ap_ctrl_hs|  tiled_conv_Pipeline_OUTPUT_BUFFER_DEPTH_OUTPUT_BUFFER_HEIGHT_OUTPUT_BUFFER_WIDTH|  return value|
|ap_start                    |   in|    1|  ap_ctrl_hs|  tiled_conv_Pipeline_OUTPUT_BUFFER_DEPTH_OUTPUT_BUFFER_HEIGHT_OUTPUT_BUFFER_WIDTH|  return value|
|ap_done                     |  out|    1|  ap_ctrl_hs|  tiled_conv_Pipeline_OUTPUT_BUFFER_DEPTH_OUTPUT_BUFFER_HEIGHT_OUTPUT_BUFFER_WIDTH|  return value|
|ap_idle                     |  out|    1|  ap_ctrl_hs|  tiled_conv_Pipeline_OUTPUT_BUFFER_DEPTH_OUTPUT_BUFFER_HEIGHT_OUTPUT_BUFFER_WIDTH|  return value|
|ap_ready                    |  out|    1|  ap_ctrl_hs|  tiled_conv_Pipeline_OUTPUT_BUFFER_DEPTH_OUTPUT_BUFFER_HEIGHT_OUTPUT_BUFFER_WIDTH|  return value|
|m_axi_fm_AWVALID            |  out|    1|       m_axi|                                                                                fm|       pointer|
|m_axi_fm_AWREADY            |   in|    1|       m_axi|                                                                                fm|       pointer|
|m_axi_fm_AWADDR             |  out|   64|       m_axi|                                                                                fm|       pointer|
|m_axi_fm_AWID               |  out|    1|       m_axi|                                                                                fm|       pointer|
|m_axi_fm_AWLEN              |  out|   32|       m_axi|                                                                                fm|       pointer|
|m_axi_fm_AWSIZE             |  out|    3|       m_axi|                                                                                fm|       pointer|
|m_axi_fm_AWBURST            |  out|    2|       m_axi|                                                                                fm|       pointer|
|m_axi_fm_AWLOCK             |  out|    2|       m_axi|                                                                                fm|       pointer|
|m_axi_fm_AWCACHE            |  out|    4|       m_axi|                                                                                fm|       pointer|
|m_axi_fm_AWPROT             |  out|    3|       m_axi|                                                                                fm|       pointer|
|m_axi_fm_AWQOS              |  out|    4|       m_axi|                                                                                fm|       pointer|
|m_axi_fm_AWREGION           |  out|    4|       m_axi|                                                                                fm|       pointer|
|m_axi_fm_AWUSER             |  out|    1|       m_axi|                                                                                fm|       pointer|
|m_axi_fm_WVALID             |  out|    1|       m_axi|                                                                                fm|       pointer|
|m_axi_fm_WREADY             |   in|    1|       m_axi|                                                                                fm|       pointer|
|m_axi_fm_WDATA              |  out|   16|       m_axi|                                                                                fm|       pointer|
|m_axi_fm_WSTRB              |  out|    2|       m_axi|                                                                                fm|       pointer|
|m_axi_fm_WLAST              |  out|    1|       m_axi|                                                                                fm|       pointer|
|m_axi_fm_WID                |  out|    1|       m_axi|                                                                                fm|       pointer|
|m_axi_fm_WUSER              |  out|    1|       m_axi|                                                                                fm|       pointer|
|m_axi_fm_ARVALID            |  out|    1|       m_axi|                                                                                fm|       pointer|
|m_axi_fm_ARREADY            |   in|    1|       m_axi|                                                                                fm|       pointer|
|m_axi_fm_ARADDR             |  out|   64|       m_axi|                                                                                fm|       pointer|
|m_axi_fm_ARID               |  out|    1|       m_axi|                                                                                fm|       pointer|
|m_axi_fm_ARLEN              |  out|   32|       m_axi|                                                                                fm|       pointer|
|m_axi_fm_ARSIZE             |  out|    3|       m_axi|                                                                                fm|       pointer|
|m_axi_fm_ARBURST            |  out|    2|       m_axi|                                                                                fm|       pointer|
|m_axi_fm_ARLOCK             |  out|    2|       m_axi|                                                                                fm|       pointer|
|m_axi_fm_ARCACHE            |  out|    4|       m_axi|                                                                                fm|       pointer|
|m_axi_fm_ARPROT             |  out|    3|       m_axi|                                                                                fm|       pointer|
|m_axi_fm_ARQOS              |  out|    4|       m_axi|                                                                                fm|       pointer|
|m_axi_fm_ARREGION           |  out|    4|       m_axi|                                                                                fm|       pointer|
|m_axi_fm_ARUSER             |  out|    1|       m_axi|                                                                                fm|       pointer|
|m_axi_fm_RVALID             |   in|    1|       m_axi|                                                                                fm|       pointer|
|m_axi_fm_RREADY             |  out|    1|       m_axi|                                                                                fm|       pointer|
|m_axi_fm_RDATA              |   in|   16|       m_axi|                                                                                fm|       pointer|
|m_axi_fm_RLAST              |   in|    1|       m_axi|                                                                                fm|       pointer|
|m_axi_fm_RID                |   in|    1|       m_axi|                                                                                fm|       pointer|
|m_axi_fm_RFIFONUM           |   in|   10|       m_axi|                                                                                fm|       pointer|
|m_axi_fm_RUSER              |   in|    1|       m_axi|                                                                                fm|       pointer|
|m_axi_fm_RRESP              |   in|    2|       m_axi|                                                                                fm|       pointer|
|m_axi_fm_BVALID             |   in|    1|       m_axi|                                                                                fm|       pointer|
|m_axi_fm_BREADY             |  out|    1|       m_axi|                                                                                fm|       pointer|
|m_axi_fm_BRESP              |   in|    2|       m_axi|                                                                                fm|       pointer|
|m_axi_fm_BID                |   in|    1|       m_axi|                                                                                fm|       pointer|
|m_axi_fm_BUSER              |   in|    1|       m_axi|                                                                                fm|       pointer|
|shl_ln70_1                  |   in|    6|     ap_none|                                                                        shl_ln70_1|        scalar|
|output_feature_map          |   in|   64|     ap_none|                                                                output_feature_map|        scalar|
|mul_ln39                    |   in|    9|     ap_none|                                                                          mul_ln39|        scalar|
|zext_ln130_2                |   in|   11|     ap_none|                                                                      zext_ln130_2|        scalar|
|shl_ln130_mid               |   in|   19|     ap_none|                                                                     shl_ln130_mid|        scalar|
|zext_ln125_1                |   in|   17|     ap_none|                                                                      zext_ln125_1|        scalar|
|zext_ln130_3                |   in|   19|     ap_none|                                                                      zext_ln130_3|        scalar|
|conv_out_buf_V_address0     |  out|    5|   ap_memory|                                                                    conv_out_buf_V|         array|
|conv_out_buf_V_ce0          |  out|    1|   ap_memory|                                                                    conv_out_buf_V|         array|
|conv_out_buf_V_q0           |   in|   16|   ap_memory|                                                                    conv_out_buf_V|         array|
|conv_out_buf_0_1_address0   |  out|    5|   ap_memory|                                                                  conv_out_buf_0_1|         array|
|conv_out_buf_0_1_ce0        |  out|    1|   ap_memory|                                                                  conv_out_buf_0_1|         array|
|conv_out_buf_0_1_q0         |   in|   16|   ap_memory|                                                                  conv_out_buf_0_1|         array|
|conv_out_buf_0_2_address0   |  out|    5|   ap_memory|                                                                  conv_out_buf_0_2|         array|
|conv_out_buf_0_2_ce0        |  out|    1|   ap_memory|                                                                  conv_out_buf_0_2|         array|
|conv_out_buf_0_2_q0         |   in|   16|   ap_memory|                                                                  conv_out_buf_0_2|         array|
|conv_out_buf_0_3_address0   |  out|    5|   ap_memory|                                                                  conv_out_buf_0_3|         array|
|conv_out_buf_0_3_ce0        |  out|    1|   ap_memory|                                                                  conv_out_buf_0_3|         array|
|conv_out_buf_0_3_q0         |   in|   16|   ap_memory|                                                                  conv_out_buf_0_3|         array|
|conv_out_buf_0_4_address0   |  out|    5|   ap_memory|                                                                  conv_out_buf_0_4|         array|
|conv_out_buf_0_4_ce0        |  out|    1|   ap_memory|                                                                  conv_out_buf_0_4|         array|
|conv_out_buf_0_4_q0         |   in|   16|   ap_memory|                                                                  conv_out_buf_0_4|         array|
|conv_out_buf_0_5_address0   |  out|    5|   ap_memory|                                                                  conv_out_buf_0_5|         array|
|conv_out_buf_0_5_ce0        |  out|    1|   ap_memory|                                                                  conv_out_buf_0_5|         array|
|conv_out_buf_0_5_q0         |   in|   16|   ap_memory|                                                                  conv_out_buf_0_5|         array|
|conv_out_buf_0_6_address0   |  out|    5|   ap_memory|                                                                  conv_out_buf_0_6|         array|
|conv_out_buf_0_6_ce0        |  out|    1|   ap_memory|                                                                  conv_out_buf_0_6|         array|
|conv_out_buf_0_6_q0         |   in|   16|   ap_memory|                                                                  conv_out_buf_0_6|         array|
|conv_out_buf_0_7_address0   |  out|    5|   ap_memory|                                                                  conv_out_buf_0_7|         array|
|conv_out_buf_0_7_ce0        |  out|    1|   ap_memory|                                                                  conv_out_buf_0_7|         array|
|conv_out_buf_0_7_q0         |   in|   16|   ap_memory|                                                                  conv_out_buf_0_7|         array|
|conv_out_buf_0_8_address0   |  out|    5|   ap_memory|                                                                  conv_out_buf_0_8|         array|
|conv_out_buf_0_8_ce0        |  out|    1|   ap_memory|                                                                  conv_out_buf_0_8|         array|
|conv_out_buf_0_8_q0         |   in|   16|   ap_memory|                                                                  conv_out_buf_0_8|         array|
|conv_out_buf_0_9_address0   |  out|    5|   ap_memory|                                                                  conv_out_buf_0_9|         array|
|conv_out_buf_0_9_ce0        |  out|    1|   ap_memory|                                                                  conv_out_buf_0_9|         array|
|conv_out_buf_0_9_q0         |   in|   16|   ap_memory|                                                                  conv_out_buf_0_9|         array|
|conv_out_buf_0_10_address0  |  out|    5|   ap_memory|                                                                 conv_out_buf_0_10|         array|
|conv_out_buf_0_10_ce0       |  out|    1|   ap_memory|                                                                 conv_out_buf_0_10|         array|
|conv_out_buf_0_10_q0        |   in|   16|   ap_memory|                                                                 conv_out_buf_0_10|         array|
|conv_out_buf_0_11_address0  |  out|    5|   ap_memory|                                                                 conv_out_buf_0_11|         array|
|conv_out_buf_0_11_ce0       |  out|    1|   ap_memory|                                                                 conv_out_buf_0_11|         array|
|conv_out_buf_0_11_q0        |   in|   16|   ap_memory|                                                                 conv_out_buf_0_11|         array|
|conv_out_buf_0_12_address0  |  out|    5|   ap_memory|                                                                 conv_out_buf_0_12|         array|
|conv_out_buf_0_12_ce0       |  out|    1|   ap_memory|                                                                 conv_out_buf_0_12|         array|
|conv_out_buf_0_12_q0        |   in|   16|   ap_memory|                                                                 conv_out_buf_0_12|         array|
|conv_out_buf_0_13_address0  |  out|    5|   ap_memory|                                                                 conv_out_buf_0_13|         array|
|conv_out_buf_0_13_ce0       |  out|    1|   ap_memory|                                                                 conv_out_buf_0_13|         array|
|conv_out_buf_0_13_q0        |   in|   16|   ap_memory|                                                                 conv_out_buf_0_13|         array|
|conv_out_buf_0_14_address0  |  out|    5|   ap_memory|                                                                 conv_out_buf_0_14|         array|
|conv_out_buf_0_14_ce0       |  out|    1|   ap_memory|                                                                 conv_out_buf_0_14|         array|
|conv_out_buf_0_14_q0        |   in|   16|   ap_memory|                                                                 conv_out_buf_0_14|         array|
|conv_out_buf_0_15_address0  |  out|    5|   ap_memory|                                                                 conv_out_buf_0_15|         array|
|conv_out_buf_0_15_ce0       |  out|    1|   ap_memory|                                                                 conv_out_buf_0_15|         array|
|conv_out_buf_0_15_q0        |   in|   16|   ap_memory|                                                                 conv_out_buf_0_15|         array|
|conv_out_buf_0_16_address0  |  out|    5|   ap_memory|                                                                 conv_out_buf_0_16|         array|
|conv_out_buf_0_16_ce0       |  out|    1|   ap_memory|                                                                 conv_out_buf_0_16|         array|
|conv_out_buf_0_16_q0        |   in|   16|   ap_memory|                                                                 conv_out_buf_0_16|         array|
|conv_out_buf_0_17_address0  |  out|    5|   ap_memory|                                                                 conv_out_buf_0_17|         array|
|conv_out_buf_0_17_ce0       |  out|    1|   ap_memory|                                                                 conv_out_buf_0_17|         array|
|conv_out_buf_0_17_q0        |   in|   16|   ap_memory|                                                                 conv_out_buf_0_17|         array|
|conv_out_buf_0_18_address0  |  out|    5|   ap_memory|                                                                 conv_out_buf_0_18|         array|
|conv_out_buf_0_18_ce0       |  out|    1|   ap_memory|                                                                 conv_out_buf_0_18|         array|
|conv_out_buf_0_18_q0        |   in|   16|   ap_memory|                                                                 conv_out_buf_0_18|         array|
|conv_out_buf_0_19_address0  |  out|    5|   ap_memory|                                                                 conv_out_buf_0_19|         array|
|conv_out_buf_0_19_ce0       |  out|    1|   ap_memory|                                                                 conv_out_buf_0_19|         array|
|conv_out_buf_0_19_q0        |   in|   16|   ap_memory|                                                                 conv_out_buf_0_19|         array|
|conv_out_buf_0_20_address0  |  out|    5|   ap_memory|                                                                 conv_out_buf_0_20|         array|
|conv_out_buf_0_20_ce0       |  out|    1|   ap_memory|                                                                 conv_out_buf_0_20|         array|
|conv_out_buf_0_20_q0        |   in|   16|   ap_memory|                                                                 conv_out_buf_0_20|         array|
|conv_out_buf_0_21_address0  |  out|    5|   ap_memory|                                                                 conv_out_buf_0_21|         array|
|conv_out_buf_0_21_ce0       |  out|    1|   ap_memory|                                                                 conv_out_buf_0_21|         array|
|conv_out_buf_0_21_q0        |   in|   16|   ap_memory|                                                                 conv_out_buf_0_21|         array|
|conv_out_buf_0_22_address0  |  out|    5|   ap_memory|                                                                 conv_out_buf_0_22|         array|
|conv_out_buf_0_22_ce0       |  out|    1|   ap_memory|                                                                 conv_out_buf_0_22|         array|
|conv_out_buf_0_22_q0        |   in|   16|   ap_memory|                                                                 conv_out_buf_0_22|         array|
|conv_out_buf_1_0_address0   |  out|    5|   ap_memory|                                                                  conv_out_buf_1_0|         array|
|conv_out_buf_1_0_ce0        |  out|    1|   ap_memory|                                                                  conv_out_buf_1_0|         array|
|conv_out_buf_1_0_q0         |   in|   16|   ap_memory|                                                                  conv_out_buf_1_0|         array|
|conv_out_buf_1_1_address0   |  out|    5|   ap_memory|                                                                  conv_out_buf_1_1|         array|
|conv_out_buf_1_1_ce0        |  out|    1|   ap_memory|                                                                  conv_out_buf_1_1|         array|
|conv_out_buf_1_1_q0         |   in|   16|   ap_memory|                                                                  conv_out_buf_1_1|         array|
|conv_out_buf_1_2_address0   |  out|    5|   ap_memory|                                                                  conv_out_buf_1_2|         array|
|conv_out_buf_1_2_ce0        |  out|    1|   ap_memory|                                                                  conv_out_buf_1_2|         array|
|conv_out_buf_1_2_q0         |   in|   16|   ap_memory|                                                                  conv_out_buf_1_2|         array|
|conv_out_buf_1_3_address0   |  out|    5|   ap_memory|                                                                  conv_out_buf_1_3|         array|
|conv_out_buf_1_3_ce0        |  out|    1|   ap_memory|                                                                  conv_out_buf_1_3|         array|
|conv_out_buf_1_3_q0         |   in|   16|   ap_memory|                                                                  conv_out_buf_1_3|         array|
|conv_out_buf_1_4_address0   |  out|    5|   ap_memory|                                                                  conv_out_buf_1_4|         array|
|conv_out_buf_1_4_ce0        |  out|    1|   ap_memory|                                                                  conv_out_buf_1_4|         array|
|conv_out_buf_1_4_q0         |   in|   16|   ap_memory|                                                                  conv_out_buf_1_4|         array|
|conv_out_buf_1_5_address0   |  out|    5|   ap_memory|                                                                  conv_out_buf_1_5|         array|
|conv_out_buf_1_5_ce0        |  out|    1|   ap_memory|                                                                  conv_out_buf_1_5|         array|
|conv_out_buf_1_5_q0         |   in|   16|   ap_memory|                                                                  conv_out_buf_1_5|         array|
|conv_out_buf_1_6_address0   |  out|    5|   ap_memory|                                                                  conv_out_buf_1_6|         array|
|conv_out_buf_1_6_ce0        |  out|    1|   ap_memory|                                                                  conv_out_buf_1_6|         array|
|conv_out_buf_1_6_q0         |   in|   16|   ap_memory|                                                                  conv_out_buf_1_6|         array|
|conv_out_buf_1_7_address0   |  out|    5|   ap_memory|                                                                  conv_out_buf_1_7|         array|
|conv_out_buf_1_7_ce0        |  out|    1|   ap_memory|                                                                  conv_out_buf_1_7|         array|
|conv_out_buf_1_7_q0         |   in|   16|   ap_memory|                                                                  conv_out_buf_1_7|         array|
|conv_out_buf_1_8_address0   |  out|    5|   ap_memory|                                                                  conv_out_buf_1_8|         array|
|conv_out_buf_1_8_ce0        |  out|    1|   ap_memory|                                                                  conv_out_buf_1_8|         array|
|conv_out_buf_1_8_q0         |   in|   16|   ap_memory|                                                                  conv_out_buf_1_8|         array|
|conv_out_buf_1_9_address0   |  out|    5|   ap_memory|                                                                  conv_out_buf_1_9|         array|
|conv_out_buf_1_9_ce0        |  out|    1|   ap_memory|                                                                  conv_out_buf_1_9|         array|
|conv_out_buf_1_9_q0         |   in|   16|   ap_memory|                                                                  conv_out_buf_1_9|         array|
|conv_out_buf_1_10_address0  |  out|    5|   ap_memory|                                                                 conv_out_buf_1_10|         array|
|conv_out_buf_1_10_ce0       |  out|    1|   ap_memory|                                                                 conv_out_buf_1_10|         array|
|conv_out_buf_1_10_q0        |   in|   16|   ap_memory|                                                                 conv_out_buf_1_10|         array|
|conv_out_buf_1_11_address0  |  out|    5|   ap_memory|                                                                 conv_out_buf_1_11|         array|
|conv_out_buf_1_11_ce0       |  out|    1|   ap_memory|                                                                 conv_out_buf_1_11|         array|
|conv_out_buf_1_11_q0        |   in|   16|   ap_memory|                                                                 conv_out_buf_1_11|         array|
|conv_out_buf_1_12_address0  |  out|    5|   ap_memory|                                                                 conv_out_buf_1_12|         array|
|conv_out_buf_1_12_ce0       |  out|    1|   ap_memory|                                                                 conv_out_buf_1_12|         array|
|conv_out_buf_1_12_q0        |   in|   16|   ap_memory|                                                                 conv_out_buf_1_12|         array|
|conv_out_buf_1_13_address0  |  out|    5|   ap_memory|                                                                 conv_out_buf_1_13|         array|
|conv_out_buf_1_13_ce0       |  out|    1|   ap_memory|                                                                 conv_out_buf_1_13|         array|
|conv_out_buf_1_13_q0        |   in|   16|   ap_memory|                                                                 conv_out_buf_1_13|         array|
|conv_out_buf_1_14_address0  |  out|    5|   ap_memory|                                                                 conv_out_buf_1_14|         array|
|conv_out_buf_1_14_ce0       |  out|    1|   ap_memory|                                                                 conv_out_buf_1_14|         array|
|conv_out_buf_1_14_q0        |   in|   16|   ap_memory|                                                                 conv_out_buf_1_14|         array|
|conv_out_buf_1_15_address0  |  out|    5|   ap_memory|                                                                 conv_out_buf_1_15|         array|
|conv_out_buf_1_15_ce0       |  out|    1|   ap_memory|                                                                 conv_out_buf_1_15|         array|
|conv_out_buf_1_15_q0        |   in|   16|   ap_memory|                                                                 conv_out_buf_1_15|         array|
|conv_out_buf_1_16_address0  |  out|    5|   ap_memory|                                                                 conv_out_buf_1_16|         array|
|conv_out_buf_1_16_ce0       |  out|    1|   ap_memory|                                                                 conv_out_buf_1_16|         array|
|conv_out_buf_1_16_q0        |   in|   16|   ap_memory|                                                                 conv_out_buf_1_16|         array|
|conv_out_buf_1_17_address0  |  out|    5|   ap_memory|                                                                 conv_out_buf_1_17|         array|
|conv_out_buf_1_17_ce0       |  out|    1|   ap_memory|                                                                 conv_out_buf_1_17|         array|
|conv_out_buf_1_17_q0        |   in|   16|   ap_memory|                                                                 conv_out_buf_1_17|         array|
|conv_out_buf_1_18_address0  |  out|    5|   ap_memory|                                                                 conv_out_buf_1_18|         array|
|conv_out_buf_1_18_ce0       |  out|    1|   ap_memory|                                                                 conv_out_buf_1_18|         array|
|conv_out_buf_1_18_q0        |   in|   16|   ap_memory|                                                                 conv_out_buf_1_18|         array|
|conv_out_buf_1_19_address0  |  out|    5|   ap_memory|                                                                 conv_out_buf_1_19|         array|
|conv_out_buf_1_19_ce0       |  out|    1|   ap_memory|                                                                 conv_out_buf_1_19|         array|
|conv_out_buf_1_19_q0        |   in|   16|   ap_memory|                                                                 conv_out_buf_1_19|         array|
|conv_out_buf_1_20_address0  |  out|    5|   ap_memory|                                                                 conv_out_buf_1_20|         array|
|conv_out_buf_1_20_ce0       |  out|    1|   ap_memory|                                                                 conv_out_buf_1_20|         array|
|conv_out_buf_1_20_q0        |   in|   16|   ap_memory|                                                                 conv_out_buf_1_20|         array|
|conv_out_buf_1_21_address0  |  out|    5|   ap_memory|                                                                 conv_out_buf_1_21|         array|
|conv_out_buf_1_21_ce0       |  out|    1|   ap_memory|                                                                 conv_out_buf_1_21|         array|
|conv_out_buf_1_21_q0        |   in|   16|   ap_memory|                                                                 conv_out_buf_1_21|         array|
|conv_out_buf_1_22_address0  |  out|    5|   ap_memory|                                                                 conv_out_buf_1_22|         array|
|conv_out_buf_1_22_ce0       |  out|    1|   ap_memory|                                                                 conv_out_buf_1_22|         array|
|conv_out_buf_1_22_q0        |   in|   16|   ap_memory|                                                                 conv_out_buf_1_22|         array|
|conv_out_buf_2_0_address0   |  out|    5|   ap_memory|                                                                  conv_out_buf_2_0|         array|
|conv_out_buf_2_0_ce0        |  out|    1|   ap_memory|                                                                  conv_out_buf_2_0|         array|
|conv_out_buf_2_0_q0         |   in|   16|   ap_memory|                                                                  conv_out_buf_2_0|         array|
|conv_out_buf_2_1_address0   |  out|    5|   ap_memory|                                                                  conv_out_buf_2_1|         array|
|conv_out_buf_2_1_ce0        |  out|    1|   ap_memory|                                                                  conv_out_buf_2_1|         array|
|conv_out_buf_2_1_q0         |   in|   16|   ap_memory|                                                                  conv_out_buf_2_1|         array|
|conv_out_buf_2_2_address0   |  out|    5|   ap_memory|                                                                  conv_out_buf_2_2|         array|
|conv_out_buf_2_2_ce0        |  out|    1|   ap_memory|                                                                  conv_out_buf_2_2|         array|
|conv_out_buf_2_2_q0         |   in|   16|   ap_memory|                                                                  conv_out_buf_2_2|         array|
|conv_out_buf_2_3_address0   |  out|    5|   ap_memory|                                                                  conv_out_buf_2_3|         array|
|conv_out_buf_2_3_ce0        |  out|    1|   ap_memory|                                                                  conv_out_buf_2_3|         array|
|conv_out_buf_2_3_q0         |   in|   16|   ap_memory|                                                                  conv_out_buf_2_3|         array|
|conv_out_buf_2_4_address0   |  out|    5|   ap_memory|                                                                  conv_out_buf_2_4|         array|
|conv_out_buf_2_4_ce0        |  out|    1|   ap_memory|                                                                  conv_out_buf_2_4|         array|
|conv_out_buf_2_4_q0         |   in|   16|   ap_memory|                                                                  conv_out_buf_2_4|         array|
|conv_out_buf_2_5_address0   |  out|    5|   ap_memory|                                                                  conv_out_buf_2_5|         array|
|conv_out_buf_2_5_ce0        |  out|    1|   ap_memory|                                                                  conv_out_buf_2_5|         array|
|conv_out_buf_2_5_q0         |   in|   16|   ap_memory|                                                                  conv_out_buf_2_5|         array|
|conv_out_buf_2_6_address0   |  out|    5|   ap_memory|                                                                  conv_out_buf_2_6|         array|
|conv_out_buf_2_6_ce0        |  out|    1|   ap_memory|                                                                  conv_out_buf_2_6|         array|
|conv_out_buf_2_6_q0         |   in|   16|   ap_memory|                                                                  conv_out_buf_2_6|         array|
|conv_out_buf_2_7_address0   |  out|    5|   ap_memory|                                                                  conv_out_buf_2_7|         array|
|conv_out_buf_2_7_ce0        |  out|    1|   ap_memory|                                                                  conv_out_buf_2_7|         array|
|conv_out_buf_2_7_q0         |   in|   16|   ap_memory|                                                                  conv_out_buf_2_7|         array|
|conv_out_buf_2_8_address0   |  out|    5|   ap_memory|                                                                  conv_out_buf_2_8|         array|
|conv_out_buf_2_8_ce0        |  out|    1|   ap_memory|                                                                  conv_out_buf_2_8|         array|
|conv_out_buf_2_8_q0         |   in|   16|   ap_memory|                                                                  conv_out_buf_2_8|         array|
|conv_out_buf_2_9_address0   |  out|    5|   ap_memory|                                                                  conv_out_buf_2_9|         array|
|conv_out_buf_2_9_ce0        |  out|    1|   ap_memory|                                                                  conv_out_buf_2_9|         array|
|conv_out_buf_2_9_q0         |   in|   16|   ap_memory|                                                                  conv_out_buf_2_9|         array|
|conv_out_buf_2_10_address0  |  out|    5|   ap_memory|                                                                 conv_out_buf_2_10|         array|
|conv_out_buf_2_10_ce0       |  out|    1|   ap_memory|                                                                 conv_out_buf_2_10|         array|
|conv_out_buf_2_10_q0        |   in|   16|   ap_memory|                                                                 conv_out_buf_2_10|         array|
|conv_out_buf_2_11_address0  |  out|    5|   ap_memory|                                                                 conv_out_buf_2_11|         array|
|conv_out_buf_2_11_ce0       |  out|    1|   ap_memory|                                                                 conv_out_buf_2_11|         array|
|conv_out_buf_2_11_q0        |   in|   16|   ap_memory|                                                                 conv_out_buf_2_11|         array|
|conv_out_buf_2_12_address0  |  out|    5|   ap_memory|                                                                 conv_out_buf_2_12|         array|
|conv_out_buf_2_12_ce0       |  out|    1|   ap_memory|                                                                 conv_out_buf_2_12|         array|
|conv_out_buf_2_12_q0        |   in|   16|   ap_memory|                                                                 conv_out_buf_2_12|         array|
|conv_out_buf_2_13_address0  |  out|    5|   ap_memory|                                                                 conv_out_buf_2_13|         array|
|conv_out_buf_2_13_ce0       |  out|    1|   ap_memory|                                                                 conv_out_buf_2_13|         array|
|conv_out_buf_2_13_q0        |   in|   16|   ap_memory|                                                                 conv_out_buf_2_13|         array|
|conv_out_buf_2_14_address0  |  out|    5|   ap_memory|                                                                 conv_out_buf_2_14|         array|
|conv_out_buf_2_14_ce0       |  out|    1|   ap_memory|                                                                 conv_out_buf_2_14|         array|
|conv_out_buf_2_14_q0        |   in|   16|   ap_memory|                                                                 conv_out_buf_2_14|         array|
|conv_out_buf_2_15_address0  |  out|    5|   ap_memory|                                                                 conv_out_buf_2_15|         array|
|conv_out_buf_2_15_ce0       |  out|    1|   ap_memory|                                                                 conv_out_buf_2_15|         array|
|conv_out_buf_2_15_q0        |   in|   16|   ap_memory|                                                                 conv_out_buf_2_15|         array|
|conv_out_buf_2_16_address0  |  out|    5|   ap_memory|                                                                 conv_out_buf_2_16|         array|
|conv_out_buf_2_16_ce0       |  out|    1|   ap_memory|                                                                 conv_out_buf_2_16|         array|
|conv_out_buf_2_16_q0        |   in|   16|   ap_memory|                                                                 conv_out_buf_2_16|         array|
|conv_out_buf_2_17_address0  |  out|    5|   ap_memory|                                                                 conv_out_buf_2_17|         array|
|conv_out_buf_2_17_ce0       |  out|    1|   ap_memory|                                                                 conv_out_buf_2_17|         array|
|conv_out_buf_2_17_q0        |   in|   16|   ap_memory|                                                                 conv_out_buf_2_17|         array|
|conv_out_buf_2_18_address0  |  out|    5|   ap_memory|                                                                 conv_out_buf_2_18|         array|
|conv_out_buf_2_18_ce0       |  out|    1|   ap_memory|                                                                 conv_out_buf_2_18|         array|
|conv_out_buf_2_18_q0        |   in|   16|   ap_memory|                                                                 conv_out_buf_2_18|         array|
|conv_out_buf_2_19_address0  |  out|    5|   ap_memory|                                                                 conv_out_buf_2_19|         array|
|conv_out_buf_2_19_ce0       |  out|    1|   ap_memory|                                                                 conv_out_buf_2_19|         array|
|conv_out_buf_2_19_q0        |   in|   16|   ap_memory|                                                                 conv_out_buf_2_19|         array|
|conv_out_buf_2_20_address0  |  out|    5|   ap_memory|                                                                 conv_out_buf_2_20|         array|
|conv_out_buf_2_20_ce0       |  out|    1|   ap_memory|                                                                 conv_out_buf_2_20|         array|
|conv_out_buf_2_20_q0        |   in|   16|   ap_memory|                                                                 conv_out_buf_2_20|         array|
|conv_out_buf_2_21_address0  |  out|    5|   ap_memory|                                                                 conv_out_buf_2_21|         array|
|conv_out_buf_2_21_ce0       |  out|    1|   ap_memory|                                                                 conv_out_buf_2_21|         array|
|conv_out_buf_2_21_q0        |   in|   16|   ap_memory|                                                                 conv_out_buf_2_21|         array|
|conv_out_buf_2_22_address0  |  out|    5|   ap_memory|                                                                 conv_out_buf_2_22|         array|
|conv_out_buf_2_22_ce0       |  out|    1|   ap_memory|                                                                 conv_out_buf_2_22|         array|
|conv_out_buf_2_22_q0        |   in|   16|   ap_memory|                                                                 conv_out_buf_2_22|         array|
|conv_out_buf_3_0_address0   |  out|    5|   ap_memory|                                                                  conv_out_buf_3_0|         array|
|conv_out_buf_3_0_ce0        |  out|    1|   ap_memory|                                                                  conv_out_buf_3_0|         array|
|conv_out_buf_3_0_q0         |   in|   16|   ap_memory|                                                                  conv_out_buf_3_0|         array|
|conv_out_buf_3_1_address0   |  out|    5|   ap_memory|                                                                  conv_out_buf_3_1|         array|
|conv_out_buf_3_1_ce0        |  out|    1|   ap_memory|                                                                  conv_out_buf_3_1|         array|
|conv_out_buf_3_1_q0         |   in|   16|   ap_memory|                                                                  conv_out_buf_3_1|         array|
|conv_out_buf_3_2_address0   |  out|    5|   ap_memory|                                                                  conv_out_buf_3_2|         array|
|conv_out_buf_3_2_ce0        |  out|    1|   ap_memory|                                                                  conv_out_buf_3_2|         array|
|conv_out_buf_3_2_q0         |   in|   16|   ap_memory|                                                                  conv_out_buf_3_2|         array|
|conv_out_buf_3_3_address0   |  out|    5|   ap_memory|                                                                  conv_out_buf_3_3|         array|
|conv_out_buf_3_3_ce0        |  out|    1|   ap_memory|                                                                  conv_out_buf_3_3|         array|
|conv_out_buf_3_3_q0         |   in|   16|   ap_memory|                                                                  conv_out_buf_3_3|         array|
|conv_out_buf_3_4_address0   |  out|    5|   ap_memory|                                                                  conv_out_buf_3_4|         array|
|conv_out_buf_3_4_ce0        |  out|    1|   ap_memory|                                                                  conv_out_buf_3_4|         array|
|conv_out_buf_3_4_q0         |   in|   16|   ap_memory|                                                                  conv_out_buf_3_4|         array|
|conv_out_buf_3_5_address0   |  out|    5|   ap_memory|                                                                  conv_out_buf_3_5|         array|
|conv_out_buf_3_5_ce0        |  out|    1|   ap_memory|                                                                  conv_out_buf_3_5|         array|
|conv_out_buf_3_5_q0         |   in|   16|   ap_memory|                                                                  conv_out_buf_3_5|         array|
|conv_out_buf_3_6_address0   |  out|    5|   ap_memory|                                                                  conv_out_buf_3_6|         array|
|conv_out_buf_3_6_ce0        |  out|    1|   ap_memory|                                                                  conv_out_buf_3_6|         array|
|conv_out_buf_3_6_q0         |   in|   16|   ap_memory|                                                                  conv_out_buf_3_6|         array|
|conv_out_buf_3_7_address0   |  out|    5|   ap_memory|                                                                  conv_out_buf_3_7|         array|
|conv_out_buf_3_7_ce0        |  out|    1|   ap_memory|                                                                  conv_out_buf_3_7|         array|
|conv_out_buf_3_7_q0         |   in|   16|   ap_memory|                                                                  conv_out_buf_3_7|         array|
|conv_out_buf_3_8_address0   |  out|    5|   ap_memory|                                                                  conv_out_buf_3_8|         array|
|conv_out_buf_3_8_ce0        |  out|    1|   ap_memory|                                                                  conv_out_buf_3_8|         array|
|conv_out_buf_3_8_q0         |   in|   16|   ap_memory|                                                                  conv_out_buf_3_8|         array|
|conv_out_buf_3_9_address0   |  out|    5|   ap_memory|                                                                  conv_out_buf_3_9|         array|
|conv_out_buf_3_9_ce0        |  out|    1|   ap_memory|                                                                  conv_out_buf_3_9|         array|
|conv_out_buf_3_9_q0         |   in|   16|   ap_memory|                                                                  conv_out_buf_3_9|         array|
|conv_out_buf_3_10_address0  |  out|    5|   ap_memory|                                                                 conv_out_buf_3_10|         array|
|conv_out_buf_3_10_ce0       |  out|    1|   ap_memory|                                                                 conv_out_buf_3_10|         array|
|conv_out_buf_3_10_q0        |   in|   16|   ap_memory|                                                                 conv_out_buf_3_10|         array|
|conv_out_buf_3_11_address0  |  out|    5|   ap_memory|                                                                 conv_out_buf_3_11|         array|
|conv_out_buf_3_11_ce0       |  out|    1|   ap_memory|                                                                 conv_out_buf_3_11|         array|
|conv_out_buf_3_11_q0        |   in|   16|   ap_memory|                                                                 conv_out_buf_3_11|         array|
|conv_out_buf_3_12_address0  |  out|    5|   ap_memory|                                                                 conv_out_buf_3_12|         array|
|conv_out_buf_3_12_ce0       |  out|    1|   ap_memory|                                                                 conv_out_buf_3_12|         array|
|conv_out_buf_3_12_q0        |   in|   16|   ap_memory|                                                                 conv_out_buf_3_12|         array|
|conv_out_buf_3_13_address0  |  out|    5|   ap_memory|                                                                 conv_out_buf_3_13|         array|
|conv_out_buf_3_13_ce0       |  out|    1|   ap_memory|                                                                 conv_out_buf_3_13|         array|
|conv_out_buf_3_13_q0        |   in|   16|   ap_memory|                                                                 conv_out_buf_3_13|         array|
|conv_out_buf_3_14_address0  |  out|    5|   ap_memory|                                                                 conv_out_buf_3_14|         array|
|conv_out_buf_3_14_ce0       |  out|    1|   ap_memory|                                                                 conv_out_buf_3_14|         array|
|conv_out_buf_3_14_q0        |   in|   16|   ap_memory|                                                                 conv_out_buf_3_14|         array|
|conv_out_buf_3_15_address0  |  out|    5|   ap_memory|                                                                 conv_out_buf_3_15|         array|
|conv_out_buf_3_15_ce0       |  out|    1|   ap_memory|                                                                 conv_out_buf_3_15|         array|
|conv_out_buf_3_15_q0        |   in|   16|   ap_memory|                                                                 conv_out_buf_3_15|         array|
|conv_out_buf_3_16_address0  |  out|    5|   ap_memory|                                                                 conv_out_buf_3_16|         array|
|conv_out_buf_3_16_ce0       |  out|    1|   ap_memory|                                                                 conv_out_buf_3_16|         array|
|conv_out_buf_3_16_q0        |   in|   16|   ap_memory|                                                                 conv_out_buf_3_16|         array|
|conv_out_buf_3_17_address0  |  out|    5|   ap_memory|                                                                 conv_out_buf_3_17|         array|
|conv_out_buf_3_17_ce0       |  out|    1|   ap_memory|                                                                 conv_out_buf_3_17|         array|
|conv_out_buf_3_17_q0        |   in|   16|   ap_memory|                                                                 conv_out_buf_3_17|         array|
|conv_out_buf_3_18_address0  |  out|    5|   ap_memory|                                                                 conv_out_buf_3_18|         array|
|conv_out_buf_3_18_ce0       |  out|    1|   ap_memory|                                                                 conv_out_buf_3_18|         array|
|conv_out_buf_3_18_q0        |   in|   16|   ap_memory|                                                                 conv_out_buf_3_18|         array|
|conv_out_buf_3_19_address0  |  out|    5|   ap_memory|                                                                 conv_out_buf_3_19|         array|
|conv_out_buf_3_19_ce0       |  out|    1|   ap_memory|                                                                 conv_out_buf_3_19|         array|
|conv_out_buf_3_19_q0        |   in|   16|   ap_memory|                                                                 conv_out_buf_3_19|         array|
|conv_out_buf_3_20_address0  |  out|    5|   ap_memory|                                                                 conv_out_buf_3_20|         array|
|conv_out_buf_3_20_ce0       |  out|    1|   ap_memory|                                                                 conv_out_buf_3_20|         array|
|conv_out_buf_3_20_q0        |   in|   16|   ap_memory|                                                                 conv_out_buf_3_20|         array|
|conv_out_buf_3_21_address0  |  out|    5|   ap_memory|                                                                 conv_out_buf_3_21|         array|
|conv_out_buf_3_21_ce0       |  out|    1|   ap_memory|                                                                 conv_out_buf_3_21|         array|
|conv_out_buf_3_21_q0        |   in|   16|   ap_memory|                                                                 conv_out_buf_3_21|         array|
|conv_out_buf_3_22_address0  |  out|    5|   ap_memory|                                                                 conv_out_buf_3_22|         array|
|conv_out_buf_3_22_ce0       |  out|    1|   ap_memory|                                                                 conv_out_buf_3_22|         array|
|conv_out_buf_3_22_q0        |   in|   16|   ap_memory|                                                                 conv_out_buf_3_22|         array|
|p_cast26                    |   in|    7|     ap_none|                                                                          p_cast26|        scalar|
|zext_ln74                   |   in|    9|     ap_none|                                                                         zext_ln74|        scalar|
+----------------------------+-----+-----+------------+----------------------------------------------------------------------------------+--------------+

