

================================================================
== Vitis HLS Report for 'tiled_conv_Pipeline_WEIGHT_KERNEL_NUM_WEIGHT_KERNEL_HEIGHT_WEIGHT_KERNEL_WIDTH'
================================================================
* Date:           Wed Mar 22 12:24:27 2023

* Version:        2022.1.2 (Build 3605665 on Fri Aug  5 22:52:02 MDT 2022)
* Project:        proj
* Solution:       solution1 (Vivado IP Flow Target)
* Product family: zynq
* Target device:  xc7z020-clg400-1


================================================================
== Performance Estimates
================================================================
+ Timing: 
    * Summary: 
    +--------+----------+----------+------------+
    |  Clock |  Target  | Estimated| Uncertainty|
    +--------+----------+----------+------------+
    |ap_clk  |  10.00 ns|  7.300 ns|     2.70 ns|
    +--------+----------+----------+------------+

+ Latency: 
    * Summary: 
    +---------+---------+----------+----------+-----+-----+---------+
    |  Latency (cycles) |  Latency (absolute) |  Interval | Pipeline|
    |   min   |   max   |    min   |    max   | min | max |   Type  |
    +---------+---------+----------+----------+-----+-----+---------+
    |      591|      591|  5.910 us|  5.910 us|  591|  591|       no|
    +---------+---------+----------+----------+-----+-----+---------+

    + Detail: 
        * Instance: 
        N/A

        * Loop: 
        +--------------------------------------------------------------+---------+---------+----------+-----------+-----------+------+----------+
        |                                                              |  Latency (cycles) | Iteration|  Initiation Interval  | Trip |          |
        |                           Loop Name                          |   min   |   max   |  Latency |  achieved |   target  | Count| Pipelined|
        +--------------------------------------------------------------+---------+---------+----------+-----------+-----------+------+----------+
        |- WEIGHT_KERNEL_NUM_WEIGHT_KERNEL_HEIGHT_WEIGHT_KERNEL_WIDTH  |      589|      589|         3|          1|          1|   588|       yes|
        +--------------------------------------------------------------+---------+---------+----------+-----------+-----------+------+----------+



================================================================
== Utilization Estimates
================================================================
* Summary: 
+-----------------+---------+-----+--------+-------+-----+
|       Name      | BRAM_18K| DSP |   FF   |  LUT  | URAM|
+-----------------+---------+-----+--------+-------+-----+
|DSP              |        -|    -|       -|      -|    -|
|Expression       |        -|    -|       0|    632|    -|
|FIFO             |        -|    -|       -|      -|    -|
|Instance         |        -|    -|       -|      -|    -|
|Memory           |        -|    -|       -|      -|    -|
|Multiplexer      |        -|    -|       -|    126|    -|
|Register         |        -|    -|      78|      -|    -|
+-----------------+---------+-----+--------+-------+-----+
|Total            |        0|    0|      78|    758|    0|
+-----------------+---------+-----+--------+-------+-----+
|Available        |      280|  220|  106400|  53200|    0|
+-----------------+---------+-----+--------+-------+-----+
|Utilization (%)  |        0|    0|      ~0|      1|    0|
+-----------------+---------+-----+--------+-------+-----+

+ Detail: 
    * Instance: 
    N/A

    * DSP: 
    N/A

    * Memory: 
    N/A

    * FIFO: 
    N/A

    * Expression: 
    +----------------------------------+----------+----+---+-----+------------+------------+
    |           Variable Name          | Operation| DSP| FF| LUT | Bitwidth P0| Bitwidth P1|
    +----------------------------------+----------+----+---+-----+------------+------------+
    |add_ln76_1_fu_201_p2              |         +|   0|  0|   13|          10|           1|
    |add_ln76_fu_312_p2                |         +|   0|  0|   11|           3|           1|
    |add_ln79_1_fu_257_p2              |         +|   0|  0|   15|           8|           1|
    |add_ln79_fu_369_p2                |         +|   0|  0|   10|           2|           1|
    |add_ln82_1_fu_243_p2              |         +|   0|  0|   14|           6|           1|
    |add_ln82_fu_422_p2                |         +|   0|  0|   11|           3|           1|
    |add_ln85_fu_480_p2                |         +|   0|  0|   11|           3|           1|
    |add_ln87_1_fu_519_p2              |         +|   0|  0|    7|           7|           7|
    |add_ln87_fu_393_p2                |         +|   0|  0|   14|           7|           7|
    |sub_ln87_1_fu_511_p2              |         -|   0|  0|    7|           7|           7|
    |sub_ln87_fu_348_p2                |         -|   0|  0|   14|           6|           6|
    |and_ln76_1_fu_231_p2              |       and|   0|  0|    2|           1|           1|
    |and_ln76_fu_364_p2                |       and|   0|  0|    2|           1|           1|
    |and_ln79_fu_416_p2                |       and|   0|  0|    2|           1|           1|
    |ap_block_pp0_stage0_11001         |       and|   0|  0|    2|           1|           1|
    |ap_block_state2_pp0_stage0_iter1  |       and|   0|  0|    2|           1|           1|
    |icmp_ln76_fu_195_p2               |      icmp|   0|  0|   11|          10|          10|
    |icmp_ln79_fu_213_p2               |      icmp|   0|  0|   11|           8|           8|
    |icmp_ln82_fu_225_p2               |      icmp|   0|  0|   10|           6|           5|
    |icmp_ln85_fu_358_p2               |      icmp|   0|  0|    8|           3|           2|
    |or_ln79_1_fu_411_p2               |        or|   0|  0|    2|           1|           1|
    |or_ln79_fu_237_p2                 |        or|   0|  0|    2|           1|           1|
    |or_ln82_1_fu_433_p2               |        or|   0|  0|    2|           1|           1|
    |or_ln82_fu_428_p2                 |        or|   0|  0|    2|           1|           1|
    |select_ln76_1_fu_325_p3           |    select|   0|  0|    3|           1|           3|
    |select_ln76_fu_318_p3             |    select|   0|  0|    2|           1|           1|
    |select_ln79_1_fu_382_p3           |    select|   0|  0|    2|           1|           2|
    |select_ln79_2_fu_399_p3           |    select|   0|  0|    7|           1|           1|
    |select_ln79_3_fu_263_p3           |    select|   0|  0|    8|           1|           1|
    |select_ln79_fu_375_p3             |    select|   0|  0|    3|           1|           1|
    |select_ln82_1_fu_454_p3           |    select|   0|  0|    7|           1|           7|
    |select_ln82_2_fu_462_p3           |    select|   0|  0|    3|           1|           3|
    |select_ln82_3_fu_249_p3           |    select|   0|  0|    6|           1|           1|
    |select_ln82_fu_438_p3             |    select|   0|  0|    3|           1|           1|
    |conv_wt_buf_V_d0                  |       shl|   0|  0|  367|         112|         112|
    |shl_ln87_2_fu_546_p2              |       shl|   0|  0|   30|           2|          14|
    |ap_enable_pp0                     |       xor|   0|  0|    2|           1|           2|
    |xor_ln76_fu_219_p2                |       xor|   0|  0|    2|           1|           2|
    |xor_ln79_fu_406_p2                |       xor|   0|  0|    2|           1|           2|
    +----------------------------------+----------+----+---+-----+------------+------------+
    |Total                             |          |   0|  0|  632|         225|         221|
    +----------------------------------+----------+----+---+-----+------------+------------+

    * Multiplexer: 
    +-----------------------------------------+----+-----------+-----+-----------+
    |                   Name                  | LUT| Input Size| Bits| Total Bits|
    +-----------------------------------------+----+-----------+-----+-----------+
    |ap_done_int                              |   9|          2|    1|          2|
    |ap_enable_reg_pp0_iter2                  |   9|          2|    1|          2|
    |ap_sig_allocacmp_indvar_flatten207_load  |   9|          2|    8|         16|
    |ap_sig_allocacmp_indvar_flatten235_load  |   9|          2|   10|         20|
    |ap_sig_allocacmp_indvar_flatten_load     |   9|          2|    6|         12|
    |c_fu_114                                 |   9|          2|    2|          4|
    |conv_wt_buf_V_we0                        |   9|          2|   14|         28|
    |f_fu_122                                 |   9|          2|    3|          6|
    |indvar_flatten207_fu_118                 |   9|          2|    8|         16|
    |indvar_flatten235_fu_126                 |   9|          2|   10|         20|
    |indvar_flatten_fu_110                    |   9|          2|    6|         12|
    |kh_fu_106                                |   9|          2|    3|          6|
    |kw_fu_102                                |   9|          2|    3|          6|
    |wt_blk_n_R                               |   9|          2|    1|          2|
    +-----------------------------------------+----+-----------+-----+-----------+
    |Total                                    | 126|         28|   76|        152|
    +-----------------------------------------+----+-----------+-----+-----------+

    * Register: 
    +----------------------------------+----+----+-----+-----------+
    |               Name               | FF | LUT| Bits| Const Bits|
    +----------------------------------+----+----+-----+-----------+
    |add_ln87_reg_641                  |   7|   0|    7|          0|
    |and_ln76_1_reg_629                |   1|   0|    1|          0|
    |ap_CS_fsm                         |   1|   0|    1|          0|
    |ap_done_reg                       |   1|   0|    1|          0|
    |ap_enable_reg_pp0_iter1           |   1|   0|    1|          0|
    |ap_enable_reg_pp0_iter2           |   1|   0|    1|          0|
    |ap_loop_exit_ready_pp0_iter1_reg  |   1|   0|    1|          0|
    |c_fu_114                          |   2|   0|    2|          0|
    |f_fu_122                          |   3|   0|    3|          0|
    |icmp_ln76_reg_607                 |   1|   0|    1|          0|
    |icmp_ln79_reg_611                 |   1|   0|    1|          0|
    |icmp_ln82_reg_624                 |   1|   0|    1|          0|
    |indvar_flatten207_fu_118          |   8|   0|    8|          0|
    |indvar_flatten235_fu_126          |  10|   0|   10|          0|
    |indvar_flatten_fu_110             |   6|   0|    6|          0|
    |kh_fu_106                         |   3|   0|    3|          0|
    |kw_fu_102                         |   3|   0|    3|          0|
    |or_ln79_reg_635                   |   1|   0|    1|          0|
    |select_ln82_1_reg_652             |   3|   0|    7|          4|
    |select_ln82_reg_647               |   3|   0|    3|          0|
    |udiv_reg_662                      |   3|   0|    4|          1|
    |wt_addr_read_reg_657              |  16|   0|   16|          0|
    |xor_ln76_reg_619                  |   1|   0|    1|          0|
    +----------------------------------+----+----+-----+-----------+
    |Total                             |  78|   0|   83|          5|
    +----------------------------------+----+----+-----+-----------+



================================================================
== Interface
================================================================
* Summary: 
+------------------------+-----+-----+------------+--------------------------------------------------------------------------------+--------------+
|        RTL Ports       | Dir | Bits|  Protocol  |                                  Source Object                                 |    C Type    |
+------------------------+-----+-----+------------+--------------------------------------------------------------------------------+--------------+
|ap_clk                  |   in|    1|  ap_ctrl_hs|  tiled_conv_Pipeline_WEIGHT_KERNEL_NUM_WEIGHT_KERNEL_HEIGHT_WEIGHT_KERNEL_WIDTH|  return value|
|ap_rst                  |   in|    1|  ap_ctrl_hs|  tiled_conv_Pipeline_WEIGHT_KERNEL_NUM_WEIGHT_KERNEL_HEIGHT_WEIGHT_KERNEL_WIDTH|  return value|
|ap_start                |   in|    1|  ap_ctrl_hs|  tiled_conv_Pipeline_WEIGHT_KERNEL_NUM_WEIGHT_KERNEL_HEIGHT_WEIGHT_KERNEL_WIDTH|  return value|
|ap_done                 |  out|    1|  ap_ctrl_hs|  tiled_conv_Pipeline_WEIGHT_KERNEL_NUM_WEIGHT_KERNEL_HEIGHT_WEIGHT_KERNEL_WIDTH|  return value|
|ap_idle                 |  out|    1|  ap_ctrl_hs|  tiled_conv_Pipeline_WEIGHT_KERNEL_NUM_WEIGHT_KERNEL_HEIGHT_WEIGHT_KERNEL_WIDTH|  return value|
|ap_ready                |  out|    1|  ap_ctrl_hs|  tiled_conv_Pipeline_WEIGHT_KERNEL_NUM_WEIGHT_KERNEL_HEIGHT_WEIGHT_KERNEL_WIDTH|  return value|
|m_axi_wt_AWVALID        |  out|    1|       m_axi|                                                                              wt|       pointer|
|m_axi_wt_AWREADY        |   in|    1|       m_axi|                                                                              wt|       pointer|
|m_axi_wt_AWADDR         |  out|   64|       m_axi|                                                                              wt|       pointer|
|m_axi_wt_AWID           |  out|    1|       m_axi|                                                                              wt|       pointer|
|m_axi_wt_AWLEN          |  out|   32|       m_axi|                                                                              wt|       pointer|
|m_axi_wt_AWSIZE         |  out|    3|       m_axi|                                                                              wt|       pointer|
|m_axi_wt_AWBURST        |  out|    2|       m_axi|                                                                              wt|       pointer|
|m_axi_wt_AWLOCK         |  out|    2|       m_axi|                                                                              wt|       pointer|
|m_axi_wt_AWCACHE        |  out|    4|       m_axi|                                                                              wt|       pointer|
|m_axi_wt_AWPROT         |  out|    3|       m_axi|                                                                              wt|       pointer|
|m_axi_wt_AWQOS          |  out|    4|       m_axi|                                                                              wt|       pointer|
|m_axi_wt_AWREGION       |  out|    4|       m_axi|                                                                              wt|       pointer|
|m_axi_wt_AWUSER         |  out|    1|       m_axi|                                                                              wt|       pointer|
|m_axi_wt_WVALID         |  out|    1|       m_axi|                                                                              wt|       pointer|
|m_axi_wt_WREADY         |   in|    1|       m_axi|                                                                              wt|       pointer|
|m_axi_wt_WDATA          |  out|   16|       m_axi|                                                                              wt|       pointer|
|m_axi_wt_WSTRB          |  out|    2|       m_axi|                                                                              wt|       pointer|
|m_axi_wt_WLAST          |  out|    1|       m_axi|                                                                              wt|       pointer|
|m_axi_wt_WID            |  out|    1|       m_axi|                                                                              wt|       pointer|
|m_axi_wt_WUSER          |  out|    1|       m_axi|                                                                              wt|       pointer|
|m_axi_wt_ARVALID        |  out|    1|       m_axi|                                                                              wt|       pointer|
|m_axi_wt_ARREADY        |   in|    1|       m_axi|                                                                              wt|       pointer|
|m_axi_wt_ARADDR         |  out|   64|       m_axi|                                                                              wt|       pointer|
|m_axi_wt_ARID           |  out|    1|       m_axi|                                                                              wt|       pointer|
|m_axi_wt_ARLEN          |  out|   32|       m_axi|                                                                              wt|       pointer|
|m_axi_wt_ARSIZE         |  out|    3|       m_axi|                                                                              wt|       pointer|
|m_axi_wt_ARBURST        |  out|    2|       m_axi|                                                                              wt|       pointer|
|m_axi_wt_ARLOCK         |  out|    2|       m_axi|                                                                              wt|       pointer|
|m_axi_wt_ARCACHE        |  out|    4|       m_axi|                                                                              wt|       pointer|
|m_axi_wt_ARPROT         |  out|    3|       m_axi|                                                                              wt|       pointer|
|m_axi_wt_ARQOS          |  out|    4|       m_axi|                                                                              wt|       pointer|
|m_axi_wt_ARREGION       |  out|    4|       m_axi|                                                                              wt|       pointer|
|m_axi_wt_ARUSER         |  out|    1|       m_axi|                                                                              wt|       pointer|
|m_axi_wt_RVALID         |   in|    1|       m_axi|                                                                              wt|       pointer|
|m_axi_wt_RREADY         |  out|    1|       m_axi|                                                                              wt|       pointer|
|m_axi_wt_RDATA          |   in|   16|       m_axi|                                                                              wt|       pointer|
|m_axi_wt_RLAST          |   in|    1|       m_axi|                                                                              wt|       pointer|
|m_axi_wt_RID            |   in|    1|       m_axi|                                                                              wt|       pointer|
|m_axi_wt_RFIFONUM       |   in|   10|       m_axi|                                                                              wt|       pointer|
|m_axi_wt_RUSER          |   in|    1|       m_axi|                                                                              wt|       pointer|
|m_axi_wt_RRESP          |   in|    2|       m_axi|                                                                              wt|       pointer|
|m_axi_wt_BVALID         |   in|    1|       m_axi|                                                                              wt|       pointer|
|m_axi_wt_BREADY         |  out|    1|       m_axi|                                                                              wt|       pointer|
|m_axi_wt_BRESP          |   in|    2|       m_axi|                                                                              wt|       pointer|
|m_axi_wt_BID            |   in|    1|       m_axi|                                                                              wt|       pointer|
|m_axi_wt_BUSER          |   in|    1|       m_axi|                                                                              wt|       pointer|
|sext_ln76               |   in|   63|     ap_none|                                                                       sext_ln76|        scalar|
|conv_wt_buf_V_address0  |  out|    7|   ap_memory|                                                                   conv_wt_buf_V|         array|
|conv_wt_buf_V_ce0       |  out|    1|   ap_memory|                                                                   conv_wt_buf_V|         array|
|conv_wt_buf_V_we0       |  out|   14|   ap_memory|                                                                   conv_wt_buf_V|         array|
|conv_wt_buf_V_d0        |  out|  112|   ap_memory|                                                                   conv_wt_buf_V|         array|
+------------------------+-----+-----+------------+--------------------------------------------------------------------------------+--------------+

