

================================================================
== Vitis HLS Report for 'tiled_conv_Pipeline_OUTPUT_BUFFER_DEPTH_OUTPUT_BUFFER_HEIGHT'
================================================================
* Date:           Wed Mar 22 12:24:28 2023

* Version:        2022.1.2 (Build 3605665 on Fri Aug  5 22:52:02 MDT 2022)
* Project:        proj
* Solution:       solution1 (Vivado IP Flow Target)
* Product family: zynq
* Target device:  xc7z020-clg400-1


================================================================
== Performance Estimates
================================================================
+ Timing: 
    * Summary: 
    +--------+----------+----------+------------+
    |  Clock |  Target  | Estimated| Uncertainty|
    +--------+----------+----------+------------+
    |ap_clk  |  10.00 ns|  7.300 ns|     2.70 ns|
    +--------+----------+----------+------------+

+ Latency: 
    * Summary: 
    +---------+---------+-----------+-----------+------+------+---------+
    |  Latency (cycles) |   Latency (absolute)  |   Interval  | Pipeline|
    |   min   |   max   |    min    |    max    |  min |  max |   Type  |
    +---------+---------+-----------+-----------+------+------+---------+
    |     1851|     1851|  18.510 us|  18.510 us|  1851|  1851|       no|
    +---------+---------+-----------+-----------+------+------+---------+

    + Detail: 
        * Instance: 
        N/A

        * Loop: 
        +--------------------------------------------+---------+---------+----------+-----------+-----------+------+----------+
        |                                            |  Latency (cycles) | Iteration|  Initiation Interval  | Trip |          |
        |                  Loop Name                 |   min   |   max   |  Latency |  achieved |   target  | Count| Pipelined|
        +--------------------------------------------+---------+---------+----------+-----------+-----------+------+----------+
        |- OUTPUT_BUFFER_DEPTH_OUTPUT_BUFFER_HEIGHT  |     1849|     1849|        30|         20|          1|    92|       yes|
        +--------------------------------------------+---------+---------+----------+-----------+-----------+------+----------+



================================================================
== Utilization Estimates
================================================================
* Summary: 
+-----------------+---------+-----+--------+-------+-----+
|       Name      | BRAM_18K| DSP |   FF   |  LUT  | URAM|
+-----------------+---------+-----+--------+-------+-----+
|DSP              |        -|    2|       -|      -|    -|
|Expression       |        -|    -|       0|   2021|    -|
|FIFO             |        -|    -|       -|      -|    -|
|Instance         |        -|    -|       -|      -|    -|
|Memory           |        -|    -|       -|      -|    -|
|Multiplexer      |        -|    -|       -|    435|    -|
|Register         |        -|    -|    1987|      -|    -|
+-----------------+---------+-----+--------+-------+-----+
|Total            |        0|    2|    1987|   2456|    0|
+-----------------+---------+-----+--------+-------+-----+
|Available        |      280|  220|  106400|  53200|    0|
+-----------------+---------+-----+--------+-------+-----+
|Utilization (%)  |        0|   ~0|       1|      4|    0|
+-----------------+---------+-----+--------+-------+-----+

+ Detail: 
    * Instance: 
    N/A

    * DSP: 
    +----------------------------------+------------------------------+--------------+
    |             Instance             |            Module            |  Expression  |
    +----------------------------------+------------------------------+--------------+
    |mac_muladd_3ns_5ns_5ns_7_1_1_U56  |mac_muladd_3ns_5ns_5ns_7_1_1  |  i0 * i1 + i2|
    |mul_mul_6ns_19ns_25_1_1_U57       |mul_mul_6ns_19ns_25_1_1       |       i0 * i1|
    +----------------------------------+------------------------------+--------------+

    * Memory: 
    N/A

    * FIFO: 
    N/A

    * Expression: 
    +------------------------------------+----------+----+---+----+------------+------------+
    |            Variable Name           | Operation| DSP| FF| LUT| Bitwidth P0| Bitwidth P1|
    +------------------------------------+----------+----+---+----+------------+------------+
    |add_ln122_1_fu_887_p2               |         +|   0|  0|  14|           6|           6|
    |add_ln122_2_fu_951_p2               |         +|   0|  0|  64|          64|          64|
    |add_ln122_3_fu_839_p2               |         +|   0|  0|  14|           7|           1|
    |add_ln122_fu_851_p2                 |         +|   0|  0|  11|           3|           1|
    |add_ln125_fu_2019_p2                |         +|   0|  0|  13|           5|           1|
    |add_ln133_10_fu_1671_p2             |         +|   0|  0|  71|          64|          64|
    |add_ln133_11_fu_1695_p2             |         +|   0|  0|  71|          64|          64|
    |add_ln133_12_fu_1719_p2             |         +|   0|  0|  71|          64|          64|
    |add_ln133_13_fu_1743_p2             |         +|   0|  0|  71|          64|          64|
    |add_ln133_14_fu_1767_p2             |         +|   0|  0|  71|          64|          64|
    |add_ln133_15_fu_1791_p2             |         +|   0|  0|  71|          64|          64|
    |add_ln133_16_fu_1815_p2             |         +|   0|  0|  71|          64|          64|
    |add_ln133_17_fu_1839_p2             |         +|   0|  0|  71|          64|          64|
    |add_ln133_18_fu_1863_p2             |         +|   0|  0|  71|          64|          64|
    |add_ln133_19_fu_1887_p2             |         +|   0|  0|  71|          64|          64|
    |add_ln133_1_fu_971_p2               |         +|   0|  0|  64|          64|          64|
    |add_ln133_20_fu_1911_p2             |         +|   0|  0|  71|          64|          64|
    |add_ln133_21_fu_1935_p2             |         +|   0|  0|  71|          64|          64|
    |add_ln133_2_fu_1479_p2              |         +|   0|  0|  71|          64|          64|
    |add_ln133_3_fu_1503_p2              |         +|   0|  0|  71|          64|          64|
    |add_ln133_4_fu_1527_p2              |         +|   0|  0|  71|          64|          64|
    |add_ln133_5_fu_1551_p2              |         +|   0|  0|  71|          64|          64|
    |add_ln133_6_fu_1575_p2              |         +|   0|  0|  71|          64|          64|
    |add_ln133_7_fu_1599_p2              |         +|   0|  0|  71|          64|          64|
    |add_ln133_8_fu_1623_p2              |         +|   0|  0|  71|          64|          64|
    |add_ln133_9_fu_1647_p2              |         +|   0|  0|  71|          64|          64|
    |add_ln133_fu_942_p2                 |         +|   0|  0|  26|          19|          19|
    |empty_38_fu_917_p2                  |         +|   0|  0|  14|           9|           9|
    |ap_block_pp0_stage0_01001           |       and|   0|  0|   2|           1|           1|
    |ap_block_pp0_stage0_11001           |       and|   0|  0|   2|           1|           1|
    |ap_block_pp0_stage10_01001          |       and|   0|  0|   2|           1|           1|
    |ap_block_pp0_stage10_11001          |       and|   0|  0|   2|           1|           1|
    |ap_block_pp0_stage11_11001          |       and|   0|  0|   2|           1|           1|
    |ap_block_pp0_stage12_11001          |       and|   0|  0|   2|           1|           1|
    |ap_block_pp0_stage13_11001          |       and|   0|  0|   2|           1|           1|
    |ap_block_pp0_stage14_11001          |       and|   0|  0|   2|           1|           1|
    |ap_block_pp0_stage15_11001          |       and|   0|  0|   2|           1|           1|
    |ap_block_pp0_stage16_11001          |       and|   0|  0|   2|           1|           1|
    |ap_block_pp0_stage17_11001          |       and|   0|  0|   2|           1|           1|
    |ap_block_pp0_stage18_11001          |       and|   0|  0|   2|           1|           1|
    |ap_block_pp0_stage19_11001          |       and|   0|  0|   2|           1|           1|
    |ap_block_pp0_stage1_11001           |       and|   0|  0|   2|           1|           1|
    |ap_block_pp0_stage2_11001           |       and|   0|  0|   2|           1|           1|
    |ap_block_pp0_stage3_11001           |       and|   0|  0|   2|           1|           1|
    |ap_block_state11_pp0_stage10_iter0  |       and|   0|  0|   2|           1|           1|
    |ap_block_state5_io                  |       and|   0|  0|   2|           1|           1|
    |icmp_ln122_fu_833_p2                |      icmp|   0|  0|  10|           7|           7|
    |icmp_ln125_fu_857_p2                |      icmp|   0|  0|   9|           5|           5|
    |ap_block_pp0_stage4_11001           |        or|   0|  0|   2|           1|           1|
    |ap_block_pp0_stage5_11001           |        or|   0|  0|   2|           1|           1|
    |ap_block_pp0_stage6_11001           |        or|   0|  0|   2|           1|           1|
    |ap_block_pp0_stage7_11001           |        or|   0|  0|   2|           1|           1|
    |ap_block_pp0_stage8_11001           |        or|   0|  0|   2|           1|           1|
    |ap_block_pp0_stage9_11001           |        or|   0|  0|   2|           1|           1|
    |ap_block_state10_io                 |        or|   0|  0|   2|           1|           1|
    |ap_block_state21_io                 |        or|   0|  0|   2|           1|           1|
    |select_ln122_1_fu_871_p3            |    select|   0|  0|   3|           1|           3|
    |select_ln122_fu_863_p3              |    select|   0|  0|   5|           1|           1|
    |select_ln131_10_fu_1237_p3          |    select|   0|  0|  15|           1|           1|
    |select_ln131_11_fu_1263_p3          |    select|   0|  0|  15|           1|           1|
    |select_ln131_12_fu_1289_p3          |    select|   0|  0|  15|           1|           1|
    |select_ln131_13_fu_1315_p3          |    select|   0|  0|  15|           1|           1|
    |select_ln131_14_fu_1341_p3          |    select|   0|  0|  15|           1|           1|
    |select_ln131_15_fu_1367_p3          |    select|   0|  0|  15|           1|           1|
    |select_ln131_16_fu_1393_p3          |    select|   0|  0|  15|           1|           1|
    |select_ln131_17_fu_1419_p3          |    select|   0|  0|  15|           1|           1|
    |select_ln131_18_fu_1445_p3          |    select|   0|  0|  15|           1|           1|
    |select_ln131_19_fu_1471_p3          |    select|   0|  0|  15|           1|           1|
    |select_ln131_1_fu_1003_p3           |    select|   0|  0|  15|           1|           1|
    |select_ln131_2_fu_1029_p3           |    select|   0|  0|  15|           1|           1|
    |select_ln131_3_fu_1055_p3           |    select|   0|  0|  15|           1|           1|
    |select_ln131_4_fu_1081_p3           |    select|   0|  0|  15|           1|           1|
    |select_ln131_5_fu_1107_p3           |    select|   0|  0|  15|           1|           1|
    |select_ln131_6_fu_1133_p3           |    select|   0|  0|  15|           1|           1|
    |select_ln131_7_fu_1159_p3           |    select|   0|  0|  15|           1|           1|
    |select_ln131_8_fu_1185_p3           |    select|   0|  0|  15|           1|           1|
    |select_ln131_9_fu_1211_p3           |    select|   0|  0|  15|           1|           1|
    |select_ln131_fu_977_p3              |    select|   0|  0|  15|           1|           1|
    |ap_enable_pp0                       |       xor|   0|  0|   2|           1|           2|
    +------------------------------------+----------+----+---+----+------------+------------+
    |Total                               |          |   0|  0|2021|        1518|        1509|
    +------------------------------------+----------+----+---+----+------------+------------+

    * Multiplexer: 
    +-----------------------------------------+-----+-----------+-----+-----------+
    |                   Name                  | LUT | Input Size| Bits| Total Bits|
    +-----------------------------------------+-----+-----------+-----+-----------+
    |ap_NS_fsm                                |  106|         21|    1|         21|
    |ap_done_int                              |    9|          2|    1|          2|
    |ap_enable_reg_pp0_iter0                  |    9|          2|    1|          2|
    |ap_enable_reg_pp0_iter0_reg              |    9|          2|    1|          2|
    |ap_enable_reg_pp0_iter1                  |    9|          2|    1|          2|
    |ap_sig_allocacmp_f_load                  |    9|          2|    3|          6|
    |ap_sig_allocacmp_i_load                  |    9|          2|    5|         10|
    |ap_sig_allocacmp_indvar_flatten266_load  |    9|          2|    7|         14|
    |f_fu_256                                 |    9|          2|    3|          6|
    |fm_blk_n_AW                              |    9|          2|    1|          2|
    |fm_blk_n_B                               |    9|          2|    1|          2|
    |fm_blk_n_W                               |    9|          2|    1|          2|
    |i_fu_252                                 |    9|          2|    5|         10|
    |indvar_flatten266_fu_260                 |    9|          2|    7|         14|
    |m_axi_fm_AWADDR                          |  106|         21|   64|       1344|
    |m_axi_fm_WDATA                           |  106|         21|   16|        336|
    +-----------------------------------------+-----+-----------+-----+-----------+
    |Total                                    |  435|         89|  118|       1775|
    +-----------------------------------------+-----+-----------+-----+-----------+

    * Register: 
    +----------------------------------------+----+----+-----+-----------+
    |                  Name                  | FF | LUT| Bits| Const Bits|
    +----------------------------------------+----+----+-----+-----------+
    |add_ln122_1_reg_2204                    |   6|   0|    6|          0|
    |add_ln133_1_reg_2229                    |  64|   0|   64|          0|
    |add_ln133_reg_2224                      |  11|   0|   19|          8|
    |ap_CS_fsm                               |  20|   0|   20|          0|
    |ap_done_reg                             |   1|   0|    1|          0|
    |ap_enable_reg_pp0_iter0_reg             |   1|   0|    1|          0|
    |ap_enable_reg_pp0_iter1                 |   1|   0|    1|          0|
    |empty_37_reg_2209                       |   7|   0|    7|          0|
    |f_fu_256                                |   3|   0|    3|          0|
    |fm_addr_10_reg_2413                     |  64|   0|   64|          0|
    |fm_addr_11_reg_2419                     |  64|   0|   64|          0|
    |fm_addr_12_reg_2425                     |  64|   0|   64|          0|
    |fm_addr_13_reg_2431                     |  64|   0|   64|          0|
    |fm_addr_14_reg_2437                     |  64|   0|   64|          0|
    |fm_addr_15_reg_2443                     |  64|   0|   64|          0|
    |fm_addr_16_reg_2449                     |  64|   0|   64|          0|
    |fm_addr_17_reg_2455                     |  64|   0|   64|          0|
    |fm_addr_18_reg_2461                     |  64|   0|   64|          0|
    |fm_addr_19_reg_2467                     |  64|   0|   64|          0|
    |fm_addr_1_reg_2359                      |  64|   0|   64|          0|
    |fm_addr_2_reg_2365                      |  64|   0|   64|          0|
    |fm_addr_3_reg_2371                      |  64|   0|   64|          0|
    |fm_addr_4_reg_2377                      |  64|   0|   64|          0|
    |fm_addr_5_reg_2383                      |  64|   0|   64|          0|
    |fm_addr_6_reg_2389                      |  64|   0|   64|          0|
    |fm_addr_7_reg_2395                      |  64|   0|   64|          0|
    |fm_addr_8_reg_2401                      |  64|   0|   64|          0|
    |fm_addr_9_reg_2407                      |  64|   0|   64|          0|
    |fm_addr_reg_2353                        |  64|   0|   64|          0|
    |i_fu_252                                |   5|   0|    5|          0|
    |icmp_ln122_reg_2194                     |   1|   0|    1|          0|
    |indvar_flatten266_fu_260                |   7|   0|    7|          0|
    |mul_ln122_reg_2214                      |  25|   0|   25|          0|
    |select_ln122_reg_2198                   |   5|   0|    5|          0|
    |select_ln131_10_reg_2303                |  15|   0|   15|          0|
    |select_ln131_11_reg_2308                |  15|   0|   15|          0|
    |select_ln131_12_reg_2313                |  15|   0|   15|          0|
    |select_ln131_13_reg_2318                |  15|   0|   15|          0|
    |select_ln131_14_reg_2323                |  15|   0|   15|          0|
    |select_ln131_15_reg_2328                |  15|   0|   15|          0|
    |select_ln131_16_reg_2333                |  15|   0|   15|          0|
    |select_ln131_17_reg_2338                |  15|   0|   15|          0|
    |select_ln131_18_reg_2343                |  15|   0|   15|          0|
    |select_ln131_18_reg_2343_pp0_iter1_reg  |  15|   0|   15|          0|
    |select_ln131_19_reg_2348                |  15|   0|   15|          0|
    |select_ln131_19_reg_2348_pp0_iter1_reg  |  15|   0|   15|          0|
    |select_ln131_1_reg_2258                 |  15|   0|   15|          0|
    |select_ln131_2_reg_2263                 |  15|   0|   15|          0|
    |select_ln131_3_reg_2268                 |  15|   0|   15|          0|
    |select_ln131_4_reg_2273                 |  15|   0|   15|          0|
    |select_ln131_5_reg_2278                 |  15|   0|   15|          0|
    |select_ln131_6_reg_2283                 |  15|   0|   15|          0|
    |select_ln131_7_reg_2288                 |  15|   0|   15|          0|
    |select_ln131_8_reg_2293                 |  15|   0|   15|          0|
    |select_ln131_9_reg_2298                 |  15|   0|   15|          0|
    |select_ln131_reg_2253                   |  15|   0|   15|          0|
    |select_ln53_10_cast_reg_2149            |  11|   0|   64|         53|
    |select_ln53_11_cast_reg_2144            |  11|   0|   64|         53|
    |select_ln53_12_cast_reg_2139            |  11|   0|   64|         53|
    |select_ln53_13_cast_reg_2134            |  11|   0|   64|         53|
    |select_ln53_14_cast_reg_2129            |  11|   0|   64|         53|
    |select_ln53_15_cast_reg_2124            |  11|   0|   64|         53|
    |select_ln53_16_cast_reg_2119            |  11|   0|   64|         53|
    |select_ln53_17_cast_reg_2114            |  11|   0|   64|         53|
    |select_ln53_18_cast_reg_2109            |  11|   0|   64|         53|
    |select_ln53_19_cast_reg_2104            |  11|   0|   64|         53|
    |select_ln53_20_cast_reg_2099            |  11|   0|   64|         53|
    |select_ln53_21_cast_reg_2094            |  11|   0|   64|         53|
    |select_ln53_2_cast_reg_2189             |  11|   0|   64|         53|
    |select_ln53_3_cast_reg_2184             |  11|   0|   64|         53|
    |select_ln53_4_cast_reg_2179             |  11|   0|   64|         53|
    |select_ln53_5_cast_reg_2174             |  11|   0|   64|         53|
    |select_ln53_6_cast_reg_2169             |  11|   0|   64|         53|
    |select_ln53_7_cast_reg_2164             |  11|   0|   64|         53|
    |select_ln53_8_cast_reg_2159             |  11|   0|   64|         53|
    |select_ln53_9_cast_reg_2154             |  11|   0|   64|         53|
    +----------------------------------------+----+----+-----+-----------+
    |Total                                   |1987|   0| 3055|       1068|
    +----------------------------------------+----+----+-----+-----------+



================================================================
== Interface
================================================================
* Summary: 
+------------------------+-----+-----+------------+--------------------------------------------------------------+--------------+
|        RTL Ports       | Dir | Bits|  Protocol  |                         Source Object                        |    C Type    |
+------------------------+-----+-----+------------+--------------------------------------------------------------+--------------+
|ap_clk                  |   in|    1|  ap_ctrl_hs|  tiled_conv_Pipeline_OUTPUT_BUFFER_DEPTH_OUTPUT_BUFFER_HEIGHT|  return value|
|ap_rst                  |   in|    1|  ap_ctrl_hs|  tiled_conv_Pipeline_OUTPUT_BUFFER_DEPTH_OUTPUT_BUFFER_HEIGHT|  return value|
|ap_start                |   in|    1|  ap_ctrl_hs|  tiled_conv_Pipeline_OUTPUT_BUFFER_DEPTH_OUTPUT_BUFFER_HEIGHT|  return value|
|ap_done                 |  out|    1|  ap_ctrl_hs|  tiled_conv_Pipeline_OUTPUT_BUFFER_DEPTH_OUTPUT_BUFFER_HEIGHT|  return value|
|ap_idle                 |  out|    1|  ap_ctrl_hs|  tiled_conv_Pipeline_OUTPUT_BUFFER_DEPTH_OUTPUT_BUFFER_HEIGHT|  return value|
|ap_ready                |  out|    1|  ap_ctrl_hs|  tiled_conv_Pipeline_OUTPUT_BUFFER_DEPTH_OUTPUT_BUFFER_HEIGHT|  return value|
|m_axi_fm_AWVALID        |  out|    1|       m_axi|                                                            fm|       pointer|
|m_axi_fm_AWREADY        |   in|    1|       m_axi|                                                            fm|       pointer|
|m_axi_fm_AWADDR         |  out|   64|       m_axi|                                                            fm|       pointer|
|m_axi_fm_AWID           |  out|    1|       m_axi|                                                            fm|       pointer|
|m_axi_fm_AWLEN          |  out|   32|       m_axi|                                                            fm|       pointer|
|m_axi_fm_AWSIZE         |  out|    3|       m_axi|                                                            fm|       pointer|
|m_axi_fm_AWBURST        |  out|    2|       m_axi|                                                            fm|       pointer|
|m_axi_fm_AWLOCK         |  out|    2|       m_axi|                                                            fm|       pointer|
|m_axi_fm_AWCACHE        |  out|    4|       m_axi|                                                            fm|       pointer|
|m_axi_fm_AWPROT         |  out|    3|       m_axi|                                                            fm|       pointer|
|m_axi_fm_AWQOS          |  out|    4|       m_axi|                                                            fm|       pointer|
|m_axi_fm_AWREGION       |  out|    4|       m_axi|                                                            fm|       pointer|
|m_axi_fm_AWUSER         |  out|    1|       m_axi|                                                            fm|       pointer|
|m_axi_fm_WVALID         |  out|    1|       m_axi|                                                            fm|       pointer|
|m_axi_fm_WREADY         |   in|    1|       m_axi|                                                            fm|       pointer|
|m_axi_fm_WDATA          |  out|   16|       m_axi|                                                            fm|       pointer|
|m_axi_fm_WSTRB          |  out|    2|       m_axi|                                                            fm|       pointer|
|m_axi_fm_WLAST          |  out|    1|       m_axi|                                                            fm|       pointer|
|m_axi_fm_WID            |  out|    1|       m_axi|                                                            fm|       pointer|
|m_axi_fm_WUSER          |  out|    1|       m_axi|                                                            fm|       pointer|
|m_axi_fm_ARVALID        |  out|    1|       m_axi|                                                            fm|       pointer|
|m_axi_fm_ARREADY        |   in|    1|       m_axi|                                                            fm|       pointer|
|m_axi_fm_ARADDR         |  out|   64|       m_axi|                                                            fm|       pointer|
|m_axi_fm_ARID           |  out|    1|       m_axi|                                                            fm|       pointer|
|m_axi_fm_ARLEN          |  out|   32|       m_axi|                                                            fm|       pointer|
|m_axi_fm_ARSIZE         |  out|    3|       m_axi|                                                            fm|       pointer|
|m_axi_fm_ARBURST        |  out|    2|       m_axi|                                                            fm|       pointer|
|m_axi_fm_ARLOCK         |  out|    2|       m_axi|                                                            fm|       pointer|
|m_axi_fm_ARCACHE        |  out|    4|       m_axi|                                                            fm|       pointer|
|m_axi_fm_ARPROT         |  out|    3|       m_axi|                                                            fm|       pointer|
|m_axi_fm_ARQOS          |  out|    4|       m_axi|                                                            fm|       pointer|
|m_axi_fm_ARREGION       |  out|    4|       m_axi|                                                            fm|       pointer|
|m_axi_fm_ARUSER         |  out|    1|       m_axi|                                                            fm|       pointer|
|m_axi_fm_RVALID         |   in|    1|       m_axi|                                                            fm|       pointer|
|m_axi_fm_RREADY         |  out|    1|       m_axi|                                                            fm|       pointer|
|m_axi_fm_RDATA          |   in|   16|       m_axi|                                                            fm|       pointer|
|m_axi_fm_RLAST          |   in|    1|       m_axi|                                                            fm|       pointer|
|m_axi_fm_RID            |   in|    1|       m_axi|                                                            fm|       pointer|
|m_axi_fm_RFIFONUM       |   in|   10|       m_axi|                                                            fm|       pointer|
|m_axi_fm_RUSER          |   in|    1|       m_axi|                                                            fm|       pointer|
|m_axi_fm_RRESP          |   in|    2|       m_axi|                                                            fm|       pointer|
|m_axi_fm_BVALID         |   in|    1|       m_axi|                                                            fm|       pointer|
|m_axi_fm_BREADY         |  out|    1|       m_axi|                                                            fm|       pointer|
|m_axi_fm_BRESP          |   in|    2|       m_axi|                                                            fm|       pointer|
|m_axi_fm_BID            |   in|    1|       m_axi|                                                            fm|       pointer|
|m_axi_fm_BUSER          |   in|    1|       m_axi|                                                            fm|       pointer|
|shl_ln73_1              |   in|    6|     ap_none|                                                    shl_ln73_1|        scalar|
|output_feature_map      |   in|   64|     ap_none|                                            output_feature_map|        scalar|
|conv_out_buf5_address0  |  out|    7|   ap_memory|                                                 conv_out_buf5|         array|
|conv_out_buf5_ce0       |  out|    1|   ap_memory|                                                 conv_out_buf5|         array|
|conv_out_buf5_q0        |   in|  320|   ap_memory|                                                 conv_out_buf5|         array|
|p_mid2299               |   in|    9|     ap_none|                                                     p_mid2299|        scalar|
|select_ln53_2           |   in|   11|     ap_none|                                                 select_ln53_2|        scalar|
|select_ln53_3           |   in|   11|     ap_none|                                                 select_ln53_3|        scalar|
|select_ln53_4           |   in|   11|     ap_none|                                                 select_ln53_4|        scalar|
|select_ln53_5           |   in|   11|     ap_none|                                                 select_ln53_5|        scalar|
|select_ln53_6           |   in|   11|     ap_none|                                                 select_ln53_6|        scalar|
|select_ln53_7           |   in|   11|     ap_none|                                                 select_ln53_7|        scalar|
|select_ln53_8           |   in|   11|     ap_none|                                                 select_ln53_8|        scalar|
|select_ln53_9           |   in|   11|     ap_none|                                                 select_ln53_9|        scalar|
|select_ln53_10          |   in|   11|     ap_none|                                                select_ln53_10|        scalar|
|select_ln53_11          |   in|   11|     ap_none|                                                select_ln53_11|        scalar|
|select_ln53_12          |   in|   11|     ap_none|                                                select_ln53_12|        scalar|
|select_ln53_13          |   in|   11|     ap_none|                                                select_ln53_13|        scalar|
|select_ln53_14          |   in|   11|     ap_none|                                                select_ln53_14|        scalar|
|select_ln53_15          |   in|   11|     ap_none|                                                select_ln53_15|        scalar|
|select_ln53_16          |   in|   11|     ap_none|                                                select_ln53_16|        scalar|
|select_ln53_17          |   in|   11|     ap_none|                                                select_ln53_17|        scalar|
|select_ln53_18          |   in|   11|     ap_none|                                                select_ln53_18|        scalar|
|select_ln53_19          |   in|   11|     ap_none|                                                select_ln53_19|        scalar|
|select_ln53_20          |   in|   11|     ap_none|                                                select_ln53_20|        scalar|
|select_ln53_21          |   in|   11|     ap_none|                                                select_ln53_21|        scalar|
+------------------------+-----+-----+------------+--------------------------------------------------------------+--------------+

