

================================================================
== Vitis HLS Report for 'tiled_conv_Pipeline_WEIGHT_KERNEL_NUM_WEIGHT_KERNEL_HEIGHT_WEIGHT_KERNEL_WIDTH'
================================================================
* Date:           Fri Mar 17 13:50:45 2023

* Version:        2022.1.2 (Build 3605665 on Fri Aug  5 22:52:02 MDT 2022)
* Project:        proj
* Solution:       solution1 (Vivado IP Flow Target)
* Product family: zynq
* Target device:  xc7z020-clg400-1


================================================================
== Performance Estimates
================================================================
+ Timing: 
    * Summary: 
    +--------+----------+----------+------------+
    |  Clock |  Target  | Estimated| Uncertainty|
    +--------+----------+----------+------------+
    |ap_clk  |  10.00 ns|  7.300 ns|     2.70 ns|
    +--------+----------+----------+------------+

+ Latency: 
    * Summary: 
    +---------+---------+----------+----------+-----+-----+---------+
    |  Latency (cycles) |  Latency (absolute) |  Interval | Pipeline|
    |   min   |   max   |    min   |    max   | min | max |   Type  |
    +---------+---------+----------+----------+-----+-----+---------+
    |      592|      592|  5.920 us|  5.920 us|  592|  592|       no|
    +---------+---------+----------+----------+-----+-----+---------+

    + Detail: 
        * Instance: 
        N/A

        * Loop: 
        +--------------------------------------------------------------+---------+---------+----------+-----------+-----------+------+----------+
        |                                                              |  Latency (cycles) | Iteration|  Initiation Interval  | Trip |          |
        |                           Loop Name                          |   min   |   max   |  Latency |  achieved |   target  | Count| Pipelined|
        +--------------------------------------------------------------+---------+---------+----------+-----------+-----------+------+----------+
        |- WEIGHT_KERNEL_NUM_WEIGHT_KERNEL_HEIGHT_WEIGHT_KERNEL_WIDTH  |      590|      590|         4|          1|          1|   588|       yes|
        +--------------------------------------------------------------+---------+---------+----------+-----------+-----------+------+----------+



================================================================
== Utilization Estimates
================================================================
* Summary: 
+-----------------+---------+-----+--------+-------+-----+
|       Name      | BRAM_18K| DSP |   FF   |  LUT  | URAM|
+-----------------+---------+-----+--------+-------+-----+
|DSP              |        -|    -|       -|      -|    -|
|Expression       |        -|    -|       0|    349|    -|
|FIFO             |        -|    -|       -|      -|    -|
|Instance         |        -|    -|       -|      -|    -|
|Memory           |        -|    -|       -|      -|    -|
|Multiplexer      |        -|    -|       -|    117|    -|
|Register         |        -|    -|      98|      -|    -|
+-----------------+---------+-----+--------+-------+-----+
|Total            |        0|    0|      98|    466|    0|
+-----------------+---------+-----+--------+-------+-----+
|Available        |      280|  220|  106400|  53200|    0|
+-----------------+---------+-----+--------+-------+-----+
|Utilization (%)  |        0|    0|      ~0|     ~0|    0|
+-----------------+---------+-----+--------+-------+-----+

+ Detail: 
    * Instance: 
    N/A

    * DSP: 
    N/A

    * Memory: 
    N/A

    * FIFO: 
    N/A

    * Expression: 
    +----------------------------------+----------+----+---+----+------------+------------+
    |           Variable Name          | Operation| DSP| FF| LUT| Bitwidth P0| Bitwidth P1|
    +----------------------------------+----------+----+---+----+------------+------------+
    |add_ln76_1_fu_184_p2              |         +|   0|  0|  13|          10|           1|
    |add_ln76_fu_281_p2                |         +|   0|  0|  11|           3|           1|
    |add_ln79_1_fu_240_p2              |         +|   0|  0|  15|           8|           1|
    |add_ln79_fu_338_p2                |         +|   0|  0|  10|           2|           1|
    |add_ln82_1_fu_226_p2              |         +|   0|  0|  14|           6|           1|
    |add_ln82_fu_384_p2                |         +|   0|  0|  11|           3|           1|
    |add_ln85_fu_416_p2                |         +|   0|  0|  11|           3|           1|
    |add_ln87_1_fu_471_p2              |         +|   0|  0|  61|          61|          61|
    |add_ln87_2_fu_500_p2              |         +|   0|  0|  10|          10|          10|
    |add_ln87_fu_362_p2                |         +|   0|  0|  14|           7|           7|
    |sub_ln87_1_fu_462_p2              |         -|   0|  0|  61|          61|          61|
    |sub_ln87_2_fu_492_p2              |         -|   0|  0|  10|          10|          10|
    |sub_ln87_fu_317_p2                |         -|   0|  0|  14|           6|           6|
    |and_ln76_1_fu_214_p2              |       and|   0|  0|   2|           1|           1|
    |and_ln76_fu_333_p2                |       and|   0|  0|   2|           1|           1|
    |and_ln79_fu_378_p2                |       and|   0|  0|   2|           1|           1|
    |ap_block_pp0_stage0_11001         |       and|   0|  0|   2|           1|           1|
    |ap_block_state3_pp0_stage0_iter2  |       and|   0|  0|   2|           1|           1|
    |icmp_ln76_fu_178_p2               |      icmp|   0|  0|  11|          10|          10|
    |icmp_ln79_fu_196_p2               |      icmp|   0|  0|  11|           8|           8|
    |icmp_ln82_fu_208_p2               |      icmp|   0|  0|  10|           6|           5|
    |icmp_ln85_fu_327_p2               |      icmp|   0|  0|   8|           3|           2|
    |or_ln79_1_fu_373_p2               |        or|   0|  0|   2|           1|           1|
    |or_ln79_fu_220_p2                 |        or|   0|  0|   2|           1|           1|
    |or_ln82_1_fu_395_p2               |        or|   0|  0|   2|           1|           1|
    |or_ln82_fu_390_p2                 |        or|   0|  0|   2|           1|           1|
    |select_ln76_1_fu_294_p3           |    select|   0|  0|   3|           1|           3|
    |select_ln76_fu_287_p3             |    select|   0|  0|   2|           1|           1|
    |select_ln79_1_fu_351_p3           |    select|   0|  0|   2|           1|           2|
    |select_ln79_2_fu_246_p3           |    select|   0|  0|   8|           1|           1|
    |select_ln79_fu_344_p3             |    select|   0|  0|   3|           1|           1|
    |select_ln82_1_fu_408_p3           |    select|   0|  0|   3|           1|           3|
    |select_ln82_2_fu_232_p3           |    select|   0|  0|   6|           1|           1|
    |select_ln82_fu_400_p3             |    select|   0|  0|   3|           1|           1|
    |ap_enable_pp0                     |       xor|   0|  0|   2|           1|           2|
    |xor_ln76_fu_202_p2                |       xor|   0|  0|   2|           1|           2|
    |xor_ln79_fu_368_p2                |       xor|   0|  0|   2|           1|           2|
    +----------------------------------+----------+----+---+----+------------+------------+
    |Total                             |          |   0|  0| 349|         237|         215|
    +----------------------------------+----------+----+---+----+------------+------------+

    * Multiplexer: 
    +----------------------------------------+----+-----------+-----+-----------+
    |                  Name                  | LUT| Input Size| Bits| Total Bits|
    +----------------------------------------+----+-----------+-----+-----------+
    |ap_done_int                             |   9|          2|    1|          2|
    |ap_enable_reg_pp0_iter3                 |   9|          2|    1|          2|
    |ap_sig_allocacmp_indvar_flatten49_load  |   9|          2|    6|         12|
    |ap_sig_allocacmp_indvar_flatten63_load  |   9|          2|    8|         16|
    |ap_sig_allocacmp_indvar_flatten87_load  |   9|          2|   10|         20|
    |c_fu_96                                 |   9|          2|    2|          4|
    |f_fu_104                                |   9|          2|    3|          6|
    |indvar_flatten49_fu_92                  |   9|          2|    6|         12|
    |indvar_flatten63_fu_100                 |   9|          2|    8|         16|
    |indvar_flatten87_fu_108                 |   9|          2|   10|         20|
    |kh_fu_88                                |   9|          2|    3|          6|
    |kw_fu_84                                |   9|          2|    3|          6|
    |wt_blk_n_R                              |   9|          2|    1|          2|
    +----------------------------------------+----+-----------+-----+-----------+
    |Total                                   | 117|         26|   62|        124|
    +----------------------------------------+----+-----------+-----+-----------+

    * Register: 
    +-----------------------------------+----+----+-----+-----------+
    |                Name               | FF | LUT| Bits| Const Bits|
    +-----------------------------------+----+----+-----+-----------+
    |add_ln87_reg_598                   |   7|   0|    7|          0|
    |and_ln76_1_reg_587                 |   1|   0|    1|          0|
    |ap_CS_fsm                          |   1|   0|    1|          0|
    |ap_done_reg                        |   1|   0|    1|          0|
    |ap_enable_reg_pp0_iter1            |   1|   0|    1|          0|
    |ap_enable_reg_pp0_iter2            |   1|   0|    1|          0|
    |ap_enable_reg_pp0_iter3            |   1|   0|    1|          0|
    |ap_loop_exit_ready_pp0_iter1_reg   |   1|   0|    1|          0|
    |ap_loop_exit_ready_pp0_iter2_reg   |   1|   0|    1|          0|
    |c_fu_96                            |   2|   0|    2|          0|
    |f_fu_104                           |   3|   0|    3|          0|
    |icmp_ln76_reg_565                  |   1|   0|    1|          0|
    |icmp_ln76_reg_565_pp0_iter1_reg    |   1|   0|    1|          0|
    |icmp_ln79_reg_569                  |   1|   0|    1|          0|
    |icmp_ln82_reg_582                  |   1|   0|    1|          0|
    |indvar_flatten49_fu_92             |   6|   0|    6|          0|
    |indvar_flatten63_fu_100            |   8|   0|    8|          0|
    |indvar_flatten87_fu_108            |  10|   0|   10|          0|
    |kh_fu_88                           |   3|   0|    3|          0|
    |kw_fu_84                           |   3|   0|    3|          0|
    |or_ln79_reg_593                    |   1|   0|    1|          0|
    |select_ln82_1_reg_609              |   3|   0|    3|          0|
    |select_ln82_reg_604                |   3|   0|    3|          0|
    |select_ln82_reg_604_pp0_iter2_reg  |   3|   0|    3|          0|
    |trunc_ln87_1_reg_619               |   7|   0|    7|          0|
    |trunc_ln87_reg_614                 |  10|   0|   10|          0|
    |wt_addr_read_reg_624               |  16|   0|   16|          0|
    |xor_ln76_reg_577                   |   1|   0|    1|          0|
    +-----------------------------------+----+----+-----+-----------+
    |Total                              |  98|   0|   98|          0|
    +-----------------------------------+----+----+-----+-----------+



================================================================
== Interface
================================================================
* Summary: 
+------------------------+-----+-----+------------+--------------------------------------------------------------------------------+--------------+
|        RTL Ports       | Dir | Bits|  Protocol  |                                  Source Object                                 |    C Type    |
+------------------------+-----+-----+------------+--------------------------------------------------------------------------------+--------------+
|ap_clk                  |   in|    1|  ap_ctrl_hs|  tiled_conv_Pipeline_WEIGHT_KERNEL_NUM_WEIGHT_KERNEL_HEIGHT_WEIGHT_KERNEL_WIDTH|  return value|
|ap_rst                  |   in|    1|  ap_ctrl_hs|  tiled_conv_Pipeline_WEIGHT_KERNEL_NUM_WEIGHT_KERNEL_HEIGHT_WEIGHT_KERNEL_WIDTH|  return value|
|ap_start                |   in|    1|  ap_ctrl_hs|  tiled_conv_Pipeline_WEIGHT_KERNEL_NUM_WEIGHT_KERNEL_HEIGHT_WEIGHT_KERNEL_WIDTH|  return value|
|ap_done                 |  out|    1|  ap_ctrl_hs|  tiled_conv_Pipeline_WEIGHT_KERNEL_NUM_WEIGHT_KERNEL_HEIGHT_WEIGHT_KERNEL_WIDTH|  return value|
|ap_idle                 |  out|    1|  ap_ctrl_hs|  tiled_conv_Pipeline_WEIGHT_KERNEL_NUM_WEIGHT_KERNEL_HEIGHT_WEIGHT_KERNEL_WIDTH|  return value|
|ap_ready                |  out|    1|  ap_ctrl_hs|  tiled_conv_Pipeline_WEIGHT_KERNEL_NUM_WEIGHT_KERNEL_HEIGHT_WEIGHT_KERNEL_WIDTH|  return value|
|m_axi_wt_AWVALID        |  out|    1|       m_axi|                                                                              wt|       pointer|
|m_axi_wt_AWREADY        |   in|    1|       m_axi|                                                                              wt|       pointer|
|m_axi_wt_AWADDR         |  out|   64|       m_axi|                                                                              wt|       pointer|
|m_axi_wt_AWID           |  out|    1|       m_axi|                                                                              wt|       pointer|
|m_axi_wt_AWLEN          |  out|   32|       m_axi|                                                                              wt|       pointer|
|m_axi_wt_AWSIZE         |  out|    3|       m_axi|                                                                              wt|       pointer|
|m_axi_wt_AWBURST        |  out|    2|       m_axi|                                                                              wt|       pointer|
|m_axi_wt_AWLOCK         |  out|    2|       m_axi|                                                                              wt|       pointer|
|m_axi_wt_AWCACHE        |  out|    4|       m_axi|                                                                              wt|       pointer|
|m_axi_wt_AWPROT         |  out|    3|       m_axi|                                                                              wt|       pointer|
|m_axi_wt_AWQOS          |  out|    4|       m_axi|                                                                              wt|       pointer|
|m_axi_wt_AWREGION       |  out|    4|       m_axi|                                                                              wt|       pointer|
|m_axi_wt_AWUSER         |  out|    1|       m_axi|                                                                              wt|       pointer|
|m_axi_wt_WVALID         |  out|    1|       m_axi|                                                                              wt|       pointer|
|m_axi_wt_WREADY         |   in|    1|       m_axi|                                                                              wt|       pointer|
|m_axi_wt_WDATA          |  out|   16|       m_axi|                                                                              wt|       pointer|
|m_axi_wt_WSTRB          |  out|    2|       m_axi|                                                                              wt|       pointer|
|m_axi_wt_WLAST          |  out|    1|       m_axi|                                                                              wt|       pointer|
|m_axi_wt_WID            |  out|    1|       m_axi|                                                                              wt|       pointer|
|m_axi_wt_WUSER          |  out|    1|       m_axi|                                                                              wt|       pointer|
|m_axi_wt_ARVALID        |  out|    1|       m_axi|                                                                              wt|       pointer|
|m_axi_wt_ARREADY        |   in|    1|       m_axi|                                                                              wt|       pointer|
|m_axi_wt_ARADDR         |  out|   64|       m_axi|                                                                              wt|       pointer|
|m_axi_wt_ARID           |  out|    1|       m_axi|                                                                              wt|       pointer|
|m_axi_wt_ARLEN          |  out|   32|       m_axi|                                                                              wt|       pointer|
|m_axi_wt_ARSIZE         |  out|    3|       m_axi|                                                                              wt|       pointer|
|m_axi_wt_ARBURST        |  out|    2|       m_axi|                                                                              wt|       pointer|
|m_axi_wt_ARLOCK         |  out|    2|       m_axi|                                                                              wt|       pointer|
|m_axi_wt_ARCACHE        |  out|    4|       m_axi|                                                                              wt|       pointer|
|m_axi_wt_ARPROT         |  out|    3|       m_axi|                                                                              wt|       pointer|
|m_axi_wt_ARQOS          |  out|    4|       m_axi|                                                                              wt|       pointer|
|m_axi_wt_ARREGION       |  out|    4|       m_axi|                                                                              wt|       pointer|
|m_axi_wt_ARUSER         |  out|    1|       m_axi|                                                                              wt|       pointer|
|m_axi_wt_RVALID         |   in|    1|       m_axi|                                                                              wt|       pointer|
|m_axi_wt_RREADY         |  out|    1|       m_axi|                                                                              wt|       pointer|
|m_axi_wt_RDATA          |   in|   16|       m_axi|                                                                              wt|       pointer|
|m_axi_wt_RLAST          |   in|    1|       m_axi|                                                                              wt|       pointer|
|m_axi_wt_RID            |   in|    1|       m_axi|                                                                              wt|       pointer|
|m_axi_wt_RFIFONUM       |   in|   10|       m_axi|                                                                              wt|       pointer|
|m_axi_wt_RUSER          |   in|    1|       m_axi|                                                                              wt|       pointer|
|m_axi_wt_RRESP          |   in|    2|       m_axi|                                                                              wt|       pointer|
|m_axi_wt_BVALID         |   in|    1|       m_axi|                                                                              wt|       pointer|
|m_axi_wt_BREADY         |  out|    1|       m_axi|                                                                              wt|       pointer|
|m_axi_wt_BRESP          |   in|    2|       m_axi|                                                                              wt|       pointer|
|m_axi_wt_BID            |   in|    1|       m_axi|                                                                              wt|       pointer|
|m_axi_wt_BUSER          |   in|    1|       m_axi|                                                                              wt|       pointer|
|sext_ln76               |   in|   63|     ap_none|                                                                       sext_ln76|        scalar|
|conv_wt_buf_V_address0  |  out|   10|   ap_memory|                                                                   conv_wt_buf_V|         array|
|conv_wt_buf_V_ce0       |  out|    1|   ap_memory|                                                                   conv_wt_buf_V|         array|
|conv_wt_buf_V_we0       |  out|    1|   ap_memory|                                                                   conv_wt_buf_V|         array|
|conv_wt_buf_V_d0        |  out|   16|   ap_memory|                                                                   conv_wt_buf_V|         array|
+------------------------+-----+-----+------------+--------------------------------------------------------------------------------+--------------+

