

================================================================
== Vitis HLS Report for 'tiled_conv_Pipeline_OUTPUT_BUFFER_DEPTH_OUTPUT_BUFFER_HEIGHT_OUTPUT_BUFFER_WIDTH'
================================================================
* Date:           Fri Mar 17 13:50:46 2023

* Version:        2022.1.2 (Build 3605665 on Fri Aug  5 22:52:02 MDT 2022)
* Project:        proj
* Solution:       solution1 (Vivado IP Flow Target)
* Product family: zynq
* Target device:  xc7z020-clg400-1


================================================================
== Performance Estimates
================================================================
+ Timing: 
    * Summary: 
    +--------+----------+----------+------------+
    |  Clock |  Target  | Estimated| Uncertainty|
    +--------+----------+----------+------------+
    |ap_clk  |  10.00 ns|  7.300 ns|     2.70 ns|
    +--------+----------+----------+------------+

+ Latency: 
    * Summary: 
    +---------+---------+-----------+-----------+------+------+---------+
    |  Latency (cycles) |   Latency (absolute)  |   Interval  | Pipeline|
    |   min   |   max   |    min    |    max    |  min |  max |   Type  |
    +---------+---------+-----------+-----------+------+------+---------+
    |     1862|     1862|  18.620 us|  18.620 us|  1862|  1862|       no|
    +---------+---------+-----------+-----------+------+------+---------+

    + Detail: 
        * Instance: 
        N/A

        * Loop: 
        +----------------------------------------------------------------+---------+---------+----------+-----------+-----------+------+----------+
        |                                                                |  Latency (cycles) | Iteration|  Initiation Interval  | Trip |          |
        |                            Loop Name                           |   min   |   max   |  Latency |  achieved |   target  | Count| Pipelined|
        +----------------------------------------------------------------+---------+---------+----------+-----------+-----------+------+----------+
        |- OUTPUT_BUFFER_DEPTH_OUTPUT_BUFFER_HEIGHT_OUTPUT_BUFFER_WIDTH  |     1860|     1860|        22|          1|          1|  1840|       yes|
        +----------------------------------------------------------------+---------+---------+----------+-----------+-----------+------+----------+



================================================================
== Utilization Estimates
================================================================
* Summary: 
+-----------------+---------+-----+--------+-------+-----+
|       Name      | BRAM_18K| DSP |   FF   |  LUT  | URAM|
+-----------------+---------+-----+--------+-------+-----+
|DSP              |        -|    3|       -|      -|    -|
|Expression       |        -|    -|       0|    858|    -|
|FIFO             |        -|    -|       -|      -|    -|
|Instance         |        -|    -|     680|    484|    -|
|Memory           |        -|    -|       -|      -|    -|
|Multiplexer      |        -|    -|       -|     99|    -|
|Register         |        -|    -|     576|     96|    -|
+-----------------+---------+-----+--------+-------+-----+
|Total            |        0|    3|    1256|   1537|    0|
+-----------------+---------+-----+--------+-------+-----+
|Available        |      280|  220|  106400|  53200|    0|
+-----------------+---------+-----+--------+-------+-----+
|Utilization (%)  |        0|    1|       1|      2|    0|
+-----------------+---------+-----+--------+-------+-----+

+ Detail: 
    * Instance: 
    +---------------------------+-----------------------+---------+----+-----+-----+-----+
    |          Instance         |         Module        | BRAM_18K| DSP|  FF | LUT | URAM|
    +---------------------------+-----------------------+---------+----+-----+-----+-----+
    |urem_11ns_6ns_11_15_1_U40  |urem_11ns_6ns_11_15_1  |        0|   0|  340|  242|    0|
    |urem_11ns_6ns_11_15_1_U41  |urem_11ns_6ns_11_15_1  |        0|   0|  340|  242|    0|
    +---------------------------+-----------------------+---------+----+-----+-----+-----+
    |Total                      |                       |        0|   0|  680|  484|    0|
    +---------------------------+-----------------------+---------+----+-----+-----+-----+

    * DSP: 
    +----------------------------------+------------------------------+--------------+
    |             Instance             |            Module            |  Expression  |
    +----------------------------------+------------------------------+--------------+
    |mac_muladd_3ns_5ns_5ns_8_4_1_U43  |mac_muladd_3ns_5ns_5ns_8_4_1  |  i0 * i1 + i2|
    |mul_mul_6ns_19ns_25_4_1_U42       |mul_mul_6ns_19ns_25_4_1       |       i0 * i1|
    |mul_mul_6ns_19ns_25_4_1_U44       |mul_mul_6ns_19ns_25_4_1       |       i0 * i1|
    +----------------------------------+------------------------------+--------------+

    * Memory: 
    N/A

    * FIFO: 
    N/A

    * Expression: 
    +------------------------------------+----------+----+---+----+------------+------------+
    |            Variable Name           | Operation| DSP| FF| LUT| Bitwidth P0| Bitwidth P1|
    +------------------------------------+----------+----+---+----+------------+------------+
    |add_ln122_1_fu_277_p2               |         +|   0|  0|  12|          11|           1|
    |add_ln122_fu_319_p2                 |         +|   0|  0|  11|           3|           1|
    |add_ln125_1_fu_359_p2               |         +|   0|  0|  13|          10|           1|
    |add_ln125_fu_413_p2                 |         +|   0|  0|  13|           5|           1|
    |add_ln128_fu_444_p2                 |         +|   0|  0|  13|           5|           1|
    |add_ln133_1_fu_496_p2               |         +|   0|  0|  19|          19|          19|
    |add_ln133_2_fu_501_p2               |         +|   0|  0|  19|          19|          19|
    |add_ln133_3_fu_594_p2               |         +|   0|  0|  71|          64|          64|
    |add_ln133_4_fu_510_p2               |         +|   0|  0|  71|          64|          64|
    |add_ln133_5_fu_604_p2               |         +|   0|  0|  71|          64|          64|
    |add_ln133_6_fu_571_p2               |         +|   0|  0|  19|          19|          19|
    |add_ln133_7_fu_576_p2               |         +|   0|  0|  19|          19|          19|
    |add_ln133_8_fu_611_p2               |         +|   0|  0|  71|          64|          64|
    |add_ln133_fu_463_p2                 |         +|   0|  0|  71|          64|          64|
    |add_ln1696_1_fu_537_p2              |         +|   0|  0|  11|          11|          11|
    |add_ln1696_2_fu_585_p2              |         +|   0|  0|  11|          11|          11|
    |empty_29_fu_471_p2                  |         +|   0|  0|  14|           9|           9|
    |empty_fu_307_p2                     |         +|   0|  0|  14|           6|           6|
    |p_mid1172_fu_546_p2                 |         +|   0|  0|  14|           9|           9|
    |p_mid1185_fu_347_p2                 |         +|   0|  0|  14|           6|           6|
    |and_ln122_fu_407_p2                 |       and|   0|  0|   2|           1|           1|
    |ap_block_pp0_stage0_01001           |       and|   0|  0|   2|           1|           1|
    |ap_block_state16_io                 |       and|   0|  0|   2|           1|           1|
    |ap_block_state22_pp0_stage0_iter21  |       and|   0|  0|   2|           1|           1|
    |empty_32_fu_675_p2                  |      icmp|   0|  0|  11|          11|           1|
    |empty_34_fu_681_p2                  |      icmp|   0|  0|  11|          11|           1|
    |icmp_ln122_fu_271_p2                |      icmp|   0|  0|  11|          11|           9|
    |icmp_ln125_fu_325_p2                |      icmp|   0|  0|  11|          10|           9|
    |icmp_ln128_fu_401_p2                |      icmp|   0|  0|   9|           5|           5|
    |ap_block_pp0_stage0_11001           |        or|   0|  0|   2|           1|           1|
    |or_ln125_fu_419_p2                  |        or|   0|  0|   2|           1|           1|
    |select_ln122_1_fu_331_p3            |    select|   0|  0|   3|           1|           3|
    |select_ln122_2_fu_599_p3            |    select|   0|  0|  64|           1|          64|
    |select_ln122_3_fu_647_p3            |    select|   0|  0|  63|           1|          63|
    |select_ln122_fu_389_p3              |    select|   0|  0|   5|           1|           1|
    |select_ln125_1_fu_432_p3            |    select|   0|  0|   5|           1|           5|
    |select_ln125_2_fu_654_p3            |    select|   0|  0|  63|           1|          63|
    |select_ln125_3_fu_365_p3            |    select|   0|  0|  10|           1|           1|
    |select_ln125_fu_424_p3              |    select|   0|  0|   5|           1|           1|
    |ap_enable_pp0                       |       xor|   0|  0|   2|           1|           2|
    |xor_ln122_fu_396_p2                 |       xor|   0|  0|   2|           1|           2|
    +------------------------------------+----------+----+---+----+------------+------------+
    |Total                               |          |   0|  0| 858|         546|         689|
    +------------------------------------+----------+----+---+----+------------+------------+

    * Multiplexer: 
    +-----------------------------------------+----+-----------+-----+-----------+
    |                   Name                  | LUT| Input Size| Bits| Total Bits|
    +-----------------------------------------+----+-----------+-----+-----------+
    |ap_done_int                              |   9|          2|    1|          2|
    |ap_enable_reg_pp0_iter15                 |   9|          2|    1|          2|
    |ap_sig_allocacmp_indvar_flatten219_load  |   9|          2|   11|         22|
    |f_fu_144                                 |   9|          2|    3|          6|
    |fm_blk_n_AW                              |   9|          2|    1|          2|
    |fm_blk_n_B                               |   9|          2|    1|          2|
    |fm_blk_n_W                               |   9|          2|    1|          2|
    |i_fu_136                                 |   9|          2|    5|         10|
    |indvar_flatten174_fu_140                 |   9|          2|   10|         20|
    |indvar_flatten219_fu_148                 |   9|          2|   11|         22|
    |j_fu_132                                 |   9|          2|    5|         10|
    +-----------------------------------------+----+-----------+-----+-----------+
    |Total                                    |  99|         22|   50|        100|
    +-----------------------------------------+----+-----------+-----+-----------+

    * Register: 
    +-----------------------------------+----+----+-----+-----------+
    |                Name               | FF | LUT| Bits| Const Bits|
    +-----------------------------------+----+----+-----+-----------+
    |add_ln125_reg_828                  |   5|   0|    5|          0|
    |add_ln133_2_reg_849                |  19|   0|   19|          0|
    |add_ln133_4_reg_854                |  64|   0|   64|          0|
    |add_ln133_7_reg_860                |  19|   0|   19|          0|
    |add_ln133_reg_843                  |  64|   0|   64|          0|
    |add_ln1696_2_reg_865               |  11|   0|   11|          0|
    |and_ln122_reg_823                  |   1|   0|    1|          0|
    |and_ln122_reg_823_pp0_iter13_reg   |   1|   0|    1|          0|
    |ap_CS_fsm                          |   1|   0|    1|          0|
    |ap_done_reg                        |   1|   0|    1|          0|
    |ap_enable_reg_pp0_iter1            |   1|   0|    1|          0|
    |ap_enable_reg_pp0_iter10           |   1|   0|    1|          0|
    |ap_enable_reg_pp0_iter11           |   1|   0|    1|          0|
    |ap_enable_reg_pp0_iter12           |   1|   0|    1|          0|
    |ap_enable_reg_pp0_iter13           |   1|   0|    1|          0|
    |ap_enable_reg_pp0_iter14           |   1|   0|    1|          0|
    |ap_enable_reg_pp0_iter15           |   1|   0|    1|          0|
    |ap_enable_reg_pp0_iter16           |   1|   0|    1|          0|
    |ap_enable_reg_pp0_iter17           |   1|   0|    1|          0|
    |ap_enable_reg_pp0_iter18           |   1|   0|    1|          0|
    |ap_enable_reg_pp0_iter19           |   1|   0|    1|          0|
    |ap_enable_reg_pp0_iter2            |   1|   0|    1|          0|
    |ap_enable_reg_pp0_iter20           |   1|   0|    1|          0|
    |ap_enable_reg_pp0_iter21           |   1|   0|    1|          0|
    |ap_enable_reg_pp0_iter3            |   1|   0|    1|          0|
    |ap_enable_reg_pp0_iter4            |   1|   0|    1|          0|
    |ap_enable_reg_pp0_iter5            |   1|   0|    1|          0|
    |ap_enable_reg_pp0_iter6            |   1|   0|    1|          0|
    |ap_enable_reg_pp0_iter7            |   1|   0|    1|          0|
    |ap_enable_reg_pp0_iter8            |   1|   0|    1|          0|
    |ap_enable_reg_pp0_iter9            |   1|   0|    1|          0|
    |ap_loop_exit_ready_pp0_iter10_reg  |   1|   0|    1|          0|
    |ap_loop_exit_ready_pp0_iter11_reg  |   1|   0|    1|          0|
    |ap_loop_exit_ready_pp0_iter12_reg  |   1|   0|    1|          0|
    |ap_loop_exit_ready_pp0_iter13_reg  |   1|   0|    1|          0|
    |ap_loop_exit_ready_pp0_iter14_reg  |   1|   0|    1|          0|
    |ap_loop_exit_ready_pp0_iter15_reg  |   1|   0|    1|          0|
    |ap_loop_exit_ready_pp0_iter16_reg  |   1|   0|    1|          0|
    |ap_loop_exit_ready_pp0_iter17_reg  |   1|   0|    1|          0|
    |ap_loop_exit_ready_pp0_iter18_reg  |   1|   0|    1|          0|
    |ap_loop_exit_ready_pp0_iter19_reg  |   1|   0|    1|          0|
    |ap_loop_exit_ready_pp0_iter1_reg   |   1|   0|    1|          0|
    |ap_loop_exit_ready_pp0_iter20_reg  |   1|   0|    1|          0|
    |ap_loop_exit_ready_pp0_iter2_reg   |   1|   0|    1|          0|
    |ap_loop_exit_ready_pp0_iter3_reg   |   1|   0|    1|          0|
    |ap_loop_exit_ready_pp0_iter4_reg   |   1|   0|    1|          0|
    |ap_loop_exit_ready_pp0_iter5_reg   |   1|   0|    1|          0|
    |ap_loop_exit_ready_pp0_iter6_reg   |   1|   0|    1|          0|
    |ap_loop_exit_ready_pp0_iter7_reg   |   1|   0|    1|          0|
    |ap_loop_exit_ready_pp0_iter8_reg   |   1|   0|    1|          0|
    |ap_loop_exit_ready_pp0_iter9_reg   |   1|   0|    1|          0|
    |conv_out_buf_V_load_reg_889        |  15|   0|   15|          0|
    |empty_32_reg_881                   |   1|   0|    1|          0|
    |empty_34_reg_885                   |   1|   0|    1|          0|
    |f_fu_144                           |   3|   0|    3|          0|
    |fm_addr_reg_875                    |  64|   0|   64|          0|
    |i_2_reg_818                        |   5|   0|    5|          0|
    |i_fu_136                           |   5|   0|    5|          0|
    |icmp_ln122_reg_785                 |   1|   0|    1|          0|
    |icmp_ln125_reg_799                 |   1|   0|    1|          0|
    |indvar_flatten174_fu_140           |  10|   0|   10|          0|
    |indvar_flatten219_fu_148           |  11|   0|   11|          0|
    |j_fu_132                           |   5|   0|    5|          0|
    |select_ln125_reg_833               |   5|   0|    5|          0|
    |select_ln24_4_cast_reg_774         |  11|   0|   19|          8|
    |zext_ln133_5_cast_reg_769          |  19|   0|   64|         45|
    |empty_34_reg_885                   |  64|  32|    1|          0|
    |icmp_ln122_reg_785                 |  64|  32|    1|          0|
    |icmp_ln125_reg_799                 |  64|  32|    1|          0|
    +-----------------------------------+----+----+-----+-----------+
    |Total                              | 576|  96|  440|         53|
    +-----------------------------------+----+----+-----+-----------+



================================================================
== Interface
================================================================
* Summary: 
+-------------------------+-----+-----+------------+----------------------------------------------------------------------------------+--------------+
|        RTL Ports        | Dir | Bits|  Protocol  |                                   Source Object                                  |    C Type    |
+-------------------------+-----+-----+------------+----------------------------------------------------------------------------------+--------------+
|ap_clk                   |   in|    1|  ap_ctrl_hs|  tiled_conv_Pipeline_OUTPUT_BUFFER_DEPTH_OUTPUT_BUFFER_HEIGHT_OUTPUT_BUFFER_WIDTH|  return value|
|ap_rst                   |   in|    1|  ap_ctrl_hs|  tiled_conv_Pipeline_OUTPUT_BUFFER_DEPTH_OUTPUT_BUFFER_HEIGHT_OUTPUT_BUFFER_WIDTH|  return value|
|ap_start                 |   in|    1|  ap_ctrl_hs|  tiled_conv_Pipeline_OUTPUT_BUFFER_DEPTH_OUTPUT_BUFFER_HEIGHT_OUTPUT_BUFFER_WIDTH|  return value|
|ap_done                  |  out|    1|  ap_ctrl_hs|  tiled_conv_Pipeline_OUTPUT_BUFFER_DEPTH_OUTPUT_BUFFER_HEIGHT_OUTPUT_BUFFER_WIDTH|  return value|
|ap_idle                  |  out|    1|  ap_ctrl_hs|  tiled_conv_Pipeline_OUTPUT_BUFFER_DEPTH_OUTPUT_BUFFER_HEIGHT_OUTPUT_BUFFER_WIDTH|  return value|
|ap_ready                 |  out|    1|  ap_ctrl_hs|  tiled_conv_Pipeline_OUTPUT_BUFFER_DEPTH_OUTPUT_BUFFER_HEIGHT_OUTPUT_BUFFER_WIDTH|  return value|
|m_axi_fm_AWVALID         |  out|    1|       m_axi|                                                                                fm|       pointer|
|m_axi_fm_AWREADY         |   in|    1|       m_axi|                                                                                fm|       pointer|
|m_axi_fm_AWADDR          |  out|   64|       m_axi|                                                                                fm|       pointer|
|m_axi_fm_AWID            |  out|    1|       m_axi|                                                                                fm|       pointer|
|m_axi_fm_AWLEN           |  out|   32|       m_axi|                                                                                fm|       pointer|
|m_axi_fm_AWSIZE          |  out|    3|       m_axi|                                                                                fm|       pointer|
|m_axi_fm_AWBURST         |  out|    2|       m_axi|                                                                                fm|       pointer|
|m_axi_fm_AWLOCK          |  out|    2|       m_axi|                                                                                fm|       pointer|
|m_axi_fm_AWCACHE         |  out|    4|       m_axi|                                                                                fm|       pointer|
|m_axi_fm_AWPROT          |  out|    3|       m_axi|                                                                                fm|       pointer|
|m_axi_fm_AWQOS           |  out|    4|       m_axi|                                                                                fm|       pointer|
|m_axi_fm_AWREGION        |  out|    4|       m_axi|                                                                                fm|       pointer|
|m_axi_fm_AWUSER          |  out|    1|       m_axi|                                                                                fm|       pointer|
|m_axi_fm_WVALID          |  out|    1|       m_axi|                                                                                fm|       pointer|
|m_axi_fm_WREADY          |   in|    1|       m_axi|                                                                                fm|       pointer|
|m_axi_fm_WDATA           |  out|   16|       m_axi|                                                                                fm|       pointer|
|m_axi_fm_WSTRB           |  out|    2|       m_axi|                                                                                fm|       pointer|
|m_axi_fm_WLAST           |  out|    1|       m_axi|                                                                                fm|       pointer|
|m_axi_fm_WID             |  out|    1|       m_axi|                                                                                fm|       pointer|
|m_axi_fm_WUSER           |  out|    1|       m_axi|                                                                                fm|       pointer|
|m_axi_fm_ARVALID         |  out|    1|       m_axi|                                                                                fm|       pointer|
|m_axi_fm_ARREADY         |   in|    1|       m_axi|                                                                                fm|       pointer|
|m_axi_fm_ARADDR          |  out|   64|       m_axi|                                                                                fm|       pointer|
|m_axi_fm_ARID            |  out|    1|       m_axi|                                                                                fm|       pointer|
|m_axi_fm_ARLEN           |  out|   32|       m_axi|                                                                                fm|       pointer|
|m_axi_fm_ARSIZE          |  out|    3|       m_axi|                                                                                fm|       pointer|
|m_axi_fm_ARBURST         |  out|    2|       m_axi|                                                                                fm|       pointer|
|m_axi_fm_ARLOCK          |  out|    2|       m_axi|                                                                                fm|       pointer|
|m_axi_fm_ARCACHE         |  out|    4|       m_axi|                                                                                fm|       pointer|
|m_axi_fm_ARPROT          |  out|    3|       m_axi|                                                                                fm|       pointer|
|m_axi_fm_ARQOS           |  out|    4|       m_axi|                                                                                fm|       pointer|
|m_axi_fm_ARREGION        |  out|    4|       m_axi|                                                                                fm|       pointer|
|m_axi_fm_ARUSER          |  out|    1|       m_axi|                                                                                fm|       pointer|
|m_axi_fm_RVALID          |   in|    1|       m_axi|                                                                                fm|       pointer|
|m_axi_fm_RREADY          |  out|    1|       m_axi|                                                                                fm|       pointer|
|m_axi_fm_RDATA           |   in|   16|       m_axi|                                                                                fm|       pointer|
|m_axi_fm_RLAST           |   in|    1|       m_axi|                                                                                fm|       pointer|
|m_axi_fm_RID             |   in|    1|       m_axi|                                                                                fm|       pointer|
|m_axi_fm_RFIFONUM        |   in|   10|       m_axi|                                                                                fm|       pointer|
|m_axi_fm_RUSER           |   in|    1|       m_axi|                                                                                fm|       pointer|
|m_axi_fm_RRESP           |   in|    2|       m_axi|                                                                                fm|       pointer|
|m_axi_fm_BVALID          |   in|    1|       m_axi|                                                                                fm|       pointer|
|m_axi_fm_BREADY          |  out|    1|       m_axi|                                                                                fm|       pointer|
|m_axi_fm_BRESP           |   in|    2|       m_axi|                                                                                fm|       pointer|
|m_axi_fm_BID             |   in|    1|       m_axi|                                                                                fm|       pointer|
|m_axi_fm_BUSER           |   in|    1|       m_axi|                                                                                fm|       pointer|
|shl_ln1                  |   in|    6|     ap_none|                                                                           shl_ln1|        scalar|
|output_feature_map       |   in|   64|     ap_none|                                                                output_feature_map|        scalar|
|p_mid2256                |   in|    9|     ap_none|                                                                         p_mid2256|        scalar|
|select_ln24_4            |   in|   11|     ap_none|                                                                     select_ln24_4|        scalar|
|shl_ln133_mid            |   in|   19|     ap_none|                                                                     shl_ln133_mid|        scalar|
|zext_ln128_1             |   in|   17|     ap_none|                                                                      zext_ln128_1|        scalar|
|zext_ln133_5             |   in|   19|     ap_none|                                                                      zext_ln133_5|        scalar|
|conv_out_buf_V_address0  |  out|   11|   ap_memory|                                                                    conv_out_buf_V|         array|
|conv_out_buf_V_ce0       |  out|    1|   ap_memory|                                                                    conv_out_buf_V|         array|
|conv_out_buf_V_q0        |   in|   15|   ap_memory|                                                                    conv_out_buf_V|         array|
|select_ln24_1            |   in|    7|     ap_none|                                                                     select_ln24_1|        scalar|
|select_ln24_2            |   in|    9|     ap_none|                                                                     select_ln24_2|        scalar|
+-------------------------+-----+-----+------------+----------------------------------------------------------------------------------+--------------+

